[0.526s] DEBUG:colcon:Command line arguments: ['/usr/bin/colcon', 'build']
[0.526s] DEBUG:colcon:Parsed command line arguments: Namespace(allow_overriding=[], ament_cmake_args=None, base_paths=['.'], build_base='build', catkin_cmake_args=None, catkin_skip_building_tests=False, cmake_args=None, cmake_clean_cache=False, cmake_clean_first=False, cmake_force_configure=False, cmake_target=None, cmake_target_skip_unavailable=False, continue_on_error=False, event_handlers=None, executor='parallel', ignore_user_meta=False, install_base='install', log_base=None, log_level=None, main=<bound method BuildVerb.main of <colcon_core.verb.build.BuildVerb object at 0x7fcb79a99a60>>, merge_install=False, metas=['./colcon.meta'], packages_above=None, packages_above_and_dependencies=None, packages_above_depth=None, packages_end=None, packages_ignore=None, packages_ignore_regex=None, packages_select=None, packages_select_build_failed=False, packages_select_by_dep=None, packages_select_regex=None, packages_select_test_failures=False, packages_skip=None, packages_skip_build_finished=False, packages_skip_by_dep=None, packages_skip_regex=None, packages_skip_test_passed=False, packages_skip_up_to=None, packages_start=None, packages_up_to=None, packages_up_to_regex=None, parallel_workers=12, paths=None, symlink_install=False, test_result_base=None, verb_extension=<colcon_core.verb.build.BuildVerb object at 0x7fcb79a99a60>, verb_name='build', verb_parser=<colcon_defaults.argument_parser.defaults.DefaultArgumentsDecorator object at 0x7fcb79aa9040>)
[0.586s] Level 1:colcon.colcon_core.package_discovery:discover_packages(colcon_meta) check parameters
[0.586s] Level 1:colcon.colcon_core.package_discovery:discover_packages(recursive) check parameters
[0.586s] Level 1:colcon.colcon_core.package_discovery:discover_packages(ignore) check parameters
[0.586s] Level 1:colcon.colcon_core.package_discovery:discover_packages(path) check parameters
[0.586s] Level 1:colcon.colcon_core.package_discovery:discover_packages(colcon_meta) discover
[0.586s] Level 1:colcon.colcon_core.package_discovery:discover_packages(recursive) discover
[0.586s] INFO:colcon.colcon_core.package_discovery:Crawling recursively for packages in '/home/vidisha/Titanium/titanium_ws'
[0.586s] Level 1:colcon.colcon_core.package_identification:_identify(.) by extensions ['ignore', 'ignore_ament_install']
[0.586s] Level 1:colcon.colcon_core.package_identification:_identify(.) by extension 'ignore'
[0.586s] Level 1:colcon.colcon_core.package_identification:_identify(.) by extension 'ignore_ament_install'
[0.586s] Level 1:colcon.colcon_core.package_identification:_identify(.) by extensions ['colcon_pkg']
[0.586s] Level 1:colcon.colcon_core.package_identification:_identify(.) by extension 'colcon_pkg'
[0.586s] Level 1:colcon.colcon_core.package_identification:_identify(.) by extensions ['colcon_meta']
[0.586s] Level 1:colcon.colcon_core.package_identification:_identify(.) by extension 'colcon_meta'
[0.586s] Level 1:colcon.colcon_core.package_identification:_identify(.) by extensions ['ros']
[0.586s] Level 1:colcon.colcon_core.package_identification:_identify(.) by extension 'ros'
[0.596s] Level 1:colcon.colcon_core.package_identification:_identify(.) by extensions ['cmake', 'python']
[0.596s] Level 1:colcon.colcon_core.package_identification:_identify(.) by extension 'cmake'
[0.596s] Level 1:colcon.colcon_core.package_identification:_identify(.) by extension 'python'
[0.596s] Level 1:colcon.colcon_core.package_identification:_identify(.) by extensions ['python_setup_py']
[0.597s] Level 1:colcon.colcon_core.package_identification:_identify(.) by extension 'python_setup_py'
[0.597s] Level 1:colcon.colcon_core.package_identification:_identify(build) by extensions ['ignore', 'ignore_ament_install']
[0.597s] Level 1:colcon.colcon_core.package_identification:_identify(build) by extension 'ignore'
[0.597s] Level 1:colcon.colcon_core.package_identification:_identify(build) ignored
[0.597s] Level 1:colcon.colcon_core.package_identification:_identify(install) by extensions ['ignore', 'ignore_ament_install']
[0.597s] Level 1:colcon.colcon_core.package_identification:_identify(install) by extension 'ignore'
[0.597s] Level 1:colcon.colcon_core.package_identification:_identify(install) ignored
[0.597s] Level 1:colcon.colcon_core.package_identification:_identify(log) by extensions ['ignore', 'ignore_ament_install']
[0.597s] Level 1:colcon.colcon_core.package_identification:_identify(log) by extension 'ignore'
[0.597s] Level 1:colcon.colcon_core.package_identification:_identify(log) ignored
[0.597s] Level 1:colcon.colcon_core.package_identification:_identify(src) by extensions ['ignore', 'ignore_ament_install']
[0.597s] Level 1:colcon.colcon_core.package_identification:_identify(src) by extension 'ignore'
[0.597s] Level 1:colcon.colcon_core.package_identification:_identify(src) by extension 'ignore_ament_install'
[0.597s] Level 1:colcon.colcon_core.package_identification:_identify(src) by extensions ['colcon_pkg']
[0.597s] Level 1:colcon.colcon_core.package_identification:_identify(src) by extension 'colcon_pkg'
[0.597s] Level 1:colcon.colcon_core.package_identification:_identify(src) by extensions ['colcon_meta']
[0.597s] Level 1:colcon.colcon_core.package_identification:_identify(src) by extension 'colcon_meta'
[0.597s] Level 1:colcon.colcon_core.package_identification:_identify(src) by extensions ['ros']
[0.597s] Level 1:colcon.colcon_core.package_identification:_identify(src) by extension 'ros'
[0.598s] Level 1:colcon.colcon_core.package_identification:_identify(src) by extensions ['cmake', 'python']
[0.598s] Level 1:colcon.colcon_core.package_identification:_identify(src) by extension 'cmake'
[0.598s] Level 1:colcon.colcon_core.package_identification:_identify(src) by extension 'python'
[0.598s] Level 1:colcon.colcon_core.package_identification:_identify(src) by extensions ['python_setup_py']
[0.598s] Level 1:colcon.colcon_core.package_identification:_identify(src) by extension 'python_setup_py'
[0.598s] Level 1:colcon.colcon_core.package_identification:_identify(src/ROS-TCP-Endpoint) by extensions ['ignore', 'ignore_ament_install']
[0.598s] Level 1:colcon.colcon_core.package_identification:_identify(src/ROS-TCP-Endpoint) by extension 'ignore'
[0.598s] Level 1:colcon.colcon_core.package_identification:_identify(src/ROS-TCP-Endpoint) by extension 'ignore_ament_install'
[0.598s] Level 1:colcon.colcon_core.package_identification:_identify(src/ROS-TCP-Endpoint) by extensions ['colcon_pkg']
[0.598s] Level 1:colcon.colcon_core.package_identification:_identify(src/ROS-TCP-Endpoint) by extension 'colcon_pkg'
[0.598s] Level 1:colcon.colcon_core.package_identification:_identify(src/ROS-TCP-Endpoint) by extensions ['colcon_meta']
[0.598s] Level 1:colcon.colcon_core.package_identification:_identify(src/ROS-TCP-Endpoint) by extension 'colcon_meta'
[0.598s] Level 1:colcon.colcon_core.package_identification:_identify(src/ROS-TCP-Endpoint) by extensions ['ros']
[0.598s] Level 1:colcon.colcon_core.package_identification:_identify(src/ROS-TCP-Endpoint) by extension 'ros'
[0.601s] DEBUG:colcon.colcon_core.package_identification:Package 'src/ROS-TCP-Endpoint' with type 'ros.ament_python' and name 'ros_tcp_endpoint'
[0.601s] Level 1:colcon.colcon_core.package_identification:_identify(src/simulator) by extensions ['ignore', 'ignore_ament_install']
[0.601s] Level 1:colcon.colcon_core.package_identification:_identify(src/simulator) by extension 'ignore'
[0.601s] Level 1:colcon.colcon_core.package_identification:_identify(src/simulator) by extension 'ignore_ament_install'
[0.601s] Level 1:colcon.colcon_core.package_identification:_identify(src/simulator) by extensions ['colcon_pkg']
[0.601s] Level 1:colcon.colcon_core.package_identification:_identify(src/simulator) by extension 'colcon_pkg'
[0.601s] Level 1:colcon.colcon_core.package_identification:_identify(src/simulator) by extensions ['colcon_meta']
[0.601s] Level 1:colcon.colcon_core.package_identification:_identify(src/simulator) by extension 'colcon_meta'
[0.601s] Level 1:colcon.colcon_core.package_identification:_identify(src/simulator) by extensions ['ros']
[0.601s] Level 1:colcon.colcon_core.package_identification:_identify(src/simulator) by extension 'ros'
[0.602s] DEBUG:colcon.colcon_core.package_identification:Package 'src/simulator' with type 'ros.ament_python' and name 'simulator'
[0.602s] Level 1:colcon.colcon_core.package_identification:_identify(src/simulator_msgs) by extensions ['ignore', 'ignore_ament_install']
[0.602s] Level 1:colcon.colcon_core.package_identification:_identify(src/simulator_msgs) by extension 'ignore'
[0.602s] Level 1:colcon.colcon_core.package_identification:_identify(src/simulator_msgs) by extension 'ignore_ament_install'
[0.602s] Level 1:colcon.colcon_core.package_identification:_identify(src/simulator_msgs) by extensions ['colcon_pkg']
[0.602s] Level 1:colcon.colcon_core.package_identification:_identify(src/simulator_msgs) by extension 'colcon_pkg'
[0.602s] Level 1:colcon.colcon_core.package_identification:_identify(src/simulator_msgs) by extensions ['colcon_meta']
[0.602s] Level 1:colcon.colcon_core.package_identification:_identify(src/simulator_msgs) by extension 'colcon_meta'
[0.602s] Level 1:colcon.colcon_core.package_identification:_identify(src/simulator_msgs) by extensions ['ros']
[0.602s] Level 1:colcon.colcon_core.package_identification:_identify(src/simulator_msgs) by extension 'ros'
[0.603s] DEBUG:colcon.colcon_core.package_identification:Package 'src/simulator_msgs' with type 'ros.ament_python' and name 'simulator_msgs'
[0.603s] Level 1:colcon.colcon_core.package_discovery:discover_packages(recursive) using defaults
[0.603s] Level 1:colcon.colcon_core.package_discovery:discover_packages(ignore) discover
[0.603s] Level 1:colcon.colcon_core.package_discovery:discover_packages(ignore) using defaults
[0.603s] Level 1:colcon.colcon_core.package_discovery:discover_packages(path) discover
[0.603s] Level 1:colcon.colcon_core.package_discovery:discover_packages(path) using defaults
[0.646s] Level 1:colcon.colcon_core.package_discovery:discover_packages(prefix_path) check parameters
[0.646s] Level 1:colcon.colcon_core.package_discovery:discover_packages(prefix_path) discover
[0.669s] DEBUG:colcon.colcon_installed_package_information.package_discovery:Found 344 installed packages in /home/vidisha/ros2_humble/install
[0.671s] Level 1:colcon.colcon_core.package_discovery:discover_packages(prefix_path) using defaults
[1.086s] Level 5:colcon.colcon_core.verb:set package 'ros_tcp_endpoint' build argument 'cmake_args' from command line to 'None'
[1.086s] Level 5:colcon.colcon_core.verb:set package 'ros_tcp_endpoint' build argument 'cmake_target' from command line to 'None'
[1.086s] Level 5:colcon.colcon_core.verb:set package 'ros_tcp_endpoint' build argument 'cmake_target_skip_unavailable' from command line to 'False'
[1.086s] Level 5:colcon.colcon_core.verb:set package 'ros_tcp_endpoint' build argument 'cmake_clean_cache' from command line to 'False'
[1.087s] Level 5:colcon.colcon_core.verb:set package 'ros_tcp_endpoint' build argument 'cmake_clean_first' from command line to 'False'
[1.087s] Level 5:colcon.colcon_core.verb:set package 'ros_tcp_endpoint' build argument 'cmake_force_configure' from command line to 'False'
[1.087s] Level 5:colcon.colcon_core.verb:set package 'ros_tcp_endpoint' build argument 'ament_cmake_args' from command line to 'None'
[1.087s] Level 5:colcon.colcon_core.verb:set package 'ros_tcp_endpoint' build argument 'catkin_cmake_args' from command line to 'None'
[1.087s] Level 5:colcon.colcon_core.verb:set package 'ros_tcp_endpoint' build argument 'catkin_skip_building_tests' from command line to 'False'
[1.087s] DEBUG:colcon.colcon_core.verb:Building package 'ros_tcp_endpoint' with the following arguments: {'ament_cmake_args': None, 'build_base': '/home/vidisha/Titanium/titanium_ws/build/ros_tcp_endpoint', 'catkin_cmake_args': None, 'catkin_skip_building_tests': False, 'cmake_args': None, 'cmake_clean_cache': False, 'cmake_clean_first': False, 'cmake_force_configure': False, 'cmake_target': None, 'cmake_target_skip_unavailable': False, 'install_base': '/home/vidisha/Titanium/titanium_ws/install/ros_tcp_endpoint', 'merge_install': False, 'path': '/home/vidisha/Titanium/titanium_ws/src/ROS-TCP-Endpoint', 'symlink_install': False, 'test_result_base': None}
[1.090s] Level 5:colcon.colcon_core.verb:set package 'simulator' build argument 'cmake_args' from command line to 'None'
[1.090s] Level 5:colcon.colcon_core.verb:set package 'simulator' build argument 'cmake_target' from command line to 'None'
[1.090s] Level 5:colcon.colcon_core.verb:set package 'simulator' build argument 'cmake_target_skip_unavailable' from command line to 'False'
[1.090s] Level 5:colcon.colcon_core.verb:set package 'simulator' build argument 'cmake_clean_cache' from command line to 'False'
[1.090s] Level 5:colcon.colcon_core.verb:set package 'simulator' build argument 'cmake_clean_first' from command line to 'False'
[1.091s] Level 5:colcon.colcon_core.verb:set package 'simulator' build argument 'cmake_force_configure' from command line to 'False'
[1.091s] Level 5:colcon.colcon_core.verb:set package 'simulator' build argument 'ament_cmake_args' from command line to 'None'
[1.091s] Level 5:colcon.colcon_core.verb:set package 'simulator' build argument 'catkin_cmake_args' from command line to 'None'
[1.091s] Level 5:colcon.colcon_core.verb:set package 'simulator' build argument 'catkin_skip_building_tests' from command line to 'False'
[1.091s] DEBUG:colcon.colcon_core.verb:Building package 'simulator' with the following arguments: {'ament_cmake_args': None, 'build_base': '/home/vidisha/Titanium/titanium_ws/build/simulator', 'catkin_cmake_args': None, 'catkin_skip_building_tests': False, 'cmake_args': None, 'cmake_clean_cache': False, 'cmake_clean_first': False, 'cmake_force_configure': False, 'cmake_target': None, 'cmake_target_skip_unavailable': False, 'install_base': '/home/vidisha/Titanium/titanium_ws/install/simulator', 'merge_install': False, 'path': '/home/vidisha/Titanium/titanium_ws/src/simulator', 'symlink_install': False, 'test_result_base': None}
[1.094s] Level 5:colcon.colcon_core.verb:set package 'simulator_msgs' build argument 'cmake_args' from command line to 'None'
[1.094s] Level 5:colcon.colcon_core.verb:set package 'simulator_msgs' build argument 'cmake_target' from command line to 'None'
[1.094s] Level 5:colcon.colcon_core.verb:set package 'simulator_msgs' build argument 'cmake_target_skip_unavailable' from command line to 'False'
[1.094s] Level 5:colcon.colcon_core.verb:set package 'simulator_msgs' build argument 'cmake_clean_cache' from command line to 'False'
[1.094s] Level 5:colcon.colcon_core.verb:set package 'simulator_msgs' build argument 'cmake_clean_first' from command line to 'False'
[1.094s] Level 5:colcon.colcon_core.verb:set package 'simulator_msgs' build argument 'cmake_force_configure' from command line to 'False'
[1.094s] Level 5:colcon.colcon_core.verb:set package 'simulator_msgs' build argument 'ament_cmake_args' from command line to 'None'
[1.094s] Level 5:colcon.colcon_core.verb:set package 'simulator_msgs' build argument 'catkin_cmake_args' from command line to 'None'
[1.094s] Level 5:colcon.colcon_core.verb:set package 'simulator_msgs' build argument 'catkin_skip_building_tests' from command line to 'False'
[1.094s] DEBUG:colcon.colcon_core.verb:Building package 'simulator_msgs' with the following arguments: {'ament_cmake_args': None, 'build_base': '/home/vidisha/Titanium/titanium_ws/build/simulator_msgs', 'catkin_cmake_args': None, 'catkin_skip_building_tests': False, 'cmake_args': None, 'cmake_clean_cache': False, 'cmake_clean_first': False, 'cmake_force_configure': False, 'cmake_target': None, 'cmake_target_skip_unavailable': False, 'install_base': '/home/vidisha/Titanium/titanium_ws/install/simulator_msgs', 'merge_install': False, 'path': '/home/vidisha/Titanium/titanium_ws/src/simulator_msgs', 'symlink_install': False, 'test_result_base': None}
[1.096s] INFO:colcon.colcon_core.executor:Executing jobs using 'parallel' executor
[1.107s] DEBUG:colcon.colcon_parallel_executor.executor.parallel:run_until_complete
[1.107s] INFO:colcon.colcon_ros.task.ament_python.build:Building ROS package in '/home/vidisha/Titanium/titanium_ws/src/ROS-TCP-Endpoint' with build type 'ament_python'
[1.107s] Level 1:colcon.colcon_core.shell:create_environment_hook('ros_tcp_endpoint', 'ament_prefix_path')
[1.119s] INFO:colcon.colcon_core.plugin_system:Skipping extension 'colcon_core.shell.bat': Not used on non-Windows systems
[1.119s] INFO:colcon.colcon_core.shell:Creating environment hook '/home/vidisha/Titanium/titanium_ws/install/ros_tcp_endpoint/share/ros_tcp_endpoint/hook/ament_prefix_path.ps1'
[1.120s] INFO:colcon.colcon_core.shell:Creating environment descriptor '/home/vidisha/Titanium/titanium_ws/install/ros_tcp_endpoint/share/ros_tcp_endpoint/hook/ament_prefix_path.dsv'
[1.120s] INFO:colcon.colcon_core.shell:Creating environment hook '/home/vidisha/Titanium/titanium_ws/install/ros_tcp_endpoint/share/ros_tcp_endpoint/hook/ament_prefix_path.sh'
[1.124s] INFO:colcon.colcon_core.shell:Skip shell extension 'powershell' for command environment: Not usable outside of PowerShell
[1.124s] DEBUG:colcon.colcon_core.shell:Skip shell extension 'dsv' for command environment
[1.147s] INFO:colcon.colcon_ros.task.ament_python.build:Building ROS package in '/home/vidisha/Titanium/titanium_ws/src/simulator' with build type 'ament_python'
[1.147s] Level 1:colcon.colcon_core.shell:create_environment_hook('simulator', 'ament_prefix_path')
[1.151s] INFO:colcon.colcon_core.shell:Creating environment hook '/home/vidisha/Titanium/titanium_ws/install/simulator/share/simulator/hook/ament_prefix_path.ps1'
[1.152s] INFO:colcon.colcon_core.shell:Creating environment descriptor '/home/vidisha/Titanium/titanium_ws/install/simulator/share/simulator/hook/ament_prefix_path.dsv'
[1.152s] INFO:colcon.colcon_core.shell:Creating environment hook '/home/vidisha/Titanium/titanium_ws/install/simulator/share/simulator/hook/ament_prefix_path.sh'
[1.156s] INFO:colcon.colcon_core.shell:Skip shell extension 'powershell' for command environment: Not usable outside of PowerShell
[1.156s] DEBUG:colcon.colcon_core.shell:Skip shell extension 'dsv' for command environment
[1.179s] INFO:colcon.colcon_ros.task.ament_python.build:Building ROS package in '/home/vidisha/Titanium/titanium_ws/src/simulator_msgs' with build type 'ament_python'
[1.180s] Level 1:colcon.colcon_core.shell:create_environment_hook('simulator_msgs', 'ament_prefix_path')
[1.184s] INFO:colcon.colcon_core.shell:Creating environment hook '/home/vidisha/Titanium/titanium_ws/install/simulator_msgs/share/simulator_msgs/hook/ament_prefix_path.ps1'
[1.184s] INFO:colcon.colcon_core.shell:Creating environment descriptor '/home/vidisha/Titanium/titanium_ws/install/simulator_msgs/share/simulator_msgs/hook/ament_prefix_path.dsv'
[1.185s] INFO:colcon.colcon_core.shell:Creating environment hook '/home/vidisha/Titanium/titanium_ws/install/simulator_msgs/share/simulator_msgs/hook/ament_prefix_path.sh'
[1.188s] INFO:colcon.colcon_core.shell:Skip shell extension 'powershell' for command environment: Not usable outside of PowerShell
[1.188s] DEBUG:colcon.colcon_core.shell:Skip shell extension 'dsv' for command environment
[1.887s] INFO:colcon.colcon_core.task.python.build:Building Python package in '/home/vidisha/Titanium/titanium_ws/src/ROS-TCP-Endpoint'
[1.892s] INFO:colcon.colcon_core.shell:Skip shell extension 'powershell' for command environment: Not usable outside of PowerShell
[1.892s] DEBUG:colcon.colcon_core.shell:Skip shell extension 'dsv' for command environment
[2.580s] INFO:colcon.colcon_core.task.python.build:Building Python package in '/home/vidisha/Titanium/titanium_ws/src/simulator'
[2.585s] INFO:colcon.colcon_core.shell:Skip shell extension 'powershell' for command environment: Not usable outside of PowerShell
[2.585s] DEBUG:colcon.colcon_core.shell:Skip shell extension 'dsv' for command environment
[3.292s] INFO:colcon.colcon_core.task.python.build:Building Python package in '/home/vidisha/Titanium/titanium_ws/src/simulator_msgs'
[3.297s] INFO:colcon.colcon_core.shell:Skip shell extension 'powershell' for command environment: Not usable outside of PowerShell
[3.297s] DEBUG:colcon.colcon_core.shell:Skip shell extension 'dsv' for command environment
[4.302s] DEBUG:colcon.colcon_core.event_handler.log_command:Invoking command in '/home/vidisha/Titanium/titanium_ws/src/simulator_msgs': PYTHONPATH=/home/vidisha/Titanium/titanium_ws/build/simulator_msgs/prefix_override:/home/vidisha/Titanium/titanium_ws/install/simulator_msgs/lib/python3.8/site-packages:${PYTHONPATH} /usr/bin/python3 setup.py egg_info --egg-base ../../build/simulator_msgs build --build-base /home/vidisha/Titanium/titanium_ws/build/simulator_msgs/build install --record /home/vidisha/Titanium/titanium_ws/build/simulator_msgs/install.log --single-version-externally-managed
[4.316s] DEBUG:colcon.colcon_core.event_handler.log_command:Invoking command in '/home/vidisha/Titanium/titanium_ws/src/simulator': PYTHONPATH=/home/vidisha/Titanium/titanium_ws/build/simulator/prefix_override:/home/vidisha/Titanium/titanium_ws/install/simulator/lib/python3.8/site-packages:${PYTHONPATH} /usr/bin/python3 setup.py egg_info --egg-base ../../build/simulator build --build-base /home/vidisha/Titanium/titanium_ws/build/simulator/build install --record /home/vidisha/Titanium/titanium_ws/build/simulator/install.log --single-version-externally-managed
[4.319s] DEBUG:colcon.colcon_core.event_handler.log_command:Invoking command in '/home/vidisha/Titanium/titanium_ws/src/ROS-TCP-Endpoint': PYTHONPATH=/home/vidisha/Titanium/titanium_ws/build/ros_tcp_endpoint/prefix_override:/home/vidisha/Titanium/titanium_ws/install/ros_tcp_endpoint/lib/python3.8/site-packages:${PYTHONPATH} /usr/bin/python3 setup.py egg_info --egg-base ../../build/ros_tcp_endpoint build --build-base /home/vidisha/Titanium/titanium_ws/build/ros_tcp_endpoint/build install --record /home/vidisha/Titanium/titanium_ws/build/ros_tcp_endpoint/install.log --install-scripts $base/lib/ros_tcp_endpoint --single-version-externally-managed
[5.144s] DEBUG:colcon.colcon_core.event_handler.log_command:Invoked command in '/home/vidisha/Titanium/titanium_ws/src/simulator_msgs' returned '0': PYTHONPATH=/home/vidisha/Titanium/titanium_ws/build/simulator_msgs/prefix_override:/home/vidisha/Titanium/titanium_ws/install/simulator_msgs/lib/python3.8/site-packages:${PYTHONPATH} /usr/bin/python3 setup.py egg_info --egg-base ../../build/simulator_msgs build --build-base /home/vidisha/Titanium/titanium_ws/build/simulator_msgs/build install --record /home/vidisha/Titanium/titanium_ws/build/simulator_msgs/install.log --single-version-externally-managed
[5.168s] Level 1:colcon.colcon_core.environment:checking '/home/vidisha/Titanium/titanium_ws/install/simulator_msgs' for CMake module files
[5.169s] Level 1:colcon.colcon_core.environment:checking '/home/vidisha/Titanium/titanium_ws/install/simulator_msgs' for CMake config files
[5.169s] Level 1:colcon.colcon_core.environment:checking '/home/vidisha/Titanium/titanium_ws/install/simulator_msgs/lib'
[5.170s] Level 1:colcon.colcon_core.environment:checking '/home/vidisha/Titanium/titanium_ws/install/simulator_msgs/bin'
[5.170s] Level 1:colcon.colcon_core.environment:checking '/home/vidisha/Titanium/titanium_ws/install/simulator_msgs/lib/pkgconfig/simulator_msgs.pc'
[5.170s] Level 1:colcon.colcon_core.environment:checking '/home/vidisha/Titanium/titanium_ws/install/simulator_msgs/lib/python3.8/site-packages'
[5.170s] Level 1:colcon.colcon_core.shell:create_environment_hook('simulator_msgs', 'pythonpath')
[5.178s] INFO:colcon.colcon_core.shell:Creating environment hook '/home/vidisha/Titanium/titanium_ws/install/simulator_msgs/share/simulator_msgs/hook/pythonpath.ps1'
[5.178s] INFO:colcon.colcon_core.shell:Creating environment descriptor '/home/vidisha/Titanium/titanium_ws/install/simulator_msgs/share/simulator_msgs/hook/pythonpath.dsv'
[5.179s] INFO:colcon.colcon_core.shell:Creating environment hook '/home/vidisha/Titanium/titanium_ws/install/simulator_msgs/share/simulator_msgs/hook/pythonpath.sh'
[5.179s] Level 1:colcon.colcon_core.environment:checking '/home/vidisha/Titanium/titanium_ws/install/simulator_msgs/bin'
[5.179s] Level 1:colcon.colcon_core.environment:create_environment_scripts_only(simulator_msgs)
[5.184s] INFO:colcon.colcon_core.shell:Creating package script '/home/vidisha/Titanium/titanium_ws/install/simulator_msgs/share/simulator_msgs/package.ps1'
[5.185s] INFO:colcon.colcon_core.shell:Creating package descriptor '/home/vidisha/Titanium/titanium_ws/install/simulator_msgs/share/simulator_msgs/package.dsv'
[5.185s] INFO:colcon.colcon_core.shell:Creating package script '/home/vidisha/Titanium/titanium_ws/install/simulator_msgs/share/simulator_msgs/package.sh'
[5.186s] INFO:colcon.colcon_core.shell:Creating package script '/home/vidisha/Titanium/titanium_ws/install/simulator_msgs/share/simulator_msgs/package.bash'
[5.187s] INFO:colcon.colcon_core.shell:Creating package script '/home/vidisha/Titanium/titanium_ws/install/simulator_msgs/share/simulator_msgs/package.zsh'
[5.188s] Level 1:colcon.colcon_core.environment:create_file_with_runtime_dependencies(/home/vidisha/Titanium/titanium_ws/install/simulator_msgs/share/colcon-core/packages/simulator_msgs)
[5.196s] Level 1:colcon.colcon_core.environment:checking '/home/vidisha/Titanium/titanium_ws/install/ros_tcp_endpoint' for CMake module files
[5.197s] DEBUG:colcon.colcon_core.event_handler.log_command:Invoked command in '/home/vidisha/Titanium/titanium_ws/src/ROS-TCP-Endpoint' returned '0': PYTHONPATH=/home/vidisha/Titanium/titanium_ws/build/ros_tcp_endpoint/prefix_override:/home/vidisha/Titanium/titanium_ws/install/ros_tcp_endpoint/lib/python3.8/site-packages:${PYTHONPATH} /usr/bin/python3 setup.py egg_info --egg-base ../../build/ros_tcp_endpoint build --build-base /home/vidisha/Titanium/titanium_ws/build/ros_tcp_endpoint/build install --record /home/vidisha/Titanium/titanium_ws/build/ros_tcp_endpoint/install.log --install-scripts $base/lib/ros_tcp_endpoint --single-version-externally-managed
[5.197s] Level 1:colcon.colcon_core.environment:checking '/home/vidisha/Titanium/titanium_ws/install/ros_tcp_endpoint' for CMake config files
[5.197s] Level 1:colcon.colcon_core.environment:checking '/home/vidisha/Titanium/titanium_ws/install/ros_tcp_endpoint/lib'
[5.198s] Level 1:colcon.colcon_core.environment:checking '/home/vidisha/Titanium/titanium_ws/install/ros_tcp_endpoint/bin'
[5.198s] Level 1:colcon.colcon_core.environment:checking '/home/vidisha/Titanium/titanium_ws/install/ros_tcp_endpoint/lib/pkgconfig/ros_tcp_endpoint.pc'
[5.198s] Level 1:colcon.colcon_core.environment:checking '/home/vidisha/Titanium/titanium_ws/install/ros_tcp_endpoint/lib/python3.8/site-packages'
[5.198s] Level 1:colcon.colcon_core.shell:create_environment_hook('ros_tcp_endpoint', 'pythonpath')
[5.203s] INFO:colcon.colcon_core.shell:Creating environment hook '/home/vidisha/Titanium/titanium_ws/install/ros_tcp_endpoint/share/ros_tcp_endpoint/hook/pythonpath.ps1'
[5.203s] INFO:colcon.colcon_core.shell:Creating environment descriptor '/home/vidisha/Titanium/titanium_ws/install/ros_tcp_endpoint/share/ros_tcp_endpoint/hook/pythonpath.dsv'
[5.203s] INFO:colcon.colcon_core.shell:Creating environment hook '/home/vidisha/Titanium/titanium_ws/install/ros_tcp_endpoint/share/ros_tcp_endpoint/hook/pythonpath.sh'
[5.204s] Level 1:colcon.colcon_core.environment:checking '/home/vidisha/Titanium/titanium_ws/install/ros_tcp_endpoint/bin'
[5.204s] Level 1:colcon.colcon_core.environment:create_environment_scripts_only(ros_tcp_endpoint)
[5.208s] INFO:colcon.colcon_core.shell:Creating package script '/home/vidisha/Titanium/titanium_ws/install/ros_tcp_endpoint/share/ros_tcp_endpoint/package.ps1'
[5.208s] INFO:colcon.colcon_core.shell:Creating package descriptor '/home/vidisha/Titanium/titanium_ws/install/ros_tcp_endpoint/share/ros_tcp_endpoint/package.dsv'
[5.208s] INFO:colcon.colcon_core.shell:Creating package script '/home/vidisha/Titanium/titanium_ws/install/ros_tcp_endpoint/share/ros_tcp_endpoint/package.sh'
[5.209s] INFO:colcon.colcon_core.shell:Creating package script '/home/vidisha/Titanium/titanium_ws/install/ros_tcp_endpoint/share/ros_tcp_endpoint/package.bash'
[5.209s] INFO:colcon.colcon_core.shell:Creating package script '/home/vidisha/Titanium/titanium_ws/install/ros_tcp_endpoint/share/ros_tcp_endpoint/package.zsh'
[5.209s] Level 1:colcon.colcon_core.environment:create_file_with_runtime_dependencies(/home/vidisha/Titanium/titanium_ws/install/ros_tcp_endpoint/share/colcon-core/packages/ros_tcp_endpoint)
[5.217s] Level 1:colcon.colcon_core.environment:checking '/home/vidisha/Titanium/titanium_ws/install/simulator' for CMake module files
[5.218s] DEBUG:colcon.colcon_core.event_handler.log_command:Invoked command in '/home/vidisha/Titanium/titanium_ws/src/simulator' returned '0': PYTHONPATH=/home/vidisha/Titanium/titanium_ws/build/simulator/prefix_override:/home/vidisha/Titanium/titanium_ws/install/simulator/lib/python3.8/site-packages:${PYTHONPATH} /usr/bin/python3 setup.py egg_info --egg-base ../../build/simulator build --build-base /home/vidisha/Titanium/titanium_ws/build/simulator/build install --record /home/vidisha/Titanium/titanium_ws/build/simulator/install.log --single-version-externally-managed
[5.218s] Level 1:colcon.colcon_core.environment:checking '/home/vidisha/Titanium/titanium_ws/install/simulator' for CMake config files
[5.218s] Level 1:colcon.colcon_core.environment:checking '/home/vidisha/Titanium/titanium_ws/install/simulator/lib'
[5.218s] Level 1:colcon.colcon_core.environment:checking '/home/vidisha/Titanium/titanium_ws/install/simulator/bin'
[5.218s] Level 1:colcon.colcon_core.environment:checking '/home/vidisha/Titanium/titanium_ws/install/simulator/lib/pkgconfig/simulator.pc'
[5.218s] Level 1:colcon.colcon_core.environment:checking '/home/vidisha/Titanium/titanium_ws/install/simulator/lib/python3.8/site-packages'
[5.219s] Level 1:colcon.colcon_core.shell:create_environment_hook('simulator', 'pythonpath')
[5.223s] INFO:colcon.colcon_core.shell:Creating environment hook '/home/vidisha/Titanium/titanium_ws/install/simulator/share/simulator/hook/pythonpath.ps1'
[5.223s] INFO:colcon.colcon_core.shell:Creating environment descriptor '/home/vidisha/Titanium/titanium_ws/install/simulator/share/simulator/hook/pythonpath.dsv'
[5.223s] INFO:colcon.colcon_core.shell:Creating environment hook '/home/vidisha/Titanium/titanium_ws/install/simulator/share/simulator/hook/pythonpath.sh'
[5.223s] Level 1:colcon.colcon_core.environment:checking '/home/vidisha/Titanium/titanium_ws/install/simulator/bin'
[5.224s] Level 1:colcon.colcon_core.environment:create_environment_scripts_only(simulator)
[5.228s] INFO:colcon.colcon_core.shell:Creating package script '/home/vidisha/Titanium/titanium_ws/install/simulator/share/simulator/package.ps1'
[5.228s] INFO:colcon.colcon_core.shell:Creating package descriptor '/home/vidisha/Titanium/titanium_ws/install/simulator/share/simulator/package.dsv'
[5.228s] INFO:colcon.colcon_core.shell:Creating package script '/home/vidisha/Titanium/titanium_ws/install/simulator/share/simulator/package.sh'
[5.229s] INFO:colcon.colcon_core.shell:Creating package script '/home/vidisha/Titanium/titanium_ws/install/simulator/share/simulator/package.bash'
[5.229s] INFO:colcon.colcon_core.shell:Creating package script '/home/vidisha/Titanium/titanium_ws/install/simulator/share/simulator/package.zsh'
[5.229s] Level 1:colcon.colcon_core.environment:create_file_with_runtime_dependencies(/home/vidisha/Titanium/titanium_ws/install/simulator/share/colcon-core/packages/simulator)
[5.229s] DEBUG:colcon.colcon_parallel_executor.executor.parallel:closing loop
[5.230s] DEBUG:colcon.colcon_parallel_executor.executor.parallel:loop closed
[5.230s] DEBUG:colcon.colcon_parallel_executor.executor.parallel:run_until_complete finished with '0'
[5.230s] DEBUG:colcon.colcon_core.event_reactor:joining thread
[5.241s] INFO:colcon.colcon_core.plugin_system:Skipping extension 'colcon_notification.desktop_notification.terminal_notifier': Not used on non-Darwin systems
[5.241s] INFO:colcon.colcon_core.plugin_system:Skipping extension 'colcon_notification.desktop_notification.win32': Not used on non-Windows systems
[5.242s] INFO:colcon.colcon_notification.desktop_notification:Sending desktop notification using 'notify2'
[5.258s] DEBUG:colcon.colcon_core.event_reactor:joined thread
[5.263s] INFO:colcon.colcon_core.shell:Creating prefix script '/home/vidisha/Titanium/titanium_ws/install/local_setup.ps1'
[5.264s] INFO:colcon.colcon_core.shell:Creating prefix util module '/home/vidisha/Titanium/titanium_ws/install/_local_setup_util_ps1.py'
[5.265s] INFO:colcon.colcon_core.shell:Creating prefix chain script '/home/vidisha/Titanium/titanium_ws/install/setup.ps1'
[5.278s] INFO:colcon.colcon_core.shell:Creating prefix script '/home/vidisha/Titanium/titanium_ws/install/local_setup.sh'
[5.279s] INFO:colcon.colcon_core.shell:Creating prefix util module '/home/vidisha/Titanium/titanium_ws/install/_local_setup_util_sh.py'
[5.279s] INFO:colcon.colcon_core.shell:Creating prefix chain script '/home/vidisha/Titanium/titanium_ws/install/setup.sh'
[5.293s] INFO:colcon.colcon_core.shell:Creating prefix script '/home/vidisha/Titanium/titanium_ws/install/local_setup.bash'
[5.293s] INFO:colcon.colcon_core.shell:Creating prefix chain script '/home/vidisha/Titanium/titanium_ws/install/setup.bash'
[5.307s] INFO:colcon.colcon_core.shell:Creating prefix script '/home/vidisha/Titanium/titanium_ws/install/local_setup.zsh'
[5.307s] INFO:colcon.colcon_core.shell:Creating prefix chain script '/home/vidisha/Titanium/titanium_ws/install/setup.zsh'
