[3.164s] Invoking command in '/home/vidisha/Titanium/titanium_ws/src/simulator': PYTHONPATH=/home/vidisha/Titanium/titanium_ws/build/simulator/prefix_override:/home/vidisha/Titanium/titanium_ws/install/simulator/lib/python3.8/site-packages:${PYTHONPATH} /usr/bin/python3 setup.py egg_info --egg-base ../../build/simulator build --build-base /home/vidisha/Titanium/titanium_ws/build/simulator/build install --record /home/vidisha/Titanium/titanium_ws/build/simulator/install.log --single-version-externally-managed
[3.925s] running egg_info
[3.925s] creating ../../build/simulator/simulator.egg-info
[3.925s] writing ../../build/simulator/simulator.egg-info/PKG-INFO
[3.925s] writing dependency_links to ../../build/simulator/simulator.egg-info/dependency_links.txt
[3.926s] writing entry points to ../../build/simulator/simulator.egg-info/entry_points.txt
[3.926s] writing requirements to ../../build/simulator/simulator.egg-info/requires.txt
[3.926s] writing top-level names to ../../build/simulator/simulator.egg-info/top_level.txt
[3.926s] writing manifest file '../../build/simulator/simulator.egg-info/SOURCES.txt'
[3.974s] reading manifest file '../../build/simulator/simulator.egg-info/SOURCES.txt'
[3.975s] writing manifest file '../../build/simulator/simulator.egg-info/SOURCES.txt'
[3.975s] running build
[3.975s] running build_py
[3.975s] creating /home/vidisha/Titanium/titanium_ws/build/simulator/build
[3.975s] creating /home/vidisha/Titanium/titanium_ws/build/simulator/build/lib
[3.975s] creating /home/vidisha/Titanium/titanium_ws/build/simulator/build/lib/simulator
[3.975s] copying simulator/__init__.py -> /home/vidisha/Titanium/titanium_ws/build/simulator/build/lib/simulator
[3.975s] running install
[3.979s] running install_lib
[3.981s] creating /home/vidisha/Titanium/titanium_ws/install/simulator/lib/python3.8/site-packages/simulator
[3.981s] copying /home/vidisha/Titanium/titanium_ws/build/simulator/build/lib/simulator/__init__.py -> /home/vidisha/Titanium/titanium_ws/install/simulator/lib/python3.8/site-packages/simulator
[3.983s] byte-compiling /home/vidisha/Titanium/titanium_ws/install/simulator/lib/python3.8/site-packages/simulator/__init__.py to __init__.cpython-38.pyc
[3.984s] running install_data
[3.985s] creating /home/vidisha/Titanium/titanium_ws/install/simulator/share/ament_index
[3.985s] creating /home/vidisha/Titanium/titanium_ws/install/simulator/share/ament_index/resource_index
[3.985s] creating /home/vidisha/Titanium/titanium_ws/install/simulator/share/ament_index/resource_index/packages
[3.985s] copying resource/simulator -> /home/vidisha/Titanium/titanium_ws/install/simulator/share/ament_index/resource_index/packages
[3.985s] copying package.xml -> /home/vidisha/Titanium/titanium_ws/install/simulator/share/simulator
[3.985s] running install_egg_info
[3.988s] Copying ../../build/simulator/simulator.egg-info to /home/vidisha/Titanium/titanium_ws/install/simulator/lib/python3.8/site-packages/simulator-0.0.0-py3.8.egg-info
[3.989s] running install_scripts
[4.033s] writing list of installed files to '/home/vidisha/Titanium/titanium_ws/build/simulator/install.log'
[4.066s] Invoked command in '/home/vidisha/Titanium/titanium_ws/src/simulator' returned '0': PYTHONPATH=/home/vidisha/Titanium/titanium_ws/build/simulator/prefix_override:/home/vidisha/Titanium/titanium_ws/install/simulator/lib/python3.8/site-packages:${PYTHONPATH} /usr/bin/python3 setup.py egg_info --egg-base ../../build/simulator build --build-base /home/vidisha/Titanium/titanium_ws/build/simulator/build install --record /home/vidisha/Titanium/titanium_ws/build/simulator/install.log --single-version-externally-managed
