-- Found ament_cmake: 1.3.5 (/home/vidisha/ros2_humble/install/ament_cmake/share/ament_cmake/cmake)
-- Found rosidl_default_generators: 1.2.0 (/home/vidisha/ros2_humble/install/rosidl_default_generators/share/rosidl_default_generators/cmake)
-- Using all available rosidl_typesupport_c: rosidl_typesupport_introspection_c;rosidl_typesupport_fastrtps_c
-- Found rosidl_adapter: 3.1.4 (/home/vidisha/ros2_humble/install/rosidl_adapter/share/rosidl_adapter/cmake)
-- Using all available rosidl_typesupport_cpp: rosidl_typesupport_introspection_cpp;rosidl_typesupport_fastrtps_cpp
-- Found builtin_interfaces: 1.2.1 (/home/vidisha/ros2_humble/install/builtin_interfaces/share/builtin_interfaces/cmake)
-- Found geometry_msgs: 4.2.3 (/home/vidisha/ros2_humble/install/geometry_msgs/share/geometry_msgs/cmake)
-- Found ament_cmake_ros: 0.10.0 (/home/vidisha/ros2_humble/install/ament_cmake_ros/share/ament_cmake_ros/cmake)
-- Using all available rosidl_typesupport_c: rosidl_typesupport_introspection_c;rosidl_typesupport_fastrtps_c
-- Using all available rosidl_typesupport_cpp: rosidl_typesupport_introspection_cpp;rosidl_typesupport_fastrtps_cpp
-- Found PythonInterp: /usr/bin/python3 (found suitable version "3.8.10", minimum required is "3.6") 
-- Found python_cmake_module: 0.10.0 (/home/vidisha/ros2_humble/install/python_cmake_module/share/python_cmake_module/cmake)
-- Found PythonLibs: /usr/lib/x86_64-linux-gnu/libpython3.8.so (found suitable version "3.8.10", minimum required is "3.5") 
-- Using PYTHON_EXECUTABLE: /usr/bin/python3
-- Using PYTHON_INCLUDE_DIRS: /usr/include/python3.8
-- Using PYTHON_LIBRARIES: /usr/lib/x86_64-linux-gnu/libpython3.8.so
-- Found PythonExtra: .so  
-- Found ament_lint_auto: 0.12.6 (/home/vidisha/ros2_humble/install/ament_lint_auto/share/ament_lint_auto/cmake)
-- Added test 'lint_cmake' to check CMake code style
-- Added test 'xmllint' to check XML markup files
-- Configuring done
-- Generating done
-- Build files have been written to: /home/vidisha/Titanium/titanium_ws/build/simulator_interfaces
[  3%] [34m[1mGenerating C code for ROS interfaces[0m
[35m[1mScanning dependencies of target ament_cmake_python_copy_simulator_interfaces[0m
[35m[1mScanning dependencies of target simulator_interfaces__cpp[0m
[  6%] [34m[1mGenerating C++ code for ROS interfaces[0m
[  6%] Built target ament_cmake_python_copy_simulator_interfaces
[35m[1mScanning dependencies of target ament_cmake_python_build_simulator_interfaces_egg[0m
[35m[1mScanning dependencies of target simulator_interfaces__rosidl_generator_c[0m
[  6%] Built target simulator_interfaces__cpp
[ 16%] [34m[1mGenerating C++ type support for eProsima Fast-RTPS[0m
[ 16%] [34m[1mGenerating C++ introspection for ROS interfaces[0m
[ 16%] [34m[1mGenerating C++ type support dispatch for ROS interfaces[0m
[ 19%] [32mBuilding C object CMakeFiles/simulator_interfaces__rosidl_generator_c.dir/rosidl_generator_c/simulator_interfaces/msg/detail/pos_rot__functions.c.o[0m
running egg_info
creating simulator_interfaces.egg-info
writing simulator_interfaces.egg-info/PKG-INFO
writing dependency_links to simulator_interfaces.egg-info/dependency_links.txt
writing top-level names to simulator_interfaces.egg-info/top_level.txt
writing manifest file 'simulator_interfaces.egg-info/SOURCES.txt'
[ 22%] [32m[1mLinking C shared library libsimulator_interfaces__rosidl_generator_c.so[0m
reading manifest file 'simulator_interfaces.egg-info/SOURCES.txt'
writing manifest file 'simulator_interfaces.egg-info/SOURCES.txt'
[ 22%] Built target ament_cmake_python_build_simulator_interfaces_egg
[ 22%] Built target simulator_interfaces__rosidl_generator_c
[ 32%] [34m[1mGenerating C type support for eProsima Fast-RTPS[0m
[ 32%] [34m[1mGenerating C introspection for ROS interfaces[0m
[ 32%] [34m[1mGenerating C type support dispatch for ROS interfaces[0m
[35m[1mScanning dependencies of target simulator_interfaces__rosidl_typesupport_cpp[0m
[35m[1mScanning dependencies of target simulator_interfaces__rosidl_typesupport_introspection_cpp[0m
[35m[1mScanning dependencies of target simulator_interfaces__rosidl_typesupport_fastrtps_cpp[0m
[ 35%] [32mBuilding CXX object CMakeFiles/simulator_interfaces__rosidl_typesupport_cpp.dir/rosidl_typesupport_cpp/simulator_interfaces/msg/pos_rot__type_support.cpp.o[0m
[ 38%] [32mBuilding CXX object CMakeFiles/simulator_interfaces__rosidl_typesupport_introspection_cpp.dir/rosidl_typesupport_introspection_cpp/simulator_interfaces/msg/detail/pos_rot__type_support.cpp.o[0m
[ 41%] [32mBuilding CXX object CMakeFiles/simulator_interfaces__rosidl_typesupport_fastrtps_cpp.dir/rosidl_typesupport_fastrtps_cpp/simulator_interfaces/msg/detail/dds_fastrtps/pos_rot__type_support.cpp.o[0m
[35m[1mScanning dependencies of target simulator_interfaces__rosidl_typesupport_c[0m
[ 45%] [32mBuilding CXX object CMakeFiles/simulator_interfaces__rosidl_typesupport_c.dir/rosidl_typesupport_c/simulator_interfaces/msg/pos_rot__type_support.cpp.o[0m
[35m[1mScanning dependencies of target simulator_interfaces__rosidl_typesupport_fastrtps_c[0m
[35m[1mScanning dependencies of target simulator_interfaces__rosidl_typesupport_introspection_c[0m
[ 48%] [32mBuilding CXX object CMakeFiles/simulator_interfaces__rosidl_typesupport_fastrtps_c.dir/rosidl_typesupport_fastrtps_c/simulator_interfaces/msg/detail/pos_rot__type_support_c.cpp.o[0m
[ 51%] [32mBuilding C object CMakeFiles/simulator_interfaces__rosidl_typesupport_introspection_c.dir/rosidl_typesupport_introspection_c/simulator_interfaces/msg/detail/pos_rot__type_support.c.o[0m
[ 54%] [32m[1mLinking CXX shared library libsimulator_interfaces__rosidl_typesupport_c.so[0m
[ 58%] [32m[1mLinking C shared library libsimulator_interfaces__rosidl_typesupport_introspection_c.so[0m
[ 58%] Built target simulator_interfaces__rosidl_typesupport_c
[ 61%] [32m[1mLinking CXX shared library libsimulator_interfaces__rosidl_typesupport_cpp.so[0m
[ 61%] Built target simulator_interfaces__rosidl_typesupport_introspection_c
[ 61%] Built target simulator_interfaces__rosidl_typesupport_cpp
[ 64%] [32m[1mLinking CXX shared library libsimulator_interfaces__rosidl_typesupport_fastrtps_cpp.so[0m
[ 67%] [32m[1mLinking CXX shared library libsimulator_interfaces__rosidl_typesupport_introspection_cpp.so[0m
[ 67%] Built target simulator_interfaces__rosidl_typesupport_fastrtps_cpp
[ 67%] Built target simulator_interfaces__rosidl_typesupport_introspection_cpp
[ 70%] [32m[1mLinking CXX shared library libsimulator_interfaces__rosidl_typesupport_fastrtps_c.so[0m
[ 70%] Built target simulator_interfaces__rosidl_typesupport_fastrtps_c
[35m[1mScanning dependencies of target simulator_interfaces[0m
[ 70%] Built target simulator_interfaces
[35m[1mScanning dependencies of target simulator_interfaces__py[0m
[ 74%] [34m[1mGenerating Python code for ROS interfaces[0m
[ 74%] Built target simulator_interfaces__py
[35m[1mScanning dependencies of target simulator_interfaces__rosidl_generator_py[0m
[ 77%] [32mBuilding C object CMakeFiles/simulator_interfaces__rosidl_generator_py.dir/rosidl_generator_py/simulator_interfaces/msg/_pos_rot_s.c.o[0m
[ 80%] [32m[1mLinking C shared library rosidl_generator_py/simulator_interfaces/libsimulator_interfaces__rosidl_generator_py.so[0m
[ 80%] Built target simulator_interfaces__rosidl_generator_py
[35m[1mScanning dependencies of target simulator_interfaces__rosidl_typesupport_c__pyext[0m
[35m[1mScanning dependencies of target simulator_interfaces__rosidl_typesupport_fastrtps_c__pyext[0m
[35m[1mScanning dependencies of target simulator_interfaces__rosidl_typesupport_introspection_c__pyext[0m
[ 83%] [32mBuilding C object CMakeFiles/simulator_interfaces__rosidl_typesupport_introspection_c__pyext.dir/rosidl_generator_py/simulator_interfaces/_simulator_interfaces_s.ep.rosidl_typesupport_introspection_c.c.o[0m
[ 87%] [32mBuilding C object CMakeFiles/simulator_interfaces__rosidl_typesupport_c__pyext.dir/rosidl_generator_py/simulator_interfaces/_simulator_interfaces_s.ep.rosidl_typesupport_c.c.o[0m
[ 90%] [32mBuilding C object CMakeFiles/simulator_interfaces__rosidl_typesupport_fastrtps_c__pyext.dir/rosidl_generator_py/simulator_interfaces/_simulator_interfaces_s.ep.rosidl_typesupport_fastrtps_c.c.o[0m
[ 96%] [32m[1mLinking C shared library rosidl_generator_py/simulator_interfaces/simulator_interfaces_s__rosidl_typesupport_introspection_c.cpython-38-x86_64-linux-gnu.so[0m
[ 96%] [32m[1mLinking C shared library rosidl_generator_py/simulator_interfaces/simulator_interfaces_s__rosidl_typesupport_fastrtps_c.cpython-38-x86_64-linux-gnu.so[0m
[100%] [32m[1mLinking C shared library rosidl_generator_py/simulator_interfaces/simulator_interfaces_s__rosidl_typesupport_c.cpython-38-x86_64-linux-gnu.so[0m
[100%] Built target simulator_interfaces__rosidl_typesupport_fastrtps_c__pyext
[100%] Built target simulator_interfaces__rosidl_typesupport_c__pyext
[100%] Built target simulator_interfaces__rosidl_typesupport_introspection_c__pyext
-- Install configuration: ""
-- Installing: /home/vidisha/Titanium/titanium_ws/install/simulator_interfaces/share/ament_index/resource_index/rosidl_interfaces/simulator_interfaces
-- Installing: /home/vidisha/Titanium/titanium_ws/install/simulator_interfaces/include/simulator_interfaces/simulator_interfaces
-- Installing: /home/vidisha/Titanium/titanium_ws/install/simulator_interfaces/include/simulator_interfaces/simulator_interfaces/msg
-- Installing: /home/vidisha/Titanium/titanium_ws/install/simulator_interfaces/include/simulator_interfaces/simulator_interfaces/msg/detail
-- Installing: /home/vidisha/Titanium/titanium_ws/install/simulator_interfaces/include/simulator_interfaces/simulator_interfaces/msg/detail/pos_rot__struct.h
-- Installing: /home/vidisha/Titanium/titanium_ws/install/simulator_interfaces/include/simulator_interfaces/simulator_interfaces/msg/detail/pos_rot__functions.h
-- Installing: /home/vidisha/Titanium/titanium_ws/install/simulator_interfaces/include/simulator_interfaces/simulator_interfaces/msg/detail/pos_rot__type_support.h
-- Installing: /home/vidisha/Titanium/titanium_ws/install/simulator_interfaces/include/simulator_interfaces/simulator_interfaces/msg/detail/pos_rot__functions.c
-- Installing: /home/vidisha/Titanium/titanium_ws/install/simulator_interfaces/include/simulator_interfaces/simulator_interfaces/msg/rosidl_generator_c__visibility_control.h
-- Installing: /home/vidisha/Titanium/titanium_ws/install/simulator_interfaces/include/simulator_interfaces/simulator_interfaces/msg/pos_rot.h
-- Installing: /home/vidisha/Titanium/titanium_ws/install/simulator_interfaces/share/simulator_interfaces/environment/library_path.sh
-- Installing: /home/vidisha/Titanium/titanium_ws/install/simulator_interfaces/share/simulator_interfaces/environment/library_path.dsv
-- Installing: /home/vidisha/Titanium/titanium_ws/install/simulator_interfaces/lib/libsimulator_interfaces__rosidl_generator_c.so
-- Set runtime path of "/home/vidisha/Titanium/titanium_ws/install/simulator_interfaces/lib/libsimulator_interfaces__rosidl_generator_c.so" to ""
-- Up-to-date: /home/vidisha/Titanium/titanium_ws/install/simulator_interfaces/include/simulator_interfaces/simulator_interfaces
-- Up-to-date: /home/vidisha/Titanium/titanium_ws/install/simulator_interfaces/include/simulator_interfaces/simulator_interfaces/msg
-- Up-to-date: /home/vidisha/Titanium/titanium_ws/install/simulator_interfaces/include/simulator_interfaces/simulator_interfaces/msg/detail
-- Installing: /home/vidisha/Titanium/titanium_ws/install/simulator_interfaces/include/simulator_interfaces/simulator_interfaces/msg/detail/pos_rot__rosidl_typesupport_introspection_c.h
-- Installing: /home/vidisha/Titanium/titanium_ws/install/simulator_interfaces/include/simulator_interfaces/simulator_interfaces/msg/detail/pos_rot__type_support.c
-- Installing: /home/vidisha/Titanium/titanium_ws/install/simulator_interfaces/include/simulator_interfaces/simulator_interfaces/msg/rosidl_typesupport_introspection_c__visibility_control.h
-- Installing: /home/vidisha/Titanium/titanium_ws/install/simulator_interfaces/lib/libsimulator_interfaces__rosidl_typesupport_introspection_c.so
-- Set runtime path of "/home/vidisha/Titanium/titanium_ws/install/simulator_interfaces/lib/libsimulator_interfaces__rosidl_typesupport_introspection_c.so" to ""
-- Up-to-date: /home/vidisha/Titanium/titanium_ws/install/simulator_interfaces/include/simulator_interfaces/simulator_interfaces
-- Up-to-date: /home/vidisha/Titanium/titanium_ws/install/simulator_interfaces/include/simulator_interfaces/simulator_interfaces/msg
-- Up-to-date: /home/vidisha/Titanium/titanium_ws/install/simulator_interfaces/include/simulator_interfaces/simulator_interfaces/msg/detail
-- Installing: /home/vidisha/Titanium/titanium_ws/install/simulator_interfaces/include/simulator_interfaces/simulator_interfaces/msg/detail/pos_rot__rosidl_typesupport_fastrtps_c.h
-- Installing: /home/vidisha/Titanium/titanium_ws/install/simulator_interfaces/include/simulator_interfaces/simulator_interfaces/msg/rosidl_typesupport_fastrtps_c__visibility_control.h
-- Installing: /home/vidisha/Titanium/titanium_ws/install/simulator_interfaces/lib/libsimulator_interfaces__rosidl_typesupport_fastrtps_c.so
-- Set runtime path of "/home/vidisha/Titanium/titanium_ws/install/simulator_interfaces/lib/libsimulator_interfaces__rosidl_typesupport_fastrtps_c.so" to ""
-- Installing: /home/vidisha/Titanium/titanium_ws/install/simulator_interfaces/lib/libsimulator_interfaces__rosidl_typesupport_c.so
-- Set runtime path of "/home/vidisha/Titanium/titanium_ws/install/simulator_interfaces/lib/libsimulator_interfaces__rosidl_typesupport_c.so" to ""
-- Up-to-date: /home/vidisha/Titanium/titanium_ws/install/simulator_interfaces/include/simulator_interfaces/simulator_interfaces
-- Up-to-date: /home/vidisha/Titanium/titanium_ws/install/simulator_interfaces/include/simulator_interfaces/simulator_interfaces/msg
-- Up-to-date: /home/vidisha/Titanium/titanium_ws/install/simulator_interfaces/include/simulator_interfaces/simulator_interfaces/msg/detail
-- Installing: /home/vidisha/Titanium/titanium_ws/install/simulator_interfaces/include/simulator_interfaces/simulator_interfaces/msg/detail/pos_rot__traits.hpp
-- Installing: /home/vidisha/Titanium/titanium_ws/install/simulator_interfaces/include/simulator_interfaces/simulator_interfaces/msg/detail/pos_rot__struct.hpp
-- Installing: /home/vidisha/Titanium/titanium_ws/install/simulator_interfaces/include/simulator_interfaces/simulator_interfaces/msg/detail/pos_rot__builder.hpp
-- Installing: /home/vidisha/Titanium/titanium_ws/install/simulator_interfaces/include/simulator_interfaces/simulator_interfaces/msg/pos_rot.hpp
-- Up-to-date: /home/vidisha/Titanium/titanium_ws/install/simulator_interfaces/include/simulator_interfaces/simulator_interfaces
-- Up-to-date: /home/vidisha/Titanium/titanium_ws/install/simulator_interfaces/include/simulator_interfaces/simulator_interfaces/msg
-- Up-to-date: /home/vidisha/Titanium/titanium_ws/install/simulator_interfaces/include/simulator_interfaces/simulator_interfaces/msg/detail
-- Installing: /home/vidisha/Titanium/titanium_ws/install/simulator_interfaces/include/simulator_interfaces/simulator_interfaces/msg/detail/pos_rot__type_support.cpp
-- Installing: /home/vidisha/Titanium/titanium_ws/install/simulator_interfaces/include/simulator_interfaces/simulator_interfaces/msg/detail/pos_rot__rosidl_typesupport_introspection_cpp.hpp
-- Installing: /home/vidisha/Titanium/titanium_ws/install/simulator_interfaces/lib/libsimulator_interfaces__rosidl_typesupport_introspection_cpp.so
-- Set runtime path of "/home/vidisha/Titanium/titanium_ws/install/simulator_interfaces/lib/libsimulator_interfaces__rosidl_typesupport_introspection_cpp.so" to ""
-- Up-to-date: /home/vidisha/Titanium/titanium_ws/install/simulator_interfaces/include/simulator_interfaces/simulator_interfaces
-- Up-to-date: /home/vidisha/Titanium/titanium_ws/install/simulator_interfaces/include/simulator_interfaces/simulator_interfaces/msg
-- Up-to-date: /home/vidisha/Titanium/titanium_ws/install/simulator_interfaces/include/simulator_interfaces/simulator_interfaces/msg/detail
-- Installing: /home/vidisha/Titanium/titanium_ws/install/simulator_interfaces/include/simulator_interfaces/simulator_interfaces/msg/detail/dds_fastrtps
-- Installing: /home/vidisha/Titanium/titanium_ws/install/simulator_interfaces/include/simulator_interfaces/simulator_interfaces/msg/detail/pos_rot__rosidl_typesupport_fastrtps_cpp.hpp
-- Installing: /home/vidisha/Titanium/titanium_ws/install/simulator_interfaces/include/simulator_interfaces/simulator_interfaces/msg/rosidl_typesupport_fastrtps_cpp__visibility_control.h
-- Installing: /home/vidisha/Titanium/titanium_ws/install/simulator_interfaces/lib/libsimulator_interfaces__rosidl_typesupport_fastrtps_cpp.so
-- Set runtime path of "/home/vidisha/Titanium/titanium_ws/install/simulator_interfaces/lib/libsimulator_interfaces__rosidl_typesupport_fastrtps_cpp.so" to ""
-- Installing: /home/vidisha/Titanium/titanium_ws/install/simulator_interfaces/lib/libsimulator_interfaces__rosidl_typesupport_cpp.so
-- Set runtime path of "/home/vidisha/Titanium/titanium_ws/install/simulator_interfaces/lib/libsimulator_interfaces__rosidl_typesupport_cpp.so" to ""
-- Installing: /home/vidisha/Titanium/titanium_ws/install/simulator_interfaces/share/simulator_interfaces/environment/pythonpath.sh
-- Installing: /home/vidisha/Titanium/titanium_ws/install/simulator_interfaces/share/simulator_interfaces/environment/pythonpath.dsv
-- Installing: /home/vidisha/Titanium/titanium_ws/install/simulator_interfaces/lib/python3.8/site-packages/simulator_interfaces-0.0.0-py3.8.egg-info
-- Installing: /home/vidisha/Titanium/titanium_ws/install/simulator_interfaces/lib/python3.8/site-packages/simulator_interfaces-0.0.0-py3.8.egg-info/PKG-INFO
-- Installing: /home/vidisha/Titanium/titanium_ws/install/simulator_interfaces/lib/python3.8/site-packages/simulator_interfaces-0.0.0-py3.8.egg-info/top_level.txt
-- Installing: /home/vidisha/Titanium/titanium_ws/install/simulator_interfaces/lib/python3.8/site-packages/simulator_interfaces-0.0.0-py3.8.egg-info/SOURCES.txt
-- Installing: /home/vidisha/Titanium/titanium_ws/install/simulator_interfaces/lib/python3.8/site-packages/simulator_interfaces-0.0.0-py3.8.egg-info/dependency_links.txt
-- Installing: /home/vidisha/Titanium/titanium_ws/install/simulator_interfaces/lib/python3.8/site-packages/simulator_interfaces
-- Installing: /home/vidisha/Titanium/titanium_ws/install/simulator_interfaces/lib/python3.8/site-packages/simulator_interfaces/__init__.py
-- Installing: /home/vidisha/Titanium/titanium_ws/install/simulator_interfaces/lib/python3.8/site-packages/simulator_interfaces/msg
-- Installing: /home/vidisha/Titanium/titanium_ws/install/simulator_interfaces/lib/python3.8/site-packages/simulator_interfaces/msg/_pos_rot_s.c
-- Installing: /home/vidisha/Titanium/titanium_ws/install/simulator_interfaces/lib/python3.8/site-packages/simulator_interfaces/msg/__init__.py
-- Installing: /home/vidisha/Titanium/titanium_ws/install/simulator_interfaces/lib/python3.8/site-packages/simulator_interfaces/msg/_pos_rot.py
-- Installing: /home/vidisha/Titanium/titanium_ws/install/simulator_interfaces/lib/python3.8/site-packages/simulator_interfaces/simulator_interfaces_s__rosidl_typesupport_c.cpython-38-x86_64-linux-gnu.so
-- Installing: /home/vidisha/Titanium/titanium_ws/install/simulator_interfaces/lib/python3.8/site-packages/simulator_interfaces/_simulator_interfaces_s.ep.rosidl_typesupport_fastrtps_c.c
-- Installing: /home/vidisha/Titanium/titanium_ws/install/simulator_interfaces/lib/python3.8/site-packages/simulator_interfaces/libsimulator_interfaces__rosidl_generator_py.so
-- Installing: /home/vidisha/Titanium/titanium_ws/install/simulator_interfaces/lib/python3.8/site-packages/simulator_interfaces/simulator_interfaces_s__rosidl_typesupport_introspection_c.cpython-38-x86_64-linux-gnu.so
-- Installing: /home/vidisha/Titanium/titanium_ws/install/simulator_interfaces/lib/python3.8/site-packages/simulator_interfaces/_simulator_interfaces_s.ep.rosidl_typesupport_c.c
-- Installing: /home/vidisha/Titanium/titanium_ws/install/simulator_interfaces/lib/python3.8/site-packages/simulator_interfaces/simulator_interfaces_s__rosidl_typesupport_fastrtps_c.cpython-38-x86_64-linux-gnu.so
-- Installing: /home/vidisha/Titanium/titanium_ws/install/simulator_interfaces/lib/python3.8/site-packages/simulator_interfaces/_simulator_interfaces_s.ep.rosidl_typesupport_introspection_c.c
Listing '/home/vidisha/Titanium/titanium_ws/install/simulator_interfaces/lib/python3.8/site-packages/simulator_interfaces'...
Compiling '/home/vidisha/Titanium/titanium_ws/install/simulator_interfaces/lib/python3.8/site-packages/simulator_interfaces/__init__.py'...
Listing '/home/vidisha/Titanium/titanium_ws/install/simulator_interfaces/lib/python3.8/site-packages/simulator_interfaces/msg'...
Compiling '/home/vidisha/Titanium/titanium_ws/install/simulator_interfaces/lib/python3.8/site-packages/simulator_interfaces/msg/__init__.py'...
Compiling '/home/vidisha/Titanium/titanium_ws/install/simulator_interfaces/lib/python3.8/site-packages/simulator_interfaces/msg/_pos_rot.py'...
-- Installing: /home/vidisha/Titanium/titanium_ws/install/simulator_interfaces/lib/python3.8/site-packages/simulator_interfaces/simulator_interfaces_s__rosidl_typesupport_introspection_c.cpython-38-x86_64-linux-gnu.so
-- Set runtime path of "/home/vidisha/Titanium/titanium_ws/install/simulator_interfaces/lib/python3.8/site-packages/simulator_interfaces/simulator_interfaces_s__rosidl_typesupport_introspection_c.cpython-38-x86_64-linux-gnu.so" to ""
-- Installing: /home/vidisha/Titanium/titanium_ws/install/simulator_interfaces/lib/python3.8/site-packages/simulator_interfaces/simulator_interfaces_s__rosidl_typesupport_fastrtps_c.cpython-38-x86_64-linux-gnu.so
-- Set runtime path of "/home/vidisha/Titanium/titanium_ws/install/simulator_interfaces/lib/python3.8/site-packages/simulator_interfaces/simulator_interfaces_s__rosidl_typesupport_fastrtps_c.cpython-38-x86_64-linux-gnu.so" to ""
-- Installing: /home/vidisha/Titanium/titanium_ws/install/simulator_interfaces/lib/python3.8/site-packages/simulator_interfaces/simulator_interfaces_s__rosidl_typesupport_c.cpython-38-x86_64-linux-gnu.so
-- Set runtime path of "/home/vidisha/Titanium/titanium_ws/install/simulator_interfaces/lib/python3.8/site-packages/simulator_interfaces/simulator_interfaces_s__rosidl_typesupport_c.cpython-38-x86_64-linux-gnu.so" to ""
-- Installing: /home/vidisha/Titanium/titanium_ws/install/simulator_interfaces/lib/libsimulator_interfaces__rosidl_generator_py.so
-- Set runtime path of "/home/vidisha/Titanium/titanium_ws/install/simulator_interfaces/lib/libsimulator_interfaces__rosidl_generator_py.so" to ""
-- Installing: /home/vidisha/Titanium/titanium_ws/install/simulator_interfaces/share/simulator_interfaces/msg/PosRot.idl
-- Installing: /home/vidisha/Titanium/titanium_ws/install/simulator_interfaces/share/simulator_interfaces/msg/PosRot.msg
-- Installing: /home/vidisha/Titanium/titanium_ws/install/simulator_interfaces/share/ament_index/resource_index/package_run_dependencies/simulator_interfaces
-- Installing: /home/vidisha/Titanium/titanium_ws/install/simulator_interfaces/share/ament_index/resource_index/parent_prefix_path/simulator_interfaces
-- Installing: /home/vidisha/Titanium/titanium_ws/install/simulator_interfaces/share/simulator_interfaces/environment/ament_prefix_path.dsv
-- Installing: /home/vidisha/Titanium/titanium_ws/install/simulator_interfaces/share/simulator_interfaces/environment/path.dsv
-- Up-to-date: /home/vidisha/Titanium/titanium_ws/install/simulator_interfaces/share/simulator_interfaces/local_setup.bash
-- Installing: /home/vidisha/Titanium/titanium_ws/install/simulator_interfaces/share/simulator_interfaces/local_setup.sh
-- Up-to-date: /home/vidisha/Titanium/titanium_ws/install/simulator_interfaces/share/simulator_interfaces/local_setup.zsh
-- Installing: /home/vidisha/Titanium/titanium_ws/install/simulator_interfaces/share/simulator_interfaces/local_setup.dsv
-- Installing: /home/vidisha/Titanium/titanium_ws/install/simulator_interfaces/share/simulator_interfaces/package.dsv
-- Up-to-date: /home/vidisha/Titanium/titanium_ws/install/simulator_interfaces/share/ament_index/resource_index/packages/simulator_interfaces
-- Installing: /home/vidisha/Titanium/titanium_ws/install/simulator_interfaces/share/simulator_interfaces/cmake/export_simulator_interfaces__rosidl_generator_cExport.cmake
-- Installing: /home/vidisha/Titanium/titanium_ws/install/simulator_interfaces/share/simulator_interfaces/cmake/export_simulator_interfaces__rosidl_generator_cExport-noconfig.cmake
-- Installing: /home/vidisha/Titanium/titanium_ws/install/simulator_interfaces/share/simulator_interfaces/cmake/simulator_interfaces__rosidl_typesupport_introspection_cExport.cmake
-- Installing: /home/vidisha/Titanium/titanium_ws/install/simulator_interfaces/share/simulator_interfaces/cmake/simulator_interfaces__rosidl_typesupport_introspection_cExport-noconfig.cmake
-- Installing: /home/vidisha/Titanium/titanium_ws/install/simulator_interfaces/share/simulator_interfaces/cmake/export_simulator_interfaces__rosidl_typesupport_fastrtps_cExport.cmake
-- Installing: /home/vidisha/Titanium/titanium_ws/install/simulator_interfaces/share/simulator_interfaces/cmake/export_simulator_interfaces__rosidl_typesupport_fastrtps_cExport-noconfig.cmake
-- Installing: /home/vidisha/Titanium/titanium_ws/install/simulator_interfaces/share/simulator_interfaces/cmake/simulator_interfaces__rosidl_typesupport_cExport.cmake
-- Installing: /home/vidisha/Titanium/titanium_ws/install/simulator_interfaces/share/simulator_interfaces/cmake/simulator_interfaces__rosidl_typesupport_cExport-noconfig.cmake
-- Installing: /home/vidisha/Titanium/titanium_ws/install/simulator_interfaces/share/simulator_interfaces/cmake/export_simulator_interfaces__rosidl_generator_cppExport.cmake
-- Installing: /home/vidisha/Titanium/titanium_ws/install/simulator_interfaces/share/simulator_interfaces/cmake/simulator_interfaces__rosidl_typesupport_introspection_cppExport.cmake
-- Installing: /home/vidisha/Titanium/titanium_ws/install/simulator_interfaces/share/simulator_interfaces/cmake/simulator_interfaces__rosidl_typesupport_introspection_cppExport-noconfig.cmake
-- Installing: /home/vidisha/Titanium/titanium_ws/install/simulator_interfaces/share/simulator_interfaces/cmake/export_simulator_interfaces__rosidl_typesupport_fastrtps_cppExport.cmake
-- Installing: /home/vidisha/Titanium/titanium_ws/install/simulator_interfaces/share/simulator_interfaces/cmake/export_simulator_interfaces__rosidl_typesupport_fastrtps_cppExport-noconfig.cmake
-- Installing: /home/vidisha/Titanium/titanium_ws/install/simulator_interfaces/share/simulator_interfaces/cmake/simulator_interfaces__rosidl_typesupport_cppExport.cmake
-- Installing: /home/vidisha/Titanium/titanium_ws/install/simulator_interfaces/share/simulator_interfaces/cmake/simulator_interfaces__rosidl_typesupport_cppExport-noconfig.cmake
-- Installing: /home/vidisha/Titanium/titanium_ws/install/simulator_interfaces/share/simulator_interfaces/cmake/export_simulator_interfaces__rosidl_generator_pyExport.cmake
-- Installing: /home/vidisha/Titanium/titanium_ws/install/simulator_interfaces/share/simulator_interfaces/cmake/export_simulator_interfaces__rosidl_generator_pyExport-noconfig.cmake
-- Installing: /home/vidisha/Titanium/titanium_ws/install/simulator_interfaces/share/simulator_interfaces/cmake/rosidl_cmake-extras.cmake
-- Installing: /home/vidisha/Titanium/titanium_ws/install/simulator_interfaces/share/simulator_interfaces/cmake/ament_cmake_export_dependencies-extras.cmake
-- Installing: /home/vidisha/Titanium/titanium_ws/install/simulator_interfaces/share/simulator_interfaces/cmake/ament_cmake_export_include_directories-extras.cmake
-- Installing: /home/vidisha/Titanium/titanium_ws/install/simulator_interfaces/share/simulator_interfaces/cmake/ament_cmake_export_libraries-extras.cmake
-- Installing: /home/vidisha/Titanium/titanium_ws/install/simulator_interfaces/share/simulator_interfaces/cmake/ament_cmake_export_targets-extras.cmake
-- Installing: /home/vidisha/Titanium/titanium_ws/install/simulator_interfaces/share/simulator_interfaces/cmake/rosidl_cmake_export_typesupport_targets-extras.cmake
-- Installing: /home/vidisha/Titanium/titanium_ws/install/simulator_interfaces/share/simulator_interfaces/cmake/rosidl_cmake_export_typesupport_libraries-extras.cmake
-- Installing: /home/vidisha/Titanium/titanium_ws/install/simulator_interfaces/share/simulator_interfaces/cmake/simulator_interfacesConfig.cmake
-- Up-to-date: /home/vidisha/Titanium/titanium_ws/install/simulator_interfaces/share/simulator_interfaces/cmake/simulator_interfacesConfig-version.cmake
-- Installing: /home/vidisha/Titanium/titanium_ws/install/simulator_interfaces/share/simulator_interfaces/package.xml
