[1.498s] Invoking command in '/home/vidisha/Titanium/titanium_ws/build/simulator_interfaces': CMAKE_PREFIX_PATH=${CMAKE_PREFIX_PATH}:/home/vidisha/Titanium/titanium_ws/install/simulator_msgs:/home/vidisha/Titanium/titanium_ws/install/simulator:/home/vidisha/Titanium/titanium_ws/install/ros_tcp_endpoint:/home/vidisha/ros2_humble/install/rqt_bag_plugins:/home/vidisha/ros2_humble/install/rqt_bag:/home/vidisha/ros2_humble/install/ros2bag:/home/vidisha/ros2_humble/install/tracetools_test:/home/vidisha/ros2_humble/install/tracetools_launch:/home/vidisha/ros2_humble/install/topic_monitor:/home/vidisha/ros2_humble/install/tf2_tools:/home/vidisha/ros2_humble/install/examples_tf2_py:/home/vidisha/ros2_humble/install/tf2_ros_py:/home/vidisha/ros2_humble/install/sros2:/home/vidisha/ros2_humble/install/rqt_topic:/home/vidisha/ros2_humble/install/rqt_srv:/home/vidisha/ros2_humble/install/rqt_shell:/home/vidisha/ros2_humble/install/rqt_service_caller:/home/vidisha/ros2_humble/install/rqt_reconfigure:/home/vidisha/ros2_humble/install/rqt_py_console:/home/vidisha/ros2_humble/install/rqt_publisher:/home/vidisha/ros2_humble/install/rqt_plot:/home/vidisha/ros2_humble/install/rqt_action:/home/vidisha/ros2_humble/install/rqt_msg:/home/vidisha/ros2_humble/install/rqt_console:/home/vidisha/ros2_humble/install/rqt:/home/vidisha/ros2_humble/install/rqt_graph:/home/vidisha/ros2_humble/install/rqt_gui_py:/home/vidisha/ros2_humble/install/rqt_gui:/home/vidisha/ros2_humble/install/ros2trace:/home/vidisha/ros2_humble/install/ros2topic:/home/vidisha/ros2_humble/install/ros2test:/home/vidisha/ros2_humble/install/ros2component:/home/vidisha/ros2_humble/install/ros2param:/home/vidisha/ros2_humble/install/ros2lifecycle:/home/vidisha/ros2_humble/install/ros2service:/home/vidisha/ros2_humble/install/ros2run:/home/vidisha/ros2_humble/install/ros2launch:/home/vidisha/ros2_humble/install/ros2pkg:/home/vidisha/ros2_humble/install/ros2node:/home/vidisha/ros2_humble/install/ros2multicast:/home/vidisha/ros2_humble/install/ros2interface:/home/vidisha/ros2_humble/install/ros2doctor:/home/vidisha/ros2_humble/install/ros2action:/home/vidisha/ros2_humble/install/ros2cli:/home/vidisha/ros2_humble/install/quality_of_service_demo_py:/home/vidisha/ros2_humble/install/lifecycle_py:/home/vidisha/ros2_humble/install/launch_testing_ros:/home/vidisha/ros2_humble/install/launch_ros:/home/vidisha/ros2_humble/install/examples_rclpy_pointcloud_publisher:/home/vidisha/ros2_humble/install/examples_rclpy_minimal_subscriber:/home/vidisha/ros2_humble/install/examples_rclpy_minimal_service:/home/vidisha/ros2_humble/install/examples_rclpy_minimal_publisher:/home/vidisha/ros2_humble/install/examples_rclpy_minimal_client:/home/vidisha/ros2_humble/install/examples_rclpy_minimal_action_server:/home/vidisha/ros2_humble/install/examples_rclpy_minimal_action_client:/home/vidisha/ros2_humble/install/examples_rclpy_guard_conditions:/home/vidisha/ros2_humble/install/examples_rclpy_executors:/home/vidisha/ros2_humble/install/demo_nodes_py:/home/vidisha/ros2_humble/install/action_tutorials_py:/home/vidisha/ros2_humble/install/ament_uncrustify:/home/vidisha/ros2_humble/install/tracetools_trace:/home/vidisha/ros2_humble/install/tracetools_read:/home/vidisha/ros2_humble/install/test_tracetools_launch:/home/vidisha/ros2_humble/install/test_launch_ros:/home/vidisha/ros2_humble/install/sensor_msgs_py:/home/vidisha/ros2_humble/install/rpyutils:/home/vidisha/ros2_humble/install/rosidl_runtime_py:/home/vidisha/ros2_humble/install/rosidl_cli:/home/vidisha/ros2_humble/install/launch_pytest:/home/vidisha/ros2_humble/install/launch_testing:/home/vidisha/ros2_humble/install/launch_yaml:/home/vidisha/ros2_humble/install/launch_xml:/home/vidisha/ros2_humble/install/launch:/home/vidisha/ros2_humble/install/osrf_pycommon:/home/vidisha/ros2_humble/install/launch_testing_examples:/home/vidisha/ros2_humble/install/domain_coordinator:/home/vidisha/ros2_humble/install/ament_xmllint:/home/vidisha/ros2_humble/install/ament_pyflakes:/home/vidisha/ros2_humble/install/ament_pycodestyle:/home/vidisha/ros2_humble/install/ament_pep257:/home/vidisha/ros2_humble/install/ament_pclint:/home/vidisha/ros2_humble/install/ament_package:/home/vidisha/ros2_humble/install/ament_mypy:/home/vidisha/ros2_humble/install/ament_lint_cmake:/home/vidisha/ros2_humble/install/ament_flake8:/home/vidisha/ros2_humble/install/ament_copyright:/home/vidisha/ros2_humble/install/ament_lint:/home/vidisha/ros2_humble/install/ament_index_python:/home/vidisha/ros2_humble/install/ament_cpplint:/home/vidisha/ros2_humble/install/ament_cppcheck:/home/vidisha/ros2_humble/install/ament_clang_tidy:/home/vidisha/ros2_humble/install/ament_clang_format /usr/bin/cmake --build /home/vidisha/Titanium/titanium_ws/build/simulator_interfaces -- -j12 -l12
[1.604s] -- Found ament_cmake: 1.3.5 (/home/vidisha/ros2_humble/install/ament_cmake/share/ament_cmake/cmake)
[4.124s] -- Found rosidl_default_generators: 1.2.0 (/home/vidisha/ros2_humble/install/rosidl_default_generators/share/rosidl_default_generators/cmake)
[4.262s] -- Using all available rosidl_typesupport_c: rosidl_typesupport_introspection_c;rosidl_typesupport_fastrtps_c
[4.310s] -- Found rosidl_adapter: 3.1.4 (/home/vidisha/ros2_humble/install/rosidl_adapter/share/rosidl_adapter/cmake)
[4.531s] -- Using all available rosidl_typesupport_cpp: rosidl_typesupport_introspection_cpp;rosidl_typesupport_fastrtps_cpp
[4.673s] -- Found builtin_interfaces: 1.2.1 (/home/vidisha/ros2_humble/install/builtin_interfaces/share/builtin_interfaces/cmake)
[4.759s] -- Found geometry_msgs: 4.2.3 (/home/vidisha/ros2_humble/install/geometry_msgs/share/geometry_msgs/cmake)
[11.115s] -- Found ament_cmake_ros: 0.10.0 (/home/vidisha/ros2_humble/install/ament_cmake_ros/share/ament_cmake_ros/cmake)
[14.302s] -- Using all available rosidl_typesupport_c: rosidl_typesupport_introspection_c;rosidl_typesupport_fastrtps_c
[20.520s] -- Using all available rosidl_typesupport_cpp: rosidl_typesupport_introspection_cpp;rosidl_typesupport_fastrtps_cpp
[20.928s] -- Found PythonInterp: /usr/bin/python3 (found suitable version "3.8.10", minimum required is "3.6") 
[20.943s] -- Found python_cmake_module: 0.10.0 (/home/vidisha/ros2_humble/install/python_cmake_module/share/python_cmake_module/cmake)
[21.356s] -- Found PythonLibs: /usr/lib/x86_64-linux-gnu/libpython3.8.so (found suitable version "3.8.10", minimum required is "3.5") 
[21.356s] -- Using PYTHON_EXECUTABLE: /usr/bin/python3
[21.356s] -- Using PYTHON_INCLUDE_DIRS: /usr/include/python3.8
[21.356s] -- Using PYTHON_LIBRARIES: /usr/lib/x86_64-linux-gnu/libpython3.8.so
[21.739s] -- Found PythonExtra: .so  
[22.599s] -- Found ament_lint_auto: 0.12.6 (/home/vidisha/ros2_humble/install/ament_lint_auto/share/ament_lint_auto/cmake)
[22.616s] -- Added test 'lint_cmake' to check CMake code style
[22.617s] -- Added test 'xmllint' to check XML markup files
[22.623s] -- Configuring done
[22.669s] -- Generating done
[22.671s] -- Build files have been written to: /home/vidisha/Titanium/titanium_ws/build/simulator_interfaces
[22.723s] [  3%] [34m[1mGenerating C code for ROS interfaces[0m
[22.723s] [35m[1mScanning dependencies of target ament_cmake_python_copy_simulator_interfaces[0m
[22.723s] [35m[1mScanning dependencies of target simulator_interfaces__cpp[0m
[22.750s] [  6%] [34m[1mGenerating C++ code for ROS interfaces[0m
[22.770s] [  6%] Built target ament_cmake_python_copy_simulator_interfaces
[22.797s] [35m[1mScanning dependencies of target ament_cmake_python_build_simulator_interfaces_egg[0m
[23.429s] [35m[1mScanning dependencies of target simulator_interfaces__rosidl_generator_c[0m
[23.436s] [  6%] Built target simulator_interfaces__cpp
[23.465s] [ 16%] [34m[1mGenerating C++ type support for eProsima Fast-RTPS[0m
[23.465s] [ 16%] [34m[1mGenerating C++ introspection for ROS interfaces[0m
[23.465s] [ 16%] [34m[1mGenerating C++ type support dispatch for ROS interfaces[0m
[23.465s] [ 19%] [32mBuilding C object CMakeFiles/simulator_interfaces__rosidl_generator_c.dir/rosidl_generator_c/simulator_interfaces/msg/detail/pos_rot__functions.c.o[0m
[23.555s] running egg_info
[23.556s] creating simulator_interfaces.egg-info
[23.556s] writing simulator_interfaces.egg-info/PKG-INFO
[23.557s] writing dependency_links to simulator_interfaces.egg-info/dependency_links.txt
[23.557s] writing top-level names to simulator_interfaces.egg-info/top_level.txt
[23.557s] writing manifest file 'simulator_interfaces.egg-info/SOURCES.txt'
[23.597s] [ 22%] [32m[1mLinking C shared library libsimulator_interfaces__rosidl_generator_c.so[0m
[23.598s] reading manifest file 'simulator_interfaces.egg-info/SOURCES.txt'
[23.599s] writing manifest file 'simulator_interfaces.egg-info/SOURCES.txt'
[23.638s] [ 22%] Built target ament_cmake_python_build_simulator_interfaces_egg
[23.678s] [ 22%] Built target simulator_interfaces__rosidl_generator_c
[23.707s] [ 32%] [34m[1mGenerating C type support for eProsima Fast-RTPS[0m
[23.707s] [ 32%] [34m[1mGenerating C introspection for ROS interfaces[0m
[23.708s] [ 32%] [34m[1mGenerating C type support dispatch for ROS interfaces[0m
[24.170s] [35m[1mScanning dependencies of target simulator_interfaces__rosidl_typesupport_cpp[0m
[24.196s] [35m[1mScanning dependencies of target simulator_interfaces__rosidl_typesupport_introspection_cpp[0m
[24.206s] [35m[1mScanning dependencies of target simulator_interfaces__rosidl_typesupport_fastrtps_cpp[0m
[24.207s] [ 35%] [32mBuilding CXX object CMakeFiles/simulator_interfaces__rosidl_typesupport_cpp.dir/rosidl_typesupport_cpp/simulator_interfaces/msg/pos_rot__type_support.cpp.o[0m
[24.236s] [ 38%] [32mBuilding CXX object CMakeFiles/simulator_interfaces__rosidl_typesupport_introspection_cpp.dir/rosidl_typesupport_introspection_cpp/simulator_interfaces/msg/detail/pos_rot__type_support.cpp.o[0m
[24.247s] [ 41%] [32mBuilding CXX object CMakeFiles/simulator_interfaces__rosidl_typesupport_fastrtps_cpp.dir/rosidl_typesupport_fastrtps_cpp/simulator_interfaces/msg/detail/dds_fastrtps/pos_rot__type_support.cpp.o[0m
[24.437s] [35m[1mScanning dependencies of target simulator_interfaces__rosidl_typesupport_c[0m
[24.467s] [ 45%] [32mBuilding CXX object CMakeFiles/simulator_interfaces__rosidl_typesupport_c.dir/rosidl_typesupport_c/simulator_interfaces/msg/pos_rot__type_support.cpp.o[0m
[24.468s] [35m[1mScanning dependencies of target simulator_interfaces__rosidl_typesupport_fastrtps_c[0m
[24.480s] [35m[1mScanning dependencies of target simulator_interfaces__rosidl_typesupport_introspection_c[0m
[24.510s] [ 48%] [32mBuilding CXX object CMakeFiles/simulator_interfaces__rosidl_typesupport_fastrtps_c.dir/rosidl_typesupport_fastrtps_c/simulator_interfaces/msg/detail/pos_rot__type_support_c.cpp.o[0m
[24.513s] [ 51%] [32mBuilding C object CMakeFiles/simulator_interfaces__rosidl_typesupport_introspection_c.dir/rosidl_typesupport_introspection_c/simulator_interfaces/msg/detail/pos_rot__type_support.c.o[0m
[24.533s] [ 54%] [32m[1mLinking CXX shared library libsimulator_interfaces__rosidl_typesupport_c.so[0m
[24.581s] [ 58%] [32m[1mLinking C shared library libsimulator_interfaces__rosidl_typesupport_introspection_c.so[0m
[24.616s] [ 58%] Built target simulator_interfaces__rosidl_typesupport_c
[24.626s] [ 61%] [32m[1mLinking CXX shared library libsimulator_interfaces__rosidl_typesupport_cpp.so[0m
[24.650s] [ 61%] Built target simulator_interfaces__rosidl_typesupport_introspection_c
[24.701s] [ 61%] Built target simulator_interfaces__rosidl_typesupport_cpp
[24.708s] [ 64%] [32m[1mLinking CXX shared library libsimulator_interfaces__rosidl_typesupport_fastrtps_cpp.so[0m
[24.757s] [ 67%] [32m[1mLinking CXX shared library libsimulator_interfaces__rosidl_typesupport_introspection_cpp.so[0m
[24.811s] [ 67%] Built target simulator_interfaces__rosidl_typesupport_fastrtps_cpp
[24.833s] [ 67%] Built target simulator_interfaces__rosidl_typesupport_introspection_cpp
[24.870s] [ 70%] [32m[1mLinking CXX shared library libsimulator_interfaces__rosidl_typesupport_fastrtps_c.so[0m
[24.963s] [ 70%] Built target simulator_interfaces__rosidl_typesupport_fastrtps_c
[24.988s] [35m[1mScanning dependencies of target simulator_interfaces[0m
[25.014s] [ 70%] Built target simulator_interfaces
[25.039s] [35m[1mScanning dependencies of target simulator_interfaces__py[0m
[25.065s] [ 74%] [34m[1mGenerating Python code for ROS interfaces[0m
[25.748s] [ 74%] Built target simulator_interfaces__py
[25.773s] [35m[1mScanning dependencies of target simulator_interfaces__rosidl_generator_py[0m
[25.818s] [ 77%] [32mBuilding C object CMakeFiles/simulator_interfaces__rosidl_generator_py.dir/rosidl_generator_py/simulator_interfaces/msg/_pos_rot_s.c.o[0m
[25.930s] [ 80%] [32m[1mLinking C shared library rosidl_generator_py/simulator_interfaces/libsimulator_interfaces__rosidl_generator_py.so[0m
[26.003s] [ 80%] Built target simulator_interfaces__rosidl_generator_py
[26.030s] [35m[1mScanning dependencies of target simulator_interfaces__rosidl_typesupport_c__pyext[0m
[26.030s] [35m[1mScanning dependencies of target simulator_interfaces__rosidl_typesupport_fastrtps_c__pyext[0m
[26.030s] [35m[1mScanning dependencies of target simulator_interfaces__rosidl_typesupport_introspection_c__pyext[0m
[26.064s] [ 83%] [32mBuilding C object CMakeFiles/simulator_interfaces__rosidl_typesupport_introspection_c__pyext.dir/rosidl_generator_py/simulator_interfaces/_simulator_interfaces_s.ep.rosidl_typesupport_introspection_c.c.o[0m
[26.064s] [ 87%] [32mBuilding C object CMakeFiles/simulator_interfaces__rosidl_typesupport_c__pyext.dir/rosidl_generator_py/simulator_interfaces/_simulator_interfaces_s.ep.rosidl_typesupport_c.c.o[0m
[26.065s] [ 90%] [32mBuilding C object CMakeFiles/simulator_interfaces__rosidl_typesupport_fastrtps_c__pyext.dir/rosidl_generator_py/simulator_interfaces/_simulator_interfaces_s.ep.rosidl_typesupport_fastrtps_c.c.o[0m
[26.174s] [ 96%] [32m[1mLinking C shared library rosidl_generator_py/simulator_interfaces/simulator_interfaces_s__rosidl_typesupport_introspection_c.cpython-38-x86_64-linux-gnu.so[0m
[26.175s] [ 96%] [32m[1mLinking C shared library rosidl_generator_py/simulator_interfaces/simulator_interfaces_s__rosidl_typesupport_fastrtps_c.cpython-38-x86_64-linux-gnu.so[0m
[26.175s] [100%] [32m[1mLinking C shared library rosidl_generator_py/simulator_interfaces/simulator_interfaces_s__rosidl_typesupport_c.cpython-38-x86_64-linux-gnu.so[0m
[26.247s] [100%] Built target simulator_interfaces__rosidl_typesupport_fastrtps_c__pyext
[26.247s] [100%] Built target simulator_interfaces__rosidl_typesupport_c__pyext
[26.247s] [100%] Built target simulator_interfaces__rosidl_typesupport_introspection_c__pyext
[26.268s] Invoked command in '/home/vidisha/Titanium/titanium_ws/build/simulator_interfaces' returned '0': CMAKE_PREFIX_PATH=${CMAKE_PREFIX_PATH}:/home/vidisha/Titanium/titanium_ws/install/simulator_msgs:/home/vidisha/Titanium/titanium_ws/install/simulator:/home/vidisha/Titanium/titanium_ws/install/ros_tcp_endpoint:/home/vidisha/ros2_humble/install/rqt_bag_plugins:/home/vidisha/ros2_humble/install/rqt_bag:/home/vidisha/ros2_humble/install/ros2bag:/home/vidisha/ros2_humble/install/tracetools_test:/home/vidisha/ros2_humble/install/tracetools_launch:/home/vidisha/ros2_humble/install/topic_monitor:/home/vidisha/ros2_humble/install/tf2_tools:/home/vidisha/ros2_humble/install/examples_tf2_py:/home/vidisha/ros2_humble/install/tf2_ros_py:/home/vidisha/ros2_humble/install/sros2:/home/vidisha/ros2_humble/install/rqt_topic:/home/vidisha/ros2_humble/install/rqt_srv:/home/vidisha/ros2_humble/install/rqt_shell:/home/vidisha/ros2_humble/install/rqt_service_caller:/home/vidisha/ros2_humble/install/rqt_reconfigure:/home/vidisha/ros2_humble/install/rqt_py_console:/home/vidisha/ros2_humble/install/rqt_publisher:/home/vidisha/ros2_humble/install/rqt_plot:/home/vidisha/ros2_humble/install/rqt_action:/home/vidisha/ros2_humble/install/rqt_msg:/home/vidisha/ros2_humble/install/rqt_console:/home/vidisha/ros2_humble/install/rqt:/home/vidisha/ros2_humble/install/rqt_graph:/home/vidisha/ros2_humble/install/rqt_gui_py:/home/vidisha/ros2_humble/install/rqt_gui:/home/vidisha/ros2_humble/install/ros2trace:/home/vidisha/ros2_humble/install/ros2topic:/home/vidisha/ros2_humble/install/ros2test:/home/vidisha/ros2_humble/install/ros2component:/home/vidisha/ros2_humble/install/ros2param:/home/vidisha/ros2_humble/install/ros2lifecycle:/home/vidisha/ros2_humble/install/ros2service:/home/vidisha/ros2_humble/install/ros2run:/home/vidisha/ros2_humble/install/ros2launch:/home/vidisha/ros2_humble/install/ros2pkg:/home/vidisha/ros2_humble/install/ros2node:/home/vidisha/ros2_humble/install/ros2multicast:/home/vidisha/ros2_humble/install/ros2interface:/home/vidisha/ros2_humble/install/ros2doctor:/home/vidisha/ros2_humble/install/ros2action:/home/vidisha/ros2_humble/install/ros2cli:/home/vidisha/ros2_humble/install/quality_of_service_demo_py:/home/vidisha/ros2_humble/install/lifecycle_py:/home/vidisha/ros2_humble/install/launch_testing_ros:/home/vidisha/ros2_humble/install/launch_ros:/home/vidisha/ros2_humble/install/examples_rclpy_pointcloud_publisher:/home/vidisha/ros2_humble/install/examples_rclpy_minimal_subscriber:/home/vidisha/ros2_humble/install/examples_rclpy_minimal_service:/home/vidisha/ros2_humble/install/examples_rclpy_minimal_publisher:/home/vidisha/ros2_humble/install/examples_rclpy_minimal_client:/home/vidisha/ros2_humble/install/examples_rclpy_minimal_action_server:/home/vidisha/ros2_humble/install/examples_rclpy_minimal_action_client:/home/vidisha/ros2_humble/install/examples_rclpy_guard_conditions:/home/vidisha/ros2_humble/install/examples_rclpy_executors:/home/vidisha/ros2_humble/install/demo_nodes_py:/home/vidisha/ros2_humble/install/action_tutorials_py:/home/vidisha/ros2_humble/install/ament_uncrustify:/home/vidisha/ros2_humble/install/tracetools_trace:/home/vidisha/ros2_humble/install/tracetools_read:/home/vidisha/ros2_humble/install/test_tracetools_launch:/home/vidisha/ros2_humble/install/test_launch_ros:/home/vidisha/ros2_humble/install/sensor_msgs_py:/home/vidisha/ros2_humble/install/rpyutils:/home/vidisha/ros2_humble/install/rosidl_runtime_py:/home/vidisha/ros2_humble/install/rosidl_cli:/home/vidisha/ros2_humble/install/launch_pytest:/home/vidisha/ros2_humble/install/launch_testing:/home/vidisha/ros2_humble/install/launch_yaml:/home/vidisha/ros2_humble/install/launch_xml:/home/vidisha/ros2_humble/install/launch:/home/vidisha/ros2_humble/install/osrf_pycommon:/home/vidisha/ros2_humble/install/launch_testing_examples:/home/vidisha/ros2_humble/install/domain_coordinator:/home/vidisha/ros2_humble/install/ament_xmllint:/home/vidisha/ros2_humble/install/ament_pyflakes:/home/vidisha/ros2_humble/install/ament_pycodestyle:/home/vidisha/ros2_humble/install/ament_pep257:/home/vidisha/ros2_humble/install/ament_pclint:/home/vidisha/ros2_humble/install/ament_package:/home/vidisha/ros2_humble/install/ament_mypy:/home/vidisha/ros2_humble/install/ament_lint_cmake:/home/vidisha/ros2_humble/install/ament_flake8:/home/vidisha/ros2_humble/install/ament_copyright:/home/vidisha/ros2_humble/install/ament_lint:/home/vidisha/ros2_humble/install/ament_index_python:/home/vidisha/ros2_humble/install/ament_cpplint:/home/vidisha/ros2_humble/install/ament_cppcheck:/home/vidisha/ros2_humble/install/ament_clang_tidy:/home/vidisha/ros2_humble/install/ament_clang_format /usr/bin/cmake --build /home/vidisha/Titanium/titanium_ws/build/simulator_interfaces -- -j12 -l12
[26.490s] Invoking command in '/home/vidisha/Titanium/titanium_ws/build/simulator_interfaces': CMAKE_PREFIX_PATH=${CMAKE_PREFIX_PATH}:/home/vidisha/Titanium/titanium_ws/install/simulator_msgs:/home/vidisha/Titanium/titanium_ws/install/simulator:/home/vidisha/Titanium/titanium_ws/install/ros_tcp_endpoint:/home/vidisha/ros2_humble/install/rqt_bag_plugins:/home/vidisha/ros2_humble/install/rqt_bag:/home/vidisha/ros2_humble/install/ros2bag:/home/vidisha/ros2_humble/install/tracetools_test:/home/vidisha/ros2_humble/install/tracetools_launch:/home/vidisha/ros2_humble/install/topic_monitor:/home/vidisha/ros2_humble/install/tf2_tools:/home/vidisha/ros2_humble/install/examples_tf2_py:/home/vidisha/ros2_humble/install/tf2_ros_py:/home/vidisha/ros2_humble/install/sros2:/home/vidisha/ros2_humble/install/rqt_topic:/home/vidisha/ros2_humble/install/rqt_srv:/home/vidisha/ros2_humble/install/rqt_shell:/home/vidisha/ros2_humble/install/rqt_service_caller:/home/vidisha/ros2_humble/install/rqt_reconfigure:/home/vidisha/ros2_humble/install/rqt_py_console:/home/vidisha/ros2_humble/install/rqt_publisher:/home/vidisha/ros2_humble/install/rqt_plot:/home/vidisha/ros2_humble/install/rqt_action:/home/vidisha/ros2_humble/install/rqt_msg:/home/vidisha/ros2_humble/install/rqt_console:/home/vidisha/ros2_humble/install/rqt:/home/vidisha/ros2_humble/install/rqt_graph:/home/vidisha/ros2_humble/install/rqt_gui_py:/home/vidisha/ros2_humble/install/rqt_gui:/home/vidisha/ros2_humble/install/ros2trace:/home/vidisha/ros2_humble/install/ros2topic:/home/vidisha/ros2_humble/install/ros2test:/home/vidisha/ros2_humble/install/ros2component:/home/vidisha/ros2_humble/install/ros2param:/home/vidisha/ros2_humble/install/ros2lifecycle:/home/vidisha/ros2_humble/install/ros2service:/home/vidisha/ros2_humble/install/ros2run:/home/vidisha/ros2_humble/install/ros2launch:/home/vidisha/ros2_humble/install/ros2pkg:/home/vidisha/ros2_humble/install/ros2node:/home/vidisha/ros2_humble/install/ros2multicast:/home/vidisha/ros2_humble/install/ros2interface:/home/vidisha/ros2_humble/install/ros2doctor:/home/vidisha/ros2_humble/install/ros2action:/home/vidisha/ros2_humble/install/ros2cli:/home/vidisha/ros2_humble/install/quality_of_service_demo_py:/home/vidisha/ros2_humble/install/lifecycle_py:/home/vidisha/ros2_humble/install/launch_testing_ros:/home/vidisha/ros2_humble/install/launch_ros:/home/vidisha/ros2_humble/install/examples_rclpy_pointcloud_publisher:/home/vidisha/ros2_humble/install/examples_rclpy_minimal_subscriber:/home/vidisha/ros2_humble/install/examples_rclpy_minimal_service:/home/vidisha/ros2_humble/install/examples_rclpy_minimal_publisher:/home/vidisha/ros2_humble/install/examples_rclpy_minimal_client:/home/vidisha/ros2_humble/install/examples_rclpy_minimal_action_server:/home/vidisha/ros2_humble/install/examples_rclpy_minimal_action_client:/home/vidisha/ros2_humble/install/examples_rclpy_guard_conditions:/home/vidisha/ros2_humble/install/examples_rclpy_executors:/home/vidisha/ros2_humble/install/demo_nodes_py:/home/vidisha/ros2_humble/install/action_tutorials_py:/home/vidisha/ros2_humble/install/ament_uncrustify:/home/vidisha/ros2_humble/install/tracetools_trace:/home/vidisha/ros2_humble/install/tracetools_read:/home/vidisha/ros2_humble/install/test_tracetools_launch:/home/vidisha/ros2_humble/install/test_launch_ros:/home/vidisha/ros2_humble/install/sensor_msgs_py:/home/vidisha/ros2_humble/install/rpyutils:/home/vidisha/ros2_humble/install/rosidl_runtime_py:/home/vidisha/ros2_humble/install/rosidl_cli:/home/vidisha/ros2_humble/install/launch_pytest:/home/vidisha/ros2_humble/install/launch_testing:/home/vidisha/ros2_humble/install/launch_yaml:/home/vidisha/ros2_humble/install/launch_xml:/home/vidisha/ros2_humble/install/launch:/home/vidisha/ros2_humble/install/osrf_pycommon:/home/vidisha/ros2_humble/install/launch_testing_examples:/home/vidisha/ros2_humble/install/domain_coordinator:/home/vidisha/ros2_humble/install/ament_xmllint:/home/vidisha/ros2_humble/install/ament_pyflakes:/home/vidisha/ros2_humble/install/ament_pycodestyle:/home/vidisha/ros2_humble/install/ament_pep257:/home/vidisha/ros2_humble/install/ament_pclint:/home/vidisha/ros2_humble/install/ament_package:/home/vidisha/ros2_humble/install/ament_mypy:/home/vidisha/ros2_humble/install/ament_lint_cmake:/home/vidisha/ros2_humble/install/ament_flake8:/home/vidisha/ros2_humble/install/ament_copyright:/home/vidisha/ros2_humble/install/ament_lint:/home/vidisha/ros2_humble/install/ament_index_python:/home/vidisha/ros2_humble/install/ament_cpplint:/home/vidisha/ros2_humble/install/ament_cppcheck:/home/vidisha/ros2_humble/install/ament_clang_tidy:/home/vidisha/ros2_humble/install/ament_clang_format /usr/bin/cmake --install /home/vidisha/Titanium/titanium_ws/build/simulator_interfaces
[26.510s] -- Install configuration: ""
[26.510s] -- Installing: /home/vidisha/Titanium/titanium_ws/install/simulator_interfaces/share/ament_index/resource_index/rosidl_interfaces/simulator_interfaces
[26.510s] -- Installing: /home/vidisha/Titanium/titanium_ws/install/simulator_interfaces/include/simulator_interfaces/simulator_interfaces
[26.510s] -- Installing: /home/vidisha/Titanium/titanium_ws/install/simulator_interfaces/include/simulator_interfaces/simulator_interfaces/msg
[26.510s] -- Installing: /home/vidisha/Titanium/titanium_ws/install/simulator_interfaces/include/simulator_interfaces/simulator_interfaces/msg/detail
[26.510s] -- Installing: /home/vidisha/Titanium/titanium_ws/install/simulator_interfaces/include/simulator_interfaces/simulator_interfaces/msg/detail/pos_rot__struct.h
[26.510s] -- Installing: /home/vidisha/Titanium/titanium_ws/install/simulator_interfaces/include/simulator_interfaces/simulator_interfaces/msg/detail/pos_rot__functions.h
[26.511s] -- Installing: /home/vidisha/Titanium/titanium_ws/install/simulator_interfaces/include/simulator_interfaces/simulator_interfaces/msg/detail/pos_rot__type_support.h
[26.511s] -- Installing: /home/vidisha/Titanium/titanium_ws/install/simulator_interfaces/include/simulator_interfaces/simulator_interfaces/msg/detail/pos_rot__functions.c
[26.511s] -- Installing: /home/vidisha/Titanium/titanium_ws/install/simulator_interfaces/include/simulator_interfaces/simulator_interfaces/msg/rosidl_generator_c__visibility_control.h
[26.511s] -- Installing: /home/vidisha/Titanium/titanium_ws/install/simulator_interfaces/include/simulator_interfaces/simulator_interfaces/msg/pos_rot.h
[26.511s] -- Installing: /home/vidisha/Titanium/titanium_ws/install/simulator_interfaces/share/simulator_interfaces/environment/library_path.sh
[26.511s] -- Installing: /home/vidisha/Titanium/titanium_ws/install/simulator_interfaces/share/simulator_interfaces/environment/library_path.dsv
[26.511s] -- Installing: /home/vidisha/Titanium/titanium_ws/install/simulator_interfaces/lib/libsimulator_interfaces__rosidl_generator_c.so
[26.511s] -- Set runtime path of "/home/vidisha/Titanium/titanium_ws/install/simulator_interfaces/lib/libsimulator_interfaces__rosidl_generator_c.so" to ""
[26.511s] -- Up-to-date: /home/vidisha/Titanium/titanium_ws/install/simulator_interfaces/include/simulator_interfaces/simulator_interfaces
[26.511s] -- Up-to-date: /home/vidisha/Titanium/titanium_ws/install/simulator_interfaces/include/simulator_interfaces/simulator_interfaces/msg
[26.511s] -- Up-to-date: /home/vidisha/Titanium/titanium_ws/install/simulator_interfaces/include/simulator_interfaces/simulator_interfaces/msg/detail
[26.512s] -- Installing: /home/vidisha/Titanium/titanium_ws/install/simulator_interfaces/include/simulator_interfaces/simulator_interfaces/msg/detail/pos_rot__rosidl_typesupport_introspection_c.h
[26.512s] -- Installing: /home/vidisha/Titanium/titanium_ws/install/simulator_interfaces/include/simulator_interfaces/simulator_interfaces/msg/detail/pos_rot__type_support.c
[26.512s] -- Installing: /home/vidisha/Titanium/titanium_ws/install/simulator_interfaces/include/simulator_interfaces/simulator_interfaces/msg/rosidl_typesupport_introspection_c__visibility_control.h
[26.512s] -- Installing: /home/vidisha/Titanium/titanium_ws/install/simulator_interfaces/lib/libsimulator_interfaces__rosidl_typesupport_introspection_c.so
[26.512s] -- Set runtime path of "/home/vidisha/Titanium/titanium_ws/install/simulator_interfaces/lib/libsimulator_interfaces__rosidl_typesupport_introspection_c.so" to ""
[26.512s] -- Up-to-date: /home/vidisha/Titanium/titanium_ws/install/simulator_interfaces/include/simulator_interfaces/simulator_interfaces
[26.512s] -- Up-to-date: /home/vidisha/Titanium/titanium_ws/install/simulator_interfaces/include/simulator_interfaces/simulator_interfaces/msg
[26.512s] -- Up-to-date: /home/vidisha/Titanium/titanium_ws/install/simulator_interfaces/include/simulator_interfaces/simulator_interfaces/msg/detail
[26.512s] -- Installing: /home/vidisha/Titanium/titanium_ws/install/simulator_interfaces/include/simulator_interfaces/simulator_interfaces/msg/detail/pos_rot__rosidl_typesupport_fastrtps_c.h
[26.513s] -- Installing: /home/vidisha/Titanium/titanium_ws/install/simulator_interfaces/include/simulator_interfaces/simulator_interfaces/msg/rosidl_typesupport_fastrtps_c__visibility_control.h
[26.513s] -- Installing: /home/vidisha/Titanium/titanium_ws/install/simulator_interfaces/lib/libsimulator_interfaces__rosidl_typesupport_fastrtps_c.so
[26.513s] -- Set runtime path of "/home/vidisha/Titanium/titanium_ws/install/simulator_interfaces/lib/libsimulator_interfaces__rosidl_typesupport_fastrtps_c.so" to ""
[26.513s] -- Installing: /home/vidisha/Titanium/titanium_ws/install/simulator_interfaces/lib/libsimulator_interfaces__rosidl_typesupport_c.so
[26.513s] -- Set runtime path of "/home/vidisha/Titanium/titanium_ws/install/simulator_interfaces/lib/libsimulator_interfaces__rosidl_typesupport_c.so" to ""
[26.513s] -- Up-to-date: /home/vidisha/Titanium/titanium_ws/install/simulator_interfaces/include/simulator_interfaces/simulator_interfaces
[26.514s] -- Up-to-date: /home/vidisha/Titanium/titanium_ws/install/simulator_interfaces/include/simulator_interfaces/simulator_interfaces/msg
[26.514s] -- Up-to-date: /home/vidisha/Titanium/titanium_ws/install/simulator_interfaces/include/simulator_interfaces/simulator_interfaces/msg/detail
[26.514s] -- Installing: /home/vidisha/Titanium/titanium_ws/install/simulator_interfaces/include/simulator_interfaces/simulator_interfaces/msg/detail/pos_rot__traits.hpp
[26.514s] -- Installing: /home/vidisha/Titanium/titanium_ws/install/simulator_interfaces/include/simulator_interfaces/simulator_interfaces/msg/detail/pos_rot__struct.hpp
[26.514s] -- Installing: /home/vidisha/Titanium/titanium_ws/install/simulator_interfaces/include/simulator_interfaces/simulator_interfaces/msg/detail/pos_rot__builder.hpp
[26.514s] -- Installing: /home/vidisha/Titanium/titanium_ws/install/simulator_interfaces/include/simulator_interfaces/simulator_interfaces/msg/pos_rot.hpp
[26.514s] -- Up-to-date: /home/vidisha/Titanium/titanium_ws/install/simulator_interfaces/include/simulator_interfaces/simulator_interfaces
[26.514s] -- Up-to-date: /home/vidisha/Titanium/titanium_ws/install/simulator_interfaces/include/simulator_interfaces/simulator_interfaces/msg
[26.514s] -- Up-to-date: /home/vidisha/Titanium/titanium_ws/install/simulator_interfaces/include/simulator_interfaces/simulator_interfaces/msg/detail
[26.514s] -- Installing: /home/vidisha/Titanium/titanium_ws/install/simulator_interfaces/include/simulator_interfaces/simulator_interfaces/msg/detail/pos_rot__type_support.cpp
[26.514s] -- Installing: /home/vidisha/Titanium/titanium_ws/install/simulator_interfaces/include/simulator_interfaces/simulator_interfaces/msg/detail/pos_rot__rosidl_typesupport_introspection_cpp.hpp
[26.514s] -- Installing: /home/vidisha/Titanium/titanium_ws/install/simulator_interfaces/lib/libsimulator_interfaces__rosidl_typesupport_introspection_cpp.so
[26.515s] -- Set runtime path of "/home/vidisha/Titanium/titanium_ws/install/simulator_interfaces/lib/libsimulator_interfaces__rosidl_typesupport_introspection_cpp.so" to ""
[26.515s] -- Up-to-date: /home/vidisha/Titanium/titanium_ws/install/simulator_interfaces/include/simulator_interfaces/simulator_interfaces
[26.515s] -- Up-to-date: /home/vidisha/Titanium/titanium_ws/install/simulator_interfaces/include/simulator_interfaces/simulator_interfaces/msg
[26.515s] -- Up-to-date: /home/vidisha/Titanium/titanium_ws/install/simulator_interfaces/include/simulator_interfaces/simulator_interfaces/msg/detail
[26.515s] -- Installing: /home/vidisha/Titanium/titanium_ws/install/simulator_interfaces/include/simulator_interfaces/simulator_interfaces/msg/detail/dds_fastrtps
[26.515s] -- Installing: /home/vidisha/Titanium/titanium_ws/install/simulator_interfaces/include/simulator_interfaces/simulator_interfaces/msg/detail/pos_rot__rosidl_typesupport_fastrtps_cpp.hpp
[26.515s] -- Installing: /home/vidisha/Titanium/titanium_ws/install/simulator_interfaces/include/simulator_interfaces/simulator_interfaces/msg/rosidl_typesupport_fastrtps_cpp__visibility_control.h
[26.515s] -- Installing: /home/vidisha/Titanium/titanium_ws/install/simulator_interfaces/lib/libsimulator_interfaces__rosidl_typesupport_fastrtps_cpp.so
[26.516s] -- Set runtime path of "/home/vidisha/Titanium/titanium_ws/install/simulator_interfaces/lib/libsimulator_interfaces__rosidl_typesupport_fastrtps_cpp.so" to ""
[26.516s] -- Installing: /home/vidisha/Titanium/titanium_ws/install/simulator_interfaces/lib/libsimulator_interfaces__rosidl_typesupport_cpp.so
[26.516s] -- Set runtime path of "/home/vidisha/Titanium/titanium_ws/install/simulator_interfaces/lib/libsimulator_interfaces__rosidl_typesupport_cpp.so" to ""
[26.516s] -- Installing: /home/vidisha/Titanium/titanium_ws/install/simulator_interfaces/share/simulator_interfaces/environment/pythonpath.sh
[26.516s] -- Installing: /home/vidisha/Titanium/titanium_ws/install/simulator_interfaces/share/simulator_interfaces/environment/pythonpath.dsv
[26.516s] -- Installing: /home/vidisha/Titanium/titanium_ws/install/simulator_interfaces/lib/python3.8/site-packages/simulator_interfaces-0.0.0-py3.8.egg-info
[26.516s] -- Installing: /home/vidisha/Titanium/titanium_ws/install/simulator_interfaces/lib/python3.8/site-packages/simulator_interfaces-0.0.0-py3.8.egg-info/PKG-INFO
[26.516s] -- Installing: /home/vidisha/Titanium/titanium_ws/install/simulator_interfaces/lib/python3.8/site-packages/simulator_interfaces-0.0.0-py3.8.egg-info/top_level.txt
[26.517s] -- Installing: /home/vidisha/Titanium/titanium_ws/install/simulator_interfaces/lib/python3.8/site-packages/simulator_interfaces-0.0.0-py3.8.egg-info/SOURCES.txt
[26.517s] -- Installing: /home/vidisha/Titanium/titanium_ws/install/simulator_interfaces/lib/python3.8/site-packages/simulator_interfaces-0.0.0-py3.8.egg-info/dependency_links.txt
[26.517s] -- Installing: /home/vidisha/Titanium/titanium_ws/install/simulator_interfaces/lib/python3.8/site-packages/simulator_interfaces
[26.517s] -- Installing: /home/vidisha/Titanium/titanium_ws/install/simulator_interfaces/lib/python3.8/site-packages/simulator_interfaces/__init__.py
[26.517s] -- Installing: /home/vidisha/Titanium/titanium_ws/install/simulator_interfaces/lib/python3.8/site-packages/simulator_interfaces/msg
[26.517s] -- Installing: /home/vidisha/Titanium/titanium_ws/install/simulator_interfaces/lib/python3.8/site-packages/simulator_interfaces/msg/_pos_rot_s.c
[26.517s] -- Installing: /home/vidisha/Titanium/titanium_ws/install/simulator_interfaces/lib/python3.8/site-packages/simulator_interfaces/msg/__init__.py
[26.517s] -- Installing: /home/vidisha/Titanium/titanium_ws/install/simulator_interfaces/lib/python3.8/site-packages/simulator_interfaces/msg/_pos_rot.py
[26.517s] -- Installing: /home/vidisha/Titanium/titanium_ws/install/simulator_interfaces/lib/python3.8/site-packages/simulator_interfaces/simulator_interfaces_s__rosidl_typesupport_c.cpython-38-x86_64-linux-gnu.so
[26.517s] -- Installing: /home/vidisha/Titanium/titanium_ws/install/simulator_interfaces/lib/python3.8/site-packages/simulator_interfaces/_simulator_interfaces_s.ep.rosidl_typesupport_fastrtps_c.c
[26.517s] -- Installing: /home/vidisha/Titanium/titanium_ws/install/simulator_interfaces/lib/python3.8/site-packages/simulator_interfaces/libsimulator_interfaces__rosidl_generator_py.so
[26.518s] -- Installing: /home/vidisha/Titanium/titanium_ws/install/simulator_interfaces/lib/python3.8/site-packages/simulator_interfaces/simulator_interfaces_s__rosidl_typesupport_introspection_c.cpython-38-x86_64-linux-gnu.so
[26.518s] -- Installing: /home/vidisha/Titanium/titanium_ws/install/simulator_interfaces/lib/python3.8/site-packages/simulator_interfaces/_simulator_interfaces_s.ep.rosidl_typesupport_c.c
[26.518s] -- Installing: /home/vidisha/Titanium/titanium_ws/install/simulator_interfaces/lib/python3.8/site-packages/simulator_interfaces/simulator_interfaces_s__rosidl_typesupport_fastrtps_c.cpython-38-x86_64-linux-gnu.so
[26.518s] -- Installing: /home/vidisha/Titanium/titanium_ws/install/simulator_interfaces/lib/python3.8/site-packages/simulator_interfaces/_simulator_interfaces_s.ep.rosidl_typesupport_introspection_c.c
[26.948s] Listing '/home/vidisha/Titanium/titanium_ws/install/simulator_interfaces/lib/python3.8/site-packages/simulator_interfaces'...
[26.948s] Compiling '/home/vidisha/Titanium/titanium_ws/install/simulator_interfaces/lib/python3.8/site-packages/simulator_interfaces/__init__.py'...
[26.948s] Listing '/home/vidisha/Titanium/titanium_ws/install/simulator_interfaces/lib/python3.8/site-packages/simulator_interfaces/msg'...
[26.948s] Compiling '/home/vidisha/Titanium/titanium_ws/install/simulator_interfaces/lib/python3.8/site-packages/simulator_interfaces/msg/__init__.py'...
[26.948s] Compiling '/home/vidisha/Titanium/titanium_ws/install/simulator_interfaces/lib/python3.8/site-packages/simulator_interfaces/msg/_pos_rot.py'...
[26.952s] -- Installing: /home/vidisha/Titanium/titanium_ws/install/simulator_interfaces/lib/python3.8/site-packages/simulator_interfaces/simulator_interfaces_s__rosidl_typesupport_introspection_c.cpython-38-x86_64-linux-gnu.so
[26.952s] -- Set runtime path of "/home/vidisha/Titanium/titanium_ws/install/simulator_interfaces/lib/python3.8/site-packages/simulator_interfaces/simulator_interfaces_s__rosidl_typesupport_introspection_c.cpython-38-x86_64-linux-gnu.so" to ""
[26.953s] -- Installing: /home/vidisha/Titanium/titanium_ws/install/simulator_interfaces/lib/python3.8/site-packages/simulator_interfaces/simulator_interfaces_s__rosidl_typesupport_fastrtps_c.cpython-38-x86_64-linux-gnu.so
[26.953s] -- Set runtime path of "/home/vidisha/Titanium/titanium_ws/install/simulator_interfaces/lib/python3.8/site-packages/simulator_interfaces/simulator_interfaces_s__rosidl_typesupport_fastrtps_c.cpython-38-x86_64-linux-gnu.so" to ""
[26.953s] -- Installing: /home/vidisha/Titanium/titanium_ws/install/simulator_interfaces/lib/python3.8/site-packages/simulator_interfaces/simulator_interfaces_s__rosidl_typesupport_c.cpython-38-x86_64-linux-gnu.so
[26.954s] -- Set runtime path of "/home/vidisha/Titanium/titanium_ws/install/simulator_interfaces/lib/python3.8/site-packages/simulator_interfaces/simulator_interfaces_s__rosidl_typesupport_c.cpython-38-x86_64-linux-gnu.so" to ""
[26.954s] -- Installing: /home/vidisha/Titanium/titanium_ws/install/simulator_interfaces/lib/libsimulator_interfaces__rosidl_generator_py.so
[26.955s] -- Set runtime path of "/home/vidisha/Titanium/titanium_ws/install/simulator_interfaces/lib/libsimulator_interfaces__rosidl_generator_py.so" to ""
[26.955s] -- Installing: /home/vidisha/Titanium/titanium_ws/install/simulator_interfaces/share/simulator_interfaces/msg/PosRot.idl
[26.955s] -- Installing: /home/vidisha/Titanium/titanium_ws/install/simulator_interfaces/share/simulator_interfaces/msg/PosRot.msg
[26.955s] -- Installing: /home/vidisha/Titanium/titanium_ws/install/simulator_interfaces/share/ament_index/resource_index/package_run_dependencies/simulator_interfaces
[26.955s] -- Installing: /home/vidisha/Titanium/titanium_ws/install/simulator_interfaces/share/ament_index/resource_index/parent_prefix_path/simulator_interfaces
[26.955s] -- Installing: /home/vidisha/Titanium/titanium_ws/install/simulator_interfaces/share/simulator_interfaces/environment/ament_prefix_path.dsv
[26.956s] -- Installing: /home/vidisha/Titanium/titanium_ws/install/simulator_interfaces/share/simulator_interfaces/environment/path.dsv
[26.956s] -- Up-to-date: /home/vidisha/Titanium/titanium_ws/install/simulator_interfaces/share/simulator_interfaces/local_setup.bash
[26.956s] -- Installing: /home/vidisha/Titanium/titanium_ws/install/simulator_interfaces/share/simulator_interfaces/local_setup.sh
[26.956s] -- Up-to-date: /home/vidisha/Titanium/titanium_ws/install/simulator_interfaces/share/simulator_interfaces/local_setup.zsh
[26.956s] -- Installing: /home/vidisha/Titanium/titanium_ws/install/simulator_interfaces/share/simulator_interfaces/local_setup.dsv
[26.956s] -- Installing: /home/vidisha/Titanium/titanium_ws/install/simulator_interfaces/share/simulator_interfaces/package.dsv
[26.956s] -- Up-to-date: /home/vidisha/Titanium/titanium_ws/install/simulator_interfaces/share/ament_index/resource_index/packages/simulator_interfaces
[26.956s] -- Installing: /home/vidisha/Titanium/titanium_ws/install/simulator_interfaces/share/simulator_interfaces/cmake/export_simulator_interfaces__rosidl_generator_cExport.cmake
[26.957s] -- Installing: /home/vidisha/Titanium/titanium_ws/install/simulator_interfaces/share/simulator_interfaces/cmake/export_simulator_interfaces__rosidl_generator_cExport-noconfig.cmake
[26.957s] -- Installing: /home/vidisha/Titanium/titanium_ws/install/simulator_interfaces/share/simulator_interfaces/cmake/simulator_interfaces__rosidl_typesupport_introspection_cExport.cmake
[26.957s] -- Installing: /home/vidisha/Titanium/titanium_ws/install/simulator_interfaces/share/simulator_interfaces/cmake/simulator_interfaces__rosidl_typesupport_introspection_cExport-noconfig.cmake
[26.957s] -- Installing: /home/vidisha/Titanium/titanium_ws/install/simulator_interfaces/share/simulator_interfaces/cmake/export_simulator_interfaces__rosidl_typesupport_fastrtps_cExport.cmake
[26.957s] -- Installing: /home/vidisha/Titanium/titanium_ws/install/simulator_interfaces/share/simulator_interfaces/cmake/export_simulator_interfaces__rosidl_typesupport_fastrtps_cExport-noconfig.cmake
[26.957s] -- Installing: /home/vidisha/Titanium/titanium_ws/install/simulator_interfaces/share/simulator_interfaces/cmake/simulator_interfaces__rosidl_typesupport_cExport.cmake
[26.958s] -- Installing: /home/vidisha/Titanium/titanium_ws/install/simulator_interfaces/share/simulator_interfaces/cmake/simulator_interfaces__rosidl_typesupport_cExport-noconfig.cmake
[26.958s] -- Installing: /home/vidisha/Titanium/titanium_ws/install/simulator_interfaces/share/simulator_interfaces/cmake/export_simulator_interfaces__rosidl_generator_cppExport.cmake
[26.958s] -- Installing: /home/vidisha/Titanium/titanium_ws/install/simulator_interfaces/share/simulator_interfaces/cmake/simulator_interfaces__rosidl_typesupport_introspection_cppExport.cmake
[26.958s] -- Installing: /home/vidisha/Titanium/titanium_ws/install/simulator_interfaces/share/simulator_interfaces/cmake/simulator_interfaces__rosidl_typesupport_introspection_cppExport-noconfig.cmake
[26.958s] -- Installing: /home/vidisha/Titanium/titanium_ws/install/simulator_interfaces/share/simulator_interfaces/cmake/export_simulator_interfaces__rosidl_typesupport_fastrtps_cppExport.cmake
[26.958s] -- Installing: /home/vidisha/Titanium/titanium_ws/install/simulator_interfaces/share/simulator_interfaces/cmake/export_simulator_interfaces__rosidl_typesupport_fastrtps_cppExport-noconfig.cmake
[26.959s] -- Installing: /home/vidisha/Titanium/titanium_ws/install/simulator_interfaces/share/simulator_interfaces/cmake/simulator_interfaces__rosidl_typesupport_cppExport.cmake
[26.959s] -- Installing: /home/vidisha/Titanium/titanium_ws/install/simulator_interfaces/share/simulator_interfaces/cmake/simulator_interfaces__rosidl_typesupport_cppExport-noconfig.cmake
[26.959s] -- Installing: /home/vidisha/Titanium/titanium_ws/install/simulator_interfaces/share/simulator_interfaces/cmake/export_simulator_interfaces__rosidl_generator_pyExport.cmake
[26.959s] -- Installing: /home/vidisha/Titanium/titanium_ws/install/simulator_interfaces/share/simulator_interfaces/cmake/export_simulator_interfaces__rosidl_generator_pyExport-noconfig.cmake
[26.959s] -- Installing: /home/vidisha/Titanium/titanium_ws/install/simulator_interfaces/share/simulator_interfaces/cmake/rosidl_cmake-extras.cmake
[26.959s] -- Installing: /home/vidisha/Titanium/titanium_ws/install/simulator_interfaces/share/simulator_interfaces/cmake/ament_cmake_export_dependencies-extras.cmake
[26.959s] -- Installing: /home/vidisha/Titanium/titanium_ws/install/simulator_interfaces/share/simulator_interfaces/cmake/ament_cmake_export_include_directories-extras.cmake
[26.959s] -- Installing: /home/vidisha/Titanium/titanium_ws/install/simulator_interfaces/share/simulator_interfaces/cmake/ament_cmake_export_libraries-extras.cmake
[26.960s] -- Installing: /home/vidisha/Titanium/titanium_ws/install/simulator_interfaces/share/simulator_interfaces/cmake/ament_cmake_export_targets-extras.cmake
[26.960s] -- Installing: /home/vidisha/Titanium/titanium_ws/install/simulator_interfaces/share/simulator_interfaces/cmake/rosidl_cmake_export_typesupport_targets-extras.cmake
[26.960s] -- Installing: /home/vidisha/Titanium/titanium_ws/install/simulator_interfaces/share/simulator_interfaces/cmake/rosidl_cmake_export_typesupport_libraries-extras.cmake
[26.960s] -- Installing: /home/vidisha/Titanium/titanium_ws/install/simulator_interfaces/share/simulator_interfaces/cmake/simulator_interfacesConfig.cmake
[26.960s] -- Up-to-date: /home/vidisha/Titanium/titanium_ws/install/simulator_interfaces/share/simulator_interfaces/cmake/simulator_interfacesConfig-version.cmake
[26.960s] -- Installing: /home/vidisha/Titanium/titanium_ws/install/simulator_interfaces/share/simulator_interfaces/package.xml
[26.967s] Invoked command in '/home/vidisha/Titanium/titanium_ws/build/simulator_interfaces' returned '0': CMAKE_PREFIX_PATH=${CMAKE_PREFIX_PATH}:/home/vidisha/Titanium/titanium_ws/install/simulator_msgs:/home/vidisha/Titanium/titanium_ws/install/simulator:/home/vidisha/Titanium/titanium_ws/install/ros_tcp_endpoint:/home/vidisha/ros2_humble/install/rqt_bag_plugins:/home/vidisha/ros2_humble/install/rqt_bag:/home/vidisha/ros2_humble/install/ros2bag:/home/vidisha/ros2_humble/install/tracetools_test:/home/vidisha/ros2_humble/install/tracetools_launch:/home/vidisha/ros2_humble/install/topic_monitor:/home/vidisha/ros2_humble/install/tf2_tools:/home/vidisha/ros2_humble/install/examples_tf2_py:/home/vidisha/ros2_humble/install/tf2_ros_py:/home/vidisha/ros2_humble/install/sros2:/home/vidisha/ros2_humble/install/rqt_topic:/home/vidisha/ros2_humble/install/rqt_srv:/home/vidisha/ros2_humble/install/rqt_shell:/home/vidisha/ros2_humble/install/rqt_service_caller:/home/vidisha/ros2_humble/install/rqt_reconfigure:/home/vidisha/ros2_humble/install/rqt_py_console:/home/vidisha/ros2_humble/install/rqt_publisher:/home/vidisha/ros2_humble/install/rqt_plot:/home/vidisha/ros2_humble/install/rqt_action:/home/vidisha/ros2_humble/install/rqt_msg:/home/vidisha/ros2_humble/install/rqt_console:/home/vidisha/ros2_humble/install/rqt:/home/vidisha/ros2_humble/install/rqt_graph:/home/vidisha/ros2_humble/install/rqt_gui_py:/home/vidisha/ros2_humble/install/rqt_gui:/home/vidisha/ros2_humble/install/ros2trace:/home/vidisha/ros2_humble/install/ros2topic:/home/vidisha/ros2_humble/install/ros2test:/home/vidisha/ros2_humble/install/ros2component:/home/vidisha/ros2_humble/install/ros2param:/home/vidisha/ros2_humble/install/ros2lifecycle:/home/vidisha/ros2_humble/install/ros2service:/home/vidisha/ros2_humble/install/ros2run:/home/vidisha/ros2_humble/install/ros2launch:/home/vidisha/ros2_humble/install/ros2pkg:/home/vidisha/ros2_humble/install/ros2node:/home/vidisha/ros2_humble/install/ros2multicast:/home/vidisha/ros2_humble/install/ros2interface:/home/vidisha/ros2_humble/install/ros2doctor:/home/vidisha/ros2_humble/install/ros2action:/home/vidisha/ros2_humble/install/ros2cli:/home/vidisha/ros2_humble/install/quality_of_service_demo_py:/home/vidisha/ros2_humble/install/lifecycle_py:/home/vidisha/ros2_humble/install/launch_testing_ros:/home/vidisha/ros2_humble/install/launch_ros:/home/vidisha/ros2_humble/install/examples_rclpy_pointcloud_publisher:/home/vidisha/ros2_humble/install/examples_rclpy_minimal_subscriber:/home/vidisha/ros2_humble/install/examples_rclpy_minimal_service:/home/vidisha/ros2_humble/install/examples_rclpy_minimal_publisher:/home/vidisha/ros2_humble/install/examples_rclpy_minimal_client:/home/vidisha/ros2_humble/install/examples_rclpy_minimal_action_server:/home/vidisha/ros2_humble/install/examples_rclpy_minimal_action_client:/home/vidisha/ros2_humble/install/examples_rclpy_guard_conditions:/home/vidisha/ros2_humble/install/examples_rclpy_executors:/home/vidisha/ros2_humble/install/demo_nodes_py:/home/vidisha/ros2_humble/install/action_tutorials_py:/home/vidisha/ros2_humble/install/ament_uncrustify:/home/vidisha/ros2_humble/install/tracetools_trace:/home/vidisha/ros2_humble/install/tracetools_read:/home/vidisha/ros2_humble/install/test_tracetools_launch:/home/vidisha/ros2_humble/install/test_launch_ros:/home/vidisha/ros2_humble/install/sensor_msgs_py:/home/vidisha/ros2_humble/install/rpyutils:/home/vidisha/ros2_humble/install/rosidl_runtime_py:/home/vidisha/ros2_humble/install/rosidl_cli:/home/vidisha/ros2_humble/install/launch_pytest:/home/vidisha/ros2_humble/install/launch_testing:/home/vidisha/ros2_humble/install/launch_yaml:/home/vidisha/ros2_humble/install/launch_xml:/home/vidisha/ros2_humble/install/launch:/home/vidisha/ros2_humble/install/osrf_pycommon:/home/vidisha/ros2_humble/install/launch_testing_examples:/home/vidisha/ros2_humble/install/domain_coordinator:/home/vidisha/ros2_humble/install/ament_xmllint:/home/vidisha/ros2_humble/install/ament_pyflakes:/home/vidisha/ros2_humble/install/ament_pycodestyle:/home/vidisha/ros2_humble/install/ament_pep257:/home/vidisha/ros2_humble/install/ament_pclint:/home/vidisha/ros2_humble/install/ament_package:/home/vidisha/ros2_humble/install/ament_mypy:/home/vidisha/ros2_humble/install/ament_lint_cmake:/home/vidisha/ros2_humble/install/ament_flake8:/home/vidisha/ros2_humble/install/ament_copyright:/home/vidisha/ros2_humble/install/ament_lint:/home/vidisha/ros2_humble/install/ament_index_python:/home/vidisha/ros2_humble/install/ament_cpplint:/home/vidisha/ros2_humble/install/ament_cppcheck:/home/vidisha/ros2_humble/install/ament_clang_tidy:/home/vidisha/ros2_humble/install/ament_clang_format /usr/bin/cmake --install /home/vidisha/Titanium/titanium_ws/build/simulator_interfaces
