running egg_info
creating ../../build/simulator_msgs/simulator_msgs.egg-info
writing ../../build/simulator_msgs/simulator_msgs.egg-info/PKG-INFO
writing dependency_links to ../../build/simulator_msgs/simulator_msgs.egg-info/dependency_links.txt
writing entry points to ../../build/simulator_msgs/simulator_msgs.egg-info/entry_points.txt
writing requirements to ../../build/simulator_msgs/simulator_msgs.egg-info/requires.txt
writing top-level names to ../../build/simulator_msgs/simulator_msgs.egg-info/top_level.txt
writing manifest file '../../build/simulator_msgs/simulator_msgs.egg-info/SOURCES.txt'
reading manifest file '../../build/simulator_msgs/simulator_msgs.egg-info/SOURCES.txt'
writing manifest file '../../build/simulator_msgs/simulator_msgs.egg-info/SOURCES.txt'
running build
running build_py
creating /home/vidisha/Titanium/titanium_ws/build/simulator_msgs/build
creating /home/vidisha/Titanium/titanium_ws/build/simulator_msgs/build/lib
creating /home/vidisha/Titanium/titanium_ws/build/simulator_msgs/build/lib/simulator_msgs
copying simulator_msgs/__init__.py -> /home/vidisha/Titanium/titanium_ws/build/simulator_msgs/build/lib/simulator_msgs
running install
running install_lib
creating /home/vidisha/Titanium/titanium_ws/install/simulator_msgs/lib/python3.8/site-packages/simulator_msgs
copying /home/vidisha/Titanium/titanium_ws/build/simulator_msgs/build/lib/simulator_msgs/__init__.py -> /home/vidisha/Titanium/titanium_ws/install/simulator_msgs/lib/python3.8/site-packages/simulator_msgs
byte-compiling /home/vidisha/Titanium/titanium_ws/install/simulator_msgs/lib/python3.8/site-packages/simulator_msgs/__init__.py to __init__.cpython-38.pyc
running install_data
creating /home/vidisha/Titanium/titanium_ws/install/simulator_msgs/share/ament_index
creating /home/vidisha/Titanium/titanium_ws/install/simulator_msgs/share/ament_index/resource_index
creating /home/vidisha/Titanium/titanium_ws/install/simulator_msgs/share/ament_index/resource_index/packages
copying resource/simulator_msgs -> /home/vidisha/Titanium/titanium_ws/install/simulator_msgs/share/ament_index/resource_index/packages
copying package.xml -> /home/vidisha/Titanium/titanium_ws/install/simulator_msgs/share/simulator_msgs
running install_egg_info
Copying ../../build/simulator_msgs/simulator_msgs.egg-info to /home/vidisha/Titanium/titanium_ws/install/simulator_msgs/lib/python3.8/site-packages/simulator_msgs-0.0.0-py3.8.egg-info
running install_scripts
writing list of installed files to '/home/vidisha/Titanium/titanium_ws/build/simulator_msgs/install.log'
