[0.482s] DEBUG:colcon:Command line arguments: ['/usr/bin/colcon', 'build']
[0.482s] DEBUG:colcon:Parsed command line arguments: Namespace(allow_overriding=[], ament_cmake_args=None, base_paths=['.'], build_base='build', catkin_cmake_args=None, catkin_skip_building_tests=False, cmake_args=None, cmake_clean_cache=False, cmake_clean_first=False, cmake_force_configure=False, cmake_target=None, cmake_target_skip_unavailable=False, continue_on_error=False, event_handlers=None, executor='parallel', ignore_user_meta=False, install_base='install', log_base=None, log_level=None, main=<bound method BuildVerb.main of <colcon_core.verb.build.BuildVerb object at 0x7f2340d70eb0>>, merge_install=False, metas=['./colcon.meta'], packages_above=None, packages_above_and_dependencies=None, packages_above_depth=None, packages_end=None, packages_ignore=None, packages_ignore_regex=None, packages_select=None, packages_select_build_failed=False, packages_select_by_dep=None, packages_select_regex=None, packages_select_test_failures=False, packages_skip=None, packages_skip_build_finished=False, packages_skip_by_dep=None, packages_skip_regex=None, packages_skip_test_passed=False, packages_skip_up_to=None, packages_start=None, packages_up_to=None, packages_up_to_regex=None, parallel_workers=12, paths=None, symlink_install=False, test_result_base=None, verb_extension=<colcon_core.verb.build.BuildVerb object at 0x7f2340d70eb0>, verb_name='build', verb_parser=<colcon_defaults.argument_parser.defaults.DefaultArgumentsDecorator object at 0x7f2340d7e460>)
[0.532s] Level 1:colcon.colcon_core.package_discovery:discover_packages(colcon_meta) check parameters
[0.532s] Level 1:colcon.colcon_core.package_discovery:discover_packages(recursive) check parameters
[0.533s] Level 1:colcon.colcon_core.package_discovery:discover_packages(ignore) check parameters
[0.533s] Level 1:colcon.colcon_core.package_discovery:discover_packages(path) check parameters
[0.533s] Level 1:colcon.colcon_core.package_discovery:discover_packages(colcon_meta) discover
[0.533s] Level 1:colcon.colcon_core.package_discovery:discover_packages(recursive) discover
[0.533s] INFO:colcon.colcon_core.package_discovery:Crawling recursively for packages in '/home/vidisha/Titanium/titanium_ws'
[0.533s] Level 1:colcon.colcon_core.package_identification:_identify(.) by extensions ['ignore', 'ignore_ament_install']
[0.533s] Level 1:colcon.colcon_core.package_identification:_identify(.) by extension 'ignore'
[0.533s] Level 1:colcon.colcon_core.package_identification:_identify(.) by extension 'ignore_ament_install'
[0.533s] Level 1:colcon.colcon_core.package_identification:_identify(.) by extensions ['colcon_pkg']
[0.533s] Level 1:colcon.colcon_core.package_identification:_identify(.) by extension 'colcon_pkg'
[0.533s] Level 1:colcon.colcon_core.package_identification:_identify(.) by extensions ['colcon_meta']
[0.533s] Level 1:colcon.colcon_core.package_identification:_identify(.) by extension 'colcon_meta'
[0.533s] Level 1:colcon.colcon_core.package_identification:_identify(.) by extensions ['ros']
[0.533s] Level 1:colcon.colcon_core.package_identification:_identify(.) by extension 'ros'
[0.543s] Level 1:colcon.colcon_core.package_identification:_identify(.) by extensions ['cmake', 'python']
[0.543s] Level 1:colcon.colcon_core.package_identification:_identify(.) by extension 'cmake'
[0.543s] Level 1:colcon.colcon_core.package_identification:_identify(.) by extension 'python'
[0.543s] Level 1:colcon.colcon_core.package_identification:_identify(.) by extensions ['python_setup_py']
[0.543s] Level 1:colcon.colcon_core.package_identification:_identify(.) by extension 'python_setup_py'
[0.544s] Level 1:colcon.colcon_core.package_identification:_identify(build) by extensions ['ignore', 'ignore_ament_install']
[0.544s] Level 1:colcon.colcon_core.package_identification:_identify(build) by extension 'ignore'
[0.544s] Level 1:colcon.colcon_core.package_identification:_identify(build) ignored
[0.544s] Level 1:colcon.colcon_core.package_identification:_identify(install) by extensions ['ignore', 'ignore_ament_install']
[0.544s] Level 1:colcon.colcon_core.package_identification:_identify(install) by extension 'ignore'
[0.544s] Level 1:colcon.colcon_core.package_identification:_identify(install) ignored
[0.544s] Level 1:colcon.colcon_core.package_identification:_identify(log) by extensions ['ignore', 'ignore_ament_install']
[0.544s] Level 1:colcon.colcon_core.package_identification:_identify(log) by extension 'ignore'
[0.544s] Level 1:colcon.colcon_core.package_identification:_identify(log) ignored
[0.544s] Level 1:colcon.colcon_core.package_identification:_identify(src) by extensions ['ignore', 'ignore_ament_install']
[0.544s] Level 1:colcon.colcon_core.package_identification:_identify(src) by extension 'ignore'
[0.544s] Level 1:colcon.colcon_core.package_identification:_identify(src) by extension 'ignore_ament_install'
[0.544s] Level 1:colcon.colcon_core.package_identification:_identify(src) by extensions ['colcon_pkg']
[0.544s] Level 1:colcon.colcon_core.package_identification:_identify(src) by extension 'colcon_pkg'
[0.544s] Level 1:colcon.colcon_core.package_identification:_identify(src) by extensions ['colcon_meta']
[0.544s] Level 1:colcon.colcon_core.package_identification:_identify(src) by extension 'colcon_meta'
[0.544s] Level 1:colcon.colcon_core.package_identification:_identify(src) by extensions ['ros']
[0.544s] Level 1:colcon.colcon_core.package_identification:_identify(src) by extension 'ros'
[0.545s] Level 1:colcon.colcon_core.package_identification:_identify(src) by extensions ['cmake', 'python']
[0.545s] Level 1:colcon.colcon_core.package_identification:_identify(src) by extension 'cmake'
[0.545s] Level 1:colcon.colcon_core.package_identification:_identify(src) by extension 'python'
[0.545s] Level 1:colcon.colcon_core.package_identification:_identify(src) by extensions ['python_setup_py']
[0.545s] Level 1:colcon.colcon_core.package_identification:_identify(src) by extension 'python_setup_py'
[0.545s] Level 1:colcon.colcon_core.package_identification:_identify(src/ROS-TCP-Endpoint) by extensions ['ignore', 'ignore_ament_install']
[0.545s] Level 1:colcon.colcon_core.package_identification:_identify(src/ROS-TCP-Endpoint) by extension 'ignore'
[0.545s] Level 1:colcon.colcon_core.package_identification:_identify(src/ROS-TCP-Endpoint) by extension 'ignore_ament_install'
[0.545s] Level 1:colcon.colcon_core.package_identification:_identify(src/ROS-TCP-Endpoint) by extensions ['colcon_pkg']
[0.545s] Level 1:colcon.colcon_core.package_identification:_identify(src/ROS-TCP-Endpoint) by extension 'colcon_pkg'
[0.545s] Level 1:colcon.colcon_core.package_identification:_identify(src/ROS-TCP-Endpoint) by extensions ['colcon_meta']
[0.545s] Level 1:colcon.colcon_core.package_identification:_identify(src/ROS-TCP-Endpoint) by extension 'colcon_meta'
[0.545s] Level 1:colcon.colcon_core.package_identification:_identify(src/ROS-TCP-Endpoint) by extensions ['ros']
[0.545s] Level 1:colcon.colcon_core.package_identification:_identify(src/ROS-TCP-Endpoint) by extension 'ros'
[0.547s] DEBUG:colcon.colcon_core.package_identification:Package 'src/ROS-TCP-Endpoint' with type 'ros.ament_python' and name 'ros_tcp_endpoint'
[0.547s] Level 1:colcon.colcon_core.package_identification:_identify(src/simulator) by extensions ['ignore', 'ignore_ament_install']
[0.548s] Level 1:colcon.colcon_core.package_identification:_identify(src/simulator) by extension 'ignore'
[0.548s] Level 1:colcon.colcon_core.package_identification:_identify(src/simulator) by extension 'ignore_ament_install'
[0.548s] Level 1:colcon.colcon_core.package_identification:_identify(src/simulator) by extensions ['colcon_pkg']
[0.548s] Level 1:colcon.colcon_core.package_identification:_identify(src/simulator) by extension 'colcon_pkg'
[0.548s] Level 1:colcon.colcon_core.package_identification:_identify(src/simulator) by extensions ['colcon_meta']
[0.548s] Level 1:colcon.colcon_core.package_identification:_identify(src/simulator) by extension 'colcon_meta'
[0.548s] Level 1:colcon.colcon_core.package_identification:_identify(src/simulator) by extensions ['ros']
[0.548s] Level 1:colcon.colcon_core.package_identification:_identify(src/simulator) by extension 'ros'
[0.548s] DEBUG:colcon.colcon_core.package_identification:Package 'src/simulator' with type 'ros.ament_python' and name 'simulator'
[0.548s] Level 1:colcon.colcon_core.package_identification:_identify(src/simulator_interfaces) by extensions ['ignore', 'ignore_ament_install']
[0.548s] Level 1:colcon.colcon_core.package_identification:_identify(src/simulator_interfaces) by extension 'ignore'
[0.548s] Level 1:colcon.colcon_core.package_identification:_identify(src/simulator_interfaces) by extension 'ignore_ament_install'
[0.548s] Level 1:colcon.colcon_core.package_identification:_identify(src/simulator_interfaces) by extensions ['colcon_pkg']
[0.548s] Level 1:colcon.colcon_core.package_identification:_identify(src/simulator_interfaces) by extension 'colcon_pkg'
[0.549s] Level 1:colcon.colcon_core.package_identification:_identify(src/simulator_interfaces) by extensions ['colcon_meta']
[0.549s] Level 1:colcon.colcon_core.package_identification:_identify(src/simulator_interfaces) by extension 'colcon_meta'
[0.549s] Level 1:colcon.colcon_core.package_identification:_identify(src/simulator_interfaces) by extensions ['ros']
[0.549s] Level 1:colcon.colcon_core.package_identification:_identify(src/simulator_interfaces) by extension 'ros'
[0.549s] DEBUG:colcon.colcon_core.package_identification:Package 'src/simulator_interfaces' with type 'ros.ament_cmake' and name 'simulator_interfaces'
[0.549s] Level 1:colcon.colcon_core.package_discovery:discover_packages(recursive) using defaults
[0.549s] Level 1:colcon.colcon_core.package_discovery:discover_packages(ignore) discover
[0.549s] Level 1:colcon.colcon_core.package_discovery:discover_packages(ignore) using defaults
[0.549s] Level 1:colcon.colcon_core.package_discovery:discover_packages(path) discover
[0.549s] Level 1:colcon.colcon_core.package_discovery:discover_packages(path) using defaults
[0.590s] Level 1:colcon.colcon_core.package_discovery:discover_packages(prefix_path) check parameters
[0.590s] Level 1:colcon.colcon_core.package_discovery:discover_packages(prefix_path) discover
[0.605s] DEBUG:colcon.colcon_installed_package_information.package_discovery:Found 4 installed packages in /home/vidisha/Titanium/titanium_ws/install
[0.614s] DEBUG:colcon.colcon_installed_package_information.package_discovery:Found 344 installed packages in /home/vidisha/ros2_humble/install
[0.616s] Level 1:colcon.colcon_core.package_discovery:discover_packages(prefix_path) using defaults
[0.638s] Level 5:colcon.colcon_core.verb:set package 'ros_tcp_endpoint' build argument 'cmake_args' from command line to 'None'
[0.638s] Level 5:colcon.colcon_core.verb:set package 'ros_tcp_endpoint' build argument 'cmake_target' from command line to 'None'
[0.638s] Level 5:colcon.colcon_core.verb:set package 'ros_tcp_endpoint' build argument 'cmake_target_skip_unavailable' from command line to 'False'
[0.638s] Level 5:colcon.colcon_core.verb:set package 'ros_tcp_endpoint' build argument 'cmake_clean_cache' from command line to 'False'
[0.638s] Level 5:colcon.colcon_core.verb:set package 'ros_tcp_endpoint' build argument 'cmake_clean_first' from command line to 'False'
[0.638s] Level 5:colcon.colcon_core.verb:set package 'ros_tcp_endpoint' build argument 'cmake_force_configure' from command line to 'False'
[0.639s] Level 5:colcon.colcon_core.verb:set package 'ros_tcp_endpoint' build argument 'ament_cmake_args' from command line to 'None'
[0.639s] Level 5:colcon.colcon_core.verb:set package 'ros_tcp_endpoint' build argument 'catkin_cmake_args' from command line to 'None'
[0.639s] Level 5:colcon.colcon_core.verb:set package 'ros_tcp_endpoint' build argument 'catkin_skip_building_tests' from command line to 'False'
[0.639s] DEBUG:colcon.colcon_core.verb:Building package 'ros_tcp_endpoint' with the following arguments: {'ament_cmake_args': None, 'build_base': '/home/vidisha/Titanium/titanium_ws/build/ros_tcp_endpoint', 'catkin_cmake_args': None, 'catkin_skip_building_tests': False, 'cmake_args': None, 'cmake_clean_cache': False, 'cmake_clean_first': False, 'cmake_force_configure': False, 'cmake_target': None, 'cmake_target_skip_unavailable': False, 'install_base': '/home/vidisha/Titanium/titanium_ws/install/ros_tcp_endpoint', 'merge_install': False, 'path': '/home/vidisha/Titanium/titanium_ws/src/ROS-TCP-Endpoint', 'symlink_install': False, 'test_result_base': None}
[0.641s] Level 5:colcon.colcon_core.verb:set package 'simulator' build argument 'cmake_args' from command line to 'None'
[0.641s] Level 5:colcon.colcon_core.verb:set package 'simulator' build argument 'cmake_target' from command line to 'None'
[0.641s] Level 5:colcon.colcon_core.verb:set package 'simulator' build argument 'cmake_target_skip_unavailable' from command line to 'False'
[0.641s] Level 5:colcon.colcon_core.verb:set package 'simulator' build argument 'cmake_clean_cache' from command line to 'False'
[0.641s] Level 5:colcon.colcon_core.verb:set package 'simulator' build argument 'cmake_clean_first' from command line to 'False'
[0.641s] Level 5:colcon.colcon_core.verb:set package 'simulator' build argument 'cmake_force_configure' from command line to 'False'
[0.641s] Level 5:colcon.colcon_core.verb:set package 'simulator' build argument 'ament_cmake_args' from command line to 'None'
[0.641s] Level 5:colcon.colcon_core.verb:set package 'simulator' build argument 'catkin_cmake_args' from command line to 'None'
[0.641s] Level 5:colcon.colcon_core.verb:set package 'simulator' build argument 'catkin_skip_building_tests' from command line to 'False'
[0.641s] DEBUG:colcon.colcon_core.verb:Building package 'simulator' with the following arguments: {'ament_cmake_args': None, 'build_base': '/home/vidisha/Titanium/titanium_ws/build/simulator', 'catkin_cmake_args': None, 'catkin_skip_building_tests': False, 'cmake_args': None, 'cmake_clean_cache': False, 'cmake_clean_first': False, 'cmake_force_configure': False, 'cmake_target': None, 'cmake_target_skip_unavailable': False, 'install_base': '/home/vidisha/Titanium/titanium_ws/install/simulator', 'merge_install': False, 'path': '/home/vidisha/Titanium/titanium_ws/src/simulator', 'symlink_install': False, 'test_result_base': None}
[0.643s] Level 5:colcon.colcon_core.verb:set package 'simulator_interfaces' build argument 'cmake_args' from command line to 'None'
[0.643s] Level 5:colcon.colcon_core.verb:set package 'simulator_interfaces' build argument 'cmake_target' from command line to 'None'
[0.643s] Level 5:colcon.colcon_core.verb:set package 'simulator_interfaces' build argument 'cmake_target_skip_unavailable' from command line to 'False'
[0.643s] Level 5:colcon.colcon_core.verb:set package 'simulator_interfaces' build argument 'cmake_clean_cache' from command line to 'False'
[0.643s] Level 5:colcon.colcon_core.verb:set package 'simulator_interfaces' build argument 'cmake_clean_first' from command line to 'False'
[0.643s] Level 5:colcon.colcon_core.verb:set package 'simulator_interfaces' build argument 'cmake_force_configure' from command line to 'False'
[0.643s] Level 5:colcon.colcon_core.verb:set package 'simulator_interfaces' build argument 'ament_cmake_args' from command line to 'None'
[0.643s] Level 5:colcon.colcon_core.verb:set package 'simulator_interfaces' build argument 'catkin_cmake_args' from command line to 'None'
[0.643s] Level 5:colcon.colcon_core.verb:set package 'simulator_interfaces' build argument 'catkin_skip_building_tests' from command line to 'False'
[0.643s] DEBUG:colcon.colcon_core.verb:Building package 'simulator_interfaces' with the following arguments: {'ament_cmake_args': None, 'build_base': '/home/vidisha/Titanium/titanium_ws/build/simulator_interfaces', 'catkin_cmake_args': None, 'catkin_skip_building_tests': False, 'cmake_args': None, 'cmake_clean_cache': False, 'cmake_clean_first': False, 'cmake_force_configure': False, 'cmake_target': None, 'cmake_target_skip_unavailable': False, 'install_base': '/home/vidisha/Titanium/titanium_ws/install/simulator_interfaces', 'merge_install': False, 'path': '/home/vidisha/Titanium/titanium_ws/src/simulator_interfaces', 'symlink_install': False, 'test_result_base': None}
[0.645s] INFO:colcon.colcon_core.executor:Executing jobs using 'parallel' executor
[0.654s] DEBUG:colcon.colcon_parallel_executor.executor.parallel:run_until_complete
[0.654s] INFO:colcon.colcon_ros.task.ament_python.build:Building ROS package in '/home/vidisha/Titanium/titanium_ws/src/ROS-TCP-Endpoint' with build type 'ament_python'
[0.654s] Level 1:colcon.colcon_core.shell:create_environment_hook('ros_tcp_endpoint', 'ament_prefix_path')
[0.663s] INFO:colcon.colcon_core.plugin_system:Skipping extension 'colcon_core.shell.bat': Not used on non-Windows systems
[0.663s] INFO:colcon.colcon_core.shell:Creating environment hook '/home/vidisha/Titanium/titanium_ws/install/ros_tcp_endpoint/share/ros_tcp_endpoint/hook/ament_prefix_path.ps1'
[0.664s] INFO:colcon.colcon_core.shell:Creating environment descriptor '/home/vidisha/Titanium/titanium_ws/install/ros_tcp_endpoint/share/ros_tcp_endpoint/hook/ament_prefix_path.dsv'
[0.664s] INFO:colcon.colcon_core.shell:Creating environment hook '/home/vidisha/Titanium/titanium_ws/install/ros_tcp_endpoint/share/ros_tcp_endpoint/hook/ament_prefix_path.sh'
[0.668s] INFO:colcon.colcon_core.shell:Skip shell extension 'powershell' for command environment: Not usable outside of PowerShell
[0.668s] DEBUG:colcon.colcon_core.shell:Skip shell extension 'dsv' for command environment
[0.694s] INFO:colcon.colcon_ros.task.ament_python.build:Building ROS package in '/home/vidisha/Titanium/titanium_ws/src/simulator' with build type 'ament_python'
[0.694s] Level 1:colcon.colcon_core.shell:create_environment_hook('simulator', 'ament_prefix_path')
[0.698s] INFO:colcon.colcon_core.shell:Creating environment hook '/home/vidisha/Titanium/titanium_ws/install/simulator/share/simulator/hook/ament_prefix_path.ps1'
[0.699s] INFO:colcon.colcon_core.shell:Creating environment descriptor '/home/vidisha/Titanium/titanium_ws/install/simulator/share/simulator/hook/ament_prefix_path.dsv'
[0.699s] INFO:colcon.colcon_core.shell:Creating environment hook '/home/vidisha/Titanium/titanium_ws/install/simulator/share/simulator/hook/ament_prefix_path.sh'
[0.703s] INFO:colcon.colcon_core.shell:Skip shell extension 'powershell' for command environment: Not usable outside of PowerShell
[0.703s] DEBUG:colcon.colcon_core.shell:Skip shell extension 'dsv' for command environment
[0.729s] INFO:colcon.colcon_ros.task.ament_cmake.build:Building ROS package in '/home/vidisha/Titanium/titanium_ws/src/simulator_interfaces' with build type 'ament_cmake'
[0.729s] INFO:colcon.colcon_cmake.task.cmake.build:Building CMake package in '/home/vidisha/Titanium/titanium_ws/src/simulator_interfaces'
[0.733s] INFO:colcon.colcon_core.shell:Skip shell extension 'powershell' for command environment: Not usable outside of PowerShell
[0.733s] DEBUG:colcon.colcon_core.shell:Skip shell extension 'dsv' for command environment
[1.479s] INFO:colcon.colcon_core.task.python.build:Building Python package in '/home/vidisha/Titanium/titanium_ws/src/ROS-TCP-Endpoint'
[1.483s] INFO:colcon.colcon_core.shell:Skip shell extension 'powershell' for command environment: Not usable outside of PowerShell
[1.484s] DEBUG:colcon.colcon_core.shell:Skip shell extension 'dsv' for command environment
[2.189s] INFO:colcon.colcon_core.task.python.build:Building Python package in '/home/vidisha/Titanium/titanium_ws/src/simulator'
[2.194s] INFO:colcon.colcon_core.shell:Skip shell extension 'powershell' for command environment: Not usable outside of PowerShell
[2.194s] DEBUG:colcon.colcon_core.shell:Skip shell extension 'dsv' for command environment
[2.224s] DEBUG:colcon.colcon_core.event_handler.log_command:Invoking command in '/home/vidisha/Titanium/titanium_ws/build/simulator_interfaces': CMAKE_PREFIX_PATH=${CMAKE_PREFIX_PATH}:/home/vidisha/Titanium/titanium_ws/install/simulator_msgs:/home/vidisha/Titanium/titanium_ws/install/simulator:/home/vidisha/Titanium/titanium_ws/install/ros_tcp_endpoint:/home/vidisha/ros2_humble/install/rqt_bag_plugins:/home/vidisha/ros2_humble/install/rqt_bag:/home/vidisha/ros2_humble/install/ros2bag:/home/vidisha/ros2_humble/install/tracetools_test:/home/vidisha/ros2_humble/install/tracetools_launch:/home/vidisha/ros2_humble/install/topic_monitor:/home/vidisha/ros2_humble/install/tf2_tools:/home/vidisha/ros2_humble/install/examples_tf2_py:/home/vidisha/ros2_humble/install/tf2_ros_py:/home/vidisha/ros2_humble/install/sros2:/home/vidisha/ros2_humble/install/rqt_topic:/home/vidisha/ros2_humble/install/rqt_srv:/home/vidisha/ros2_humble/install/rqt_shell:/home/vidisha/ros2_humble/install/rqt_service_caller:/home/vidisha/ros2_humble/install/rqt_reconfigure:/home/vidisha/ros2_humble/install/rqt_py_console:/home/vidisha/ros2_humble/install/rqt_publisher:/home/vidisha/ros2_humble/install/rqt_plot:/home/vidisha/ros2_humble/install/rqt_action:/home/vidisha/ros2_humble/install/rqt_msg:/home/vidisha/ros2_humble/install/rqt_console:/home/vidisha/ros2_humble/install/rqt:/home/vidisha/ros2_humble/install/rqt_graph:/home/vidisha/ros2_humble/install/rqt_gui_py:/home/vidisha/ros2_humble/install/rqt_gui:/home/vidisha/ros2_humble/install/ros2trace:/home/vidisha/ros2_humble/install/ros2topic:/home/vidisha/ros2_humble/install/ros2test:/home/vidisha/ros2_humble/install/ros2component:/home/vidisha/ros2_humble/install/ros2param:/home/vidisha/ros2_humble/install/ros2lifecycle:/home/vidisha/ros2_humble/install/ros2service:/home/vidisha/ros2_humble/install/ros2run:/home/vidisha/ros2_humble/install/ros2launch:/home/vidisha/ros2_humble/install/ros2pkg:/home/vidisha/ros2_humble/install/ros2node:/home/vidisha/ros2_humble/install/ros2multicast:/home/vidisha/ros2_humble/install/ros2interface:/home/vidisha/ros2_humble/install/ros2doctor:/home/vidisha/ros2_humble/install/ros2action:/home/vidisha/ros2_humble/install/ros2cli:/home/vidisha/ros2_humble/install/quality_of_service_demo_py:/home/vidisha/ros2_humble/install/lifecycle_py:/home/vidisha/ros2_humble/install/launch_testing_ros:/home/vidisha/ros2_humble/install/launch_ros:/home/vidisha/ros2_humble/install/examples_rclpy_pointcloud_publisher:/home/vidisha/ros2_humble/install/examples_rclpy_minimal_subscriber:/home/vidisha/ros2_humble/install/examples_rclpy_minimal_service:/home/vidisha/ros2_humble/install/examples_rclpy_minimal_publisher:/home/vidisha/ros2_humble/install/examples_rclpy_minimal_client:/home/vidisha/ros2_humble/install/examples_rclpy_minimal_action_server:/home/vidisha/ros2_humble/install/examples_rclpy_minimal_action_client:/home/vidisha/ros2_humble/install/examples_rclpy_guard_conditions:/home/vidisha/ros2_humble/install/examples_rclpy_executors:/home/vidisha/ros2_humble/install/demo_nodes_py:/home/vidisha/ros2_humble/install/action_tutorials_py:/home/vidisha/ros2_humble/install/ament_uncrustify:/home/vidisha/ros2_humble/install/tracetools_trace:/home/vidisha/ros2_humble/install/tracetools_read:/home/vidisha/ros2_humble/install/test_tracetools_launch:/home/vidisha/ros2_humble/install/test_launch_ros:/home/vidisha/ros2_humble/install/sensor_msgs_py:/home/vidisha/ros2_humble/install/rpyutils:/home/vidisha/ros2_humble/install/rosidl_runtime_py:/home/vidisha/ros2_humble/install/rosidl_cli:/home/vidisha/ros2_humble/install/launch_pytest:/home/vidisha/ros2_humble/install/launch_testing:/home/vidisha/ros2_humble/install/launch_yaml:/home/vidisha/ros2_humble/install/launch_xml:/home/vidisha/ros2_humble/install/launch:/home/vidisha/ros2_humble/install/osrf_pycommon:/home/vidisha/ros2_humble/install/launch_testing_examples:/home/vidisha/ros2_humble/install/domain_coordinator:/home/vidisha/ros2_humble/install/ament_xmllint:/home/vidisha/ros2_humble/install/ament_pyflakes:/home/vidisha/ros2_humble/install/ament_pycodestyle:/home/vidisha/ros2_humble/install/ament_pep257:/home/vidisha/ros2_humble/install/ament_pclint:/home/vidisha/ros2_humble/install/ament_package:/home/vidisha/ros2_humble/install/ament_mypy:/home/vidisha/ros2_humble/install/ament_lint_cmake:/home/vidisha/ros2_humble/install/ament_flake8:/home/vidisha/ros2_humble/install/ament_copyright:/home/vidisha/ros2_humble/install/ament_lint:/home/vidisha/ros2_humble/install/ament_index_python:/home/vidisha/ros2_humble/install/ament_cpplint:/home/vidisha/ros2_humble/install/ament_cppcheck:/home/vidisha/ros2_humble/install/ament_clang_tidy:/home/vidisha/ros2_humble/install/ament_clang_format /usr/bin/cmake --build /home/vidisha/Titanium/titanium_ws/build/simulator_interfaces -- -j12 -l12
[3.217s] DEBUG:colcon.colcon_core.event_handler.log_command:Invoking command in '/home/vidisha/Titanium/titanium_ws/src/ROS-TCP-Endpoint': PYTHONPATH=/home/vidisha/Titanium/titanium_ws/build/ros_tcp_endpoint/prefix_override:/home/vidisha/Titanium/titanium_ws/install/ros_tcp_endpoint/lib/python3.8/site-packages:${PYTHONPATH} /usr/bin/python3 setup.py egg_info --egg-base ../../build/ros_tcp_endpoint build --build-base /home/vidisha/Titanium/titanium_ws/build/ros_tcp_endpoint/build install --record /home/vidisha/Titanium/titanium_ws/build/ros_tcp_endpoint/install.log --install-scripts $base/lib/ros_tcp_endpoint --single-version-externally-managed
[3.219s] DEBUG:colcon.colcon_core.event_handler.log_command:Invoking command in '/home/vidisha/Titanium/titanium_ws/src/simulator': PYTHONPATH=/home/vidisha/Titanium/titanium_ws/build/simulator/prefix_override:/home/vidisha/Titanium/titanium_ws/install/simulator/lib/python3.8/site-packages:${PYTHONPATH} /usr/bin/python3 setup.py egg_info --egg-base ../../build/simulator build --build-base /home/vidisha/Titanium/titanium_ws/build/simulator/build install --record /home/vidisha/Titanium/titanium_ws/build/simulator/install.log --single-version-externally-managed
[4.061s] DEBUG:colcon.colcon_core.event_handler.log_command:Invoked command in '/home/vidisha/Titanium/titanium_ws/src/ROS-TCP-Endpoint' returned '0': PYTHONPATH=/home/vidisha/Titanium/titanium_ws/build/ros_tcp_endpoint/prefix_override:/home/vidisha/Titanium/titanium_ws/install/ros_tcp_endpoint/lib/python3.8/site-packages:${PYTHONPATH} /usr/bin/python3 setup.py egg_info --egg-base ../../build/ros_tcp_endpoint build --build-base /home/vidisha/Titanium/titanium_ws/build/ros_tcp_endpoint/build install --record /home/vidisha/Titanium/titanium_ws/build/ros_tcp_endpoint/install.log --install-scripts $base/lib/ros_tcp_endpoint --single-version-externally-managed
[4.076s] Level 1:colcon.colcon_core.environment:checking '/home/vidisha/Titanium/titanium_ws/install/ros_tcp_endpoint' for CMake module files
[4.077s] Level 1:colcon.colcon_core.environment:checking '/home/vidisha/Titanium/titanium_ws/install/ros_tcp_endpoint' for CMake config files
[4.078s] Level 1:colcon.colcon_core.environment:checking '/home/vidisha/Titanium/titanium_ws/install/ros_tcp_endpoint/lib'
[4.078s] Level 1:colcon.colcon_core.environment:checking '/home/vidisha/Titanium/titanium_ws/install/ros_tcp_endpoint/bin'
[4.078s] Level 1:colcon.colcon_core.environment:checking '/home/vidisha/Titanium/titanium_ws/install/ros_tcp_endpoint/lib/pkgconfig/ros_tcp_endpoint.pc'
[4.078s] Level 1:colcon.colcon_core.environment:checking '/home/vidisha/Titanium/titanium_ws/install/ros_tcp_endpoint/lib/python3.8/site-packages'
[4.078s] Level 1:colcon.colcon_core.shell:create_environment_hook('ros_tcp_endpoint', 'pythonpath')
[4.082s] INFO:colcon.colcon_core.shell:Creating environment hook '/home/vidisha/Titanium/titanium_ws/install/ros_tcp_endpoint/share/ros_tcp_endpoint/hook/pythonpath.ps1'
[4.083s] INFO:colcon.colcon_core.shell:Creating environment descriptor '/home/vidisha/Titanium/titanium_ws/install/ros_tcp_endpoint/share/ros_tcp_endpoint/hook/pythonpath.dsv'
[4.083s] INFO:colcon.colcon_core.shell:Creating environment hook '/home/vidisha/Titanium/titanium_ws/install/ros_tcp_endpoint/share/ros_tcp_endpoint/hook/pythonpath.sh'
[4.083s] Level 1:colcon.colcon_core.environment:checking '/home/vidisha/Titanium/titanium_ws/install/ros_tcp_endpoint/bin'
[4.083s] Level 1:colcon.colcon_core.environment:create_environment_scripts_only(ros_tcp_endpoint)
[4.087s] INFO:colcon.colcon_core.shell:Creating package script '/home/vidisha/Titanium/titanium_ws/install/ros_tcp_endpoint/share/ros_tcp_endpoint/package.ps1'
[4.088s] INFO:colcon.colcon_core.shell:Creating package descriptor '/home/vidisha/Titanium/titanium_ws/install/ros_tcp_endpoint/share/ros_tcp_endpoint/package.dsv'
[4.088s] INFO:colcon.colcon_core.shell:Creating package script '/home/vidisha/Titanium/titanium_ws/install/ros_tcp_endpoint/share/ros_tcp_endpoint/package.sh'
[4.089s] INFO:colcon.colcon_core.shell:Creating package script '/home/vidisha/Titanium/titanium_ws/install/ros_tcp_endpoint/share/ros_tcp_endpoint/package.bash'
[4.090s] INFO:colcon.colcon_core.shell:Creating package script '/home/vidisha/Titanium/titanium_ws/install/ros_tcp_endpoint/share/ros_tcp_endpoint/package.zsh'
[4.090s] Level 1:colcon.colcon_core.environment:create_file_with_runtime_dependencies(/home/vidisha/Titanium/titanium_ws/install/ros_tcp_endpoint/share/colcon-core/packages/ros_tcp_endpoint)
[4.098s] Level 1:colcon.colcon_core.environment:checking '/home/vidisha/Titanium/titanium_ws/install/simulator' for CMake module files
[4.098s] Level 1:colcon.colcon_core.environment:checking '/home/vidisha/Titanium/titanium_ws/install/simulator' for CMake config files
[4.099s] DEBUG:colcon.colcon_core.event_handler.log_command:Invoked command in '/home/vidisha/Titanium/titanium_ws/src/simulator' returned '0': PYTHONPATH=/home/vidisha/Titanium/titanium_ws/build/simulator/prefix_override:/home/vidisha/Titanium/titanium_ws/install/simulator/lib/python3.8/site-packages:${PYTHONPATH} /usr/bin/python3 setup.py egg_info --egg-base ../../build/simulator build --build-base /home/vidisha/Titanium/titanium_ws/build/simulator/build install --record /home/vidisha/Titanium/titanium_ws/build/simulator/install.log --single-version-externally-managed
[4.099s] Level 1:colcon.colcon_core.environment:checking '/home/vidisha/Titanium/titanium_ws/install/simulator/lib'
[4.099s] Level 1:colcon.colcon_core.environment:checking '/home/vidisha/Titanium/titanium_ws/install/simulator/bin'
[4.099s] Level 1:colcon.colcon_core.environment:checking '/home/vidisha/Titanium/titanium_ws/install/simulator/lib/pkgconfig/simulator.pc'
[4.099s] Level 1:colcon.colcon_core.environment:checking '/home/vidisha/Titanium/titanium_ws/install/simulator/lib/python3.8/site-packages'
[4.100s] Level 1:colcon.colcon_core.shell:create_environment_hook('simulator', 'pythonpath')
[4.103s] INFO:colcon.colcon_core.shell:Creating environment hook '/home/vidisha/Titanium/titanium_ws/install/simulator/share/simulator/hook/pythonpath.ps1'
[4.104s] INFO:colcon.colcon_core.shell:Creating environment descriptor '/home/vidisha/Titanium/titanium_ws/install/simulator/share/simulator/hook/pythonpath.dsv'
[4.104s] INFO:colcon.colcon_core.shell:Creating environment hook '/home/vidisha/Titanium/titanium_ws/install/simulator/share/simulator/hook/pythonpath.sh'
[4.104s] Level 1:colcon.colcon_core.environment:checking '/home/vidisha/Titanium/titanium_ws/install/simulator/bin'
[4.104s] Level 1:colcon.colcon_core.environment:create_environment_scripts_only(simulator)
[4.108s] INFO:colcon.colcon_core.shell:Creating package script '/home/vidisha/Titanium/titanium_ws/install/simulator/share/simulator/package.ps1'
[4.109s] INFO:colcon.colcon_core.shell:Creating package descriptor '/home/vidisha/Titanium/titanium_ws/install/simulator/share/simulator/package.dsv'
[4.109s] INFO:colcon.colcon_core.shell:Creating package script '/home/vidisha/Titanium/titanium_ws/install/simulator/share/simulator/package.sh'
[4.109s] INFO:colcon.colcon_core.shell:Creating package script '/home/vidisha/Titanium/titanium_ws/install/simulator/share/simulator/package.bash'
[4.110s] INFO:colcon.colcon_core.shell:Creating package script '/home/vidisha/Titanium/titanium_ws/install/simulator/share/simulator/package.zsh'
[4.110s] Level 1:colcon.colcon_core.environment:create_file_with_runtime_dependencies(/home/vidisha/Titanium/titanium_ws/install/simulator/share/colcon-core/packages/simulator)
[7.427s] DEBUG:colcon.colcon_core.event_handler.log_command:Invoked command in '/home/vidisha/Titanium/titanium_ws/build/simulator_interfaces' returned '2': CMAKE_PREFIX_PATH=${CMAKE_PREFIX_PATH}:/home/vidisha/Titanium/titanium_ws/install/simulator_msgs:/home/vidisha/Titanium/titanium_ws/install/simulator:/home/vidisha/Titanium/titanium_ws/install/ros_tcp_endpoint:/home/vidisha/ros2_humble/install/rqt_bag_plugins:/home/vidisha/ros2_humble/install/rqt_bag:/home/vidisha/ros2_humble/install/ros2bag:/home/vidisha/ros2_humble/install/tracetools_test:/home/vidisha/ros2_humble/install/tracetools_launch:/home/vidisha/ros2_humble/install/topic_monitor:/home/vidisha/ros2_humble/install/tf2_tools:/home/vidisha/ros2_humble/install/examples_tf2_py:/home/vidisha/ros2_humble/install/tf2_ros_py:/home/vidisha/ros2_humble/install/sros2:/home/vidisha/ros2_humble/install/rqt_topic:/home/vidisha/ros2_humble/install/rqt_srv:/home/vidisha/ros2_humble/install/rqt_shell:/home/vidisha/ros2_humble/install/rqt_service_caller:/home/vidisha/ros2_humble/install/rqt_reconfigure:/home/vidisha/ros2_humble/install/rqt_py_console:/home/vidisha/ros2_humble/install/rqt_publisher:/home/vidisha/ros2_humble/install/rqt_plot:/home/vidisha/ros2_humble/install/rqt_action:/home/vidisha/ros2_humble/install/rqt_msg:/home/vidisha/ros2_humble/install/rqt_console:/home/vidisha/ros2_humble/install/rqt:/home/vidisha/ros2_humble/install/rqt_graph:/home/vidisha/ros2_humble/install/rqt_gui_py:/home/vidisha/ros2_humble/install/rqt_gui:/home/vidisha/ros2_humble/install/ros2trace:/home/vidisha/ros2_humble/install/ros2topic:/home/vidisha/ros2_humble/install/ros2test:/home/vidisha/ros2_humble/install/ros2component:/home/vidisha/ros2_humble/install/ros2param:/home/vidisha/ros2_humble/install/ros2lifecycle:/home/vidisha/ros2_humble/install/ros2service:/home/vidisha/ros2_humble/install/ros2run:/home/vidisha/ros2_humble/install/ros2launch:/home/vidisha/ros2_humble/install/ros2pkg:/home/vidisha/ros2_humble/install/ros2node:/home/vidisha/ros2_humble/install/ros2multicast:/home/vidisha/ros2_humble/install/ros2interface:/home/vidisha/ros2_humble/install/ros2doctor:/home/vidisha/ros2_humble/install/ros2action:/home/vidisha/ros2_humble/install/ros2cli:/home/vidisha/ros2_humble/install/quality_of_service_demo_py:/home/vidisha/ros2_humble/install/lifecycle_py:/home/vidisha/ros2_humble/install/launch_testing_ros:/home/vidisha/ros2_humble/install/launch_ros:/home/vidisha/ros2_humble/install/examples_rclpy_pointcloud_publisher:/home/vidisha/ros2_humble/install/examples_rclpy_minimal_subscriber:/home/vidisha/ros2_humble/install/examples_rclpy_minimal_service:/home/vidisha/ros2_humble/install/examples_rclpy_minimal_publisher:/home/vidisha/ros2_humble/install/examples_rclpy_minimal_client:/home/vidisha/ros2_humble/install/examples_rclpy_minimal_action_server:/home/vidisha/ros2_humble/install/examples_rclpy_minimal_action_client:/home/vidisha/ros2_humble/install/examples_rclpy_guard_conditions:/home/vidisha/ros2_humble/install/examples_rclpy_executors:/home/vidisha/ros2_humble/install/demo_nodes_py:/home/vidisha/ros2_humble/install/action_tutorials_py:/home/vidisha/ros2_humble/install/ament_uncrustify:/home/vidisha/ros2_humble/install/tracetools_trace:/home/vidisha/ros2_humble/install/tracetools_read:/home/vidisha/ros2_humble/install/test_tracetools_launch:/home/vidisha/ros2_humble/install/test_launch_ros:/home/vidisha/ros2_humble/install/sensor_msgs_py:/home/vidisha/ros2_humble/install/rpyutils:/home/vidisha/ros2_humble/install/rosidl_runtime_py:/home/vidisha/ros2_humble/install/rosidl_cli:/home/vidisha/ros2_humble/install/launch_pytest:/home/vidisha/ros2_humble/install/launch_testing:/home/vidisha/ros2_humble/install/launch_yaml:/home/vidisha/ros2_humble/install/launch_xml:/home/vidisha/ros2_humble/install/launch:/home/vidisha/ros2_humble/install/osrf_pycommon:/home/vidisha/ros2_humble/install/launch_testing_examples:/home/vidisha/ros2_humble/install/domain_coordinator:/home/vidisha/ros2_humble/install/ament_xmllint:/home/vidisha/ros2_humble/install/ament_pyflakes:/home/vidisha/ros2_humble/install/ament_pycodestyle:/home/vidisha/ros2_humble/install/ament_pep257:/home/vidisha/ros2_humble/install/ament_pclint:/home/vidisha/ros2_humble/install/ament_package:/home/vidisha/ros2_humble/install/ament_mypy:/home/vidisha/ros2_humble/install/ament_lint_cmake:/home/vidisha/ros2_humble/install/ament_flake8:/home/vidisha/ros2_humble/install/ament_copyright:/home/vidisha/ros2_humble/install/ament_lint:/home/vidisha/ros2_humble/install/ament_index_python:/home/vidisha/ros2_humble/install/ament_cpplint:/home/vidisha/ros2_humble/install/ament_cppcheck:/home/vidisha/ros2_humble/install/ament_clang_tidy:/home/vidisha/ros2_humble/install/ament_clang_format /usr/bin/cmake --build /home/vidisha/Titanium/titanium_ws/build/simulator_interfaces -- -j12 -l12
[7.627s] Level 1:colcon.colcon_core.environment:create_environment_scripts_only(simulator_interfaces)
[7.633s] Level 1:colcon.colcon_core.environment:checking '/home/vidisha/Titanium/titanium_ws/install/simulator_interfaces' for CMake module files
[7.634s] Level 1:colcon.colcon_core.environment:checking '/home/vidisha/Titanium/titanium_ws/install/simulator_interfaces' for CMake config files
[7.634s] Level 1:colcon.colcon_core.shell:create_environment_hook('simulator_interfaces', 'cmake_prefix_path')
[7.638s] INFO:colcon.colcon_core.shell:Creating environment hook '/home/vidisha/Titanium/titanium_ws/install/simulator_interfaces/share/simulator_interfaces/hook/cmake_prefix_path.ps1'
[7.638s] INFO:colcon.colcon_core.shell:Creating environment descriptor '/home/vidisha/Titanium/titanium_ws/install/simulator_interfaces/share/simulator_interfaces/hook/cmake_prefix_path.dsv'
[7.638s] INFO:colcon.colcon_core.shell:Creating environment hook '/home/vidisha/Titanium/titanium_ws/install/simulator_interfaces/share/simulator_interfaces/hook/cmake_prefix_path.sh'
[7.639s] Level 1:colcon.colcon_core.environment:checking '/home/vidisha/Titanium/titanium_ws/install/simulator_interfaces/lib'
[7.639s] Level 1:colcon.colcon_core.shell:create_environment_hook('simulator_interfaces', 'ld_library_path_lib')
[7.642s] INFO:colcon.colcon_core.shell:Creating environment hook '/home/vidisha/Titanium/titanium_ws/install/simulator_interfaces/share/simulator_interfaces/hook/ld_library_path_lib.ps1'
[7.643s] INFO:colcon.colcon_core.shell:Creating environment descriptor '/home/vidisha/Titanium/titanium_ws/install/simulator_interfaces/share/simulator_interfaces/hook/ld_library_path_lib.dsv'
[7.643s] INFO:colcon.colcon_core.shell:Creating environment hook '/home/vidisha/Titanium/titanium_ws/install/simulator_interfaces/share/simulator_interfaces/hook/ld_library_path_lib.sh'
[7.643s] Level 1:colcon.colcon_core.environment:checking '/home/vidisha/Titanium/titanium_ws/install/simulator_interfaces/bin'
[7.643s] Level 1:colcon.colcon_core.environment:checking '/home/vidisha/Titanium/titanium_ws/install/simulator_interfaces/lib/pkgconfig/simulator_interfaces.pc'
[7.643s] Level 1:colcon.colcon_core.environment:checking '/home/vidisha/Titanium/titanium_ws/install/simulator_interfaces/lib/python3.8/site-packages'
[7.644s] Level 1:colcon.colcon_core.shell:create_environment_hook('simulator_interfaces', 'pythonpath')
[7.647s] INFO:colcon.colcon_core.shell:Creating environment hook '/home/vidisha/Titanium/titanium_ws/install/simulator_interfaces/share/simulator_interfaces/hook/pythonpath.ps1'
[7.648s] INFO:colcon.colcon_core.shell:Creating environment descriptor '/home/vidisha/Titanium/titanium_ws/install/simulator_interfaces/share/simulator_interfaces/hook/pythonpath.dsv'
[7.648s] INFO:colcon.colcon_core.shell:Creating environment hook '/home/vidisha/Titanium/titanium_ws/install/simulator_interfaces/share/simulator_interfaces/hook/pythonpath.sh'
[7.648s] Level 1:colcon.colcon_core.environment:checking '/home/vidisha/Titanium/titanium_ws/install/simulator_interfaces/bin'
[7.652s] INFO:colcon.colcon_core.shell:Creating package script '/home/vidisha/Titanium/titanium_ws/install/simulator_interfaces/share/simulator_interfaces/package.ps1'
[7.653s] INFO:colcon.colcon_core.shell:Creating package descriptor '/home/vidisha/Titanium/titanium_ws/install/simulator_interfaces/share/simulator_interfaces/package.dsv'
[7.653s] INFO:colcon.colcon_core.shell:Creating package script '/home/vidisha/Titanium/titanium_ws/install/simulator_interfaces/share/simulator_interfaces/package.sh'
[7.653s] INFO:colcon.colcon_core.shell:Creating package script '/home/vidisha/Titanium/titanium_ws/install/simulator_interfaces/share/simulator_interfaces/package.bash'
[7.654s] INFO:colcon.colcon_core.shell:Creating package script '/home/vidisha/Titanium/titanium_ws/install/simulator_interfaces/share/simulator_interfaces/package.zsh'
[7.654s] Level 1:colcon.colcon_core.environment:create_file_with_runtime_dependencies(/home/vidisha/Titanium/titanium_ws/install/simulator_interfaces/share/colcon-core/packages/simulator_interfaces)
[7.665s] DEBUG:colcon.colcon_parallel_executor.executor.parallel:closing loop
[7.665s] DEBUG:colcon.colcon_parallel_executor.executor.parallel:loop closed
[7.665s] DEBUG:colcon.colcon_parallel_executor.executor.parallel:run_until_complete finished with '2'
[7.665s] DEBUG:colcon.colcon_core.event_reactor:joining thread
[7.676s] INFO:colcon.colcon_core.plugin_system:Skipping extension 'colcon_notification.desktop_notification.terminal_notifier': Not used on non-Darwin systems
[7.676s] INFO:colcon.colcon_core.plugin_system:Skipping extension 'colcon_notification.desktop_notification.win32': Not used on non-Windows systems
[7.676s] INFO:colcon.colcon_notification.desktop_notification:Sending desktop notification using 'notify2'
[7.688s] DEBUG:colcon.colcon_core.event_reactor:joined thread
[7.692s] INFO:colcon.colcon_core.shell:Creating prefix script '/home/vidisha/Titanium/titanium_ws/install/local_setup.ps1'
[7.693s] INFO:colcon.colcon_core.shell:Creating prefix util module '/home/vidisha/Titanium/titanium_ws/install/_local_setup_util_ps1.py'
[7.694s] INFO:colcon.colcon_core.shell:Creating prefix chain script '/home/vidisha/Titanium/titanium_ws/install/setup.ps1'
[7.707s] INFO:colcon.colcon_core.shell:Creating prefix script '/home/vidisha/Titanium/titanium_ws/install/local_setup.sh'
[7.707s] INFO:colcon.colcon_core.shell:Creating prefix util module '/home/vidisha/Titanium/titanium_ws/install/_local_setup_util_sh.py'
[7.708s] INFO:colcon.colcon_core.shell:Creating prefix chain script '/home/vidisha/Titanium/titanium_ws/install/setup.sh'
[7.721s] INFO:colcon.colcon_core.shell:Creating prefix script '/home/vidisha/Titanium/titanium_ws/install/local_setup.bash'
[7.721s] INFO:colcon.colcon_core.shell:Creating prefix chain script '/home/vidisha/Titanium/titanium_ws/install/setup.bash'
[7.734s] INFO:colcon.colcon_core.shell:Creating prefix script '/home/vidisha/Titanium/titanium_ws/install/local_setup.zsh'
[7.734s] INFO:colcon.colcon_core.shell:Creating prefix chain script '/home/vidisha/Titanium/titanium_ws/install/setup.zsh'
