[2.608s] Invoking command in '/home/vidisha/Titanium/titanium_ws/src/ROS-TCP-Endpoint': PYTHONPATH=/home/vidisha/Titanium/titanium_ws/build/ros_tcp_endpoint/prefix_override:/home/vidisha/Titanium/titanium_ws/install/ros_tcp_endpoint/lib/python3.8/site-packages:${PYTHONPATH} /usr/bin/python3 setup.py egg_info --egg-base ../../build/ros_tcp_endpoint build --build-base /home/vidisha/Titanium/titanium_ws/build/ros_tcp_endpoint/build install --record /home/vidisha/Titanium/titanium_ws/build/ros_tcp_endpoint/install.log --install-scripts $base/lib/ros_tcp_endpoint --single-version-externally-managed
[3.367s] running egg_info
[3.367s] writing ../../build/ros_tcp_endpoint/ros_tcp_endpoint.egg-info/PKG-INFO
[3.368s] writing dependency_links to ../../build/ros_tcp_endpoint/ros_tcp_endpoint.egg-info/dependency_links.txt
[3.368s] writing entry points to ../../build/ros_tcp_endpoint/ros_tcp_endpoint.egg-info/entry_points.txt
[3.368s] writing requirements to ../../build/ros_tcp_endpoint/ros_tcp_endpoint.egg-info/requires.txt
[3.368s] writing top-level names to ../../build/ros_tcp_endpoint/ros_tcp_endpoint.egg-info/top_level.txt
[3.405s] reading manifest file '../../build/ros_tcp_endpoint/ros_tcp_endpoint.egg-info/SOURCES.txt'
[3.406s] writing manifest file '../../build/ros_tcp_endpoint/ros_tcp_endpoint.egg-info/SOURCES.txt'
[3.406s] running build
[3.406s] running build_py
[3.407s] running install
[3.409s] running install_lib
[3.413s] running install_data
[3.413s] running install_egg_info
[3.417s] removing '/home/vidisha/Titanium/titanium_ws/install/ros_tcp_endpoint/lib/python3.8/site-packages/ros_tcp_endpoint-0.0.1-py3.8.egg-info' (and everything under it)
[3.417s] Copying ../../build/ros_tcp_endpoint/ros_tcp_endpoint.egg-info to /home/vidisha/Titanium/titanium_ws/install/ros_tcp_endpoint/lib/python3.8/site-packages/ros_tcp_endpoint-0.0.1-py3.8.egg-info
[3.418s] running install_scripts
[3.445s] Installing default_server_endpoint script to /home/vidisha/Titanium/titanium_ws/install/ros_tcp_endpoint/lib/ros_tcp_endpoint
[3.445s] writing list of installed files to '/home/vidisha/Titanium/titanium_ws/build/ros_tcp_endpoint/install.log'
[3.495s] Invoked command in '/home/vidisha/Titanium/titanium_ws/src/ROS-TCP-Endpoint' returned '0': PYTHONPATH=/home/vidisha/Titanium/titanium_ws/build/ros_tcp_endpoint/prefix_override:/home/vidisha/Titanium/titanium_ws/install/ros_tcp_endpoint/lib/python3.8/site-packages:${PYTHONPATH} /usr/bin/python3 setup.py egg_info --egg-base ../../build/ros_tcp_endpoint build --build-base /home/vidisha/Titanium/titanium_ws/build/ros_tcp_endpoint/build install --record /home/vidisha/Titanium/titanium_ws/build/ros_tcp_endpoint/install.log --install-scripts $base/lib/ros_tcp_endpoint --single-version-externally-managed
