[1.485s] Invoking command in '/home/vidisha/Titanium/titanium_ws/build/simulator_interfaces': CMAKE_PREFIX_PATH=${CMAKE_PREFIX_PATH}:/home/vidisha/Titanium/titanium_ws/install/simulator_msgs:/home/vidisha/Titanium/titanium_ws/install/simulator:/home/vidisha/Titanium/titanium_ws/install/ros_tcp_endpoint:/home/vidisha/ros2_humble/install/rqt_bag_plugins:/home/vidisha/ros2_humble/install/rqt_bag:/home/vidisha/ros2_humble/install/ros2bag:/home/vidisha/ros2_humble/install/tracetools_test:/home/vidisha/ros2_humble/install/tracetools_launch:/home/vidisha/ros2_humble/install/topic_monitor:/home/vidisha/ros2_humble/install/tf2_tools:/home/vidisha/ros2_humble/install/examples_tf2_py:/home/vidisha/ros2_humble/install/tf2_ros_py:/home/vidisha/ros2_humble/install/sros2:/home/vidisha/ros2_humble/install/rqt_topic:/home/vidisha/ros2_humble/install/rqt_srv:/home/vidisha/ros2_humble/install/rqt_shell:/home/vidisha/ros2_humble/install/rqt_service_caller:/home/vidisha/ros2_humble/install/rqt_reconfigure:/home/vidisha/ros2_humble/install/rqt_py_console:/home/vidisha/ros2_humble/install/rqt_publisher:/home/vidisha/ros2_humble/install/rqt_plot:/home/vidisha/ros2_humble/install/rqt_action:/home/vidisha/ros2_humble/install/rqt_msg:/home/vidisha/ros2_humble/install/rqt_console:/home/vidisha/ros2_humble/install/rqt:/home/vidisha/ros2_humble/install/rqt_graph:/home/vidisha/ros2_humble/install/rqt_gui_py:/home/vidisha/ros2_humble/install/rqt_gui:/home/vidisha/ros2_humble/install/ros2trace:/home/vidisha/ros2_humble/install/ros2topic:/home/vidisha/ros2_humble/install/ros2test:/home/vidisha/ros2_humble/install/ros2component:/home/vidisha/ros2_humble/install/ros2param:/home/vidisha/ros2_humble/install/ros2lifecycle:/home/vidisha/ros2_humble/install/ros2service:/home/vidisha/ros2_humble/install/ros2run:/home/vidisha/ros2_humble/install/ros2launch:/home/vidisha/ros2_humble/install/ros2pkg:/home/vidisha/ros2_humble/install/ros2node:/home/vidisha/ros2_humble/install/ros2multicast:/home/vidisha/ros2_humble/install/ros2interface:/home/vidisha/ros2_humble/install/ros2doctor:/home/vidisha/ros2_humble/install/ros2action:/home/vidisha/ros2_humble/install/ros2cli:/home/vidisha/ros2_humble/install/quality_of_service_demo_py:/home/vidisha/ros2_humble/install/lifecycle_py:/home/vidisha/ros2_humble/install/launch_testing_ros:/home/vidisha/ros2_humble/install/launch_ros:/home/vidisha/ros2_humble/install/examples_rclpy_pointcloud_publisher:/home/vidisha/ros2_humble/install/examples_rclpy_minimal_subscriber:/home/vidisha/ros2_humble/install/examples_rclpy_minimal_service:/home/vidisha/ros2_humble/install/examples_rclpy_minimal_publisher:/home/vidisha/ros2_humble/install/examples_rclpy_minimal_client:/home/vidisha/ros2_humble/install/examples_rclpy_minimal_action_server:/home/vidisha/ros2_humble/install/examples_rclpy_minimal_action_client:/home/vidisha/ros2_humble/install/examples_rclpy_guard_conditions:/home/vidisha/ros2_humble/install/examples_rclpy_executors:/home/vidisha/ros2_humble/install/demo_nodes_py:/home/vidisha/ros2_humble/install/action_tutorials_py:/home/vidisha/ros2_humble/install/ament_uncrustify:/home/vidisha/ros2_humble/install/tracetools_trace:/home/vidisha/ros2_humble/install/tracetools_read:/home/vidisha/ros2_humble/install/test_tracetools_launch:/home/vidisha/ros2_humble/install/test_launch_ros:/home/vidisha/ros2_humble/install/sensor_msgs_py:/home/vidisha/ros2_humble/install/rpyutils:/home/vidisha/ros2_humble/install/rosidl_runtime_py:/home/vidisha/ros2_humble/install/rosidl_cli:/home/vidisha/ros2_humble/install/launch_pytest:/home/vidisha/ros2_humble/install/launch_testing:/home/vidisha/ros2_humble/install/launch_yaml:/home/vidisha/ros2_humble/install/launch_xml:/home/vidisha/ros2_humble/install/launch:/home/vidisha/ros2_humble/install/osrf_pycommon:/home/vidisha/ros2_humble/install/launch_testing_examples:/home/vidisha/ros2_humble/install/domain_coordinator:/home/vidisha/ros2_humble/install/ament_xmllint:/home/vidisha/ros2_humble/install/ament_pyflakes:/home/vidisha/ros2_humble/install/ament_pycodestyle:/home/vidisha/ros2_humble/install/ament_pep257:/home/vidisha/ros2_humble/install/ament_pclint:/home/vidisha/ros2_humble/install/ament_package:/home/vidisha/ros2_humble/install/ament_mypy:/home/vidisha/ros2_humble/install/ament_lint_cmake:/home/vidisha/ros2_humble/install/ament_flake8:/home/vidisha/ros2_humble/install/ament_copyright:/home/vidisha/ros2_humble/install/ament_lint:/home/vidisha/ros2_humble/install/ament_index_python:/home/vidisha/ros2_humble/install/ament_cpplint:/home/vidisha/ros2_humble/install/ament_cppcheck:/home/vidisha/ros2_humble/install/ament_clang_tidy:/home/vidisha/ros2_humble/install/ament_clang_format /usr/bin/cmake --build /home/vidisha/Titanium/titanium_ws/build/simulator_interfaces -- -j12 -l12
[1.619s] [  9%] Built target simulator_interfaces__rosidl_generator_c
[1.619s] [ 12%] Built target simulator_interfaces__cpp
[1.644s] [ 12%] Built target ament_cmake_python_copy_simulator_interfaces
[1.705s] [ 32%] Built target simulator_interfaces__rosidl_typesupport_fastrtps_cpp
[1.705s] [ 32%] Built target simulator_interfaces__rosidl_typesupport_introspection_cpp
[1.707s] [ 41%] Built target simulator_interfaces__rosidl_typesupport_cpp
[1.707s] [ 51%] Built target simulator_interfaces__rosidl_typesupport_c
[1.709s] [ 61%] Built target simulator_interfaces__rosidl_typesupport_introspection_c
[1.710s] [ 70%] Built target simulator_interfaces__rosidl_typesupport_fastrtps_c
[1.769s] [ 70%] Built target simulator_interfaces
[1.828s] [ 74%] Built target simulator_interfaces__py
[1.890s] [ 80%] Built target simulator_interfaces__rosidl_generator_py
[1.954s] [ 87%] Built target simulator_interfaces__rosidl_typesupport_fastrtps_c__pyext
[1.965s] [ 93%] Built target simulator_interfaces__rosidl_typesupport_introspection_c__pyext
[1.967s] [100%] Built target simulator_interfaces__rosidl_typesupport_c__pyext
[2.475s] running egg_info
[2.476s] writing simulator_interfaces.egg-info/PKG-INFO
[2.476s] writing dependency_links to simulator_interfaces.egg-info/dependency_links.txt
[2.476s] writing top-level names to simulator_interfaces.egg-info/top_level.txt
[2.515s] reading manifest file 'simulator_interfaces.egg-info/SOURCES.txt'
[2.516s] writing manifest file 'simulator_interfaces.egg-info/SOURCES.txt'
[2.555s] [100%] Built target ament_cmake_python_build_simulator_interfaces_egg
[2.579s] Invoked command in '/home/vidisha/Titanium/titanium_ws/build/simulator_interfaces' returned '0': CMAKE_PREFIX_PATH=${CMAKE_PREFIX_PATH}:/home/vidisha/Titanium/titanium_ws/install/simulator_msgs:/home/vidisha/Titanium/titanium_ws/install/simulator:/home/vidisha/Titanium/titanium_ws/install/ros_tcp_endpoint:/home/vidisha/ros2_humble/install/rqt_bag_plugins:/home/vidisha/ros2_humble/install/rqt_bag:/home/vidisha/ros2_humble/install/ros2bag:/home/vidisha/ros2_humble/install/tracetools_test:/home/vidisha/ros2_humble/install/tracetools_launch:/home/vidisha/ros2_humble/install/topic_monitor:/home/vidisha/ros2_humble/install/tf2_tools:/home/vidisha/ros2_humble/install/examples_tf2_py:/home/vidisha/ros2_humble/install/tf2_ros_py:/home/vidisha/ros2_humble/install/sros2:/home/vidisha/ros2_humble/install/rqt_topic:/home/vidisha/ros2_humble/install/rqt_srv:/home/vidisha/ros2_humble/install/rqt_shell:/home/vidisha/ros2_humble/install/rqt_service_caller:/home/vidisha/ros2_humble/install/rqt_reconfigure:/home/vidisha/ros2_humble/install/rqt_py_console:/home/vidisha/ros2_humble/install/rqt_publisher:/home/vidisha/ros2_humble/install/rqt_plot:/home/vidisha/ros2_humble/install/rqt_action:/home/vidisha/ros2_humble/install/rqt_msg:/home/vidisha/ros2_humble/install/rqt_console:/home/vidisha/ros2_humble/install/rqt:/home/vidisha/ros2_humble/install/rqt_graph:/home/vidisha/ros2_humble/install/rqt_gui_py:/home/vidisha/ros2_humble/install/rqt_gui:/home/vidisha/ros2_humble/install/ros2trace:/home/vidisha/ros2_humble/install/ros2topic:/home/vidisha/ros2_humble/install/ros2test:/home/vidisha/ros2_humble/install/ros2component:/home/vidisha/ros2_humble/install/ros2param:/home/vidisha/ros2_humble/install/ros2lifecycle:/home/vidisha/ros2_humble/install/ros2service:/home/vidisha/ros2_humble/install/ros2run:/home/vidisha/ros2_humble/install/ros2launch:/home/vidisha/ros2_humble/install/ros2pkg:/home/vidisha/ros2_humble/install/ros2node:/home/vidisha/ros2_humble/install/ros2multicast:/home/vidisha/ros2_humble/install/ros2interface:/home/vidisha/ros2_humble/install/ros2doctor:/home/vidisha/ros2_humble/install/ros2action:/home/vidisha/ros2_humble/install/ros2cli:/home/vidisha/ros2_humble/install/quality_of_service_demo_py:/home/vidisha/ros2_humble/install/lifecycle_py:/home/vidisha/ros2_humble/install/launch_testing_ros:/home/vidisha/ros2_humble/install/launch_ros:/home/vidisha/ros2_humble/install/examples_rclpy_pointcloud_publisher:/home/vidisha/ros2_humble/install/examples_rclpy_minimal_subscriber:/home/vidisha/ros2_humble/install/examples_rclpy_minimal_service:/home/vidisha/ros2_humble/install/examples_rclpy_minimal_publisher:/home/vidisha/ros2_humble/install/examples_rclpy_minimal_client:/home/vidisha/ros2_humble/install/examples_rclpy_minimal_action_server:/home/vidisha/ros2_humble/install/examples_rclpy_minimal_action_client:/home/vidisha/ros2_humble/install/examples_rclpy_guard_conditions:/home/vidisha/ros2_humble/install/examples_rclpy_executors:/home/vidisha/ros2_humble/install/demo_nodes_py:/home/vidisha/ros2_humble/install/action_tutorials_py:/home/vidisha/ros2_humble/install/ament_uncrustify:/home/vidisha/ros2_humble/install/tracetools_trace:/home/vidisha/ros2_humble/install/tracetools_read:/home/vidisha/ros2_humble/install/test_tracetools_launch:/home/vidisha/ros2_humble/install/test_launch_ros:/home/vidisha/ros2_humble/install/sensor_msgs_py:/home/vidisha/ros2_humble/install/rpyutils:/home/vidisha/ros2_humble/install/rosidl_runtime_py:/home/vidisha/ros2_humble/install/rosidl_cli:/home/vidisha/ros2_humble/install/launch_pytest:/home/vidisha/ros2_humble/install/launch_testing:/home/vidisha/ros2_humble/install/launch_yaml:/home/vidisha/ros2_humble/install/launch_xml:/home/vidisha/ros2_humble/install/launch:/home/vidisha/ros2_humble/install/osrf_pycommon:/home/vidisha/ros2_humble/install/launch_testing_examples:/home/vidisha/ros2_humble/install/domain_coordinator:/home/vidisha/ros2_humble/install/ament_xmllint:/home/vidisha/ros2_humble/install/ament_pyflakes:/home/vidisha/ros2_humble/install/ament_pycodestyle:/home/vidisha/ros2_humble/install/ament_pep257:/home/vidisha/ros2_humble/install/ament_pclint:/home/vidisha/ros2_humble/install/ament_package:/home/vidisha/ros2_humble/install/ament_mypy:/home/vidisha/ros2_humble/install/ament_lint_cmake:/home/vidisha/ros2_humble/install/ament_flake8:/home/vidisha/ros2_humble/install/ament_copyright:/home/vidisha/ros2_humble/install/ament_lint:/home/vidisha/ros2_humble/install/ament_index_python:/home/vidisha/ros2_humble/install/ament_cpplint:/home/vidisha/ros2_humble/install/ament_cppcheck:/home/vidisha/ros2_humble/install/ament_clang_tidy:/home/vidisha/ros2_humble/install/ament_clang_format /usr/bin/cmake --build /home/vidisha/Titanium/titanium_ws/build/simulator_interfaces -- -j12 -l12
[2.825s] Invoking command in '/home/vidisha/Titanium/titanium_ws/build/simulator_interfaces': CMAKE_PREFIX_PATH=${CMAKE_PREFIX_PATH}:/home/vidisha/Titanium/titanium_ws/install/simulator_msgs:/home/vidisha/Titanium/titanium_ws/install/simulator:/home/vidisha/Titanium/titanium_ws/install/ros_tcp_endpoint:/home/vidisha/ros2_humble/install/rqt_bag_plugins:/home/vidisha/ros2_humble/install/rqt_bag:/home/vidisha/ros2_humble/install/ros2bag:/home/vidisha/ros2_humble/install/tracetools_test:/home/vidisha/ros2_humble/install/tracetools_launch:/home/vidisha/ros2_humble/install/topic_monitor:/home/vidisha/ros2_humble/install/tf2_tools:/home/vidisha/ros2_humble/install/examples_tf2_py:/home/vidisha/ros2_humble/install/tf2_ros_py:/home/vidisha/ros2_humble/install/sros2:/home/vidisha/ros2_humble/install/rqt_topic:/home/vidisha/ros2_humble/install/rqt_srv:/home/vidisha/ros2_humble/install/rqt_shell:/home/vidisha/ros2_humble/install/rqt_service_caller:/home/vidisha/ros2_humble/install/rqt_reconfigure:/home/vidisha/ros2_humble/install/rqt_py_console:/home/vidisha/ros2_humble/install/rqt_publisher:/home/vidisha/ros2_humble/install/rqt_plot:/home/vidisha/ros2_humble/install/rqt_action:/home/vidisha/ros2_humble/install/rqt_msg:/home/vidisha/ros2_humble/install/rqt_console:/home/vidisha/ros2_humble/install/rqt:/home/vidisha/ros2_humble/install/rqt_graph:/home/vidisha/ros2_humble/install/rqt_gui_py:/home/vidisha/ros2_humble/install/rqt_gui:/home/vidisha/ros2_humble/install/ros2trace:/home/vidisha/ros2_humble/install/ros2topic:/home/vidisha/ros2_humble/install/ros2test:/home/vidisha/ros2_humble/install/ros2component:/home/vidisha/ros2_humble/install/ros2param:/home/vidisha/ros2_humble/install/ros2lifecycle:/home/vidisha/ros2_humble/install/ros2service:/home/vidisha/ros2_humble/install/ros2run:/home/vidisha/ros2_humble/install/ros2launch:/home/vidisha/ros2_humble/install/ros2pkg:/home/vidisha/ros2_humble/install/ros2node:/home/vidisha/ros2_humble/install/ros2multicast:/home/vidisha/ros2_humble/install/ros2interface:/home/vidisha/ros2_humble/install/ros2doctor:/home/vidisha/ros2_humble/install/ros2action:/home/vidisha/ros2_humble/install/ros2cli:/home/vidisha/ros2_humble/install/quality_of_service_demo_py:/home/vidisha/ros2_humble/install/lifecycle_py:/home/vidisha/ros2_humble/install/launch_testing_ros:/home/vidisha/ros2_humble/install/launch_ros:/home/vidisha/ros2_humble/install/examples_rclpy_pointcloud_publisher:/home/vidisha/ros2_humble/install/examples_rclpy_minimal_subscriber:/home/vidisha/ros2_humble/install/examples_rclpy_minimal_service:/home/vidisha/ros2_humble/install/examples_rclpy_minimal_publisher:/home/vidisha/ros2_humble/install/examples_rclpy_minimal_client:/home/vidisha/ros2_humble/install/examples_rclpy_minimal_action_server:/home/vidisha/ros2_humble/install/examples_rclpy_minimal_action_client:/home/vidisha/ros2_humble/install/examples_rclpy_guard_conditions:/home/vidisha/ros2_humble/install/examples_rclpy_executors:/home/vidisha/ros2_humble/install/demo_nodes_py:/home/vidisha/ros2_humble/install/action_tutorials_py:/home/vidisha/ros2_humble/install/ament_uncrustify:/home/vidisha/ros2_humble/install/tracetools_trace:/home/vidisha/ros2_humble/install/tracetools_read:/home/vidisha/ros2_humble/install/test_tracetools_launch:/home/vidisha/ros2_humble/install/test_launch_ros:/home/vidisha/ros2_humble/install/sensor_msgs_py:/home/vidisha/ros2_humble/install/rpyutils:/home/vidisha/ros2_humble/install/rosidl_runtime_py:/home/vidisha/ros2_humble/install/rosidl_cli:/home/vidisha/ros2_humble/install/launch_pytest:/home/vidisha/ros2_humble/install/launch_testing:/home/vidisha/ros2_humble/install/launch_yaml:/home/vidisha/ros2_humble/install/launch_xml:/home/vidisha/ros2_humble/install/launch:/home/vidisha/ros2_humble/install/osrf_pycommon:/home/vidisha/ros2_humble/install/launch_testing_examples:/home/vidisha/ros2_humble/install/domain_coordinator:/home/vidisha/ros2_humble/install/ament_xmllint:/home/vidisha/ros2_humble/install/ament_pyflakes:/home/vidisha/ros2_humble/install/ament_pycodestyle:/home/vidisha/ros2_humble/install/ament_pep257:/home/vidisha/ros2_humble/install/ament_pclint:/home/vidisha/ros2_humble/install/ament_package:/home/vidisha/ros2_humble/install/ament_mypy:/home/vidisha/ros2_humble/install/ament_lint_cmake:/home/vidisha/ros2_humble/install/ament_flake8:/home/vidisha/ros2_humble/install/ament_copyright:/home/vidisha/ros2_humble/install/ament_lint:/home/vidisha/ros2_humble/install/ament_index_python:/home/vidisha/ros2_humble/install/ament_cpplint:/home/vidisha/ros2_humble/install/ament_cppcheck:/home/vidisha/ros2_humble/install/ament_clang_tidy:/home/vidisha/ros2_humble/install/ament_clang_format /usr/bin/cmake --install /home/vidisha/Titanium/titanium_ws/build/simulator_interfaces
[2.846s] -- Install configuration: ""
[2.846s] -- Up-to-date: /home/vidisha/Titanium/titanium_ws/install/simulator_interfaces/share/ament_index/resource_index/rosidl_interfaces/simulator_interfaces
[2.847s] -- Up-to-date: /home/vidisha/Titanium/titanium_ws/install/simulator_interfaces/include/simulator_interfaces/simulator_interfaces
[2.847s] -- Up-to-date: /home/vidisha/Titanium/titanium_ws/install/simulator_interfaces/include/simulator_interfaces/simulator_interfaces/msg
[2.847s] -- Up-to-date: /home/vidisha/Titanium/titanium_ws/install/simulator_interfaces/include/simulator_interfaces/simulator_interfaces/msg/detail
[2.847s] -- Up-to-date: /home/vidisha/Titanium/titanium_ws/install/simulator_interfaces/include/simulator_interfaces/simulator_interfaces/msg/detail/pos_rot__struct.h
[2.847s] -- Up-to-date: /home/vidisha/Titanium/titanium_ws/install/simulator_interfaces/include/simulator_interfaces/simulator_interfaces/msg/detail/pos_rot__functions.h
[2.847s] -- Up-to-date: /home/vidisha/Titanium/titanium_ws/install/simulator_interfaces/include/simulator_interfaces/simulator_interfaces/msg/detail/pos_rot__type_support.h
[2.848s] -- Up-to-date: /home/vidisha/Titanium/titanium_ws/install/simulator_interfaces/include/simulator_interfaces/simulator_interfaces/msg/detail/pos_rot__functions.c
[2.848s] -- Up-to-date: /home/vidisha/Titanium/titanium_ws/install/simulator_interfaces/include/simulator_interfaces/simulator_interfaces/msg/rosidl_generator_c__visibility_control.h
[2.848s] -- Up-to-date: /home/vidisha/Titanium/titanium_ws/install/simulator_interfaces/include/simulator_interfaces/simulator_interfaces/msg/pos_rot.h
[2.848s] -- Up-to-date: /home/vidisha/Titanium/titanium_ws/install/simulator_interfaces/share/simulator_interfaces/environment/library_path.sh
[2.848s] -- Up-to-date: /home/vidisha/Titanium/titanium_ws/install/simulator_interfaces/share/simulator_interfaces/environment/library_path.dsv
[2.848s] -- Up-to-date: /home/vidisha/Titanium/titanium_ws/install/simulator_interfaces/lib/libsimulator_interfaces__rosidl_generator_c.so
[2.848s] -- Up-to-date: /home/vidisha/Titanium/titanium_ws/install/simulator_interfaces/include/simulator_interfaces/simulator_interfaces
[2.849s] -- Up-to-date: /home/vidisha/Titanium/titanium_ws/install/simulator_interfaces/include/simulator_interfaces/simulator_interfaces/msg
[2.849s] -- Up-to-date: /home/vidisha/Titanium/titanium_ws/install/simulator_interfaces/include/simulator_interfaces/simulator_interfaces/msg/detail
[2.849s] -- Up-to-date: /home/vidisha/Titanium/titanium_ws/install/simulator_interfaces/include/simulator_interfaces/simulator_interfaces/msg/detail/pos_rot__rosidl_typesupport_introspection_c.h
[2.849s] -- Up-to-date: /home/vidisha/Titanium/titanium_ws/install/simulator_interfaces/include/simulator_interfaces/simulator_interfaces/msg/detail/pos_rot__type_support.c
[2.849s] -- Up-to-date: /home/vidisha/Titanium/titanium_ws/install/simulator_interfaces/include/simulator_interfaces/simulator_interfaces/msg/rosidl_typesupport_introspection_c__visibility_control.h
[2.849s] -- Up-to-date: /home/vidisha/Titanium/titanium_ws/install/simulator_interfaces/lib/libsimulator_interfaces__rosidl_typesupport_introspection_c.so
[2.849s] -- Up-to-date: /home/vidisha/Titanium/titanium_ws/install/simulator_interfaces/include/simulator_interfaces/simulator_interfaces
[2.850s] -- Up-to-date: /home/vidisha/Titanium/titanium_ws/install/simulator_interfaces/include/simulator_interfaces/simulator_interfaces/msg
[2.850s] -- Up-to-date: /home/vidisha/Titanium/titanium_ws/install/simulator_interfaces/include/simulator_interfaces/simulator_interfaces/msg/detail
[2.850s] -- Up-to-date: /home/vidisha/Titanium/titanium_ws/install/simulator_interfaces/include/simulator_interfaces/simulator_interfaces/msg/detail/pos_rot__rosidl_typesupport_fastrtps_c.h
[2.850s] -- Up-to-date: /home/vidisha/Titanium/titanium_ws/install/simulator_interfaces/include/simulator_interfaces/simulator_interfaces/msg/rosidl_typesupport_fastrtps_c__visibility_control.h
[2.850s] -- Up-to-date: /home/vidisha/Titanium/titanium_ws/install/simulator_interfaces/lib/libsimulator_interfaces__rosidl_typesupport_fastrtps_c.so
[2.850s] -- Up-to-date: /home/vidisha/Titanium/titanium_ws/install/simulator_interfaces/lib/libsimulator_interfaces__rosidl_typesupport_c.so
[2.850s] -- Up-to-date: /home/vidisha/Titanium/titanium_ws/install/simulator_interfaces/include/simulator_interfaces/simulator_interfaces
[2.850s] -- Up-to-date: /home/vidisha/Titanium/titanium_ws/install/simulator_interfaces/include/simulator_interfaces/simulator_interfaces/msg
[2.851s] -- Up-to-date: /home/vidisha/Titanium/titanium_ws/install/simulator_interfaces/include/simulator_interfaces/simulator_interfaces/msg/detail
[2.851s] -- Up-to-date: /home/vidisha/Titanium/titanium_ws/install/simulator_interfaces/include/simulator_interfaces/simulator_interfaces/msg/detail/pos_rot__traits.hpp
[2.851s] -- Up-to-date: /home/vidisha/Titanium/titanium_ws/install/simulator_interfaces/include/simulator_interfaces/simulator_interfaces/msg/detail/pos_rot__struct.hpp
[2.851s] -- Up-to-date: /home/vidisha/Titanium/titanium_ws/install/simulator_interfaces/include/simulator_interfaces/simulator_interfaces/msg/detail/pos_rot__builder.hpp
[2.851s] -- Up-to-date: /home/vidisha/Titanium/titanium_ws/install/simulator_interfaces/include/simulator_interfaces/simulator_interfaces/msg/pos_rot.hpp
[2.851s] -- Up-to-date: /home/vidisha/Titanium/titanium_ws/install/simulator_interfaces/include/simulator_interfaces/simulator_interfaces
[2.851s] -- Up-to-date: /home/vidisha/Titanium/titanium_ws/install/simulator_interfaces/include/simulator_interfaces/simulator_interfaces/msg
[2.852s] -- Up-to-date: /home/vidisha/Titanium/titanium_ws/install/simulator_interfaces/include/simulator_interfaces/simulator_interfaces/msg/detail
[2.852s] -- Up-to-date: /home/vidisha/Titanium/titanium_ws/install/simulator_interfaces/include/simulator_interfaces/simulator_interfaces/msg/detail/pos_rot__type_support.cpp
[2.852s] -- Up-to-date: /home/vidisha/Titanium/titanium_ws/install/simulator_interfaces/include/simulator_interfaces/simulator_interfaces/msg/detail/pos_rot__rosidl_typesupport_introspection_cpp.hpp
[2.852s] -- Up-to-date: /home/vidisha/Titanium/titanium_ws/install/simulator_interfaces/lib/libsimulator_interfaces__rosidl_typesupport_introspection_cpp.so
[2.852s] -- Up-to-date: /home/vidisha/Titanium/titanium_ws/install/simulator_interfaces/include/simulator_interfaces/simulator_interfaces
[2.852s] -- Up-to-date: /home/vidisha/Titanium/titanium_ws/install/simulator_interfaces/include/simulator_interfaces/simulator_interfaces/msg
[2.852s] -- Up-to-date: /home/vidisha/Titanium/titanium_ws/install/simulator_interfaces/include/simulator_interfaces/simulator_interfaces/msg/detail
[2.852s] -- Up-to-date: /home/vidisha/Titanium/titanium_ws/install/simulator_interfaces/include/simulator_interfaces/simulator_interfaces/msg/detail/dds_fastrtps
[2.853s] -- Up-to-date: /home/vidisha/Titanium/titanium_ws/install/simulator_interfaces/include/simulator_interfaces/simulator_interfaces/msg/detail/pos_rot__rosidl_typesupport_fastrtps_cpp.hpp
[2.853s] -- Up-to-date: /home/vidisha/Titanium/titanium_ws/install/simulator_interfaces/include/simulator_interfaces/simulator_interfaces/msg/rosidl_typesupport_fastrtps_cpp__visibility_control.h
[2.853s] -- Up-to-date: /home/vidisha/Titanium/titanium_ws/install/simulator_interfaces/lib/libsimulator_interfaces__rosidl_typesupport_fastrtps_cpp.so
[2.853s] -- Up-to-date: /home/vidisha/Titanium/titanium_ws/install/simulator_interfaces/lib/libsimulator_interfaces__rosidl_typesupport_cpp.so
[2.853s] -- Up-to-date: /home/vidisha/Titanium/titanium_ws/install/simulator_interfaces/share/simulator_interfaces/environment/pythonpath.sh
[2.853s] -- Up-to-date: /home/vidisha/Titanium/titanium_ws/install/simulator_interfaces/share/simulator_interfaces/environment/pythonpath.dsv
[2.853s] -- Up-to-date: /home/vidisha/Titanium/titanium_ws/install/simulator_interfaces/lib/python3.8/site-packages/simulator_interfaces-0.0.0-py3.8.egg-info
[2.854s] -- Installing: /home/vidisha/Titanium/titanium_ws/install/simulator_interfaces/lib/python3.8/site-packages/simulator_interfaces-0.0.0-py3.8.egg-info/PKG-INFO
[2.854s] -- Installing: /home/vidisha/Titanium/titanium_ws/install/simulator_interfaces/lib/python3.8/site-packages/simulator_interfaces-0.0.0-py3.8.egg-info/top_level.txt
[2.854s] -- Installing: /home/vidisha/Titanium/titanium_ws/install/simulator_interfaces/lib/python3.8/site-packages/simulator_interfaces-0.0.0-py3.8.egg-info/SOURCES.txt
[2.854s] -- Installing: /home/vidisha/Titanium/titanium_ws/install/simulator_interfaces/lib/python3.8/site-packages/simulator_interfaces-0.0.0-py3.8.egg-info/dependency_links.txt
[2.854s] -- Up-to-date: /home/vidisha/Titanium/titanium_ws/install/simulator_interfaces/lib/python3.8/site-packages/simulator_interfaces
[2.854s] -- Up-to-date: /home/vidisha/Titanium/titanium_ws/install/simulator_interfaces/lib/python3.8/site-packages/simulator_interfaces/__init__.py
[2.854s] -- Up-to-date: /home/vidisha/Titanium/titanium_ws/install/simulator_interfaces/lib/python3.8/site-packages/simulator_interfaces/msg
[2.855s] -- Up-to-date: /home/vidisha/Titanium/titanium_ws/install/simulator_interfaces/lib/python3.8/site-packages/simulator_interfaces/msg/_pos_rot_s.c
[2.855s] -- Up-to-date: /home/vidisha/Titanium/titanium_ws/install/simulator_interfaces/lib/python3.8/site-packages/simulator_interfaces/msg/__init__.py
[2.855s] -- Up-to-date: /home/vidisha/Titanium/titanium_ws/install/simulator_interfaces/lib/python3.8/site-packages/simulator_interfaces/msg/_pos_rot.py
[2.855s] -- Up-to-date: /home/vidisha/Titanium/titanium_ws/install/simulator_interfaces/lib/python3.8/site-packages/simulator_interfaces/simulator_interfaces_s__rosidl_typesupport_c.cpython-38-x86_64-linux-gnu.so
[2.855s] -- Up-to-date: /home/vidisha/Titanium/titanium_ws/install/simulator_interfaces/lib/python3.8/site-packages/simulator_interfaces/_simulator_interfaces_s.ep.rosidl_typesupport_fastrtps_c.c
[2.855s] -- Up-to-date: /home/vidisha/Titanium/titanium_ws/install/simulator_interfaces/lib/python3.8/site-packages/simulator_interfaces/libsimulator_interfaces__rosidl_generator_py.so
[2.855s] -- Up-to-date: /home/vidisha/Titanium/titanium_ws/install/simulator_interfaces/lib/python3.8/site-packages/simulator_interfaces/simulator_interfaces_s__rosidl_typesupport_introspection_c.cpython-38-x86_64-linux-gnu.so
[2.855s] -- Up-to-date: /home/vidisha/Titanium/titanium_ws/install/simulator_interfaces/lib/python3.8/site-packages/simulator_interfaces/_simulator_interfaces_s.ep.rosidl_typesupport_c.c
[2.855s] -- Up-to-date: /home/vidisha/Titanium/titanium_ws/install/simulator_interfaces/lib/python3.8/site-packages/simulator_interfaces/simulator_interfaces_s__rosidl_typesupport_fastrtps_c.cpython-38-x86_64-linux-gnu.so
[2.855s] -- Up-to-date: /home/vidisha/Titanium/titanium_ws/install/simulator_interfaces/lib/python3.8/site-packages/simulator_interfaces/_simulator_interfaces_s.ep.rosidl_typesupport_introspection_c.c
[3.319s] Listing '/home/vidisha/Titanium/titanium_ws/install/simulator_interfaces/lib/python3.8/site-packages/simulator_interfaces'...
[3.319s] Listing '/home/vidisha/Titanium/titanium_ws/install/simulator_interfaces/lib/python3.8/site-packages/simulator_interfaces/msg'...
[3.323s] -- Up-to-date: /home/vidisha/Titanium/titanium_ws/install/simulator_interfaces/lib/python3.8/site-packages/simulator_interfaces/simulator_interfaces_s__rosidl_typesupport_introspection_c.cpython-38-x86_64-linux-gnu.so
[3.324s] -- Up-to-date: /home/vidisha/Titanium/titanium_ws/install/simulator_interfaces/lib/python3.8/site-packages/simulator_interfaces/simulator_interfaces_s__rosidl_typesupport_fastrtps_c.cpython-38-x86_64-linux-gnu.so
[3.325s] -- Up-to-date: /home/vidisha/Titanium/titanium_ws/install/simulator_interfaces/lib/python3.8/site-packages/simulator_interfaces/simulator_interfaces_s__rosidl_typesupport_c.cpython-38-x86_64-linux-gnu.so
[3.325s] -- Up-to-date: /home/vidisha/Titanium/titanium_ws/install/simulator_interfaces/lib/libsimulator_interfaces__rosidl_generator_py.so
[3.326s] -- Up-to-date: /home/vidisha/Titanium/titanium_ws/install/simulator_interfaces/share/simulator_interfaces/msg/PosRot.idl
[3.326s] -- Up-to-date: /home/vidisha/Titanium/titanium_ws/install/simulator_interfaces/share/simulator_interfaces/msg/PosRot.msg
[3.326s] -- Up-to-date: /home/vidisha/Titanium/titanium_ws/install/simulator_interfaces/share/ament_index/resource_index/package_run_dependencies/simulator_interfaces
[3.326s] -- Up-to-date: /home/vidisha/Titanium/titanium_ws/install/simulator_interfaces/share/ament_index/resource_index/parent_prefix_path/simulator_interfaces
[3.326s] -- Up-to-date: /home/vidisha/Titanium/titanium_ws/install/simulator_interfaces/share/simulator_interfaces/environment/ament_prefix_path.dsv
[3.326s] -- Up-to-date: /home/vidisha/Titanium/titanium_ws/install/simulator_interfaces/share/simulator_interfaces/environment/path.dsv
[3.326s] -- Up-to-date: /home/vidisha/Titanium/titanium_ws/install/simulator_interfaces/share/simulator_interfaces/local_setup.bash
[3.327s] -- Up-to-date: /home/vidisha/Titanium/titanium_ws/install/simulator_interfaces/share/simulator_interfaces/local_setup.sh
[3.327s] -- Up-to-date: /home/vidisha/Titanium/titanium_ws/install/simulator_interfaces/share/simulator_interfaces/local_setup.zsh
[3.327s] -- Up-to-date: /home/vidisha/Titanium/titanium_ws/install/simulator_interfaces/share/simulator_interfaces/local_setup.dsv
[3.327s] -- Installing: /home/vidisha/Titanium/titanium_ws/install/simulator_interfaces/share/simulator_interfaces/package.dsv
[3.327s] -- Up-to-date: /home/vidisha/Titanium/titanium_ws/install/simulator_interfaces/share/ament_index/resource_index/packages/simulator_interfaces
[3.327s] -- Up-to-date: /home/vidisha/Titanium/titanium_ws/install/simulator_interfaces/share/simulator_interfaces/cmake/export_simulator_interfaces__rosidl_generator_cExport.cmake
[3.327s] -- Up-to-date: /home/vidisha/Titanium/titanium_ws/install/simulator_interfaces/share/simulator_interfaces/cmake/export_simulator_interfaces__rosidl_generator_cExport-noconfig.cmake
[3.327s] -- Up-to-date: /home/vidisha/Titanium/titanium_ws/install/simulator_interfaces/share/simulator_interfaces/cmake/simulator_interfaces__rosidl_typesupport_introspection_cExport.cmake
[3.328s] -- Up-to-date: /home/vidisha/Titanium/titanium_ws/install/simulator_interfaces/share/simulator_interfaces/cmake/simulator_interfaces__rosidl_typesupport_introspection_cExport-noconfig.cmake
[3.328s] -- Up-to-date: /home/vidisha/Titanium/titanium_ws/install/simulator_interfaces/share/simulator_interfaces/cmake/export_simulator_interfaces__rosidl_typesupport_fastrtps_cExport.cmake
[3.328s] -- Up-to-date: /home/vidisha/Titanium/titanium_ws/install/simulator_interfaces/share/simulator_interfaces/cmake/export_simulator_interfaces__rosidl_typesupport_fastrtps_cExport-noconfig.cmake
[3.328s] -- Up-to-date: /home/vidisha/Titanium/titanium_ws/install/simulator_interfaces/share/simulator_interfaces/cmake/simulator_interfaces__rosidl_typesupport_cExport.cmake
[3.328s] -- Up-to-date: /home/vidisha/Titanium/titanium_ws/install/simulator_interfaces/share/simulator_interfaces/cmake/simulator_interfaces__rosidl_typesupport_cExport-noconfig.cmake
[3.328s] -- Up-to-date: /home/vidisha/Titanium/titanium_ws/install/simulator_interfaces/share/simulator_interfaces/cmake/export_simulator_interfaces__rosidl_generator_cppExport.cmake
[3.329s] -- Up-to-date: /home/vidisha/Titanium/titanium_ws/install/simulator_interfaces/share/simulator_interfaces/cmake/simulator_interfaces__rosidl_typesupport_introspection_cppExport.cmake
[3.329s] -- Up-to-date: /home/vidisha/Titanium/titanium_ws/install/simulator_interfaces/share/simulator_interfaces/cmake/simulator_interfaces__rosidl_typesupport_introspection_cppExport-noconfig.cmake
[3.329s] -- Up-to-date: /home/vidisha/Titanium/titanium_ws/install/simulator_interfaces/share/simulator_interfaces/cmake/export_simulator_interfaces__rosidl_typesupport_fastrtps_cppExport.cmake
[3.329s] -- Up-to-date: /home/vidisha/Titanium/titanium_ws/install/simulator_interfaces/share/simulator_interfaces/cmake/export_simulator_interfaces__rosidl_typesupport_fastrtps_cppExport-noconfig.cmake
[3.329s] -- Up-to-date: /home/vidisha/Titanium/titanium_ws/install/simulator_interfaces/share/simulator_interfaces/cmake/simulator_interfaces__rosidl_typesupport_cppExport.cmake
[3.329s] -- Up-to-date: /home/vidisha/Titanium/titanium_ws/install/simulator_interfaces/share/simulator_interfaces/cmake/simulator_interfaces__rosidl_typesupport_cppExport-noconfig.cmake
[3.330s] -- Up-to-date: /home/vidisha/Titanium/titanium_ws/install/simulator_interfaces/share/simulator_interfaces/cmake/export_simulator_interfaces__rosidl_generator_pyExport.cmake
[3.330s] -- Up-to-date: /home/vidisha/Titanium/titanium_ws/install/simulator_interfaces/share/simulator_interfaces/cmake/export_simulator_interfaces__rosidl_generator_pyExport-noconfig.cmake
[3.330s] -- Up-to-date: /home/vidisha/Titanium/titanium_ws/install/simulator_interfaces/share/simulator_interfaces/cmake/rosidl_cmake-extras.cmake
[3.330s] -- Up-to-date: /home/vidisha/Titanium/titanium_ws/install/simulator_interfaces/share/simulator_interfaces/cmake/ament_cmake_export_dependencies-extras.cmake
[3.330s] -- Up-to-date: /home/vidisha/Titanium/titanium_ws/install/simulator_interfaces/share/simulator_interfaces/cmake/ament_cmake_export_include_directories-extras.cmake
[3.330s] -- Up-to-date: /home/vidisha/Titanium/titanium_ws/install/simulator_interfaces/share/simulator_interfaces/cmake/ament_cmake_export_libraries-extras.cmake
[3.330s] -- Up-to-date: /home/vidisha/Titanium/titanium_ws/install/simulator_interfaces/share/simulator_interfaces/cmake/ament_cmake_export_targets-extras.cmake
[3.331s] -- Up-to-date: /home/vidisha/Titanium/titanium_ws/install/simulator_interfaces/share/simulator_interfaces/cmake/rosidl_cmake_export_typesupport_targets-extras.cmake
[3.331s] -- Up-to-date: /home/vidisha/Titanium/titanium_ws/install/simulator_interfaces/share/simulator_interfaces/cmake/rosidl_cmake_export_typesupport_libraries-extras.cmake
[3.331s] -- Up-to-date: /home/vidisha/Titanium/titanium_ws/install/simulator_interfaces/share/simulator_interfaces/cmake/simulator_interfacesConfig.cmake
[3.331s] -- Up-to-date: /home/vidisha/Titanium/titanium_ws/install/simulator_interfaces/share/simulator_interfaces/cmake/simulator_interfacesConfig-version.cmake
[3.331s] -- Up-to-date: /home/vidisha/Titanium/titanium_ws/install/simulator_interfaces/share/simulator_interfaces/package.xml
[3.334s] Invoked command in '/home/vidisha/Titanium/titanium_ws/build/simulator_interfaces' returned '0': CMAKE_PREFIX_PATH=${CMAKE_PREFIX_PATH}:/home/vidisha/Titanium/titanium_ws/install/simulator_msgs:/home/vidisha/Titanium/titanium_ws/install/simulator:/home/vidisha/Titanium/titanium_ws/install/ros_tcp_endpoint:/home/vidisha/ros2_humble/install/rqt_bag_plugins:/home/vidisha/ros2_humble/install/rqt_bag:/home/vidisha/ros2_humble/install/ros2bag:/home/vidisha/ros2_humble/install/tracetools_test:/home/vidisha/ros2_humble/install/tracetools_launch:/home/vidisha/ros2_humble/install/topic_monitor:/home/vidisha/ros2_humble/install/tf2_tools:/home/vidisha/ros2_humble/install/examples_tf2_py:/home/vidisha/ros2_humble/install/tf2_ros_py:/home/vidisha/ros2_humble/install/sros2:/home/vidisha/ros2_humble/install/rqt_topic:/home/vidisha/ros2_humble/install/rqt_srv:/home/vidisha/ros2_humble/install/rqt_shell:/home/vidisha/ros2_humble/install/rqt_service_caller:/home/vidisha/ros2_humble/install/rqt_reconfigure:/home/vidisha/ros2_humble/install/rqt_py_console:/home/vidisha/ros2_humble/install/rqt_publisher:/home/vidisha/ros2_humble/install/rqt_plot:/home/vidisha/ros2_humble/install/rqt_action:/home/vidisha/ros2_humble/install/rqt_msg:/home/vidisha/ros2_humble/install/rqt_console:/home/vidisha/ros2_humble/install/rqt:/home/vidisha/ros2_humble/install/rqt_graph:/home/vidisha/ros2_humble/install/rqt_gui_py:/home/vidisha/ros2_humble/install/rqt_gui:/home/vidisha/ros2_humble/install/ros2trace:/home/vidisha/ros2_humble/install/ros2topic:/home/vidisha/ros2_humble/install/ros2test:/home/vidisha/ros2_humble/install/ros2component:/home/vidisha/ros2_humble/install/ros2param:/home/vidisha/ros2_humble/install/ros2lifecycle:/home/vidisha/ros2_humble/install/ros2service:/home/vidisha/ros2_humble/install/ros2run:/home/vidisha/ros2_humble/install/ros2launch:/home/vidisha/ros2_humble/install/ros2pkg:/home/vidisha/ros2_humble/install/ros2node:/home/vidisha/ros2_humble/install/ros2multicast:/home/vidisha/ros2_humble/install/ros2interface:/home/vidisha/ros2_humble/install/ros2doctor:/home/vidisha/ros2_humble/install/ros2action:/home/vidisha/ros2_humble/install/ros2cli:/home/vidisha/ros2_humble/install/quality_of_service_demo_py:/home/vidisha/ros2_humble/install/lifecycle_py:/home/vidisha/ros2_humble/install/launch_testing_ros:/home/vidisha/ros2_humble/install/launch_ros:/home/vidisha/ros2_humble/install/examples_rclpy_pointcloud_publisher:/home/vidisha/ros2_humble/install/examples_rclpy_minimal_subscriber:/home/vidisha/ros2_humble/install/examples_rclpy_minimal_service:/home/vidisha/ros2_humble/install/examples_rclpy_minimal_publisher:/home/vidisha/ros2_humble/install/examples_rclpy_minimal_client:/home/vidisha/ros2_humble/install/examples_rclpy_minimal_action_server:/home/vidisha/ros2_humble/install/examples_rclpy_minimal_action_client:/home/vidisha/ros2_humble/install/examples_rclpy_guard_conditions:/home/vidisha/ros2_humble/install/examples_rclpy_executors:/home/vidisha/ros2_humble/install/demo_nodes_py:/home/vidisha/ros2_humble/install/action_tutorials_py:/home/vidisha/ros2_humble/install/ament_uncrustify:/home/vidisha/ros2_humble/install/tracetools_trace:/home/vidisha/ros2_humble/install/tracetools_read:/home/vidisha/ros2_humble/install/test_tracetools_launch:/home/vidisha/ros2_humble/install/test_launch_ros:/home/vidisha/ros2_humble/install/sensor_msgs_py:/home/vidisha/ros2_humble/install/rpyutils:/home/vidisha/ros2_humble/install/rosidl_runtime_py:/home/vidisha/ros2_humble/install/rosidl_cli:/home/vidisha/ros2_humble/install/launch_pytest:/home/vidisha/ros2_humble/install/launch_testing:/home/vidisha/ros2_humble/install/launch_yaml:/home/vidisha/ros2_humble/install/launch_xml:/home/vidisha/ros2_humble/install/launch:/home/vidisha/ros2_humble/install/osrf_pycommon:/home/vidisha/ros2_humble/install/launch_testing_examples:/home/vidisha/ros2_humble/install/domain_coordinator:/home/vidisha/ros2_humble/install/ament_xmllint:/home/vidisha/ros2_humble/install/ament_pyflakes:/home/vidisha/ros2_humble/install/ament_pycodestyle:/home/vidisha/ros2_humble/install/ament_pep257:/home/vidisha/ros2_humble/install/ament_pclint:/home/vidisha/ros2_humble/install/ament_package:/home/vidisha/ros2_humble/install/ament_mypy:/home/vidisha/ros2_humble/install/ament_lint_cmake:/home/vidisha/ros2_humble/install/ament_flake8:/home/vidisha/ros2_humble/install/ament_copyright:/home/vidisha/ros2_humble/install/ament_lint:/home/vidisha/ros2_humble/install/ament_index_python:/home/vidisha/ros2_humble/install/ament_cpplint:/home/vidisha/ros2_humble/install/ament_cppcheck:/home/vidisha/ros2_humble/install/ament_clang_tidy:/home/vidisha/ros2_humble/install/ament_clang_format /usr/bin/cmake --install /home/vidisha/Titanium/titanium_ws/build/simulator_interfaces
