-- Found ament_cmake: 1.3.5 (/home/vidisha/ros2_humble/install/ament_cmake/share/ament_cmake/cmake)
-- Found rosidl_default_generators: 1.2.0 (/home/vidisha/ros2_humble/install/rosidl_default_generators/share/rosidl_default_generators/cmake)
-- Using all available rosidl_typesupport_c: rosidl_typesupport_introspection_c;rosidl_typesupport_fastrtps_c
-- Found rosidl_adapter: 3.1.4 (/home/vidisha/ros2_humble/install/rosidl_adapter/share/rosidl_adapter/cmake)
-- Using all available rosidl_typesupport_cpp: rosidl_typesupport_introspection_cpp;rosidl_typesupport_fastrtps_cpp
-- Found builtin_interfaces: 1.2.1 (/home/vidisha/ros2_humble/install/builtin_interfaces/share/builtin_interfaces/cmake)
-- Found geometry_msgs: 4.2.3 (/home/vidisha/ros2_humble/install/geometry_msgs/share/geometry_msgs/cmake)
CMake Error at /home/vidisha/ros2_humble/install/rosidl_adapter/share/rosidl_adapter/cmake/rosidl_adapt_interfaces.cmake:59 (message):
  execute_process(/usr/bin/python3.8 -m rosidl_adapter --package-name
  simulator_interfaces --arguments-file
  /home/vidisha/Titanium/titanium_ws/build/simulator_interfaces/rosidl_adapter__arguments__simulator_interfaces.json
  --output-dir
  /home/vidisha/Titanium/titanium_ws/build/simulator_interfaces/rosidl_adapter/simulator_interfaces
  --output-file
  /home/vidisha/Titanium/titanium_ws/build/simulator_interfaces/rosidl_adapter/simulator_interfaces.idls)
  returned error code 1:

  Error processing 'std/msgs/Header header' of
  'simulator_interfaces/TaggedPoseArray': 'std/msgs/Header'

  Traceback (most recent call last):

    File "/usr/lib/python3.8/runpy.py", line 194, in _run_module_as_main
      return _run_code(code, main_globals, None,
    File "/usr/lib/python3.8/runpy.py", line 87, in _run_code
      exec(code, run_globals)
    File "/home/vidisha/ros2_humble/install/rosidl_adapter/lib/python3.8/site-packages/rosidl_adapter/__main__.py", line 19, in <module>
      sys.exit(main())
    File "/home/vidisha/ros2_humble/install/rosidl_adapter/lib/python3.8/site-packages/rosidl_adapter/main.py", line 53, in main
      abs_idl_file = convert_to_idl(
    File "/home/vidisha/ros2_humble/install/rosidl_adapter/lib/python3.8/site-packages/rosidl_adapter/__init__.py", line 19, in convert_to_idl
      return convert_msg_to_idl(
    File "/home/vidisha/ros2_humble/install/rosidl_adapter/lib/python3.8/site-packages/rosidl_adapter/msg/__init__.py", line 28, in convert_msg_to_idl
      msg = parse_message_string(package_name, input_file.stem, content)
    File "/home/vidisha/ros2_humble/install/rosidl_adapter/lib/python3.8/site-packages/rosidl_adapter/parser.py", line 520, in parse_message_string
      Type(type_string, context_package_name=pkg_name),
    File "/home/vidisha/ros2_humble/install/rosidl_adapter/lib/python3.8/site-packages/rosidl_adapter/parser.py", line 277, in __init__
      super(Type, self).__init__(
    File "/home/vidisha/ros2_humble/install/rosidl_adapter/lib/python3.8/site-packages/rosidl_adapter/parser.py", line 190, in __init__
      raise InvalidResourceName(type_string)

  rosidl_adapter.parser.InvalidResourceName: std/msgs/Header

Call Stack (most recent call first):
  /home/vidisha/ros2_humble/install/rosidl_cmake/share/rosidl_cmake/cmake/rosidl_generate_interfaces.cmake:130 (rosidl_adapt_interfaces)
  CMakeLists.txt:16 (rosidl_generate_interfaces)


-- Configuring incomplete, errors occurred!
See also "/home/vidisha/Titanium/titanium_ws/build/simulator_interfaces/CMakeFiles/CMakeOutput.log".
make: *** [Makefile:776: cmake_check_build_system] Error 1
