[0.496s] DEBUG:colcon:Command line arguments: ['/usr/bin/colcon', 'build']
[0.496s] DEBUG:colcon:Parsed command line arguments: Namespace(allow_overriding=[], ament_cmake_args=None, base_paths=['.'], build_base='build', catkin_cmake_args=None, catkin_skip_building_tests=False, cmake_args=None, cmake_clean_cache=False, cmake_clean_first=False, cmake_force_configure=False, cmake_target=None, cmake_target_skip_unavailable=False, continue_on_error=False, event_handlers=None, executor='parallel', ignore_user_meta=False, install_base='install', log_base=None, log_level=None, main=<bound method BuildVerb.main of <colcon_core.verb.build.BuildVerb object at 0x7f2fcf744eb0>>, merge_install=False, metas=['./colcon.meta'], packages_above=None, packages_above_and_dependencies=None, packages_above_depth=None, packages_end=None, packages_ignore=None, packages_ignore_regex=None, packages_select=None, packages_select_build_failed=False, packages_select_by_dep=None, packages_select_regex=None, packages_select_test_failures=False, packages_skip=None, packages_skip_build_finished=False, packages_skip_by_dep=None, packages_skip_regex=None, packages_skip_test_passed=False, packages_skip_up_to=None, packages_start=None, packages_up_to=None, packages_up_to_regex=None, parallel_workers=12, paths=None, symlink_install=False, test_result_base=None, verb_extension=<colcon_core.verb.build.BuildVerb object at 0x7f2fcf744eb0>, verb_name='build', verb_parser=<colcon_defaults.argument_parser.defaults.DefaultArgumentsDecorator object at 0x7f2fcf752460>)
[0.548s] Level 1:colcon.colcon_core.package_discovery:discover_packages(colcon_meta) check parameters
[0.548s] Level 1:colcon.colcon_core.package_discovery:discover_packages(recursive) check parameters
[0.548s] Level 1:colcon.colcon_core.package_discovery:discover_packages(ignore) check parameters
[0.548s] Level 1:colcon.colcon_core.package_discovery:discover_packages(path) check parameters
[0.548s] Level 1:colcon.colcon_core.package_discovery:discover_packages(colcon_meta) discover
[0.548s] Level 1:colcon.colcon_core.package_discovery:discover_packages(recursive) discover
[0.548s] INFO:colcon.colcon_core.package_discovery:Crawling recursively for packages in '/home/vidisha/Titanium/titanium_ws'
[0.548s] Level 1:colcon.colcon_core.package_identification:_identify(.) by extensions ['ignore', 'ignore_ament_install']
[0.548s] Level 1:colcon.colcon_core.package_identification:_identify(.) by extension 'ignore'
[0.548s] Level 1:colcon.colcon_core.package_identification:_identify(.) by extension 'ignore_ament_install'
[0.549s] Level 1:colcon.colcon_core.package_identification:_identify(.) by extensions ['colcon_pkg']
[0.549s] Level 1:colcon.colcon_core.package_identification:_identify(.) by extension 'colcon_pkg'
[0.549s] Level 1:colcon.colcon_core.package_identification:_identify(.) by extensions ['colcon_meta']
[0.549s] Level 1:colcon.colcon_core.package_identification:_identify(.) by extension 'colcon_meta'
[0.549s] Level 1:colcon.colcon_core.package_identification:_identify(.) by extensions ['ros']
[0.549s] Level 1:colcon.colcon_core.package_identification:_identify(.) by extension 'ros'
[0.559s] Level 1:colcon.colcon_core.package_identification:_identify(.) by extensions ['cmake', 'python']
[0.559s] Level 1:colcon.colcon_core.package_identification:_identify(.) by extension 'cmake'
[0.559s] Level 1:colcon.colcon_core.package_identification:_identify(.) by extension 'python'
[0.559s] Level 1:colcon.colcon_core.package_identification:_identify(.) by extensions ['python_setup_py']
[0.559s] Level 1:colcon.colcon_core.package_identification:_identify(.) by extension 'python_setup_py'
[0.559s] Level 1:colcon.colcon_core.package_identification:_identify(build) by extensions ['ignore', 'ignore_ament_install']
[0.560s] Level 1:colcon.colcon_core.package_identification:_identify(build) by extension 'ignore'
[0.560s] Level 1:colcon.colcon_core.package_identification:_identify(build) ignored
[0.560s] Level 1:colcon.colcon_core.package_identification:_identify(install) by extensions ['ignore', 'ignore_ament_install']
[0.560s] Level 1:colcon.colcon_core.package_identification:_identify(install) by extension 'ignore'
[0.560s] Level 1:colcon.colcon_core.package_identification:_identify(install) ignored
[0.560s] Level 1:colcon.colcon_core.package_identification:_identify(log) by extensions ['ignore', 'ignore_ament_install']
[0.560s] Level 1:colcon.colcon_core.package_identification:_identify(log) by extension 'ignore'
[0.560s] Level 1:colcon.colcon_core.package_identification:_identify(log) ignored
[0.560s] Level 1:colcon.colcon_core.package_identification:_identify(src) by extensions ['ignore', 'ignore_ament_install']
[0.560s] Level 1:colcon.colcon_core.package_identification:_identify(src) by extension 'ignore'
[0.560s] Level 1:colcon.colcon_core.package_identification:_identify(src) by extension 'ignore_ament_install'
[0.560s] Level 1:colcon.colcon_core.package_identification:_identify(src) by extensions ['colcon_pkg']
[0.560s] Level 1:colcon.colcon_core.package_identification:_identify(src) by extension 'colcon_pkg'
[0.560s] Level 1:colcon.colcon_core.package_identification:_identify(src) by extensions ['colcon_meta']
[0.560s] Level 1:colcon.colcon_core.package_identification:_identify(src) by extension 'colcon_meta'
[0.560s] Level 1:colcon.colcon_core.package_identification:_identify(src) by extensions ['ros']
[0.560s] Level 1:colcon.colcon_core.package_identification:_identify(src) by extension 'ros'
[0.560s] Level 1:colcon.colcon_core.package_identification:_identify(src) by extensions ['cmake', 'python']
[0.561s] Level 1:colcon.colcon_core.package_identification:_identify(src) by extension 'cmake'
[0.561s] Level 1:colcon.colcon_core.package_identification:_identify(src) by extension 'python'
[0.561s] Level 1:colcon.colcon_core.package_identification:_identify(src) by extensions ['python_setup_py']
[0.561s] Level 1:colcon.colcon_core.package_identification:_identify(src) by extension 'python_setup_py'
[0.561s] Level 1:colcon.colcon_core.package_identification:_identify(src/ROS-TCP-Endpoint) by extensions ['ignore', 'ignore_ament_install']
[0.561s] Level 1:colcon.colcon_core.package_identification:_identify(src/ROS-TCP-Endpoint) by extension 'ignore'
[0.561s] Level 1:colcon.colcon_core.package_identification:_identify(src/ROS-TCP-Endpoint) by extension 'ignore_ament_install'
[0.561s] Level 1:colcon.colcon_core.package_identification:_identify(src/ROS-TCP-Endpoint) by extensions ['colcon_pkg']
[0.561s] Level 1:colcon.colcon_core.package_identification:_identify(src/ROS-TCP-Endpoint) by extension 'colcon_pkg'
[0.561s] Level 1:colcon.colcon_core.package_identification:_identify(src/ROS-TCP-Endpoint) by extensions ['colcon_meta']
[0.561s] Level 1:colcon.colcon_core.package_identification:_identify(src/ROS-TCP-Endpoint) by extension 'colcon_meta'
[0.561s] Level 1:colcon.colcon_core.package_identification:_identify(src/ROS-TCP-Endpoint) by extensions ['ros']
[0.561s] Level 1:colcon.colcon_core.package_identification:_identify(src/ROS-TCP-Endpoint) by extension 'ros'
[0.563s] DEBUG:colcon.colcon_core.package_identification:Package 'src/ROS-TCP-Endpoint' with type 'ros.ament_python' and name 'ros_tcp_endpoint'
[0.564s] Level 1:colcon.colcon_core.package_identification:_identify(src/simulator) by extensions ['ignore', 'ignore_ament_install']
[0.564s] Level 1:colcon.colcon_core.package_identification:_identify(src/simulator) by extension 'ignore'
[0.564s] Level 1:colcon.colcon_core.package_identification:_identify(src/simulator) by extension 'ignore_ament_install'
[0.564s] Level 1:colcon.colcon_core.package_identification:_identify(src/simulator) by extensions ['colcon_pkg']
[0.564s] Level 1:colcon.colcon_core.package_identification:_identify(src/simulator) by extension 'colcon_pkg'
[0.564s] Level 1:colcon.colcon_core.package_identification:_identify(src/simulator) by extensions ['colcon_meta']
[0.564s] Level 1:colcon.colcon_core.package_identification:_identify(src/simulator) by extension 'colcon_meta'
[0.564s] Level 1:colcon.colcon_core.package_identification:_identify(src/simulator) by extensions ['ros']
[0.564s] Level 1:colcon.colcon_core.package_identification:_identify(src/simulator) by extension 'ros'
[0.564s] DEBUG:colcon.colcon_core.package_identification:Package 'src/simulator' with type 'ros.ament_python' and name 'simulator'
[0.564s] Level 1:colcon.colcon_core.package_identification:_identify(src/simulator_interfaces) by extensions ['ignore', 'ignore_ament_install']
[0.564s] Level 1:colcon.colcon_core.package_identification:_identify(src/simulator_interfaces) by extension 'ignore'
[0.565s] Level 1:colcon.colcon_core.package_identification:_identify(src/simulator_interfaces) by extension 'ignore_ament_install'
[0.565s] Level 1:colcon.colcon_core.package_identification:_identify(src/simulator_interfaces) by extensions ['colcon_pkg']
[0.565s] Level 1:colcon.colcon_core.package_identification:_identify(src/simulator_interfaces) by extension 'colcon_pkg'
[0.565s] Level 1:colcon.colcon_core.package_identification:_identify(src/simulator_interfaces) by extensions ['colcon_meta']
[0.565s] Level 1:colcon.colcon_core.package_identification:_identify(src/simulator_interfaces) by extension 'colcon_meta'
[0.565s] Level 1:colcon.colcon_core.package_identification:_identify(src/simulator_interfaces) by extensions ['ros']
[0.565s] Level 1:colcon.colcon_core.package_identification:_identify(src/simulator_interfaces) by extension 'ros'
[0.565s] DEBUG:colcon.colcon_core.package_identification:Package 'src/simulator_interfaces' with type 'ros.ament_cmake' and name 'simulator_interfaces'
[0.565s] Level 1:colcon.colcon_core.package_discovery:discover_packages(recursive) using defaults
[0.565s] Level 1:colcon.colcon_core.package_discovery:discover_packages(ignore) discover
[0.565s] Level 1:colcon.colcon_core.package_discovery:discover_packages(ignore) using defaults
[0.565s] Level 1:colcon.colcon_core.package_discovery:discover_packages(path) discover
[0.565s] Level 1:colcon.colcon_core.package_discovery:discover_packages(path) using defaults
[0.608s] Level 1:colcon.colcon_core.package_discovery:discover_packages(prefix_path) check parameters
[0.608s] Level 1:colcon.colcon_core.package_discovery:discover_packages(prefix_path) discover
[0.623s] DEBUG:colcon.colcon_installed_package_information.package_discovery:Found 4 installed packages in /home/vidisha/Titanium/titanium_ws/install
[0.632s] DEBUG:colcon.colcon_installed_package_information.package_discovery:Found 344 installed packages in /home/vidisha/ros2_humble/install
[0.634s] Level 1:colcon.colcon_core.package_discovery:discover_packages(prefix_path) using defaults
[0.658s] Level 5:colcon.colcon_core.verb:set package 'ros_tcp_endpoint' build argument 'cmake_args' from command line to 'None'
[0.658s] Level 5:colcon.colcon_core.verb:set package 'ros_tcp_endpoint' build argument 'cmake_target' from command line to 'None'
[0.658s] Level 5:colcon.colcon_core.verb:set package 'ros_tcp_endpoint' build argument 'cmake_target_skip_unavailable' from command line to 'False'
[0.658s] Level 5:colcon.colcon_core.verb:set package 'ros_tcp_endpoint' build argument 'cmake_clean_cache' from command line to 'False'
[0.658s] Level 5:colcon.colcon_core.verb:set package 'ros_tcp_endpoint' build argument 'cmake_clean_first' from command line to 'False'
[0.658s] Level 5:colcon.colcon_core.verb:set package 'ros_tcp_endpoint' build argument 'cmake_force_configure' from command line to 'False'
[0.658s] Level 5:colcon.colcon_core.verb:set package 'ros_tcp_endpoint' build argument 'ament_cmake_args' from command line to 'None'
[0.658s] Level 5:colcon.colcon_core.verb:set package 'ros_tcp_endpoint' build argument 'catkin_cmake_args' from command line to 'None'
[0.658s] Level 5:colcon.colcon_core.verb:set package 'ros_tcp_endpoint' build argument 'catkin_skip_building_tests' from command line to 'False'
[0.658s] DEBUG:colcon.colcon_core.verb:Building package 'ros_tcp_endpoint' with the following arguments: {'ament_cmake_args': None, 'build_base': '/home/vidisha/Titanium/titanium_ws/build/ros_tcp_endpoint', 'catkin_cmake_args': None, 'catkin_skip_building_tests': False, 'cmake_args': None, 'cmake_clean_cache': False, 'cmake_clean_first': False, 'cmake_force_configure': False, 'cmake_target': None, 'cmake_target_skip_unavailable': False, 'install_base': '/home/vidisha/Titanium/titanium_ws/install/ros_tcp_endpoint', 'merge_install': False, 'path': '/home/vidisha/Titanium/titanium_ws/src/ROS-TCP-Endpoint', 'symlink_install': False, 'test_result_base': None}
[0.660s] Level 5:colcon.colcon_core.verb:set package 'simulator' build argument 'cmake_args' from command line to 'None'
[0.660s] Level 5:colcon.colcon_core.verb:set package 'simulator' build argument 'cmake_target' from command line to 'None'
[0.660s] Level 5:colcon.colcon_core.verb:set package 'simulator' build argument 'cmake_target_skip_unavailable' from command line to 'False'
[0.660s] Level 5:colcon.colcon_core.verb:set package 'simulator' build argument 'cmake_clean_cache' from command line to 'False'
[0.660s] Level 5:colcon.colcon_core.verb:set package 'simulator' build argument 'cmake_clean_first' from command line to 'False'
[0.660s] Level 5:colcon.colcon_core.verb:set package 'simulator' build argument 'cmake_force_configure' from command line to 'False'
[0.660s] Level 5:colcon.colcon_core.verb:set package 'simulator' build argument 'ament_cmake_args' from command line to 'None'
[0.660s] Level 5:colcon.colcon_core.verb:set package 'simulator' build argument 'catkin_cmake_args' from command line to 'None'
[0.660s] Level 5:colcon.colcon_core.verb:set package 'simulator' build argument 'catkin_skip_building_tests' from command line to 'False'
[0.661s] DEBUG:colcon.colcon_core.verb:Building package 'simulator' with the following arguments: {'ament_cmake_args': None, 'build_base': '/home/vidisha/Titanium/titanium_ws/build/simulator', 'catkin_cmake_args': None, 'catkin_skip_building_tests': False, 'cmake_args': None, 'cmake_clean_cache': False, 'cmake_clean_first': False, 'cmake_force_configure': False, 'cmake_target': None, 'cmake_target_skip_unavailable': False, 'install_base': '/home/vidisha/Titanium/titanium_ws/install/simulator', 'merge_install': False, 'path': '/home/vidisha/Titanium/titanium_ws/src/simulator', 'symlink_install': False, 'test_result_base': None}
[0.663s] Level 5:colcon.colcon_core.verb:set package 'simulator_interfaces' build argument 'cmake_args' from command line to 'None'
[0.663s] Level 5:colcon.colcon_core.verb:set package 'simulator_interfaces' build argument 'cmake_target' from command line to 'None'
[0.663s] Level 5:colcon.colcon_core.verb:set package 'simulator_interfaces' build argument 'cmake_target_skip_unavailable' from command line to 'False'
[0.663s] Level 5:colcon.colcon_core.verb:set package 'simulator_interfaces' build argument 'cmake_clean_cache' from command line to 'False'
[0.663s] Level 5:colcon.colcon_core.verb:set package 'simulator_interfaces' build argument 'cmake_clean_first' from command line to 'False'
[0.663s] Level 5:colcon.colcon_core.verb:set package 'simulator_interfaces' build argument 'cmake_force_configure' from command line to 'False'
[0.663s] Level 5:colcon.colcon_core.verb:set package 'simulator_interfaces' build argument 'ament_cmake_args' from command line to 'None'
[0.663s] Level 5:colcon.colcon_core.verb:set package 'simulator_interfaces' build argument 'catkin_cmake_args' from command line to 'None'
[0.663s] Level 5:colcon.colcon_core.verb:set package 'simulator_interfaces' build argument 'catkin_skip_building_tests' from command line to 'False'
[0.663s] DEBUG:colcon.colcon_core.verb:Building package 'simulator_interfaces' with the following arguments: {'ament_cmake_args': None, 'build_base': '/home/vidisha/Titanium/titanium_ws/build/simulator_interfaces', 'catkin_cmake_args': None, 'catkin_skip_building_tests': False, 'cmake_args': None, 'cmake_clean_cache': False, 'cmake_clean_first': False, 'cmake_force_configure': False, 'cmake_target': None, 'cmake_target_skip_unavailable': False, 'install_base': '/home/vidisha/Titanium/titanium_ws/install/simulator_interfaces', 'merge_install': False, 'path': '/home/vidisha/Titanium/titanium_ws/src/simulator_interfaces', 'symlink_install': False, 'test_result_base': None}
[0.665s] INFO:colcon.colcon_core.executor:Executing jobs using 'parallel' executor
[0.674s] DEBUG:colcon.colcon_parallel_executor.executor.parallel:run_until_complete
[0.674s] INFO:colcon.colcon_ros.task.ament_python.build:Building ROS package in '/home/vidisha/Titanium/titanium_ws/src/ROS-TCP-Endpoint' with build type 'ament_python'
[0.675s] Level 1:colcon.colcon_core.shell:create_environment_hook('ros_tcp_endpoint', 'ament_prefix_path')
[0.684s] INFO:colcon.colcon_core.plugin_system:Skipping extension 'colcon_core.shell.bat': Not used on non-Windows systems
[0.684s] INFO:colcon.colcon_core.shell:Creating environment hook '/home/vidisha/Titanium/titanium_ws/install/ros_tcp_endpoint/share/ros_tcp_endpoint/hook/ament_prefix_path.ps1'
[0.685s] INFO:colcon.colcon_core.shell:Creating environment descriptor '/home/vidisha/Titanium/titanium_ws/install/ros_tcp_endpoint/share/ros_tcp_endpoint/hook/ament_prefix_path.dsv'
[0.685s] INFO:colcon.colcon_core.shell:Creating environment hook '/home/vidisha/Titanium/titanium_ws/install/ros_tcp_endpoint/share/ros_tcp_endpoint/hook/ament_prefix_path.sh'
[0.690s] INFO:colcon.colcon_core.shell:Skip shell extension 'powershell' for command environment: Not usable outside of PowerShell
[0.690s] DEBUG:colcon.colcon_core.shell:Skip shell extension 'dsv' for command environment
[0.716s] INFO:colcon.colcon_ros.task.ament_python.build:Building ROS package in '/home/vidisha/Titanium/titanium_ws/src/simulator' with build type 'ament_python'
[0.716s] Level 1:colcon.colcon_core.shell:create_environment_hook('simulator', 'ament_prefix_path')
[0.720s] INFO:colcon.colcon_core.shell:Creating environment hook '/home/vidisha/Titanium/titanium_ws/install/simulator/share/simulator/hook/ament_prefix_path.ps1'
[0.721s] INFO:colcon.colcon_core.shell:Creating environment descriptor '/home/vidisha/Titanium/titanium_ws/install/simulator/share/simulator/hook/ament_prefix_path.dsv'
[0.721s] INFO:colcon.colcon_core.shell:Creating environment hook '/home/vidisha/Titanium/titanium_ws/install/simulator/share/simulator/hook/ament_prefix_path.sh'
[0.725s] INFO:colcon.colcon_core.shell:Skip shell extension 'powershell' for command environment: Not usable outside of PowerShell
[0.725s] DEBUG:colcon.colcon_core.shell:Skip shell extension 'dsv' for command environment
[0.753s] INFO:colcon.colcon_ros.task.ament_cmake.build:Building ROS package in '/home/vidisha/Titanium/titanium_ws/src/simulator_interfaces' with build type 'ament_cmake'
[0.753s] INFO:colcon.colcon_cmake.task.cmake.build:Building CMake package in '/home/vidisha/Titanium/titanium_ws/src/simulator_interfaces'
[0.757s] INFO:colcon.colcon_core.shell:Skip shell extension 'powershell' for command environment: Not usable outside of PowerShell
[0.757s] DEBUG:colcon.colcon_core.shell:Skip shell extension 'dsv' for command environment
[1.477s] INFO:colcon.colcon_core.task.python.build:Building Python package in '/home/vidisha/Titanium/titanium_ws/src/ROS-TCP-Endpoint'
[1.481s] INFO:colcon.colcon_core.shell:Skip shell extension 'powershell' for command environment: Not usable outside of PowerShell
[1.481s] DEBUG:colcon.colcon_core.shell:Skip shell extension 'dsv' for command environment
[2.207s] INFO:colcon.colcon_core.task.python.build:Building Python package in '/home/vidisha/Titanium/titanium_ws/src/simulator'
[2.212s] INFO:colcon.colcon_core.shell:Skip shell extension 'powershell' for command environment: Not usable outside of PowerShell
[2.212s] DEBUG:colcon.colcon_core.shell:Skip shell extension 'dsv' for command environment
[2.244s] DEBUG:colcon.colcon_core.event_handler.log_command:Invoking command in '/home/vidisha/Titanium/titanium_ws/build/simulator_interfaces': CMAKE_PREFIX_PATH=${CMAKE_PREFIX_PATH}:/home/vidisha/Titanium/titanium_ws/install/simulator_msgs:/home/vidisha/Titanium/titanium_ws/install/simulator:/home/vidisha/Titanium/titanium_ws/install/ros_tcp_endpoint:/home/vidisha/ros2_humble/install/rqt_bag_plugins:/home/vidisha/ros2_humble/install/rqt_bag:/home/vidisha/ros2_humble/install/ros2bag:/home/vidisha/ros2_humble/install/tracetools_test:/home/vidisha/ros2_humble/install/tracetools_launch:/home/vidisha/ros2_humble/install/topic_monitor:/home/vidisha/ros2_humble/install/tf2_tools:/home/vidisha/ros2_humble/install/examples_tf2_py:/home/vidisha/ros2_humble/install/tf2_ros_py:/home/vidisha/ros2_humble/install/sros2:/home/vidisha/ros2_humble/install/rqt_topic:/home/vidisha/ros2_humble/install/rqt_srv:/home/vidisha/ros2_humble/install/rqt_shell:/home/vidisha/ros2_humble/install/rqt_service_caller:/home/vidisha/ros2_humble/install/rqt_reconfigure:/home/vidisha/ros2_humble/install/rqt_py_console:/home/vidisha/ros2_humble/install/rqt_publisher:/home/vidisha/ros2_humble/install/rqt_plot:/home/vidisha/ros2_humble/install/rqt_action:/home/vidisha/ros2_humble/install/rqt_msg:/home/vidisha/ros2_humble/install/rqt_console:/home/vidisha/ros2_humble/install/rqt:/home/vidisha/ros2_humble/install/rqt_graph:/home/vidisha/ros2_humble/install/rqt_gui_py:/home/vidisha/ros2_humble/install/rqt_gui:/home/vidisha/ros2_humble/install/ros2trace:/home/vidisha/ros2_humble/install/ros2topic:/home/vidisha/ros2_humble/install/ros2test:/home/vidisha/ros2_humble/install/ros2component:/home/vidisha/ros2_humble/install/ros2param:/home/vidisha/ros2_humble/install/ros2lifecycle:/home/vidisha/ros2_humble/install/ros2service:/home/vidisha/ros2_humble/install/ros2run:/home/vidisha/ros2_humble/install/ros2launch:/home/vidisha/ros2_humble/install/ros2pkg:/home/vidisha/ros2_humble/install/ros2node:/home/vidisha/ros2_humble/install/ros2multicast:/home/vidisha/ros2_humble/install/ros2interface:/home/vidisha/ros2_humble/install/ros2doctor:/home/vidisha/ros2_humble/install/ros2action:/home/vidisha/ros2_humble/install/ros2cli:/home/vidisha/ros2_humble/install/quality_of_service_demo_py:/home/vidisha/ros2_humble/install/lifecycle_py:/home/vidisha/ros2_humble/install/launch_testing_ros:/home/vidisha/ros2_humble/install/launch_ros:/home/vidisha/ros2_humble/install/examples_rclpy_pointcloud_publisher:/home/vidisha/ros2_humble/install/examples_rclpy_minimal_subscriber:/home/vidisha/ros2_humble/install/examples_rclpy_minimal_service:/home/vidisha/ros2_humble/install/examples_rclpy_minimal_publisher:/home/vidisha/ros2_humble/install/examples_rclpy_minimal_client:/home/vidisha/ros2_humble/install/examples_rclpy_minimal_action_server:/home/vidisha/ros2_humble/install/examples_rclpy_minimal_action_client:/home/vidisha/ros2_humble/install/examples_rclpy_guard_conditions:/home/vidisha/ros2_humble/install/examples_rclpy_executors:/home/vidisha/ros2_humble/install/demo_nodes_py:/home/vidisha/ros2_humble/install/action_tutorials_py:/home/vidisha/ros2_humble/install/ament_uncrustify:/home/vidisha/ros2_humble/install/tracetools_trace:/home/vidisha/ros2_humble/install/tracetools_read:/home/vidisha/ros2_humble/install/test_tracetools_launch:/home/vidisha/ros2_humble/install/test_launch_ros:/home/vidisha/ros2_humble/install/sensor_msgs_py:/home/vidisha/ros2_humble/install/rpyutils:/home/vidisha/ros2_humble/install/rosidl_runtime_py:/home/vidisha/ros2_humble/install/rosidl_cli:/home/vidisha/ros2_humble/install/launch_pytest:/home/vidisha/ros2_humble/install/launch_testing:/home/vidisha/ros2_humble/install/launch_yaml:/home/vidisha/ros2_humble/install/launch_xml:/home/vidisha/ros2_humble/install/launch:/home/vidisha/ros2_humble/install/osrf_pycommon:/home/vidisha/ros2_humble/install/launch_testing_examples:/home/vidisha/ros2_humble/install/domain_coordinator:/home/vidisha/ros2_humble/install/ament_xmllint:/home/vidisha/ros2_humble/install/ament_pyflakes:/home/vidisha/ros2_humble/install/ament_pycodestyle:/home/vidisha/ros2_humble/install/ament_pep257:/home/vidisha/ros2_humble/install/ament_pclint:/home/vidisha/ros2_humble/install/ament_package:/home/vidisha/ros2_humble/install/ament_mypy:/home/vidisha/ros2_humble/install/ament_lint_cmake:/home/vidisha/ros2_humble/install/ament_flake8:/home/vidisha/ros2_humble/install/ament_copyright:/home/vidisha/ros2_humble/install/ament_lint:/home/vidisha/ros2_humble/install/ament_index_python:/home/vidisha/ros2_humble/install/ament_cpplint:/home/vidisha/ros2_humble/install/ament_cppcheck:/home/vidisha/ros2_humble/install/ament_clang_tidy:/home/vidisha/ros2_humble/install/ament_clang_format /usr/bin/cmake --build /home/vidisha/Titanium/titanium_ws/build/simulator_interfaces -- -j12 -l12
[3.336s] DEBUG:colcon.colcon_core.event_handler.log_command:Invoking command in '/home/vidisha/Titanium/titanium_ws/src/ROS-TCP-Endpoint': PYTHONPATH=/home/vidisha/Titanium/titanium_ws/build/ros_tcp_endpoint/prefix_override:/home/vidisha/Titanium/titanium_ws/install/ros_tcp_endpoint/lib/python3.8/site-packages:${PYTHONPATH} /usr/bin/python3 setup.py egg_info --egg-base ../../build/ros_tcp_endpoint build --build-base /home/vidisha/Titanium/titanium_ws/build/ros_tcp_endpoint/build install --record /home/vidisha/Titanium/titanium_ws/build/ros_tcp_endpoint/install.log --install-scripts $base/lib/ros_tcp_endpoint --single-version-externally-managed
[3.338s] DEBUG:colcon.colcon_core.event_handler.log_command:Invoked command in '/home/vidisha/Titanium/titanium_ws/build/simulator_interfaces' returned '0': CMAKE_PREFIX_PATH=${CMAKE_PREFIX_PATH}:/home/vidisha/Titanium/titanium_ws/install/simulator_msgs:/home/vidisha/Titanium/titanium_ws/install/simulator:/home/vidisha/Titanium/titanium_ws/install/ros_tcp_endpoint:/home/vidisha/ros2_humble/install/rqt_bag_plugins:/home/vidisha/ros2_humble/install/rqt_bag:/home/vidisha/ros2_humble/install/ros2bag:/home/vidisha/ros2_humble/install/tracetools_test:/home/vidisha/ros2_humble/install/tracetools_launch:/home/vidisha/ros2_humble/install/topic_monitor:/home/vidisha/ros2_humble/install/tf2_tools:/home/vidisha/ros2_humble/install/examples_tf2_py:/home/vidisha/ros2_humble/install/tf2_ros_py:/home/vidisha/ros2_humble/install/sros2:/home/vidisha/ros2_humble/install/rqt_topic:/home/vidisha/ros2_humble/install/rqt_srv:/home/vidisha/ros2_humble/install/rqt_shell:/home/vidisha/ros2_humble/install/rqt_service_caller:/home/vidisha/ros2_humble/install/rqt_reconfigure:/home/vidisha/ros2_humble/install/rqt_py_console:/home/vidisha/ros2_humble/install/rqt_publisher:/home/vidisha/ros2_humble/install/rqt_plot:/home/vidisha/ros2_humble/install/rqt_action:/home/vidisha/ros2_humble/install/rqt_msg:/home/vidisha/ros2_humble/install/rqt_console:/home/vidisha/ros2_humble/install/rqt:/home/vidisha/ros2_humble/install/rqt_graph:/home/vidisha/ros2_humble/install/rqt_gui_py:/home/vidisha/ros2_humble/install/rqt_gui:/home/vidisha/ros2_humble/install/ros2trace:/home/vidisha/ros2_humble/install/ros2topic:/home/vidisha/ros2_humble/install/ros2test:/home/vidisha/ros2_humble/install/ros2component:/home/vidisha/ros2_humble/install/ros2param:/home/vidisha/ros2_humble/install/ros2lifecycle:/home/vidisha/ros2_humble/install/ros2service:/home/vidisha/ros2_humble/install/ros2run:/home/vidisha/ros2_humble/install/ros2launch:/home/vidisha/ros2_humble/install/ros2pkg:/home/vidisha/ros2_humble/install/ros2node:/home/vidisha/ros2_humble/install/ros2multicast:/home/vidisha/ros2_humble/install/ros2interface:/home/vidisha/ros2_humble/install/ros2doctor:/home/vidisha/ros2_humble/install/ros2action:/home/vidisha/ros2_humble/install/ros2cli:/home/vidisha/ros2_humble/install/quality_of_service_demo_py:/home/vidisha/ros2_humble/install/lifecycle_py:/home/vidisha/ros2_humble/install/launch_testing_ros:/home/vidisha/ros2_humble/install/launch_ros:/home/vidisha/ros2_humble/install/examples_rclpy_pointcloud_publisher:/home/vidisha/ros2_humble/install/examples_rclpy_minimal_subscriber:/home/vidisha/ros2_humble/install/examples_rclpy_minimal_service:/home/vidisha/ros2_humble/install/examples_rclpy_minimal_publisher:/home/vidisha/ros2_humble/install/examples_rclpy_minimal_client:/home/vidisha/ros2_humble/install/examples_rclpy_minimal_action_server:/home/vidisha/ros2_humble/install/examples_rclpy_minimal_action_client:/home/vidisha/ros2_humble/install/examples_rclpy_guard_conditions:/home/vidisha/ros2_humble/install/examples_rclpy_executors:/home/vidisha/ros2_humble/install/demo_nodes_py:/home/vidisha/ros2_humble/install/action_tutorials_py:/home/vidisha/ros2_humble/install/ament_uncrustify:/home/vidisha/ros2_humble/install/tracetools_trace:/home/vidisha/ros2_humble/install/tracetools_read:/home/vidisha/ros2_humble/install/test_tracetools_launch:/home/vidisha/ros2_humble/install/test_launch_ros:/home/vidisha/ros2_humble/install/sensor_msgs_py:/home/vidisha/ros2_humble/install/rpyutils:/home/vidisha/ros2_humble/install/rosidl_runtime_py:/home/vidisha/ros2_humble/install/rosidl_cli:/home/vidisha/ros2_humble/install/launch_pytest:/home/vidisha/ros2_humble/install/launch_testing:/home/vidisha/ros2_humble/install/launch_yaml:/home/vidisha/ros2_humble/install/launch_xml:/home/vidisha/ros2_humble/install/launch:/home/vidisha/ros2_humble/install/osrf_pycommon:/home/vidisha/ros2_humble/install/launch_testing_examples:/home/vidisha/ros2_humble/install/domain_coordinator:/home/vidisha/ros2_humble/install/ament_xmllint:/home/vidisha/ros2_humble/install/ament_pyflakes:/home/vidisha/ros2_humble/install/ament_pycodestyle:/home/vidisha/ros2_humble/install/ament_pep257:/home/vidisha/ros2_humble/install/ament_pclint:/home/vidisha/ros2_humble/install/ament_package:/home/vidisha/ros2_humble/install/ament_mypy:/home/vidisha/ros2_humble/install/ament_lint_cmake:/home/vidisha/ros2_humble/install/ament_flake8:/home/vidisha/ros2_humble/install/ament_copyright:/home/vidisha/ros2_humble/install/ament_lint:/home/vidisha/ros2_humble/install/ament_index_python:/home/vidisha/ros2_humble/install/ament_cpplint:/home/vidisha/ros2_humble/install/ament_cppcheck:/home/vidisha/ros2_humble/install/ament_clang_tidy:/home/vidisha/ros2_humble/install/ament_clang_format /usr/bin/cmake --build /home/vidisha/Titanium/titanium_ws/build/simulator_interfaces -- -j12 -l12
[3.347s] DEBUG:colcon.colcon_core.event_handler.log_command:Invoking command in '/home/vidisha/Titanium/titanium_ws/src/simulator': PYTHONPATH=/home/vidisha/Titanium/titanium_ws/build/simulator/prefix_override:/home/vidisha/Titanium/titanium_ws/install/simulator/lib/python3.8/site-packages:${PYTHONPATH} /usr/bin/python3 setup.py egg_info --egg-base ../../build/simulator build --build-base /home/vidisha/Titanium/titanium_ws/build/simulator/build install --record /home/vidisha/Titanium/titanium_ws/build/simulator/install.log --single-version-externally-managed
[3.583s] DEBUG:colcon.colcon_core.event_handler.log_command:Invoking command in '/home/vidisha/Titanium/titanium_ws/build/simulator_interfaces': CMAKE_PREFIX_PATH=${CMAKE_PREFIX_PATH}:/home/vidisha/Titanium/titanium_ws/install/simulator_msgs:/home/vidisha/Titanium/titanium_ws/install/simulator:/home/vidisha/Titanium/titanium_ws/install/ros_tcp_endpoint:/home/vidisha/ros2_humble/install/rqt_bag_plugins:/home/vidisha/ros2_humble/install/rqt_bag:/home/vidisha/ros2_humble/install/ros2bag:/home/vidisha/ros2_humble/install/tracetools_test:/home/vidisha/ros2_humble/install/tracetools_launch:/home/vidisha/ros2_humble/install/topic_monitor:/home/vidisha/ros2_humble/install/tf2_tools:/home/vidisha/ros2_humble/install/examples_tf2_py:/home/vidisha/ros2_humble/install/tf2_ros_py:/home/vidisha/ros2_humble/install/sros2:/home/vidisha/ros2_humble/install/rqt_topic:/home/vidisha/ros2_humble/install/rqt_srv:/home/vidisha/ros2_humble/install/rqt_shell:/home/vidisha/ros2_humble/install/rqt_service_caller:/home/vidisha/ros2_humble/install/rqt_reconfigure:/home/vidisha/ros2_humble/install/rqt_py_console:/home/vidisha/ros2_humble/install/rqt_publisher:/home/vidisha/ros2_humble/install/rqt_plot:/home/vidisha/ros2_humble/install/rqt_action:/home/vidisha/ros2_humble/install/rqt_msg:/home/vidisha/ros2_humble/install/rqt_console:/home/vidisha/ros2_humble/install/rqt:/home/vidisha/ros2_humble/install/rqt_graph:/home/vidisha/ros2_humble/install/rqt_gui_py:/home/vidisha/ros2_humble/install/rqt_gui:/home/vidisha/ros2_humble/install/ros2trace:/home/vidisha/ros2_humble/install/ros2topic:/home/vidisha/ros2_humble/install/ros2test:/home/vidisha/ros2_humble/install/ros2component:/home/vidisha/ros2_humble/install/ros2param:/home/vidisha/ros2_humble/install/ros2lifecycle:/home/vidisha/ros2_humble/install/ros2service:/home/vidisha/ros2_humble/install/ros2run:/home/vidisha/ros2_humble/install/ros2launch:/home/vidisha/ros2_humble/install/ros2pkg:/home/vidisha/ros2_humble/install/ros2node:/home/vidisha/ros2_humble/install/ros2multicast:/home/vidisha/ros2_humble/install/ros2interface:/home/vidisha/ros2_humble/install/ros2doctor:/home/vidisha/ros2_humble/install/ros2action:/home/vidisha/ros2_humble/install/ros2cli:/home/vidisha/ros2_humble/install/quality_of_service_demo_py:/home/vidisha/ros2_humble/install/lifecycle_py:/home/vidisha/ros2_humble/install/launch_testing_ros:/home/vidisha/ros2_humble/install/launch_ros:/home/vidisha/ros2_humble/install/examples_rclpy_pointcloud_publisher:/home/vidisha/ros2_humble/install/examples_rclpy_minimal_subscriber:/home/vidisha/ros2_humble/install/examples_rclpy_minimal_service:/home/vidisha/ros2_humble/install/examples_rclpy_minimal_publisher:/home/vidisha/ros2_humble/install/examples_rclpy_minimal_client:/home/vidisha/ros2_humble/install/examples_rclpy_minimal_action_server:/home/vidisha/ros2_humble/install/examples_rclpy_minimal_action_client:/home/vidisha/ros2_humble/install/examples_rclpy_guard_conditions:/home/vidisha/ros2_humble/install/examples_rclpy_executors:/home/vidisha/ros2_humble/install/demo_nodes_py:/home/vidisha/ros2_humble/install/action_tutorials_py:/home/vidisha/ros2_humble/install/ament_uncrustify:/home/vidisha/ros2_humble/install/tracetools_trace:/home/vidisha/ros2_humble/install/tracetools_read:/home/vidisha/ros2_humble/install/test_tracetools_launch:/home/vidisha/ros2_humble/install/test_launch_ros:/home/vidisha/ros2_humble/install/sensor_msgs_py:/home/vidisha/ros2_humble/install/rpyutils:/home/vidisha/ros2_humble/install/rosidl_runtime_py:/home/vidisha/ros2_humble/install/rosidl_cli:/home/vidisha/ros2_humble/install/launch_pytest:/home/vidisha/ros2_humble/install/launch_testing:/home/vidisha/ros2_humble/install/launch_yaml:/home/vidisha/ros2_humble/install/launch_xml:/home/vidisha/ros2_humble/install/launch:/home/vidisha/ros2_humble/install/osrf_pycommon:/home/vidisha/ros2_humble/install/launch_testing_examples:/home/vidisha/ros2_humble/install/domain_coordinator:/home/vidisha/ros2_humble/install/ament_xmllint:/home/vidisha/ros2_humble/install/ament_pyflakes:/home/vidisha/ros2_humble/install/ament_pycodestyle:/home/vidisha/ros2_humble/install/ament_pep257:/home/vidisha/ros2_humble/install/ament_pclint:/home/vidisha/ros2_humble/install/ament_package:/home/vidisha/ros2_humble/install/ament_mypy:/home/vidisha/ros2_humble/install/ament_lint_cmake:/home/vidisha/ros2_humble/install/ament_flake8:/home/vidisha/ros2_humble/install/ament_copyright:/home/vidisha/ros2_humble/install/ament_lint:/home/vidisha/ros2_humble/install/ament_index_python:/home/vidisha/ros2_humble/install/ament_cpplint:/home/vidisha/ros2_humble/install/ament_cppcheck:/home/vidisha/ros2_humble/install/ament_clang_tidy:/home/vidisha/ros2_humble/install/ament_clang_format /usr/bin/cmake --install /home/vidisha/Titanium/titanium_ws/build/simulator_interfaces
[4.091s] Level 1:colcon.colcon_core.environment:create_environment_scripts_only(simulator_interfaces)
[4.092s] DEBUG:colcon.colcon_core.event_handler.log_command:Invoked command in '/home/vidisha/Titanium/titanium_ws/build/simulator_interfaces' returned '0': CMAKE_PREFIX_PATH=${CMAKE_PREFIX_PATH}:/home/vidisha/Titanium/titanium_ws/install/simulator_msgs:/home/vidisha/Titanium/titanium_ws/install/simulator:/home/vidisha/Titanium/titanium_ws/install/ros_tcp_endpoint:/home/vidisha/ros2_humble/install/rqt_bag_plugins:/home/vidisha/ros2_humble/install/rqt_bag:/home/vidisha/ros2_humble/install/ros2bag:/home/vidisha/ros2_humble/install/tracetools_test:/home/vidisha/ros2_humble/install/tracetools_launch:/home/vidisha/ros2_humble/install/topic_monitor:/home/vidisha/ros2_humble/install/tf2_tools:/home/vidisha/ros2_humble/install/examples_tf2_py:/home/vidisha/ros2_humble/install/tf2_ros_py:/home/vidisha/ros2_humble/install/sros2:/home/vidisha/ros2_humble/install/rqt_topic:/home/vidisha/ros2_humble/install/rqt_srv:/home/vidisha/ros2_humble/install/rqt_shell:/home/vidisha/ros2_humble/install/rqt_service_caller:/home/vidisha/ros2_humble/install/rqt_reconfigure:/home/vidisha/ros2_humble/install/rqt_py_console:/home/vidisha/ros2_humble/install/rqt_publisher:/home/vidisha/ros2_humble/install/rqt_plot:/home/vidisha/ros2_humble/install/rqt_action:/home/vidisha/ros2_humble/install/rqt_msg:/home/vidisha/ros2_humble/install/rqt_console:/home/vidisha/ros2_humble/install/rqt:/home/vidisha/ros2_humble/install/rqt_graph:/home/vidisha/ros2_humble/install/rqt_gui_py:/home/vidisha/ros2_humble/install/rqt_gui:/home/vidisha/ros2_humble/install/ros2trace:/home/vidisha/ros2_humble/install/ros2topic:/home/vidisha/ros2_humble/install/ros2test:/home/vidisha/ros2_humble/install/ros2component:/home/vidisha/ros2_humble/install/ros2param:/home/vidisha/ros2_humble/install/ros2lifecycle:/home/vidisha/ros2_humble/install/ros2service:/home/vidisha/ros2_humble/install/ros2run:/home/vidisha/ros2_humble/install/ros2launch:/home/vidisha/ros2_humble/install/ros2pkg:/home/vidisha/ros2_humble/install/ros2node:/home/vidisha/ros2_humble/install/ros2multicast:/home/vidisha/ros2_humble/install/ros2interface:/home/vidisha/ros2_humble/install/ros2doctor:/home/vidisha/ros2_humble/install/ros2action:/home/vidisha/ros2_humble/install/ros2cli:/home/vidisha/ros2_humble/install/quality_of_service_demo_py:/home/vidisha/ros2_humble/install/lifecycle_py:/home/vidisha/ros2_humble/install/launch_testing_ros:/home/vidisha/ros2_humble/install/launch_ros:/home/vidisha/ros2_humble/install/examples_rclpy_pointcloud_publisher:/home/vidisha/ros2_humble/install/examples_rclpy_minimal_subscriber:/home/vidisha/ros2_humble/install/examples_rclpy_minimal_service:/home/vidisha/ros2_humble/install/examples_rclpy_minimal_publisher:/home/vidisha/ros2_humble/install/examples_rclpy_minimal_client:/home/vidisha/ros2_humble/install/examples_rclpy_minimal_action_server:/home/vidisha/ros2_humble/install/examples_rclpy_minimal_action_client:/home/vidisha/ros2_humble/install/examples_rclpy_guard_conditions:/home/vidisha/ros2_humble/install/examples_rclpy_executors:/home/vidisha/ros2_humble/install/demo_nodes_py:/home/vidisha/ros2_humble/install/action_tutorials_py:/home/vidisha/ros2_humble/install/ament_uncrustify:/home/vidisha/ros2_humble/install/tracetools_trace:/home/vidisha/ros2_humble/install/tracetools_read:/home/vidisha/ros2_humble/install/test_tracetools_launch:/home/vidisha/ros2_humble/install/test_launch_ros:/home/vidisha/ros2_humble/install/sensor_msgs_py:/home/vidisha/ros2_humble/install/rpyutils:/home/vidisha/ros2_humble/install/rosidl_runtime_py:/home/vidisha/ros2_humble/install/rosidl_cli:/home/vidisha/ros2_humble/install/launch_pytest:/home/vidisha/ros2_humble/install/launch_testing:/home/vidisha/ros2_humble/install/launch_yaml:/home/vidisha/ros2_humble/install/launch_xml:/home/vidisha/ros2_humble/install/launch:/home/vidisha/ros2_humble/install/osrf_pycommon:/home/vidisha/ros2_humble/install/launch_testing_examples:/home/vidisha/ros2_humble/install/domain_coordinator:/home/vidisha/ros2_humble/install/ament_xmllint:/home/vidisha/ros2_humble/install/ament_pyflakes:/home/vidisha/ros2_humble/install/ament_pycodestyle:/home/vidisha/ros2_humble/install/ament_pep257:/home/vidisha/ros2_humble/install/ament_pclint:/home/vidisha/ros2_humble/install/ament_package:/home/vidisha/ros2_humble/install/ament_mypy:/home/vidisha/ros2_humble/install/ament_lint_cmake:/home/vidisha/ros2_humble/install/ament_flake8:/home/vidisha/ros2_humble/install/ament_copyright:/home/vidisha/ros2_humble/install/ament_lint:/home/vidisha/ros2_humble/install/ament_index_python:/home/vidisha/ros2_humble/install/ament_cpplint:/home/vidisha/ros2_humble/install/ament_cppcheck:/home/vidisha/ros2_humble/install/ament_clang_tidy:/home/vidisha/ros2_humble/install/ament_clang_format /usr/bin/cmake --install /home/vidisha/Titanium/titanium_ws/build/simulator_interfaces
[4.104s] Level 1:colcon.colcon_core.environment:checking '/home/vidisha/Titanium/titanium_ws/install/simulator_interfaces' for CMake module files
[4.104s] Level 1:colcon.colcon_core.environment:checking '/home/vidisha/Titanium/titanium_ws/install/simulator_interfaces' for CMake config files
[4.105s] Level 1:colcon.colcon_core.shell:create_environment_hook('simulator_interfaces', 'cmake_prefix_path')
[4.109s] INFO:colcon.colcon_core.shell:Creating environment hook '/home/vidisha/Titanium/titanium_ws/install/simulator_interfaces/share/simulator_interfaces/hook/cmake_prefix_path.ps1'
[4.110s] INFO:colcon.colcon_core.shell:Creating environment descriptor '/home/vidisha/Titanium/titanium_ws/install/simulator_interfaces/share/simulator_interfaces/hook/cmake_prefix_path.dsv'
[4.110s] INFO:colcon.colcon_core.shell:Creating environment hook '/home/vidisha/Titanium/titanium_ws/install/simulator_interfaces/share/simulator_interfaces/hook/cmake_prefix_path.sh'
[4.111s] Level 1:colcon.colcon_core.environment:checking '/home/vidisha/Titanium/titanium_ws/install/simulator_interfaces/lib'
[4.111s] Level 1:colcon.colcon_core.shell:create_environment_hook('simulator_interfaces', 'ld_library_path_lib')
[4.116s] INFO:colcon.colcon_core.shell:Creating environment hook '/home/vidisha/Titanium/titanium_ws/install/simulator_interfaces/share/simulator_interfaces/hook/ld_library_path_lib.ps1'
[4.116s] INFO:colcon.colcon_core.shell:Creating environment descriptor '/home/vidisha/Titanium/titanium_ws/install/simulator_interfaces/share/simulator_interfaces/hook/ld_library_path_lib.dsv'
[4.116s] INFO:colcon.colcon_core.shell:Creating environment hook '/home/vidisha/Titanium/titanium_ws/install/simulator_interfaces/share/simulator_interfaces/hook/ld_library_path_lib.sh'
[4.117s] Level 1:colcon.colcon_core.environment:checking '/home/vidisha/Titanium/titanium_ws/install/simulator_interfaces/bin'
[4.117s] Level 1:colcon.colcon_core.environment:checking '/home/vidisha/Titanium/titanium_ws/install/simulator_interfaces/lib/pkgconfig/simulator_interfaces.pc'
[4.117s] Level 1:colcon.colcon_core.environment:checking '/home/vidisha/Titanium/titanium_ws/install/simulator_interfaces/lib/python3.8/site-packages'
[4.117s] Level 1:colcon.colcon_core.shell:create_environment_hook('simulator_interfaces', 'pythonpath')
[4.121s] INFO:colcon.colcon_core.shell:Creating environment hook '/home/vidisha/Titanium/titanium_ws/install/simulator_interfaces/share/simulator_interfaces/hook/pythonpath.ps1'
[4.121s] INFO:colcon.colcon_core.shell:Creating environment descriptor '/home/vidisha/Titanium/titanium_ws/install/simulator_interfaces/share/simulator_interfaces/hook/pythonpath.dsv'
[4.122s] INFO:colcon.colcon_core.shell:Creating environment hook '/home/vidisha/Titanium/titanium_ws/install/simulator_interfaces/share/simulator_interfaces/hook/pythonpath.sh'
[4.123s] Level 1:colcon.colcon_core.environment:checking '/home/vidisha/Titanium/titanium_ws/install/simulator_interfaces/bin'
[4.127s] INFO:colcon.colcon_core.shell:Creating package script '/home/vidisha/Titanium/titanium_ws/install/simulator_interfaces/share/simulator_interfaces/package.ps1'
[4.128s] INFO:colcon.colcon_core.shell:Creating package descriptor '/home/vidisha/Titanium/titanium_ws/install/simulator_interfaces/share/simulator_interfaces/package.dsv'
[4.128s] INFO:colcon.colcon_core.shell:Creating package script '/home/vidisha/Titanium/titanium_ws/install/simulator_interfaces/share/simulator_interfaces/package.sh'
[4.129s] INFO:colcon.colcon_core.shell:Creating package script '/home/vidisha/Titanium/titanium_ws/install/simulator_interfaces/share/simulator_interfaces/package.bash'
[4.129s] INFO:colcon.colcon_core.shell:Creating package script '/home/vidisha/Titanium/titanium_ws/install/simulator_interfaces/share/simulator_interfaces/package.zsh'
[4.130s] Level 1:colcon.colcon_core.environment:create_file_with_runtime_dependencies(/home/vidisha/Titanium/titanium_ws/install/simulator_interfaces/share/colcon-core/packages/simulator_interfaces)
[4.212s] Level 1:colcon.colcon_core.environment:checking '/home/vidisha/Titanium/titanium_ws/install/ros_tcp_endpoint' for CMake module files
[4.212s] DEBUG:colcon.colcon_core.event_handler.log_command:Invoked command in '/home/vidisha/Titanium/titanium_ws/src/ROS-TCP-Endpoint' returned '0': PYTHONPATH=/home/vidisha/Titanium/titanium_ws/build/ros_tcp_endpoint/prefix_override:/home/vidisha/Titanium/titanium_ws/install/ros_tcp_endpoint/lib/python3.8/site-packages:${PYTHONPATH} /usr/bin/python3 setup.py egg_info --egg-base ../../build/ros_tcp_endpoint build --build-base /home/vidisha/Titanium/titanium_ws/build/ros_tcp_endpoint/build install --record /home/vidisha/Titanium/titanium_ws/build/ros_tcp_endpoint/install.log --install-scripts $base/lib/ros_tcp_endpoint --single-version-externally-managed
[4.213s] Level 1:colcon.colcon_core.environment:checking '/home/vidisha/Titanium/titanium_ws/install/ros_tcp_endpoint' for CMake config files
[4.213s] Level 1:colcon.colcon_core.environment:checking '/home/vidisha/Titanium/titanium_ws/install/ros_tcp_endpoint/lib'
[4.213s] Level 1:colcon.colcon_core.environment:checking '/home/vidisha/Titanium/titanium_ws/install/ros_tcp_endpoint/bin'
[4.213s] Level 1:colcon.colcon_core.environment:checking '/home/vidisha/Titanium/titanium_ws/install/ros_tcp_endpoint/lib/pkgconfig/ros_tcp_endpoint.pc'
[4.214s] Level 1:colcon.colcon_core.environment:checking '/home/vidisha/Titanium/titanium_ws/install/ros_tcp_endpoint/lib/python3.8/site-packages'
[4.214s] Level 1:colcon.colcon_core.shell:create_environment_hook('ros_tcp_endpoint', 'pythonpath')
[4.219s] INFO:colcon.colcon_core.shell:Creating environment hook '/home/vidisha/Titanium/titanium_ws/install/ros_tcp_endpoint/share/ros_tcp_endpoint/hook/pythonpath.ps1'
[4.220s] INFO:colcon.colcon_core.shell:Creating environment descriptor '/home/vidisha/Titanium/titanium_ws/install/ros_tcp_endpoint/share/ros_tcp_endpoint/hook/pythonpath.dsv'
[4.220s] INFO:colcon.colcon_core.shell:Creating environment hook '/home/vidisha/Titanium/titanium_ws/install/ros_tcp_endpoint/share/ros_tcp_endpoint/hook/pythonpath.sh'
[4.220s] Level 1:colcon.colcon_core.environment:checking '/home/vidisha/Titanium/titanium_ws/install/ros_tcp_endpoint/bin'
[4.221s] Level 1:colcon.colcon_core.environment:create_environment_scripts_only(ros_tcp_endpoint)
[4.225s] INFO:colcon.colcon_core.shell:Creating package script '/home/vidisha/Titanium/titanium_ws/install/ros_tcp_endpoint/share/ros_tcp_endpoint/package.ps1'
[4.225s] INFO:colcon.colcon_core.shell:Creating package descriptor '/home/vidisha/Titanium/titanium_ws/install/ros_tcp_endpoint/share/ros_tcp_endpoint/package.dsv'
[4.225s] INFO:colcon.colcon_core.shell:Creating package script '/home/vidisha/Titanium/titanium_ws/install/ros_tcp_endpoint/share/ros_tcp_endpoint/package.sh'
[4.226s] INFO:colcon.colcon_core.shell:Creating package script '/home/vidisha/Titanium/titanium_ws/install/ros_tcp_endpoint/share/ros_tcp_endpoint/package.bash'
[4.226s] INFO:colcon.colcon_core.shell:Creating package script '/home/vidisha/Titanium/titanium_ws/install/ros_tcp_endpoint/share/ros_tcp_endpoint/package.zsh'
[4.226s] Level 1:colcon.colcon_core.environment:create_file_with_runtime_dependencies(/home/vidisha/Titanium/titanium_ws/install/ros_tcp_endpoint/share/colcon-core/packages/ros_tcp_endpoint)
[4.233s] Level 1:colcon.colcon_core.environment:checking '/home/vidisha/Titanium/titanium_ws/install/simulator' for CMake module files
[4.234s] DEBUG:colcon.colcon_core.event_handler.log_command:Invoked command in '/home/vidisha/Titanium/titanium_ws/src/simulator' returned '0': PYTHONPATH=/home/vidisha/Titanium/titanium_ws/build/simulator/prefix_override:/home/vidisha/Titanium/titanium_ws/install/simulator/lib/python3.8/site-packages:${PYTHONPATH} /usr/bin/python3 setup.py egg_info --egg-base ../../build/simulator build --build-base /home/vidisha/Titanium/titanium_ws/build/simulator/build install --record /home/vidisha/Titanium/titanium_ws/build/simulator/install.log --single-version-externally-managed
[4.234s] Level 1:colcon.colcon_core.environment:checking '/home/vidisha/Titanium/titanium_ws/install/simulator' for CMake config files
[4.234s] Level 1:colcon.colcon_core.environment:checking '/home/vidisha/Titanium/titanium_ws/install/simulator/lib'
[4.235s] Level 1:colcon.colcon_core.environment:checking '/home/vidisha/Titanium/titanium_ws/install/simulator/bin'
[4.235s] Level 1:colcon.colcon_core.environment:checking '/home/vidisha/Titanium/titanium_ws/install/simulator/lib/pkgconfig/simulator.pc'
[4.235s] Level 1:colcon.colcon_core.environment:checking '/home/vidisha/Titanium/titanium_ws/install/simulator/lib/python3.8/site-packages'
[4.235s] Level 1:colcon.colcon_core.shell:create_environment_hook('simulator', 'pythonpath')
[4.239s] INFO:colcon.colcon_core.shell:Creating environment hook '/home/vidisha/Titanium/titanium_ws/install/simulator/share/simulator/hook/pythonpath.ps1'
[4.239s] INFO:colcon.colcon_core.shell:Creating environment descriptor '/home/vidisha/Titanium/titanium_ws/install/simulator/share/simulator/hook/pythonpath.dsv'
[4.239s] INFO:colcon.colcon_core.shell:Creating environment hook '/home/vidisha/Titanium/titanium_ws/install/simulator/share/simulator/hook/pythonpath.sh'
[4.240s] Level 1:colcon.colcon_core.environment:checking '/home/vidisha/Titanium/titanium_ws/install/simulator/bin'
[4.240s] Level 1:colcon.colcon_core.environment:create_environment_scripts_only(simulator)
[4.244s] INFO:colcon.colcon_core.shell:Creating package script '/home/vidisha/Titanium/titanium_ws/install/simulator/share/simulator/package.ps1'
[4.244s] INFO:colcon.colcon_core.shell:Creating package descriptor '/home/vidisha/Titanium/titanium_ws/install/simulator/share/simulator/package.dsv'
[4.244s] INFO:colcon.colcon_core.shell:Creating package script '/home/vidisha/Titanium/titanium_ws/install/simulator/share/simulator/package.sh'
[4.245s] INFO:colcon.colcon_core.shell:Creating package script '/home/vidisha/Titanium/titanium_ws/install/simulator/share/simulator/package.bash'
[4.245s] INFO:colcon.colcon_core.shell:Creating package script '/home/vidisha/Titanium/titanium_ws/install/simulator/share/simulator/package.zsh'
[4.245s] Level 1:colcon.colcon_core.environment:create_file_with_runtime_dependencies(/home/vidisha/Titanium/titanium_ws/install/simulator/share/colcon-core/packages/simulator)
[4.343s] Level 1:colcon.colcon_core.environment:create_environment_scripts_only(simulator_interfaces)
[4.349s] Level 1:colcon.colcon_core.environment:checking '/home/vidisha/Titanium/titanium_ws/install/simulator_interfaces' for CMake module files
[4.350s] Level 1:colcon.colcon_core.environment:checking '/home/vidisha/Titanium/titanium_ws/install/simulator_interfaces' for CMake config files
[4.350s] Level 1:colcon.colcon_core.shell:create_environment_hook('simulator_interfaces', 'cmake_prefix_path')
[4.354s] INFO:colcon.colcon_core.shell:Creating environment hook '/home/vidisha/Titanium/titanium_ws/install/simulator_interfaces/share/simulator_interfaces/hook/cmake_prefix_path.ps1'
[4.355s] INFO:colcon.colcon_core.shell:Creating environment descriptor '/home/vidisha/Titanium/titanium_ws/install/simulator_interfaces/share/simulator_interfaces/hook/cmake_prefix_path.dsv'
[4.355s] INFO:colcon.colcon_core.shell:Creating environment hook '/home/vidisha/Titanium/titanium_ws/install/simulator_interfaces/share/simulator_interfaces/hook/cmake_prefix_path.sh'
[4.355s] Level 1:colcon.colcon_core.environment:checking '/home/vidisha/Titanium/titanium_ws/install/simulator_interfaces/lib'
[4.355s] Level 1:colcon.colcon_core.shell:create_environment_hook('simulator_interfaces', 'ld_library_path_lib')
[4.359s] INFO:colcon.colcon_core.shell:Creating environment hook '/home/vidisha/Titanium/titanium_ws/install/simulator_interfaces/share/simulator_interfaces/hook/ld_library_path_lib.ps1'
[4.359s] INFO:colcon.colcon_core.shell:Creating environment descriptor '/home/vidisha/Titanium/titanium_ws/install/simulator_interfaces/share/simulator_interfaces/hook/ld_library_path_lib.dsv'
[4.360s] INFO:colcon.colcon_core.shell:Creating environment hook '/home/vidisha/Titanium/titanium_ws/install/simulator_interfaces/share/simulator_interfaces/hook/ld_library_path_lib.sh'
[4.360s] Level 1:colcon.colcon_core.environment:checking '/home/vidisha/Titanium/titanium_ws/install/simulator_interfaces/bin'
[4.360s] Level 1:colcon.colcon_core.environment:checking '/home/vidisha/Titanium/titanium_ws/install/simulator_interfaces/lib/pkgconfig/simulator_interfaces.pc'
[4.360s] Level 1:colcon.colcon_core.environment:checking '/home/vidisha/Titanium/titanium_ws/install/simulator_interfaces/lib/python3.8/site-packages'
[4.360s] Level 1:colcon.colcon_core.shell:create_environment_hook('simulator_interfaces', 'pythonpath')
[4.364s] INFO:colcon.colcon_core.shell:Creating environment hook '/home/vidisha/Titanium/titanium_ws/install/simulator_interfaces/share/simulator_interfaces/hook/pythonpath.ps1'
[4.364s] INFO:colcon.colcon_core.shell:Creating environment descriptor '/home/vidisha/Titanium/titanium_ws/install/simulator_interfaces/share/simulator_interfaces/hook/pythonpath.dsv'
[4.364s] INFO:colcon.colcon_core.shell:Creating environment hook '/home/vidisha/Titanium/titanium_ws/install/simulator_interfaces/share/simulator_interfaces/hook/pythonpath.sh'
[4.365s] Level 1:colcon.colcon_core.environment:checking '/home/vidisha/Titanium/titanium_ws/install/simulator_interfaces/bin'
[4.369s] INFO:colcon.colcon_core.shell:Creating package script '/home/vidisha/Titanium/titanium_ws/install/simulator_interfaces/share/simulator_interfaces/package.ps1'
[4.369s] INFO:colcon.colcon_core.shell:Creating package descriptor '/home/vidisha/Titanium/titanium_ws/install/simulator_interfaces/share/simulator_interfaces/package.dsv'
[4.369s] INFO:colcon.colcon_core.shell:Creating package script '/home/vidisha/Titanium/titanium_ws/install/simulator_interfaces/share/simulator_interfaces/package.sh'
[4.370s] INFO:colcon.colcon_core.shell:Creating package script '/home/vidisha/Titanium/titanium_ws/install/simulator_interfaces/share/simulator_interfaces/package.bash'
[4.370s] INFO:colcon.colcon_core.shell:Creating package script '/home/vidisha/Titanium/titanium_ws/install/simulator_interfaces/share/simulator_interfaces/package.zsh'
[4.370s] Level 1:colcon.colcon_core.environment:create_file_with_runtime_dependencies(/home/vidisha/Titanium/titanium_ws/install/simulator_interfaces/share/colcon-core/packages/simulator_interfaces)
[4.371s] DEBUG:colcon.colcon_parallel_executor.executor.parallel:closing loop
[4.371s] DEBUG:colcon.colcon_parallel_executor.executor.parallel:loop closed
[4.371s] DEBUG:colcon.colcon_parallel_executor.executor.parallel:run_until_complete finished with '0'
[4.371s] DEBUG:colcon.colcon_core.event_reactor:joining thread
[4.382s] INFO:colcon.colcon_core.plugin_system:Skipping extension 'colcon_notification.desktop_notification.terminal_notifier': Not used on non-Darwin systems
[4.382s] INFO:colcon.colcon_core.plugin_system:Skipping extension 'colcon_notification.desktop_notification.win32': Not used on non-Windows systems
[4.382s] INFO:colcon.colcon_notification.desktop_notification:Sending desktop notification using 'notify2'
[4.396s] DEBUG:colcon.colcon_core.event_reactor:joined thread
[4.400s] INFO:colcon.colcon_core.shell:Creating prefix script '/home/vidisha/Titanium/titanium_ws/install/local_setup.ps1'
[4.401s] INFO:colcon.colcon_core.shell:Creating prefix util module '/home/vidisha/Titanium/titanium_ws/install/_local_setup_util_ps1.py'
[4.402s] INFO:colcon.colcon_core.shell:Creating prefix chain script '/home/vidisha/Titanium/titanium_ws/install/setup.ps1'
[4.416s] INFO:colcon.colcon_core.shell:Creating prefix script '/home/vidisha/Titanium/titanium_ws/install/local_setup.sh'
[4.417s] INFO:colcon.colcon_core.shell:Creating prefix util module '/home/vidisha/Titanium/titanium_ws/install/_local_setup_util_sh.py'
[4.418s] INFO:colcon.colcon_core.shell:Creating prefix chain script '/home/vidisha/Titanium/titanium_ws/install/setup.sh'
[4.431s] INFO:colcon.colcon_core.shell:Creating prefix script '/home/vidisha/Titanium/titanium_ws/install/local_setup.bash'
[4.431s] INFO:colcon.colcon_core.shell:Creating prefix chain script '/home/vidisha/Titanium/titanium_ws/install/setup.bash'
[4.444s] INFO:colcon.colcon_core.shell:Creating prefix script '/home/vidisha/Titanium/titanium_ws/install/local_setup.zsh'
[4.445s] INFO:colcon.colcon_core.shell:Creating prefix chain script '/home/vidisha/Titanium/titanium_ws/install/setup.zsh'
