[2.627s] Invoking command in '/home/vidisha/Titanium/titanium_ws/src/simulator': PYTHONPATH=/home/vidisha/Titanium/titanium_ws/build/simulator/prefix_override:/home/vidisha/Titanium/titanium_ws/install/simulator/lib/python3.8/site-packages:${PYTHONPATH} /usr/bin/python3 setup.py egg_info --egg-base ../../build/simulator build --build-base /home/vidisha/Titanium/titanium_ws/build/simulator/build install --record /home/vidisha/Titanium/titanium_ws/build/simulator/install.log --single-version-externally-managed
[3.401s] running egg_info
[3.401s] writing ../../build/simulator/simulator.egg-info/PKG-INFO
[3.401s] writing dependency_links to ../../build/simulator/simulator.egg-info/dependency_links.txt
[3.401s] writing entry points to ../../build/simulator/simulator.egg-info/entry_points.txt
[3.401s] writing requirements to ../../build/simulator/simulator.egg-info/requires.txt
[3.402s] writing top-level names to ../../build/simulator/simulator.egg-info/top_level.txt
[3.438s] reading manifest file '../../build/simulator/simulator.egg-info/SOURCES.txt'
[3.438s] writing manifest file '../../build/simulator/simulator.egg-info/SOURCES.txt'
[3.439s] running build
[3.439s] running build_py
[3.439s] running install
[3.441s] running install_lib
[3.444s] running install_data
[3.445s] running install_egg_info
[3.448s] removing '/home/vidisha/Titanium/titanium_ws/install/simulator/lib/python3.8/site-packages/simulator-0.0.0-py3.8.egg-info' (and everything under it)
[3.448s] Copying ../../build/simulator/simulator.egg-info to /home/vidisha/Titanium/titanium_ws/install/simulator/lib/python3.8/site-packages/simulator-0.0.0-py3.8.egg-info
[3.449s] running install_scripts
[3.476s] writing list of installed files to '/home/vidisha/Titanium/titanium_ws/build/simulator/install.log'
[3.513s] Invoked command in '/home/vidisha/Titanium/titanium_ws/src/simulator' returned '0': PYTHONPATH=/home/vidisha/Titanium/titanium_ws/build/simulator/prefix_override:/home/vidisha/Titanium/titanium_ws/install/simulator/lib/python3.8/site-packages:${PYTHONPATH} /usr/bin/python3 setup.py egg_info --egg-base ../../build/simulator build --build-base /home/vidisha/Titanium/titanium_ws/build/simulator/build install --record /home/vidisha/Titanium/titanium_ws/build/simulator/install.log --single-version-externally-managed
