-- Found ament_cmake: 1.3.5 (/home/vidisha/ros2_humble/install/ament_cmake/share/ament_cmake/cmake)
-- Found rosidl_default_generators: 1.2.0 (/home/vidisha/ros2_humble/install/rosidl_default_generators/share/rosidl_default_generators/cmake)
-- Using all available rosidl_typesupport_c: rosidl_typesupport_introspection_c;rosidl_typesupport_fastrtps_c
-- Found rosidl_adapter: 3.1.4 (/home/vidisha/ros2_humble/install/rosidl_adapter/share/rosidl_adapter/cmake)
-- Using all available rosidl_typesupport_cpp: rosidl_typesupport_introspection_cpp;rosidl_typesupport_fastrtps_cpp
-- Found builtin_interfaces: 1.2.1 (/home/vidisha/ros2_humble/install/builtin_interfaces/share/builtin_interfaces/cmake)
-- Found geometry_msgs: 4.2.3 (/home/vidisha/ros2_humble/install/geometry_msgs/share/geometry_msgs/cmake)
-- Found ament_cmake_ros: 0.10.0 (/home/vidisha/ros2_humble/install/ament_cmake_ros/share/ament_cmake_ros/cmake)
-- Using all available rosidl_typesupport_c: rosidl_typesupport_introspection_c;rosidl_typesupport_fastrtps_c
-- Using all available rosidl_typesupport_cpp: rosidl_typesupport_introspection_cpp;rosidl_typesupport_fastrtps_cpp
-- Found python_cmake_module: 0.10.0 (/home/vidisha/ros2_humble/install/python_cmake_module/share/python_cmake_module/cmake)
-- Using PYTHON_EXECUTABLE: /usr/bin/python3
-- Using PYTHON_INCLUDE_DIRS: /usr/include/python3.8
-- Using PYTHON_LIBRARIES: /usr/lib/x86_64-linux-gnu/libpython3.8.so
-- Found ament_lint_auto: 0.12.6 (/home/vidisha/ros2_humble/install/ament_lint_auto/share/ament_lint_auto/cmake)
-- Added test 'lint_cmake' to check CMake code style
-- Added test 'xmllint' to check XML markup files
-- Configuring done
-- Generating done
-- Build files have been written to: /home/vidisha/Titanium/titanium_ws/build/simulator_interfaces
[  2%] [34m[1mGenerating C code for ROS interfaces[0m
[35m[1mScanning dependencies of target simulator_interfaces__cpp[0m
[  4%] [34m[1mGenerating C++ code for ROS interfaces[0m
[  4%] Built target ament_cmake_python_copy_simulator_interfaces
[35m[1mScanning dependencies of target simulator_interfaces__rosidl_generator_c[0m
running egg_info
writing simulator_interfaces.egg-info/PKG-INFO
writing dependency_links to simulator_interfaces.egg-info/dependency_links.txt
writing top-level names to simulator_interfaces.egg-info/top_level.txt
[  4%] Built target simulator_interfaces__cpp
[  6%] [32mBuilding C object CMakeFiles/simulator_interfaces__rosidl_generator_c.dir/rosidl_generator_c/simulator_interfaces/msg/detail/pos_rot__functions.c.o[0m
[  8%] [32mBuilding C object CMakeFiles/simulator_interfaces__rosidl_generator_c.dir/rosidl_generator_c/simulator_interfaces/msg/detail/tagged_pose_array__functions.c.o[0m
[ 10%] [32mBuilding C object CMakeFiles/simulator_interfaces__rosidl_generator_c.dir/rosidl_generator_c/simulator_interfaces/msg/detail/tagged_pose__functions.c.o[0m
reading manifest file 'simulator_interfaces.egg-info/SOURCES.txt'
writing manifest file 'simulator_interfaces.egg-info/SOURCES.txt'
[ 12%] [34m[1mGenerating C++ type support for eProsima Fast-RTPS[0m
[ 14%] [34m[1mGenerating C++ type support dispatch for ROS interfaces[0m
[ 17%] [34m[1mGenerating C++ introspection for ROS interfaces[0m
[ 17%] Built target ament_cmake_python_build_simulator_interfaces_egg
[ 19%] [32m[1mLinking C shared library libsimulator_interfaces__rosidl_generator_c.so[0m
[ 19%] Built target simulator_interfaces__rosidl_generator_c
[ 23%] [34m[1mGenerating C type support dispatch for ROS interfaces[0m
[ 23%] [34m[1mGenerating C introspection for ROS interfaces[0m
[ 25%] [34m[1mGenerating C type support for eProsima Fast-RTPS[0m
[35m[1mScanning dependencies of target simulator_interfaces__rosidl_typesupport_cpp[0m
[35m[1mScanning dependencies of target simulator_interfaces__rosidl_typesupport_introspection_cpp[0m
[ 27%] [32mBuilding CXX object CMakeFiles/simulator_interfaces__rosidl_typesupport_cpp.dir/rosidl_typesupport_cpp/simulator_interfaces/msg/tagged_pose__type_support.cpp.o[0m
[ 29%] [32mBuilding CXX object CMakeFiles/simulator_interfaces__rosidl_typesupport_cpp.dir/rosidl_typesupport_cpp/simulator_interfaces/msg/pos_rot__type_support.cpp.o[0m
[ 31%] [32mBuilding CXX object CMakeFiles/simulator_interfaces__rosidl_typesupport_cpp.dir/rosidl_typesupport_cpp/simulator_interfaces/msg/tagged_pose_array__type_support.cpp.o[0m
[35m[1mScanning dependencies of target simulator_interfaces__rosidl_typesupport_fastrtps_cpp[0m
[ 34%] [32mBuilding CXX object CMakeFiles/simulator_interfaces__rosidl_typesupport_introspection_cpp.dir/rosidl_typesupport_introspection_cpp/simulator_interfaces/msg/detail/tagged_pose_array__type_support.cpp.o[0m
[ 36%] [32mBuilding CXX object CMakeFiles/simulator_interfaces__rosidl_typesupport_introspection_cpp.dir/rosidl_typesupport_introspection_cpp/simulator_interfaces/msg/detail/pos_rot__type_support.cpp.o[0m
[ 38%] [32mBuilding CXX object CMakeFiles/simulator_interfaces__rosidl_typesupport_introspection_cpp.dir/rosidl_typesupport_introspection_cpp/simulator_interfaces/msg/detail/tagged_pose__type_support.cpp.o[0m
[ 40%] [32mBuilding CXX object CMakeFiles/simulator_interfaces__rosidl_typesupport_fastrtps_cpp.dir/rosidl_typesupport_fastrtps_cpp/simulator_interfaces/msg/detail/dds_fastrtps/tagged_pose__type_support.cpp.o[0m
[ 42%] [32mBuilding CXX object CMakeFiles/simulator_interfaces__rosidl_typesupport_fastrtps_cpp.dir/rosidl_typesupport_fastrtps_cpp/simulator_interfaces/msg/detail/dds_fastrtps/pos_rot__type_support.cpp.o[0m
[ 44%] [32mBuilding CXX object CMakeFiles/simulator_interfaces__rosidl_typesupport_fastrtps_cpp.dir/rosidl_typesupport_fastrtps_cpp/simulator_interfaces/msg/detail/dds_fastrtps/tagged_pose_array__type_support.cpp.o[0m
[35m[1mScanning dependencies of target simulator_interfaces__rosidl_typesupport_c[0m
[ 46%] [32mBuilding CXX object CMakeFiles/simulator_interfaces__rosidl_typesupport_c.dir/rosidl_typesupport_c/simulator_interfaces/msg/pos_rot__type_support.cpp.o[0m
[ 48%] [32mBuilding CXX object CMakeFiles/simulator_interfaces__rosidl_typesupport_c.dir/rosidl_typesupport_c/simulator_interfaces/msg/tagged_pose__type_support.cpp.o[0m
[ 51%] [32m[1mLinking CXX shared library libsimulator_interfaces__rosidl_typesupport_cpp.so[0m
[35m[1mScanning dependencies of target simulator_interfaces__rosidl_typesupport_introspection_c[0m
[ 53%] [32mBuilding CXX object CMakeFiles/simulator_interfaces__rosidl_typesupport_c.dir/rosidl_typesupport_c/simulator_interfaces/msg/tagged_pose_array__type_support.cpp.o[0m
[35m[1mScanning dependencies of target simulator_interfaces__rosidl_typesupport_fastrtps_c[0m
[ 55%] [32mBuilding C object CMakeFiles/simulator_interfaces__rosidl_typesupport_introspection_c.dir/rosidl_typesupport_introspection_c/simulator_interfaces/msg/detail/pos_rot__type_support.c.o[0m
[ 57%] [32mBuilding C object CMakeFiles/simulator_interfaces__rosidl_typesupport_introspection_c.dir/rosidl_typesupport_introspection_c/simulator_interfaces/msg/detail/tagged_pose__type_support.c.o[0m
[ 59%] [32mBuilding C object CMakeFiles/simulator_interfaces__rosidl_typesupport_introspection_c.dir/rosidl_typesupport_introspection_c/simulator_interfaces/msg/detail/tagged_pose_array__type_support.c.o[0m
[ 61%] [32mBuilding CXX object CMakeFiles/simulator_interfaces__rosidl_typesupport_fastrtps_c.dir/rosidl_typesupport_fastrtps_c/simulator_interfaces/msg/detail/pos_rot__type_support_c.cpp.o[0m
[ 63%] [32m[1mLinking CXX shared library libsimulator_interfaces__rosidl_typesupport_c.so[0m
[ 63%] Built target simulator_interfaces__rosidl_typesupport_cpp
[ 65%] [32mBuilding CXX object CMakeFiles/simulator_interfaces__rosidl_typesupport_fastrtps_c.dir/rosidl_typesupport_fastrtps_c/simulator_interfaces/msg/detail/tagged_pose__type_support_c.cpp.o[0m
[ 68%] [32mBuilding CXX object CMakeFiles/simulator_interfaces__rosidl_typesupport_fastrtps_c.dir/rosidl_typesupport_fastrtps_c/simulator_interfaces/msg/detail/tagged_pose_array__type_support_c.cpp.o[0m
[ 70%] [32m[1mLinking C shared library libsimulator_interfaces__rosidl_typesupport_introspection_c.so[0m
[ 70%] Built target simulator_interfaces__rosidl_typesupport_c
[ 70%] Built target simulator_interfaces__rosidl_typesupport_introspection_c
[ 72%] [32m[1mLinking CXX shared library libsimulator_interfaces__rosidl_typesupport_introspection_cpp.so[0m
[ 74%] [32m[1mLinking CXX shared library libsimulator_interfaces__rosidl_typesupport_fastrtps_cpp.so[0m
[ 74%] Built target simulator_interfaces__rosidl_typesupport_introspection_cpp
[ 74%] Built target simulator_interfaces__rosidl_typesupport_fastrtps_cpp
[ 76%] [32m[1mLinking CXX shared library libsimulator_interfaces__rosidl_typesupport_fastrtps_c.so[0m
[ 76%] Built target simulator_interfaces__rosidl_typesupport_fastrtps_c
[ 76%] Built target simulator_interfaces
[35m[1mScanning dependencies of target simulator_interfaces__py[0m
[ 78%] [34m[1mGenerating Python code for ROS interfaces[0m
[ 78%] Built target simulator_interfaces__py
[35m[1mScanning dependencies of target simulator_interfaces__rosidl_generator_py[0m
[ 85%] [32mBuilding C object CMakeFiles/simulator_interfaces__rosidl_generator_py.dir/rosidl_generator_py/simulator_interfaces/msg/_pos_rot_s.c.o[0m
[ 85%] [32mBuilding C object CMakeFiles/simulator_interfaces__rosidl_generator_py.dir/rosidl_generator_py/simulator_interfaces/msg/_tagged_pose_s.c.o[0m
[ 85%] [32mBuilding C object CMakeFiles/simulator_interfaces__rosidl_generator_py.dir/rosidl_generator_py/simulator_interfaces/msg/_tagged_pose_array_s.c.o[0m
[ 87%] [32m[1mLinking C shared library rosidl_generator_py/simulator_interfaces/libsimulator_interfaces__rosidl_generator_py.so[0m
[ 87%] Built target simulator_interfaces__rosidl_generator_py
[35m[1mScanning dependencies of target simulator_interfaces__rosidl_typesupport_c__pyext[0m
[35m[1mScanning dependencies of target simulator_interfaces__rosidl_typesupport_introspection_c__pyext[0m
[35m[1mScanning dependencies of target simulator_interfaces__rosidl_typesupport_fastrtps_c__pyext[0m
[ 91%] [32mBuilding C object CMakeFiles/simulator_interfaces__rosidl_typesupport_c__pyext.dir/rosidl_generator_py/simulator_interfaces/_simulator_interfaces_s.ep.rosidl_typesupport_c.c.o[0m
[ 91%] [32mBuilding C object CMakeFiles/simulator_interfaces__rosidl_typesupport_fastrtps_c__pyext.dir/rosidl_generator_py/simulator_interfaces/_simulator_interfaces_s.ep.rosidl_typesupport_fastrtps_c.c.o[0m
[ 93%] [32mBuilding C object CMakeFiles/simulator_interfaces__rosidl_typesupport_introspection_c__pyext.dir/rosidl_generator_py/simulator_interfaces/_simulator_interfaces_s.ep.rosidl_typesupport_introspection_c.c.o[0m
[ 95%] [32m[1mLinking C shared library rosidl_generator_py/simulator_interfaces/simulator_interfaces_s__rosidl_typesupport_introspection_c.cpython-38-x86_64-linux-gnu.so[0m
[100%] [32m[1mLinking C shared library rosidl_generator_py/simulator_interfaces/simulator_interfaces_s__rosidl_typesupport_c.cpython-38-x86_64-linux-gnu.so[0m
[100%] [32m[1mLinking C shared library rosidl_generator_py/simulator_interfaces/simulator_interfaces_s__rosidl_typesupport_fastrtps_c.cpython-38-x86_64-linux-gnu.so[0m
[100%] Built target simulator_interfaces__rosidl_typesupport_fastrtps_c__pyext
[100%] Built target simulator_interfaces__rosidl_typesupport_c__pyext
[100%] Built target simulator_interfaces__rosidl_typesupport_introspection_c__pyext
-- Install configuration: ""
-- Installing: /home/vidisha/Titanium/titanium_ws/install/simulator_interfaces/share/ament_index/resource_index/rosidl_interfaces/simulator_interfaces
-- Up-to-date: /home/vidisha/Titanium/titanium_ws/install/simulator_interfaces/include/simulator_interfaces/simulator_interfaces
-- Up-to-date: /home/vidisha/Titanium/titanium_ws/install/simulator_interfaces/include/simulator_interfaces/simulator_interfaces/msg
-- Up-to-date: /home/vidisha/Titanium/titanium_ws/install/simulator_interfaces/include/simulator_interfaces/simulator_interfaces/msg/detail
-- Installing: /home/vidisha/Titanium/titanium_ws/install/simulator_interfaces/include/simulator_interfaces/simulator_interfaces/msg/detail/tagged_pose_array__type_support.h
-- Installing: /home/vidisha/Titanium/titanium_ws/install/simulator_interfaces/include/simulator_interfaces/simulator_interfaces/msg/detail/tagged_pose__type_support.h
-- Installing: /home/vidisha/Titanium/titanium_ws/install/simulator_interfaces/include/simulator_interfaces/simulator_interfaces/msg/detail/tagged_pose__struct.h
-- Installing: /home/vidisha/Titanium/titanium_ws/install/simulator_interfaces/include/simulator_interfaces/simulator_interfaces/msg/detail/pos_rot__struct.h
-- Installing: /home/vidisha/Titanium/titanium_ws/install/simulator_interfaces/include/simulator_interfaces/simulator_interfaces/msg/detail/tagged_pose__functions.h
-- Installing: /home/vidisha/Titanium/titanium_ws/install/simulator_interfaces/include/simulator_interfaces/simulator_interfaces/msg/detail/pos_rot__functions.h
-- Installing: /home/vidisha/Titanium/titanium_ws/install/simulator_interfaces/include/simulator_interfaces/simulator_interfaces/msg/detail/tagged_pose_array__functions.h
-- Installing: /home/vidisha/Titanium/titanium_ws/install/simulator_interfaces/include/simulator_interfaces/simulator_interfaces/msg/detail/tagged_pose_array__struct.h
-- Installing: /home/vidisha/Titanium/titanium_ws/install/simulator_interfaces/include/simulator_interfaces/simulator_interfaces/msg/detail/tagged_pose_array__functions.c
-- Installing: /home/vidisha/Titanium/titanium_ws/install/simulator_interfaces/include/simulator_interfaces/simulator_interfaces/msg/detail/pos_rot__type_support.h
-- Installing: /home/vidisha/Titanium/titanium_ws/install/simulator_interfaces/include/simulator_interfaces/simulator_interfaces/msg/detail/tagged_pose__functions.c
-- Installing: /home/vidisha/Titanium/titanium_ws/install/simulator_interfaces/include/simulator_interfaces/simulator_interfaces/msg/detail/pos_rot__functions.c
-- Installing: /home/vidisha/Titanium/titanium_ws/install/simulator_interfaces/include/simulator_interfaces/simulator_interfaces/msg/tagged_pose.h
-- Up-to-date: /home/vidisha/Titanium/titanium_ws/install/simulator_interfaces/include/simulator_interfaces/simulator_interfaces/msg/rosidl_generator_c__visibility_control.h
-- Installing: /home/vidisha/Titanium/titanium_ws/install/simulator_interfaces/include/simulator_interfaces/simulator_interfaces/msg/tagged_pose_array.h
-- Installing: /home/vidisha/Titanium/titanium_ws/install/simulator_interfaces/include/simulator_interfaces/simulator_interfaces/msg/pos_rot.h
-- Up-to-date: /home/vidisha/Titanium/titanium_ws/install/simulator_interfaces/share/simulator_interfaces/environment/library_path.sh
-- Installing: /home/vidisha/Titanium/titanium_ws/install/simulator_interfaces/share/simulator_interfaces/environment/library_path.dsv
-- Installing: /home/vidisha/Titanium/titanium_ws/install/simulator_interfaces/lib/libsimulator_interfaces__rosidl_generator_c.so
-- Set runtime path of "/home/vidisha/Titanium/titanium_ws/install/simulator_interfaces/lib/libsimulator_interfaces__rosidl_generator_c.so" to ""
-- Up-to-date: /home/vidisha/Titanium/titanium_ws/install/simulator_interfaces/include/simulator_interfaces/simulator_interfaces
-- Up-to-date: /home/vidisha/Titanium/titanium_ws/install/simulator_interfaces/include/simulator_interfaces/simulator_interfaces/msg
-- Up-to-date: /home/vidisha/Titanium/titanium_ws/install/simulator_interfaces/include/simulator_interfaces/simulator_interfaces/msg/detail
-- Installing: /home/vidisha/Titanium/titanium_ws/install/simulator_interfaces/include/simulator_interfaces/simulator_interfaces/msg/detail/tagged_pose_array__type_support.c
-- Installing: /home/vidisha/Titanium/titanium_ws/install/simulator_interfaces/include/simulator_interfaces/simulator_interfaces/msg/detail/pos_rot__rosidl_typesupport_introspection_c.h
-- Installing: /home/vidisha/Titanium/titanium_ws/install/simulator_interfaces/include/simulator_interfaces/simulator_interfaces/msg/detail/pos_rot__type_support.c
-- Installing: /home/vidisha/Titanium/titanium_ws/install/simulator_interfaces/include/simulator_interfaces/simulator_interfaces/msg/detail/tagged_pose_array__rosidl_typesupport_introspection_c.h
-- Installing: /home/vidisha/Titanium/titanium_ws/install/simulator_interfaces/include/simulator_interfaces/simulator_interfaces/msg/detail/tagged_pose__rosidl_typesupport_introspection_c.h
-- Installing: /home/vidisha/Titanium/titanium_ws/install/simulator_interfaces/include/simulator_interfaces/simulator_interfaces/msg/detail/tagged_pose__type_support.c
-- Up-to-date: /home/vidisha/Titanium/titanium_ws/install/simulator_interfaces/include/simulator_interfaces/simulator_interfaces/msg/rosidl_typesupport_introspection_c__visibility_control.h
-- Installing: /home/vidisha/Titanium/titanium_ws/install/simulator_interfaces/lib/libsimulator_interfaces__rosidl_typesupport_introspection_c.so
-- Set runtime path of "/home/vidisha/Titanium/titanium_ws/install/simulator_interfaces/lib/libsimulator_interfaces__rosidl_typesupport_introspection_c.so" to ""
-- Up-to-date: /home/vidisha/Titanium/titanium_ws/install/simulator_interfaces/include/simulator_interfaces/simulator_interfaces
-- Up-to-date: /home/vidisha/Titanium/titanium_ws/install/simulator_interfaces/include/simulator_interfaces/simulator_interfaces/msg
-- Up-to-date: /home/vidisha/Titanium/titanium_ws/install/simulator_interfaces/include/simulator_interfaces/simulator_interfaces/msg/detail
-- Installing: /home/vidisha/Titanium/titanium_ws/install/simulator_interfaces/include/simulator_interfaces/simulator_interfaces/msg/detail/tagged_pose__rosidl_typesupport_fastrtps_c.h
-- Installing: /home/vidisha/Titanium/titanium_ws/install/simulator_interfaces/include/simulator_interfaces/simulator_interfaces/msg/detail/tagged_pose_array__rosidl_typesupport_fastrtps_c.h
-- Installing: /home/vidisha/Titanium/titanium_ws/install/simulator_interfaces/include/simulator_interfaces/simulator_interfaces/msg/detail/pos_rot__rosidl_typesupport_fastrtps_c.h
-- Up-to-date: /home/vidisha/Titanium/titanium_ws/install/simulator_interfaces/include/simulator_interfaces/simulator_interfaces/msg/rosidl_typesupport_fastrtps_c__visibility_control.h
-- Installing: /home/vidisha/Titanium/titanium_ws/install/simulator_interfaces/lib/libsimulator_interfaces__rosidl_typesupport_fastrtps_c.so
-- Set runtime path of "/home/vidisha/Titanium/titanium_ws/install/simulator_interfaces/lib/libsimulator_interfaces__rosidl_typesupport_fastrtps_c.so" to ""
-- Installing: /home/vidisha/Titanium/titanium_ws/install/simulator_interfaces/lib/libsimulator_interfaces__rosidl_typesupport_c.so
-- Set runtime path of "/home/vidisha/Titanium/titanium_ws/install/simulator_interfaces/lib/libsimulator_interfaces__rosidl_typesupport_c.so" to ""
-- Up-to-date: /home/vidisha/Titanium/titanium_ws/install/simulator_interfaces/include/simulator_interfaces/simulator_interfaces
-- Up-to-date: /home/vidisha/Titanium/titanium_ws/install/simulator_interfaces/include/simulator_interfaces/simulator_interfaces/msg
-- Up-to-date: /home/vidisha/Titanium/titanium_ws/install/simulator_interfaces/include/simulator_interfaces/simulator_interfaces/msg/detail
-- Installing: /home/vidisha/Titanium/titanium_ws/install/simulator_interfaces/include/simulator_interfaces/simulator_interfaces/msg/detail/pos_rot__traits.hpp
-- Installing: /home/vidisha/Titanium/titanium_ws/install/simulator_interfaces/include/simulator_interfaces/simulator_interfaces/msg/detail/tagged_pose_array__traits.hpp
-- Installing: /home/vidisha/Titanium/titanium_ws/install/simulator_interfaces/include/simulator_interfaces/simulator_interfaces/msg/detail/tagged_pose__struct.hpp
-- Installing: /home/vidisha/Titanium/titanium_ws/install/simulator_interfaces/include/simulator_interfaces/simulator_interfaces/msg/detail/pos_rot__struct.hpp
-- Installing: /home/vidisha/Titanium/titanium_ws/install/simulator_interfaces/include/simulator_interfaces/simulator_interfaces/msg/detail/tagged_pose_array__builder.hpp
-- Installing: /home/vidisha/Titanium/titanium_ws/install/simulator_interfaces/include/simulator_interfaces/simulator_interfaces/msg/detail/tagged_pose__traits.hpp
-- Installing: /home/vidisha/Titanium/titanium_ws/install/simulator_interfaces/include/simulator_interfaces/simulator_interfaces/msg/detail/tagged_pose_array__struct.hpp
-- Installing: /home/vidisha/Titanium/titanium_ws/install/simulator_interfaces/include/simulator_interfaces/simulator_interfaces/msg/detail/tagged_pose__builder.hpp
-- Installing: /home/vidisha/Titanium/titanium_ws/install/simulator_interfaces/include/simulator_interfaces/simulator_interfaces/msg/detail/pos_rot__builder.hpp
-- Installing: /home/vidisha/Titanium/titanium_ws/install/simulator_interfaces/include/simulator_interfaces/simulator_interfaces/msg/tagged_pose_array.hpp
-- Installing: /home/vidisha/Titanium/titanium_ws/install/simulator_interfaces/include/simulator_interfaces/simulator_interfaces/msg/tagged_pose.hpp
-- Installing: /home/vidisha/Titanium/titanium_ws/install/simulator_interfaces/include/simulator_interfaces/simulator_interfaces/msg/pos_rot.hpp
-- Up-to-date: /home/vidisha/Titanium/titanium_ws/install/simulator_interfaces/include/simulator_interfaces/simulator_interfaces
-- Up-to-date: /home/vidisha/Titanium/titanium_ws/install/simulator_interfaces/include/simulator_interfaces/simulator_interfaces/msg
-- Up-to-date: /home/vidisha/Titanium/titanium_ws/install/simulator_interfaces/include/simulator_interfaces/simulator_interfaces/msg/detail
-- Installing: /home/vidisha/Titanium/titanium_ws/install/simulator_interfaces/include/simulator_interfaces/simulator_interfaces/msg/detail/tagged_pose__rosidl_typesupport_introspection_cpp.hpp
-- Installing: /home/vidisha/Titanium/titanium_ws/install/simulator_interfaces/include/simulator_interfaces/simulator_interfaces/msg/detail/pos_rot__type_support.cpp
-- Installing: /home/vidisha/Titanium/titanium_ws/install/simulator_interfaces/include/simulator_interfaces/simulator_interfaces/msg/detail/tagged_pose_array__rosidl_typesupport_introspection_cpp.hpp
-- Installing: /home/vidisha/Titanium/titanium_ws/install/simulator_interfaces/include/simulator_interfaces/simulator_interfaces/msg/detail/tagged_pose_array__type_support.cpp
-- Installing: /home/vidisha/Titanium/titanium_ws/install/simulator_interfaces/include/simulator_interfaces/simulator_interfaces/msg/detail/pos_rot__rosidl_typesupport_introspection_cpp.hpp
-- Installing: /home/vidisha/Titanium/titanium_ws/install/simulator_interfaces/include/simulator_interfaces/simulator_interfaces/msg/detail/tagged_pose__type_support.cpp
-- Installing: /home/vidisha/Titanium/titanium_ws/install/simulator_interfaces/lib/libsimulator_interfaces__rosidl_typesupport_introspection_cpp.so
-- Set runtime path of "/home/vidisha/Titanium/titanium_ws/install/simulator_interfaces/lib/libsimulator_interfaces__rosidl_typesupport_introspection_cpp.so" to ""
-- Up-to-date: /home/vidisha/Titanium/titanium_ws/install/simulator_interfaces/include/simulator_interfaces/simulator_interfaces
-- Up-to-date: /home/vidisha/Titanium/titanium_ws/install/simulator_interfaces/include/simulator_interfaces/simulator_interfaces/msg
-- Up-to-date: /home/vidisha/Titanium/titanium_ws/install/simulator_interfaces/include/simulator_interfaces/simulator_interfaces/msg/detail
-- Installing: /home/vidisha/Titanium/titanium_ws/install/simulator_interfaces/include/simulator_interfaces/simulator_interfaces/msg/detail/tagged_pose__rosidl_typesupport_fastrtps_cpp.hpp
-- Installing: /home/vidisha/Titanium/titanium_ws/install/simulator_interfaces/include/simulator_interfaces/simulator_interfaces/msg/detail/tagged_pose_array__rosidl_typesupport_fastrtps_cpp.hpp
-- Up-to-date: /home/vidisha/Titanium/titanium_ws/install/simulator_interfaces/include/simulator_interfaces/simulator_interfaces/msg/detail/dds_fastrtps
-- Installing: /home/vidisha/Titanium/titanium_ws/install/simulator_interfaces/include/simulator_interfaces/simulator_interfaces/msg/detail/pos_rot__rosidl_typesupport_fastrtps_cpp.hpp
-- Up-to-date: /home/vidisha/Titanium/titanium_ws/install/simulator_interfaces/include/simulator_interfaces/simulator_interfaces/msg/rosidl_typesupport_fastrtps_cpp__visibility_control.h
-- Installing: /home/vidisha/Titanium/titanium_ws/install/simulator_interfaces/lib/libsimulator_interfaces__rosidl_typesupport_fastrtps_cpp.so
-- Set runtime path of "/home/vidisha/Titanium/titanium_ws/install/simulator_interfaces/lib/libsimulator_interfaces__rosidl_typesupport_fastrtps_cpp.so" to ""
-- Installing: /home/vidisha/Titanium/titanium_ws/install/simulator_interfaces/lib/libsimulator_interfaces__rosidl_typesupport_cpp.so
-- Set runtime path of "/home/vidisha/Titanium/titanium_ws/install/simulator_interfaces/lib/libsimulator_interfaces__rosidl_typesupport_cpp.so" to ""
-- Up-to-date: /home/vidisha/Titanium/titanium_ws/install/simulator_interfaces/share/simulator_interfaces/environment/pythonpath.sh
-- Installing: /home/vidisha/Titanium/titanium_ws/install/simulator_interfaces/share/simulator_interfaces/environment/pythonpath.dsv
-- Up-to-date: /home/vidisha/Titanium/titanium_ws/install/simulator_interfaces/lib/python3.8/site-packages/simulator_interfaces-0.0.0-py3.8.egg-info
-- Installing: /home/vidisha/Titanium/titanium_ws/install/simulator_interfaces/lib/python3.8/site-packages/simulator_interfaces-0.0.0-py3.8.egg-info/PKG-INFO
-- Installing: /home/vidisha/Titanium/titanium_ws/install/simulator_interfaces/lib/python3.8/site-packages/simulator_interfaces-0.0.0-py3.8.egg-info/top_level.txt
-- Installing: /home/vidisha/Titanium/titanium_ws/install/simulator_interfaces/lib/python3.8/site-packages/simulator_interfaces-0.0.0-py3.8.egg-info/SOURCES.txt
-- Installing: /home/vidisha/Titanium/titanium_ws/install/simulator_interfaces/lib/python3.8/site-packages/simulator_interfaces-0.0.0-py3.8.egg-info/dependency_links.txt
-- Up-to-date: /home/vidisha/Titanium/titanium_ws/install/simulator_interfaces/lib/python3.8/site-packages/simulator_interfaces
-- Installing: /home/vidisha/Titanium/titanium_ws/install/simulator_interfaces/lib/python3.8/site-packages/simulator_interfaces/__init__.py
-- Up-to-date: /home/vidisha/Titanium/titanium_ws/install/simulator_interfaces/lib/python3.8/site-packages/simulator_interfaces/msg
-- Installing: /home/vidisha/Titanium/titanium_ws/install/simulator_interfaces/lib/python3.8/site-packages/simulator_interfaces/msg/_pos_rot_s.c
-- Installing: /home/vidisha/Titanium/titanium_ws/install/simulator_interfaces/lib/python3.8/site-packages/simulator_interfaces/msg/__init__.py
-- Installing: /home/vidisha/Titanium/titanium_ws/install/simulator_interfaces/lib/python3.8/site-packages/simulator_interfaces/msg/_tagged_pose_array.py
-- Installing: /home/vidisha/Titanium/titanium_ws/install/simulator_interfaces/lib/python3.8/site-packages/simulator_interfaces/msg/_pos_rot.py
-- Installing: /home/vidisha/Titanium/titanium_ws/install/simulator_interfaces/lib/python3.8/site-packages/simulator_interfaces/msg/_tagged_pose_s.c
-- Installing: /home/vidisha/Titanium/titanium_ws/install/simulator_interfaces/lib/python3.8/site-packages/simulator_interfaces/msg/_tagged_pose.py
-- Installing: /home/vidisha/Titanium/titanium_ws/install/simulator_interfaces/lib/python3.8/site-packages/simulator_interfaces/msg/_tagged_pose_array_s.c
-- Installing: /home/vidisha/Titanium/titanium_ws/install/simulator_interfaces/lib/python3.8/site-packages/simulator_interfaces/simulator_interfaces_s__rosidl_typesupport_c.cpython-38-x86_64-linux-gnu.so
-- Installing: /home/vidisha/Titanium/titanium_ws/install/simulator_interfaces/lib/python3.8/site-packages/simulator_interfaces/_simulator_interfaces_s.ep.rosidl_typesupport_fastrtps_c.c
-- Installing: /home/vidisha/Titanium/titanium_ws/install/simulator_interfaces/lib/python3.8/site-packages/simulator_interfaces/libsimulator_interfaces__rosidl_generator_py.so
-- Installing: /home/vidisha/Titanium/titanium_ws/install/simulator_interfaces/lib/python3.8/site-packages/simulator_interfaces/simulator_interfaces_s__rosidl_typesupport_introspection_c.cpython-38-x86_64-linux-gnu.so
-- Installing: /home/vidisha/Titanium/titanium_ws/install/simulator_interfaces/lib/python3.8/site-packages/simulator_interfaces/_simulator_interfaces_s.ep.rosidl_typesupport_c.c
-- Installing: /home/vidisha/Titanium/titanium_ws/install/simulator_interfaces/lib/python3.8/site-packages/simulator_interfaces/simulator_interfaces_s__rosidl_typesupport_fastrtps_c.cpython-38-x86_64-linux-gnu.so
-- Installing: /home/vidisha/Titanium/titanium_ws/install/simulator_interfaces/lib/python3.8/site-packages/simulator_interfaces/_simulator_interfaces_s.ep.rosidl_typesupport_introspection_c.c
Listing '/home/vidisha/Titanium/titanium_ws/install/simulator_interfaces/lib/python3.8/site-packages/simulator_interfaces'...
Compiling '/home/vidisha/Titanium/titanium_ws/install/simulator_interfaces/lib/python3.8/site-packages/simulator_interfaces/__init__.py'...
Listing '/home/vidisha/Titanium/titanium_ws/install/simulator_interfaces/lib/python3.8/site-packages/simulator_interfaces/msg'...
Compiling '/home/vidisha/Titanium/titanium_ws/install/simulator_interfaces/lib/python3.8/site-packages/simulator_interfaces/msg/__init__.py'...
Compiling '/home/vidisha/Titanium/titanium_ws/install/simulator_interfaces/lib/python3.8/site-packages/simulator_interfaces/msg/_pos_rot.py'...
Compiling '/home/vidisha/Titanium/titanium_ws/install/simulator_interfaces/lib/python3.8/site-packages/simulator_interfaces/msg/_tagged_pose.py'...
Compiling '/home/vidisha/Titanium/titanium_ws/install/simulator_interfaces/lib/python3.8/site-packages/simulator_interfaces/msg/_tagged_pose_array.py'...
-- Installing: /home/vidisha/Titanium/titanium_ws/install/simulator_interfaces/lib/python3.8/site-packages/simulator_interfaces/simulator_interfaces_s__rosidl_typesupport_introspection_c.cpython-38-x86_64-linux-gnu.so
-- Set runtime path of "/home/vidisha/Titanium/titanium_ws/install/simulator_interfaces/lib/python3.8/site-packages/simulator_interfaces/simulator_interfaces_s__rosidl_typesupport_introspection_c.cpython-38-x86_64-linux-gnu.so" to ""
-- Installing: /home/vidisha/Titanium/titanium_ws/install/simulator_interfaces/lib/python3.8/site-packages/simulator_interfaces/simulator_interfaces_s__rosidl_typesupport_fastrtps_c.cpython-38-x86_64-linux-gnu.so
-- Set runtime path of "/home/vidisha/Titanium/titanium_ws/install/simulator_interfaces/lib/python3.8/site-packages/simulator_interfaces/simulator_interfaces_s__rosidl_typesupport_fastrtps_c.cpython-38-x86_64-linux-gnu.so" to ""
-- Installing: /home/vidisha/Titanium/titanium_ws/install/simulator_interfaces/lib/python3.8/site-packages/simulator_interfaces/simulator_interfaces_s__rosidl_typesupport_c.cpython-38-x86_64-linux-gnu.so
-- Set runtime path of "/home/vidisha/Titanium/titanium_ws/install/simulator_interfaces/lib/python3.8/site-packages/simulator_interfaces/simulator_interfaces_s__rosidl_typesupport_c.cpython-38-x86_64-linux-gnu.so" to ""
-- Installing: /home/vidisha/Titanium/titanium_ws/install/simulator_interfaces/lib/libsimulator_interfaces__rosidl_generator_py.so
-- Set runtime path of "/home/vidisha/Titanium/titanium_ws/install/simulator_interfaces/lib/libsimulator_interfaces__rosidl_generator_py.so" to ""
-- Up-to-date: /home/vidisha/Titanium/titanium_ws/install/simulator_interfaces/share/simulator_interfaces/msg/PosRot.idl
-- Installing: /home/vidisha/Titanium/titanium_ws/install/simulator_interfaces/share/simulator_interfaces/msg/TaggedPose.idl
-- Installing: /home/vidisha/Titanium/titanium_ws/install/simulator_interfaces/share/simulator_interfaces/msg/TaggedPoseArray.idl
-- Up-to-date: /home/vidisha/Titanium/titanium_ws/install/simulator_interfaces/share/simulator_interfaces/msg/PosRot.msg
-- Installing: /home/vidisha/Titanium/titanium_ws/install/simulator_interfaces/share/simulator_interfaces/msg/TaggedPose.msg
-- Installing: /home/vidisha/Titanium/titanium_ws/install/simulator_interfaces/share/simulator_interfaces/msg/TaggedPoseArray.msg
-- Up-to-date: /home/vidisha/Titanium/titanium_ws/install/simulator_interfaces/share/ament_index/resource_index/package_run_dependencies/simulator_interfaces
-- Up-to-date: /home/vidisha/Titanium/titanium_ws/install/simulator_interfaces/share/ament_index/resource_index/parent_prefix_path/simulator_interfaces
-- Installing: /home/vidisha/Titanium/titanium_ws/install/simulator_interfaces/share/simulator_interfaces/environment/ament_prefix_path.dsv
-- Installing: /home/vidisha/Titanium/titanium_ws/install/simulator_interfaces/share/simulator_interfaces/environment/path.dsv
-- Up-to-date: /home/vidisha/Titanium/titanium_ws/install/simulator_interfaces/share/simulator_interfaces/local_setup.bash
-- Up-to-date: /home/vidisha/Titanium/titanium_ws/install/simulator_interfaces/share/simulator_interfaces/local_setup.sh
-- Up-to-date: /home/vidisha/Titanium/titanium_ws/install/simulator_interfaces/share/simulator_interfaces/local_setup.zsh
-- Installing: /home/vidisha/Titanium/titanium_ws/install/simulator_interfaces/share/simulator_interfaces/local_setup.dsv
-- Installing: /home/vidisha/Titanium/titanium_ws/install/simulator_interfaces/share/simulator_interfaces/package.dsv
-- Up-to-date: /home/vidisha/Titanium/titanium_ws/install/simulator_interfaces/share/ament_index/resource_index/packages/simulator_interfaces
-- Up-to-date: /home/vidisha/Titanium/titanium_ws/install/simulator_interfaces/share/simulator_interfaces/cmake/export_simulator_interfaces__rosidl_generator_cExport.cmake
-- Installing: /home/vidisha/Titanium/titanium_ws/install/simulator_interfaces/share/simulator_interfaces/cmake/export_simulator_interfaces__rosidl_generator_cExport-noconfig.cmake
-- Up-to-date: /home/vidisha/Titanium/titanium_ws/install/simulator_interfaces/share/simulator_interfaces/cmake/simulator_interfaces__rosidl_typesupport_introspection_cExport.cmake
-- Installing: /home/vidisha/Titanium/titanium_ws/install/simulator_interfaces/share/simulator_interfaces/cmake/simulator_interfaces__rosidl_typesupport_introspection_cExport-noconfig.cmake
-- Up-to-date: /home/vidisha/Titanium/titanium_ws/install/simulator_interfaces/share/simulator_interfaces/cmake/export_simulator_interfaces__rosidl_typesupport_fastrtps_cExport.cmake
-- Installing: /home/vidisha/Titanium/titanium_ws/install/simulator_interfaces/share/simulator_interfaces/cmake/export_simulator_interfaces__rosidl_typesupport_fastrtps_cExport-noconfig.cmake
-- Up-to-date: /home/vidisha/Titanium/titanium_ws/install/simulator_interfaces/share/simulator_interfaces/cmake/simulator_interfaces__rosidl_typesupport_cExport.cmake
-- Installing: /home/vidisha/Titanium/titanium_ws/install/simulator_interfaces/share/simulator_interfaces/cmake/simulator_interfaces__rosidl_typesupport_cExport-noconfig.cmake
-- Up-to-date: /home/vidisha/Titanium/titanium_ws/install/simulator_interfaces/share/simulator_interfaces/cmake/export_simulator_interfaces__rosidl_generator_cppExport.cmake
-- Up-to-date: /home/vidisha/Titanium/titanium_ws/install/simulator_interfaces/share/simulator_interfaces/cmake/simulator_interfaces__rosidl_typesupport_introspection_cppExport.cmake
-- Installing: /home/vidisha/Titanium/titanium_ws/install/simulator_interfaces/share/simulator_interfaces/cmake/simulator_interfaces__rosidl_typesupport_introspection_cppExport-noconfig.cmake
-- Up-to-date: /home/vidisha/Titanium/titanium_ws/install/simulator_interfaces/share/simulator_interfaces/cmake/export_simulator_interfaces__rosidl_typesupport_fastrtps_cppExport.cmake
-- Installing: /home/vidisha/Titanium/titanium_ws/install/simulator_interfaces/share/simulator_interfaces/cmake/export_simulator_interfaces__rosidl_typesupport_fastrtps_cppExport-noconfig.cmake
-- Up-to-date: /home/vidisha/Titanium/titanium_ws/install/simulator_interfaces/share/simulator_interfaces/cmake/simulator_interfaces__rosidl_typesupport_cppExport.cmake
-- Installing: /home/vidisha/Titanium/titanium_ws/install/simulator_interfaces/share/simulator_interfaces/cmake/simulator_interfaces__rosidl_typesupport_cppExport-noconfig.cmake
-- Up-to-date: /home/vidisha/Titanium/titanium_ws/install/simulator_interfaces/share/simulator_interfaces/cmake/export_simulator_interfaces__rosidl_generator_pyExport.cmake
-- Installing: /home/vidisha/Titanium/titanium_ws/install/simulator_interfaces/share/simulator_interfaces/cmake/export_simulator_interfaces__rosidl_generator_pyExport-noconfig.cmake
-- Installing: /home/vidisha/Titanium/titanium_ws/install/simulator_interfaces/share/simulator_interfaces/cmake/rosidl_cmake-extras.cmake
-- Up-to-date: /home/vidisha/Titanium/titanium_ws/install/simulator_interfaces/share/simulator_interfaces/cmake/ament_cmake_export_dependencies-extras.cmake
-- Up-to-date: /home/vidisha/Titanium/titanium_ws/install/simulator_interfaces/share/simulator_interfaces/cmake/ament_cmake_export_include_directories-extras.cmake
-- Up-to-date: /home/vidisha/Titanium/titanium_ws/install/simulator_interfaces/share/simulator_interfaces/cmake/ament_cmake_export_libraries-extras.cmake
-- Up-to-date: /home/vidisha/Titanium/titanium_ws/install/simulator_interfaces/share/simulator_interfaces/cmake/ament_cmake_export_targets-extras.cmake
-- Up-to-date: /home/vidisha/Titanium/titanium_ws/install/simulator_interfaces/share/simulator_interfaces/cmake/rosidl_cmake_export_typesupport_targets-extras.cmake
-- Up-to-date: /home/vidisha/Titanium/titanium_ws/install/simulator_interfaces/share/simulator_interfaces/cmake/rosidl_cmake_export_typesupport_libraries-extras.cmake
-- Up-to-date: /home/vidisha/Titanium/titanium_ws/install/simulator_interfaces/share/simulator_interfaces/cmake/simulator_interfacesConfig.cmake
-- Up-to-date: /home/vidisha/Titanium/titanium_ws/install/simulator_interfaces/share/simulator_interfaces/cmake/simulator_interfacesConfig-version.cmake
-- Up-to-date: /home/vidisha/Titanium/titanium_ws/install/simulator_interfaces/share/simulator_interfaces/package.xml
