[1.553s] Invoking command in '/home/vidisha/Titanium/titanium_ws/build/simulator_interfaces': CMAKE_PREFIX_PATH=${CMAKE_PREFIX_PATH}:/home/vidisha/Titanium/titanium_ws/install/simulator_msgs:/home/vidisha/Titanium/titanium_ws/install/simulator:/home/vidisha/Titanium/titanium_ws/install/ros_tcp_endpoint:/home/vidisha/ros2_humble/install/rqt_bag_plugins:/home/vidisha/ros2_humble/install/rqt_bag:/home/vidisha/ros2_humble/install/ros2bag:/home/vidisha/ros2_humble/install/tracetools_test:/home/vidisha/ros2_humble/install/tracetools_launch:/home/vidisha/ros2_humble/install/topic_monitor:/home/vidisha/ros2_humble/install/tf2_tools:/home/vidisha/ros2_humble/install/examples_tf2_py:/home/vidisha/ros2_humble/install/tf2_ros_py:/home/vidisha/ros2_humble/install/sros2:/home/vidisha/ros2_humble/install/rqt_topic:/home/vidisha/ros2_humble/install/rqt_srv:/home/vidisha/ros2_humble/install/rqt_shell:/home/vidisha/ros2_humble/install/rqt_service_caller:/home/vidisha/ros2_humble/install/rqt_reconfigure:/home/vidisha/ros2_humble/install/rqt_py_console:/home/vidisha/ros2_humble/install/rqt_publisher:/home/vidisha/ros2_humble/install/rqt_plot:/home/vidisha/ros2_humble/install/rqt_action:/home/vidisha/ros2_humble/install/rqt_msg:/home/vidisha/ros2_humble/install/rqt_console:/home/vidisha/ros2_humble/install/rqt:/home/vidisha/ros2_humble/install/rqt_graph:/home/vidisha/ros2_humble/install/rqt_gui_py:/home/vidisha/ros2_humble/install/rqt_gui:/home/vidisha/ros2_humble/install/ros2trace:/home/vidisha/ros2_humble/install/ros2topic:/home/vidisha/ros2_humble/install/ros2test:/home/vidisha/ros2_humble/install/ros2component:/home/vidisha/ros2_humble/install/ros2param:/home/vidisha/ros2_humble/install/ros2lifecycle:/home/vidisha/ros2_humble/install/ros2service:/home/vidisha/ros2_humble/install/ros2run:/home/vidisha/ros2_humble/install/ros2launch:/home/vidisha/ros2_humble/install/ros2pkg:/home/vidisha/ros2_humble/install/ros2node:/home/vidisha/ros2_humble/install/ros2multicast:/home/vidisha/ros2_humble/install/ros2interface:/home/vidisha/ros2_humble/install/ros2doctor:/home/vidisha/ros2_humble/install/ros2action:/home/vidisha/ros2_humble/install/ros2cli:/home/vidisha/ros2_humble/install/quality_of_service_demo_py:/home/vidisha/ros2_humble/install/lifecycle_py:/home/vidisha/ros2_humble/install/launch_testing_ros:/home/vidisha/ros2_humble/install/launch_ros:/home/vidisha/ros2_humble/install/examples_rclpy_pointcloud_publisher:/home/vidisha/ros2_humble/install/examples_rclpy_minimal_subscriber:/home/vidisha/ros2_humble/install/examples_rclpy_minimal_service:/home/vidisha/ros2_humble/install/examples_rclpy_minimal_publisher:/home/vidisha/ros2_humble/install/examples_rclpy_minimal_client:/home/vidisha/ros2_humble/install/examples_rclpy_minimal_action_server:/home/vidisha/ros2_humble/install/examples_rclpy_minimal_action_client:/home/vidisha/ros2_humble/install/examples_rclpy_guard_conditions:/home/vidisha/ros2_humble/install/examples_rclpy_executors:/home/vidisha/ros2_humble/install/demo_nodes_py:/home/vidisha/ros2_humble/install/action_tutorials_py:/home/vidisha/ros2_humble/install/ament_uncrustify:/home/vidisha/ros2_humble/install/tracetools_trace:/home/vidisha/ros2_humble/install/tracetools_read:/home/vidisha/ros2_humble/install/test_tracetools_launch:/home/vidisha/ros2_humble/install/test_launch_ros:/home/vidisha/ros2_humble/install/sensor_msgs_py:/home/vidisha/ros2_humble/install/rpyutils:/home/vidisha/ros2_humble/install/rosidl_runtime_py:/home/vidisha/ros2_humble/install/rosidl_cli:/home/vidisha/ros2_humble/install/launch_pytest:/home/vidisha/ros2_humble/install/launch_testing:/home/vidisha/ros2_humble/install/launch_yaml:/home/vidisha/ros2_humble/install/launch_xml:/home/vidisha/ros2_humble/install/launch:/home/vidisha/ros2_humble/install/osrf_pycommon:/home/vidisha/ros2_humble/install/launch_testing_examples:/home/vidisha/ros2_humble/install/domain_coordinator:/home/vidisha/ros2_humble/install/ament_xmllint:/home/vidisha/ros2_humble/install/ament_pyflakes:/home/vidisha/ros2_humble/install/ament_pycodestyle:/home/vidisha/ros2_humble/install/ament_pep257:/home/vidisha/ros2_humble/install/ament_pclint:/home/vidisha/ros2_humble/install/ament_package:/home/vidisha/ros2_humble/install/ament_mypy:/home/vidisha/ros2_humble/install/ament_lint_cmake:/home/vidisha/ros2_humble/install/ament_flake8:/home/vidisha/ros2_humble/install/ament_copyright:/home/vidisha/ros2_humble/install/ament_lint:/home/vidisha/ros2_humble/install/ament_index_python:/home/vidisha/ros2_humble/install/ament_cpplint:/home/vidisha/ros2_humble/install/ament_cppcheck:/home/vidisha/ros2_humble/install/ament_clang_tidy:/home/vidisha/ros2_humble/install/ament_clang_format /usr/bin/cmake --build /home/vidisha/Titanium/titanium_ws/build/simulator_interfaces -- -j12 -l12
[1.610s] -- Found ament_cmake: 1.3.5 (/home/vidisha/ros2_humble/install/ament_cmake/share/ament_cmake/cmake)
[4.219s] -- Found rosidl_default_generators: 1.2.0 (/home/vidisha/ros2_humble/install/rosidl_default_generators/share/rosidl_default_generators/cmake)
[4.328s] -- Using all available rosidl_typesupport_c: rosidl_typesupport_introspection_c;rosidl_typesupport_fastrtps_c
[4.331s] -- Found rosidl_adapter: 3.1.4 (/home/vidisha/ros2_humble/install/rosidl_adapter/share/rosidl_adapter/cmake)
[4.399s] -- Using all available rosidl_typesupport_cpp: rosidl_typesupport_introspection_cpp;rosidl_typesupport_fastrtps_cpp
[4.432s] -- Found builtin_interfaces: 1.2.1 (/home/vidisha/ros2_humble/install/builtin_interfaces/share/builtin_interfaces/cmake)
[4.482s] -- Found geometry_msgs: 4.2.3 (/home/vidisha/ros2_humble/install/geometry_msgs/share/geometry_msgs/cmake)
[10.138s] -- Found ament_cmake_ros: 0.10.0 (/home/vidisha/ros2_humble/install/ament_cmake_ros/share/ament_cmake_ros/cmake)
[13.370s] -- Using all available rosidl_typesupport_c: rosidl_typesupport_introspection_c;rosidl_typesupport_fastrtps_c
[19.887s] -- Using all available rosidl_typesupport_cpp: rosidl_typesupport_introspection_cpp;rosidl_typesupport_fastrtps_cpp
[20.262s] -- Found python_cmake_module: 0.10.0 (/home/vidisha/ros2_humble/install/python_cmake_module/share/python_cmake_module/cmake)
[20.639s] -- Using PYTHON_EXECUTABLE: /usr/bin/python3
[20.639s] -- Using PYTHON_INCLUDE_DIRS: /usr/include/python3.8
[20.639s] -- Using PYTHON_LIBRARIES: /usr/lib/x86_64-linux-gnu/libpython3.8.so
[21.142s] -- Found ament_lint_auto: 0.12.6 (/home/vidisha/ros2_humble/install/ament_lint_auto/share/ament_lint_auto/cmake)
[21.151s] -- Added test 'lint_cmake' to check CMake code style
[21.152s] -- Added test 'xmllint' to check XML markup files
[21.156s] -- Configuring done
[21.205s] -- Generating done
[21.208s] -- Build files have been written to: /home/vidisha/Titanium/titanium_ws/build/simulator_interfaces
[21.260s] [  2%] [34m[1mGenerating C code for ROS interfaces[0m
[21.260s] [35m[1mScanning dependencies of target simulator_interfaces__cpp[0m
[21.287s] [  4%] [34m[1mGenerating C++ code for ROS interfaces[0m
[21.306s] [  4%] Built target ament_cmake_python_copy_simulator_interfaces
[22.130s] [35m[1mScanning dependencies of target simulator_interfaces__rosidl_generator_c[0m
[22.131s] running egg_info
[22.131s] writing simulator_interfaces.egg-info/PKG-INFO
[22.132s] writing dependency_links to simulator_interfaces.egg-info/dependency_links.txt
[22.132s] writing top-level names to simulator_interfaces.egg-info/top_level.txt
[22.160s] [  4%] Built target simulator_interfaces__cpp
[22.166s] [  6%] [32mBuilding C object CMakeFiles/simulator_interfaces__rosidl_generator_c.dir/rosidl_generator_c/simulator_interfaces/msg/detail/pos_rot__functions.c.o[0m
[22.168s] [  8%] [32mBuilding C object CMakeFiles/simulator_interfaces__rosidl_generator_c.dir/rosidl_generator_c/simulator_interfaces/msg/detail/tagged_pose_array__functions.c.o[0m
[22.170s] [ 10%] [32mBuilding C object CMakeFiles/simulator_interfaces__rosidl_generator_c.dir/rosidl_generator_c/simulator_interfaces/msg/detail/tagged_pose__functions.c.o[0m
[22.174s] reading manifest file 'simulator_interfaces.egg-info/SOURCES.txt'
[22.175s] writing manifest file 'simulator_interfaces.egg-info/SOURCES.txt'
[22.191s] [ 12%] [34m[1mGenerating C++ type support for eProsima Fast-RTPS[0m
[22.193s] [ 14%] [34m[1mGenerating C++ type support dispatch for ROS interfaces[0m
[22.194s] [ 17%] [34m[1mGenerating C++ introspection for ROS interfaces[0m
[22.218s] [ 17%] Built target ament_cmake_python_build_simulator_interfaces_egg
[22.266s] [ 19%] [32m[1mLinking C shared library libsimulator_interfaces__rosidl_generator_c.so[0m
[22.350s] [ 19%] Built target simulator_interfaces__rosidl_generator_c
[22.381s] [ 23%] [34m[1mGenerating C type support dispatch for ROS interfaces[0m
[22.381s] [ 23%] [34m[1mGenerating C introspection for ROS interfaces[0m
[22.381s] [ 25%] [34m[1mGenerating C type support for eProsima Fast-RTPS[0m
[23.042s] [35m[1mScanning dependencies of target simulator_interfaces__rosidl_typesupport_cpp[0m
[23.088s] [35m[1mScanning dependencies of target simulator_interfaces__rosidl_typesupport_introspection_cpp[0m
[23.088s] [ 27%] [32mBuilding CXX object CMakeFiles/simulator_interfaces__rosidl_typesupport_cpp.dir/rosidl_typesupport_cpp/simulator_interfaces/msg/tagged_pose__type_support.cpp.o[0m
[23.100s] [ 29%] [32mBuilding CXX object CMakeFiles/simulator_interfaces__rosidl_typesupport_cpp.dir/rosidl_typesupport_cpp/simulator_interfaces/msg/pos_rot__type_support.cpp.o[0m
[23.100s] [ 31%] [32mBuilding CXX object CMakeFiles/simulator_interfaces__rosidl_typesupport_cpp.dir/rosidl_typesupport_cpp/simulator_interfaces/msg/tagged_pose_array__type_support.cpp.o[0m
[23.130s] [35m[1mScanning dependencies of target simulator_interfaces__rosidl_typesupport_fastrtps_cpp[0m
[23.134s] [ 34%] [32mBuilding CXX object CMakeFiles/simulator_interfaces__rosidl_typesupport_introspection_cpp.dir/rosidl_typesupport_introspection_cpp/simulator_interfaces/msg/detail/tagged_pose_array__type_support.cpp.o[0m
[23.145s] [ 36%] [32mBuilding CXX object CMakeFiles/simulator_interfaces__rosidl_typesupport_introspection_cpp.dir/rosidl_typesupport_introspection_cpp/simulator_interfaces/msg/detail/pos_rot__type_support.cpp.o[0m
[23.146s] [ 38%] [32mBuilding CXX object CMakeFiles/simulator_interfaces__rosidl_typesupport_introspection_cpp.dir/rosidl_typesupport_introspection_cpp/simulator_interfaces/msg/detail/tagged_pose__type_support.cpp.o[0m
[23.186s] [ 40%] [32mBuilding CXX object CMakeFiles/simulator_interfaces__rosidl_typesupport_fastrtps_cpp.dir/rosidl_typesupport_fastrtps_cpp/simulator_interfaces/msg/detail/dds_fastrtps/tagged_pose__type_support.cpp.o[0m
[23.186s] [ 42%] [32mBuilding CXX object CMakeFiles/simulator_interfaces__rosidl_typesupport_fastrtps_cpp.dir/rosidl_typesupport_fastrtps_cpp/simulator_interfaces/msg/detail/dds_fastrtps/pos_rot__type_support.cpp.o[0m
[23.193s] [ 44%] [32mBuilding CXX object CMakeFiles/simulator_interfaces__rosidl_typesupport_fastrtps_cpp.dir/rosidl_typesupport_fastrtps_cpp/simulator_interfaces/msg/detail/dds_fastrtps/tagged_pose_array__type_support.cpp.o[0m
[23.406s] [35m[1mScanning dependencies of target simulator_interfaces__rosidl_typesupport_c[0m
[23.462s] [ 46%] [32mBuilding CXX object CMakeFiles/simulator_interfaces__rosidl_typesupport_c.dir/rosidl_typesupport_c/simulator_interfaces/msg/pos_rot__type_support.cpp.o[0m
[23.568s] [ 48%] [32mBuilding CXX object CMakeFiles/simulator_interfaces__rosidl_typesupport_c.dir/rosidl_typesupport_c/simulator_interfaces/msg/tagged_pose__type_support.cpp.o[0m
[23.662s] [ 51%] [32m[1mLinking CXX shared library libsimulator_interfaces__rosidl_typesupport_cpp.so[0m
[23.662s] [35m[1mScanning dependencies of target simulator_interfaces__rosidl_typesupport_introspection_c[0m
[23.664s] [ 53%] [32mBuilding CXX object CMakeFiles/simulator_interfaces__rosidl_typesupport_c.dir/rosidl_typesupport_c/simulator_interfaces/msg/tagged_pose_array__type_support.cpp.o[0m
[23.685s] [35m[1mScanning dependencies of target simulator_interfaces__rosidl_typesupport_fastrtps_c[0m
[23.719s] [ 55%] [32mBuilding C object CMakeFiles/simulator_interfaces__rosidl_typesupport_introspection_c.dir/rosidl_typesupport_introspection_c/simulator_interfaces/msg/detail/pos_rot__type_support.c.o[0m
[23.722s] [ 57%] [32mBuilding C object CMakeFiles/simulator_interfaces__rosidl_typesupport_introspection_c.dir/rosidl_typesupport_introspection_c/simulator_interfaces/msg/detail/tagged_pose__type_support.c.o[0m
[23.725s] [ 59%] [32mBuilding C object CMakeFiles/simulator_interfaces__rosidl_typesupport_introspection_c.dir/rosidl_typesupport_introspection_c/simulator_interfaces/msg/detail/tagged_pose_array__type_support.c.o[0m
[23.746s] [ 61%] [32mBuilding CXX object CMakeFiles/simulator_interfaces__rosidl_typesupport_fastrtps_c.dir/rosidl_typesupport_fastrtps_c/simulator_interfaces/msg/detail/pos_rot__type_support_c.cpp.o[0m
[23.775s] [ 63%] [32m[1mLinking CXX shared library libsimulator_interfaces__rosidl_typesupport_c.so[0m
[23.793s] [ 63%] Built target simulator_interfaces__rosidl_typesupport_cpp
[23.823s] [ 65%] [32mBuilding CXX object CMakeFiles/simulator_interfaces__rosidl_typesupport_fastrtps_c.dir/rosidl_typesupport_fastrtps_c/simulator_interfaces/msg/detail/tagged_pose__type_support_c.cpp.o[0m
[23.833s] [ 68%] [32mBuilding CXX object CMakeFiles/simulator_interfaces__rosidl_typesupport_fastrtps_c.dir/rosidl_typesupport_fastrtps_c/simulator_interfaces/msg/detail/tagged_pose_array__type_support_c.cpp.o[0m
[23.841s] [ 70%] [32m[1mLinking C shared library libsimulator_interfaces__rosidl_typesupport_introspection_c.so[0m
[23.893s] [ 70%] Built target simulator_interfaces__rosidl_typesupport_c
[23.936s] [ 70%] Built target simulator_interfaces__rosidl_typesupport_introspection_c
[23.972s] [ 72%] [32m[1mLinking CXX shared library libsimulator_interfaces__rosidl_typesupport_introspection_cpp.so[0m
[24.027s] [ 74%] [32m[1mLinking CXX shared library libsimulator_interfaces__rosidl_typesupport_fastrtps_cpp.so[0m
[24.086s] [ 74%] Built target simulator_interfaces__rosidl_typesupport_introspection_cpp
[24.140s] [ 74%] Built target simulator_interfaces__rosidl_typesupport_fastrtps_cpp
[24.258s] [ 76%] [32m[1mLinking CXX shared library libsimulator_interfaces__rosidl_typesupport_fastrtps_c.so[0m
[24.352s] [ 76%] Built target simulator_interfaces__rosidl_typesupport_fastrtps_c
[24.404s] [ 76%] Built target simulator_interfaces
[24.430s] [35m[1mScanning dependencies of target simulator_interfaces__py[0m
[24.456s] [ 78%] [34m[1mGenerating Python code for ROS interfaces[0m
[25.321s] [ 78%] Built target simulator_interfaces__py
[25.347s] [35m[1mScanning dependencies of target simulator_interfaces__rosidl_generator_py[0m
[25.383s] [ 85%] [32mBuilding C object CMakeFiles/simulator_interfaces__rosidl_generator_py.dir/rosidl_generator_py/simulator_interfaces/msg/_pos_rot_s.c.o[0m
[25.383s] [ 85%] [32mBuilding C object CMakeFiles/simulator_interfaces__rosidl_generator_py.dir/rosidl_generator_py/simulator_interfaces/msg/_tagged_pose_s.c.o[0m
[25.383s] [ 85%] [32mBuilding C object CMakeFiles/simulator_interfaces__rosidl_generator_py.dir/rosidl_generator_py/simulator_interfaces/msg/_tagged_pose_array_s.c.o[0m
[25.495s] [ 87%] [32m[1mLinking C shared library rosidl_generator_py/simulator_interfaces/libsimulator_interfaces__rosidl_generator_py.so[0m
[25.566s] [ 87%] Built target simulator_interfaces__rosidl_generator_py
[25.592s] [35m[1mScanning dependencies of target simulator_interfaces__rosidl_typesupport_c__pyext[0m
[25.593s] [35m[1mScanning dependencies of target simulator_interfaces__rosidl_typesupport_introspection_c__pyext[0m
[25.593s] [35m[1mScanning dependencies of target simulator_interfaces__rosidl_typesupport_fastrtps_c__pyext[0m
[25.626s] [ 91%] [32mBuilding C object CMakeFiles/simulator_interfaces__rosidl_typesupport_c__pyext.dir/rosidl_generator_py/simulator_interfaces/_simulator_interfaces_s.ep.rosidl_typesupport_c.c.o[0m
[25.626s] [ 91%] [32mBuilding C object CMakeFiles/simulator_interfaces__rosidl_typesupport_fastrtps_c__pyext.dir/rosidl_generator_py/simulator_interfaces/_simulator_interfaces_s.ep.rosidl_typesupport_fastrtps_c.c.o[0m
[25.626s] [ 93%] [32mBuilding C object CMakeFiles/simulator_interfaces__rosidl_typesupport_introspection_c__pyext.dir/rosidl_generator_py/simulator_interfaces/_simulator_interfaces_s.ep.rosidl_typesupport_introspection_c.c.o[0m
[25.745s] [ 95%] [32m[1mLinking C shared library rosidl_generator_py/simulator_interfaces/simulator_interfaces_s__rosidl_typesupport_introspection_c.cpython-38-x86_64-linux-gnu.so[0m
[25.745s] [100%] [32m[1mLinking C shared library rosidl_generator_py/simulator_interfaces/simulator_interfaces_s__rosidl_typesupport_c.cpython-38-x86_64-linux-gnu.so[0m
[25.745s] [100%] [32m[1mLinking C shared library rosidl_generator_py/simulator_interfaces/simulator_interfaces_s__rosidl_typesupport_fastrtps_c.cpython-38-x86_64-linux-gnu.so[0m
[25.817s] [100%] Built target simulator_interfaces__rosidl_typesupport_fastrtps_c__pyext
[25.818s] [100%] Built target simulator_interfaces__rosidl_typesupport_c__pyext
[25.818s] [100%] Built target simulator_interfaces__rosidl_typesupport_introspection_c__pyext
[25.841s] Invoked command in '/home/vidisha/Titanium/titanium_ws/build/simulator_interfaces' returned '0': CMAKE_PREFIX_PATH=${CMAKE_PREFIX_PATH}:/home/vidisha/Titanium/titanium_ws/install/simulator_msgs:/home/vidisha/Titanium/titanium_ws/install/simulator:/home/vidisha/Titanium/titanium_ws/install/ros_tcp_endpoint:/home/vidisha/ros2_humble/install/rqt_bag_plugins:/home/vidisha/ros2_humble/install/rqt_bag:/home/vidisha/ros2_humble/install/ros2bag:/home/vidisha/ros2_humble/install/tracetools_test:/home/vidisha/ros2_humble/install/tracetools_launch:/home/vidisha/ros2_humble/install/topic_monitor:/home/vidisha/ros2_humble/install/tf2_tools:/home/vidisha/ros2_humble/install/examples_tf2_py:/home/vidisha/ros2_humble/install/tf2_ros_py:/home/vidisha/ros2_humble/install/sros2:/home/vidisha/ros2_humble/install/rqt_topic:/home/vidisha/ros2_humble/install/rqt_srv:/home/vidisha/ros2_humble/install/rqt_shell:/home/vidisha/ros2_humble/install/rqt_service_caller:/home/vidisha/ros2_humble/install/rqt_reconfigure:/home/vidisha/ros2_humble/install/rqt_py_console:/home/vidisha/ros2_humble/install/rqt_publisher:/home/vidisha/ros2_humble/install/rqt_plot:/home/vidisha/ros2_humble/install/rqt_action:/home/vidisha/ros2_humble/install/rqt_msg:/home/vidisha/ros2_humble/install/rqt_console:/home/vidisha/ros2_humble/install/rqt:/home/vidisha/ros2_humble/install/rqt_graph:/home/vidisha/ros2_humble/install/rqt_gui_py:/home/vidisha/ros2_humble/install/rqt_gui:/home/vidisha/ros2_humble/install/ros2trace:/home/vidisha/ros2_humble/install/ros2topic:/home/vidisha/ros2_humble/install/ros2test:/home/vidisha/ros2_humble/install/ros2component:/home/vidisha/ros2_humble/install/ros2param:/home/vidisha/ros2_humble/install/ros2lifecycle:/home/vidisha/ros2_humble/install/ros2service:/home/vidisha/ros2_humble/install/ros2run:/home/vidisha/ros2_humble/install/ros2launch:/home/vidisha/ros2_humble/install/ros2pkg:/home/vidisha/ros2_humble/install/ros2node:/home/vidisha/ros2_humble/install/ros2multicast:/home/vidisha/ros2_humble/install/ros2interface:/home/vidisha/ros2_humble/install/ros2doctor:/home/vidisha/ros2_humble/install/ros2action:/home/vidisha/ros2_humble/install/ros2cli:/home/vidisha/ros2_humble/install/quality_of_service_demo_py:/home/vidisha/ros2_humble/install/lifecycle_py:/home/vidisha/ros2_humble/install/launch_testing_ros:/home/vidisha/ros2_humble/install/launch_ros:/home/vidisha/ros2_humble/install/examples_rclpy_pointcloud_publisher:/home/vidisha/ros2_humble/install/examples_rclpy_minimal_subscriber:/home/vidisha/ros2_humble/install/examples_rclpy_minimal_service:/home/vidisha/ros2_humble/install/examples_rclpy_minimal_publisher:/home/vidisha/ros2_humble/install/examples_rclpy_minimal_client:/home/vidisha/ros2_humble/install/examples_rclpy_minimal_action_server:/home/vidisha/ros2_humble/install/examples_rclpy_minimal_action_client:/home/vidisha/ros2_humble/install/examples_rclpy_guard_conditions:/home/vidisha/ros2_humble/install/examples_rclpy_executors:/home/vidisha/ros2_humble/install/demo_nodes_py:/home/vidisha/ros2_humble/install/action_tutorials_py:/home/vidisha/ros2_humble/install/ament_uncrustify:/home/vidisha/ros2_humble/install/tracetools_trace:/home/vidisha/ros2_humble/install/tracetools_read:/home/vidisha/ros2_humble/install/test_tracetools_launch:/home/vidisha/ros2_humble/install/test_launch_ros:/home/vidisha/ros2_humble/install/sensor_msgs_py:/home/vidisha/ros2_humble/install/rpyutils:/home/vidisha/ros2_humble/install/rosidl_runtime_py:/home/vidisha/ros2_humble/install/rosidl_cli:/home/vidisha/ros2_humble/install/launch_pytest:/home/vidisha/ros2_humble/install/launch_testing:/home/vidisha/ros2_humble/install/launch_yaml:/home/vidisha/ros2_humble/install/launch_xml:/home/vidisha/ros2_humble/install/launch:/home/vidisha/ros2_humble/install/osrf_pycommon:/home/vidisha/ros2_humble/install/launch_testing_examples:/home/vidisha/ros2_humble/install/domain_coordinator:/home/vidisha/ros2_humble/install/ament_xmllint:/home/vidisha/ros2_humble/install/ament_pyflakes:/home/vidisha/ros2_humble/install/ament_pycodestyle:/home/vidisha/ros2_humble/install/ament_pep257:/home/vidisha/ros2_humble/install/ament_pclint:/home/vidisha/ros2_humble/install/ament_package:/home/vidisha/ros2_humble/install/ament_mypy:/home/vidisha/ros2_humble/install/ament_lint_cmake:/home/vidisha/ros2_humble/install/ament_flake8:/home/vidisha/ros2_humble/install/ament_copyright:/home/vidisha/ros2_humble/install/ament_lint:/home/vidisha/ros2_humble/install/ament_index_python:/home/vidisha/ros2_humble/install/ament_cpplint:/home/vidisha/ros2_humble/install/ament_cppcheck:/home/vidisha/ros2_humble/install/ament_clang_tidy:/home/vidisha/ros2_humble/install/ament_clang_format /usr/bin/cmake --build /home/vidisha/Titanium/titanium_ws/build/simulator_interfaces -- -j12 -l12
[26.194s] Invoking command in '/home/vidisha/Titanium/titanium_ws/build/simulator_interfaces': CMAKE_PREFIX_PATH=${CMAKE_PREFIX_PATH}:/home/vidisha/Titanium/titanium_ws/install/simulator_msgs:/home/vidisha/Titanium/titanium_ws/install/simulator:/home/vidisha/Titanium/titanium_ws/install/ros_tcp_endpoint:/home/vidisha/ros2_humble/install/rqt_bag_plugins:/home/vidisha/ros2_humble/install/rqt_bag:/home/vidisha/ros2_humble/install/ros2bag:/home/vidisha/ros2_humble/install/tracetools_test:/home/vidisha/ros2_humble/install/tracetools_launch:/home/vidisha/ros2_humble/install/topic_monitor:/home/vidisha/ros2_humble/install/tf2_tools:/home/vidisha/ros2_humble/install/examples_tf2_py:/home/vidisha/ros2_humble/install/tf2_ros_py:/home/vidisha/ros2_humble/install/sros2:/home/vidisha/ros2_humble/install/rqt_topic:/home/vidisha/ros2_humble/install/rqt_srv:/home/vidisha/ros2_humble/install/rqt_shell:/home/vidisha/ros2_humble/install/rqt_service_caller:/home/vidisha/ros2_humble/install/rqt_reconfigure:/home/vidisha/ros2_humble/install/rqt_py_console:/home/vidisha/ros2_humble/install/rqt_publisher:/home/vidisha/ros2_humble/install/rqt_plot:/home/vidisha/ros2_humble/install/rqt_action:/home/vidisha/ros2_humble/install/rqt_msg:/home/vidisha/ros2_humble/install/rqt_console:/home/vidisha/ros2_humble/install/rqt:/home/vidisha/ros2_humble/install/rqt_graph:/home/vidisha/ros2_humble/install/rqt_gui_py:/home/vidisha/ros2_humble/install/rqt_gui:/home/vidisha/ros2_humble/install/ros2trace:/home/vidisha/ros2_humble/install/ros2topic:/home/vidisha/ros2_humble/install/ros2test:/home/vidisha/ros2_humble/install/ros2component:/home/vidisha/ros2_humble/install/ros2param:/home/vidisha/ros2_humble/install/ros2lifecycle:/home/vidisha/ros2_humble/install/ros2service:/home/vidisha/ros2_humble/install/ros2run:/home/vidisha/ros2_humble/install/ros2launch:/home/vidisha/ros2_humble/install/ros2pkg:/home/vidisha/ros2_humble/install/ros2node:/home/vidisha/ros2_humble/install/ros2multicast:/home/vidisha/ros2_humble/install/ros2interface:/home/vidisha/ros2_humble/install/ros2doctor:/home/vidisha/ros2_humble/install/ros2action:/home/vidisha/ros2_humble/install/ros2cli:/home/vidisha/ros2_humble/install/quality_of_service_demo_py:/home/vidisha/ros2_humble/install/lifecycle_py:/home/vidisha/ros2_humble/install/launch_testing_ros:/home/vidisha/ros2_humble/install/launch_ros:/home/vidisha/ros2_humble/install/examples_rclpy_pointcloud_publisher:/home/vidisha/ros2_humble/install/examples_rclpy_minimal_subscriber:/home/vidisha/ros2_humble/install/examples_rclpy_minimal_service:/home/vidisha/ros2_humble/install/examples_rclpy_minimal_publisher:/home/vidisha/ros2_humble/install/examples_rclpy_minimal_client:/home/vidisha/ros2_humble/install/examples_rclpy_minimal_action_server:/home/vidisha/ros2_humble/install/examples_rclpy_minimal_action_client:/home/vidisha/ros2_humble/install/examples_rclpy_guard_conditions:/home/vidisha/ros2_humble/install/examples_rclpy_executors:/home/vidisha/ros2_humble/install/demo_nodes_py:/home/vidisha/ros2_humble/install/action_tutorials_py:/home/vidisha/ros2_humble/install/ament_uncrustify:/home/vidisha/ros2_humble/install/tracetools_trace:/home/vidisha/ros2_humble/install/tracetools_read:/home/vidisha/ros2_humble/install/test_tracetools_launch:/home/vidisha/ros2_humble/install/test_launch_ros:/home/vidisha/ros2_humble/install/sensor_msgs_py:/home/vidisha/ros2_humble/install/rpyutils:/home/vidisha/ros2_humble/install/rosidl_runtime_py:/home/vidisha/ros2_humble/install/rosidl_cli:/home/vidisha/ros2_humble/install/launch_pytest:/home/vidisha/ros2_humble/install/launch_testing:/home/vidisha/ros2_humble/install/launch_yaml:/home/vidisha/ros2_humble/install/launch_xml:/home/vidisha/ros2_humble/install/launch:/home/vidisha/ros2_humble/install/osrf_pycommon:/home/vidisha/ros2_humble/install/launch_testing_examples:/home/vidisha/ros2_humble/install/domain_coordinator:/home/vidisha/ros2_humble/install/ament_xmllint:/home/vidisha/ros2_humble/install/ament_pyflakes:/home/vidisha/ros2_humble/install/ament_pycodestyle:/home/vidisha/ros2_humble/install/ament_pep257:/home/vidisha/ros2_humble/install/ament_pclint:/home/vidisha/ros2_humble/install/ament_package:/home/vidisha/ros2_humble/install/ament_mypy:/home/vidisha/ros2_humble/install/ament_lint_cmake:/home/vidisha/ros2_humble/install/ament_flake8:/home/vidisha/ros2_humble/install/ament_copyright:/home/vidisha/ros2_humble/install/ament_lint:/home/vidisha/ros2_humble/install/ament_index_python:/home/vidisha/ros2_humble/install/ament_cpplint:/home/vidisha/ros2_humble/install/ament_cppcheck:/home/vidisha/ros2_humble/install/ament_clang_tidy:/home/vidisha/ros2_humble/install/ament_clang_format /usr/bin/cmake --install /home/vidisha/Titanium/titanium_ws/build/simulator_interfaces
[26.214s] -- Install configuration: ""
[26.214s] -- Installing: /home/vidisha/Titanium/titanium_ws/install/simulator_interfaces/share/ament_index/resource_index/rosidl_interfaces/simulator_interfaces
[26.214s] -- Up-to-date: /home/vidisha/Titanium/titanium_ws/install/simulator_interfaces/include/simulator_interfaces/simulator_interfaces
[26.214s] -- Up-to-date: /home/vidisha/Titanium/titanium_ws/install/simulator_interfaces/include/simulator_interfaces/simulator_interfaces/msg
[26.215s] -- Up-to-date: /home/vidisha/Titanium/titanium_ws/install/simulator_interfaces/include/simulator_interfaces/simulator_interfaces/msg/detail
[26.215s] -- Installing: /home/vidisha/Titanium/titanium_ws/install/simulator_interfaces/include/simulator_interfaces/simulator_interfaces/msg/detail/tagged_pose_array__type_support.h
[26.215s] -- Installing: /home/vidisha/Titanium/titanium_ws/install/simulator_interfaces/include/simulator_interfaces/simulator_interfaces/msg/detail/tagged_pose__type_support.h
[26.215s] -- Installing: /home/vidisha/Titanium/titanium_ws/install/simulator_interfaces/include/simulator_interfaces/simulator_interfaces/msg/detail/tagged_pose__struct.h
[26.215s] -- Installing: /home/vidisha/Titanium/titanium_ws/install/simulator_interfaces/include/simulator_interfaces/simulator_interfaces/msg/detail/pos_rot__struct.h
[26.215s] -- Installing: /home/vidisha/Titanium/titanium_ws/install/simulator_interfaces/include/simulator_interfaces/simulator_interfaces/msg/detail/tagged_pose__functions.h
[26.215s] -- Installing: /home/vidisha/Titanium/titanium_ws/install/simulator_interfaces/include/simulator_interfaces/simulator_interfaces/msg/detail/pos_rot__functions.h
[26.215s] -- Installing: /home/vidisha/Titanium/titanium_ws/install/simulator_interfaces/include/simulator_interfaces/simulator_interfaces/msg/detail/tagged_pose_array__functions.h
[26.215s] -- Installing: /home/vidisha/Titanium/titanium_ws/install/simulator_interfaces/include/simulator_interfaces/simulator_interfaces/msg/detail/tagged_pose_array__struct.h
[26.216s] -- Installing: /home/vidisha/Titanium/titanium_ws/install/simulator_interfaces/include/simulator_interfaces/simulator_interfaces/msg/detail/tagged_pose_array__functions.c
[26.216s] -- Installing: /home/vidisha/Titanium/titanium_ws/install/simulator_interfaces/include/simulator_interfaces/simulator_interfaces/msg/detail/pos_rot__type_support.h
[26.216s] -- Installing: /home/vidisha/Titanium/titanium_ws/install/simulator_interfaces/include/simulator_interfaces/simulator_interfaces/msg/detail/tagged_pose__functions.c
[26.216s] -- Installing: /home/vidisha/Titanium/titanium_ws/install/simulator_interfaces/include/simulator_interfaces/simulator_interfaces/msg/detail/pos_rot__functions.c
[26.216s] -- Installing: /home/vidisha/Titanium/titanium_ws/install/simulator_interfaces/include/simulator_interfaces/simulator_interfaces/msg/tagged_pose.h
[26.216s] -- Up-to-date: /home/vidisha/Titanium/titanium_ws/install/simulator_interfaces/include/simulator_interfaces/simulator_interfaces/msg/rosidl_generator_c__visibility_control.h
[26.216s] -- Installing: /home/vidisha/Titanium/titanium_ws/install/simulator_interfaces/include/simulator_interfaces/simulator_interfaces/msg/tagged_pose_array.h
[26.216s] -- Installing: /home/vidisha/Titanium/titanium_ws/install/simulator_interfaces/include/simulator_interfaces/simulator_interfaces/msg/pos_rot.h
[26.216s] -- Up-to-date: /home/vidisha/Titanium/titanium_ws/install/simulator_interfaces/share/simulator_interfaces/environment/library_path.sh
[26.216s] -- Installing: /home/vidisha/Titanium/titanium_ws/install/simulator_interfaces/share/simulator_interfaces/environment/library_path.dsv
[26.216s] -- Installing: /home/vidisha/Titanium/titanium_ws/install/simulator_interfaces/lib/libsimulator_interfaces__rosidl_generator_c.so
[26.217s] -- Set runtime path of "/home/vidisha/Titanium/titanium_ws/install/simulator_interfaces/lib/libsimulator_interfaces__rosidl_generator_c.so" to ""
[26.217s] -- Up-to-date: /home/vidisha/Titanium/titanium_ws/install/simulator_interfaces/include/simulator_interfaces/simulator_interfaces
[26.217s] -- Up-to-date: /home/vidisha/Titanium/titanium_ws/install/simulator_interfaces/include/simulator_interfaces/simulator_interfaces/msg
[26.217s] -- Up-to-date: /home/vidisha/Titanium/titanium_ws/install/simulator_interfaces/include/simulator_interfaces/simulator_interfaces/msg/detail
[26.217s] -- Installing: /home/vidisha/Titanium/titanium_ws/install/simulator_interfaces/include/simulator_interfaces/simulator_interfaces/msg/detail/tagged_pose_array__type_support.c
[26.217s] -- Installing: /home/vidisha/Titanium/titanium_ws/install/simulator_interfaces/include/simulator_interfaces/simulator_interfaces/msg/detail/pos_rot__rosidl_typesupport_introspection_c.h
[26.217s] -- Installing: /home/vidisha/Titanium/titanium_ws/install/simulator_interfaces/include/simulator_interfaces/simulator_interfaces/msg/detail/pos_rot__type_support.c
[26.217s] -- Installing: /home/vidisha/Titanium/titanium_ws/install/simulator_interfaces/include/simulator_interfaces/simulator_interfaces/msg/detail/tagged_pose_array__rosidl_typesupport_introspection_c.h
[26.217s] -- Installing: /home/vidisha/Titanium/titanium_ws/install/simulator_interfaces/include/simulator_interfaces/simulator_interfaces/msg/detail/tagged_pose__rosidl_typesupport_introspection_c.h
[26.217s] -- Installing: /home/vidisha/Titanium/titanium_ws/install/simulator_interfaces/include/simulator_interfaces/simulator_interfaces/msg/detail/tagged_pose__type_support.c
[26.217s] -- Up-to-date: /home/vidisha/Titanium/titanium_ws/install/simulator_interfaces/include/simulator_interfaces/simulator_interfaces/msg/rosidl_typesupport_introspection_c__visibility_control.h
[26.218s] -- Installing: /home/vidisha/Titanium/titanium_ws/install/simulator_interfaces/lib/libsimulator_interfaces__rosidl_typesupport_introspection_c.so
[26.218s] -- Set runtime path of "/home/vidisha/Titanium/titanium_ws/install/simulator_interfaces/lib/libsimulator_interfaces__rosidl_typesupport_introspection_c.so" to ""
[26.218s] -- Up-to-date: /home/vidisha/Titanium/titanium_ws/install/simulator_interfaces/include/simulator_interfaces/simulator_interfaces
[26.218s] -- Up-to-date: /home/vidisha/Titanium/titanium_ws/install/simulator_interfaces/include/simulator_interfaces/simulator_interfaces/msg
[26.218s] -- Up-to-date: /home/vidisha/Titanium/titanium_ws/install/simulator_interfaces/include/simulator_interfaces/simulator_interfaces/msg/detail
[26.218s] -- Installing: /home/vidisha/Titanium/titanium_ws/install/simulator_interfaces/include/simulator_interfaces/simulator_interfaces/msg/detail/tagged_pose__rosidl_typesupport_fastrtps_c.h
[26.218s] -- Installing: /home/vidisha/Titanium/titanium_ws/install/simulator_interfaces/include/simulator_interfaces/simulator_interfaces/msg/detail/tagged_pose_array__rosidl_typesupport_fastrtps_c.h
[26.219s] -- Installing: /home/vidisha/Titanium/titanium_ws/install/simulator_interfaces/include/simulator_interfaces/simulator_interfaces/msg/detail/pos_rot__rosidl_typesupport_fastrtps_c.h
[26.219s] -- Up-to-date: /home/vidisha/Titanium/titanium_ws/install/simulator_interfaces/include/simulator_interfaces/simulator_interfaces/msg/rosidl_typesupport_fastrtps_c__visibility_control.h
[26.219s] -- Installing: /home/vidisha/Titanium/titanium_ws/install/simulator_interfaces/lib/libsimulator_interfaces__rosidl_typesupport_fastrtps_c.so
[26.219s] -- Set runtime path of "/home/vidisha/Titanium/titanium_ws/install/simulator_interfaces/lib/libsimulator_interfaces__rosidl_typesupport_fastrtps_c.so" to ""
[26.219s] -- Installing: /home/vidisha/Titanium/titanium_ws/install/simulator_interfaces/lib/libsimulator_interfaces__rosidl_typesupport_c.so
[26.220s] -- Set runtime path of "/home/vidisha/Titanium/titanium_ws/install/simulator_interfaces/lib/libsimulator_interfaces__rosidl_typesupport_c.so" to ""
[26.220s] -- Up-to-date: /home/vidisha/Titanium/titanium_ws/install/simulator_interfaces/include/simulator_interfaces/simulator_interfaces
[26.220s] -- Up-to-date: /home/vidisha/Titanium/titanium_ws/install/simulator_interfaces/include/simulator_interfaces/simulator_interfaces/msg
[26.220s] -- Up-to-date: /home/vidisha/Titanium/titanium_ws/install/simulator_interfaces/include/simulator_interfaces/simulator_interfaces/msg/detail
[26.220s] -- Installing: /home/vidisha/Titanium/titanium_ws/install/simulator_interfaces/include/simulator_interfaces/simulator_interfaces/msg/detail/pos_rot__traits.hpp
[26.220s] -- Installing: /home/vidisha/Titanium/titanium_ws/install/simulator_interfaces/include/simulator_interfaces/simulator_interfaces/msg/detail/tagged_pose_array__traits.hpp
[26.220s] -- Installing: /home/vidisha/Titanium/titanium_ws/install/simulator_interfaces/include/simulator_interfaces/simulator_interfaces/msg/detail/tagged_pose__struct.hpp
[26.220s] -- Installing: /home/vidisha/Titanium/titanium_ws/install/simulator_interfaces/include/simulator_interfaces/simulator_interfaces/msg/detail/pos_rot__struct.hpp
[26.221s] -- Installing: /home/vidisha/Titanium/titanium_ws/install/simulator_interfaces/include/simulator_interfaces/simulator_interfaces/msg/detail/tagged_pose_array__builder.hpp
[26.221s] -- Installing: /home/vidisha/Titanium/titanium_ws/install/simulator_interfaces/include/simulator_interfaces/simulator_interfaces/msg/detail/tagged_pose__traits.hpp
[26.221s] -- Installing: /home/vidisha/Titanium/titanium_ws/install/simulator_interfaces/include/simulator_interfaces/simulator_interfaces/msg/detail/tagged_pose_array__struct.hpp
[26.221s] -- Installing: /home/vidisha/Titanium/titanium_ws/install/simulator_interfaces/include/simulator_interfaces/simulator_interfaces/msg/detail/tagged_pose__builder.hpp
[26.221s] -- Installing: /home/vidisha/Titanium/titanium_ws/install/simulator_interfaces/include/simulator_interfaces/simulator_interfaces/msg/detail/pos_rot__builder.hpp
[26.221s] -- Installing: /home/vidisha/Titanium/titanium_ws/install/simulator_interfaces/include/simulator_interfaces/simulator_interfaces/msg/tagged_pose_array.hpp
[26.221s] -- Installing: /home/vidisha/Titanium/titanium_ws/install/simulator_interfaces/include/simulator_interfaces/simulator_interfaces/msg/tagged_pose.hpp
[26.221s] -- Installing: /home/vidisha/Titanium/titanium_ws/install/simulator_interfaces/include/simulator_interfaces/simulator_interfaces/msg/pos_rot.hpp
[26.221s] -- Up-to-date: /home/vidisha/Titanium/titanium_ws/install/simulator_interfaces/include/simulator_interfaces/simulator_interfaces
[26.221s] -- Up-to-date: /home/vidisha/Titanium/titanium_ws/install/simulator_interfaces/include/simulator_interfaces/simulator_interfaces/msg
[26.222s] -- Up-to-date: /home/vidisha/Titanium/titanium_ws/install/simulator_interfaces/include/simulator_interfaces/simulator_interfaces/msg/detail
[26.222s] -- Installing: /home/vidisha/Titanium/titanium_ws/install/simulator_interfaces/include/simulator_interfaces/simulator_interfaces/msg/detail/tagged_pose__rosidl_typesupport_introspection_cpp.hpp
[26.222s] -- Installing: /home/vidisha/Titanium/titanium_ws/install/simulator_interfaces/include/simulator_interfaces/simulator_interfaces/msg/detail/pos_rot__type_support.cpp
[26.222s] -- Installing: /home/vidisha/Titanium/titanium_ws/install/simulator_interfaces/include/simulator_interfaces/simulator_interfaces/msg/detail/tagged_pose_array__rosidl_typesupport_introspection_cpp.hpp
[26.222s] -- Installing: /home/vidisha/Titanium/titanium_ws/install/simulator_interfaces/include/simulator_interfaces/simulator_interfaces/msg/detail/tagged_pose_array__type_support.cpp
[26.222s] -- Installing: /home/vidisha/Titanium/titanium_ws/install/simulator_interfaces/include/simulator_interfaces/simulator_interfaces/msg/detail/pos_rot__rosidl_typesupport_introspection_cpp.hpp
[26.222s] -- Installing: /home/vidisha/Titanium/titanium_ws/install/simulator_interfaces/include/simulator_interfaces/simulator_interfaces/msg/detail/tagged_pose__type_support.cpp
[26.222s] -- Installing: /home/vidisha/Titanium/titanium_ws/install/simulator_interfaces/lib/libsimulator_interfaces__rosidl_typesupport_introspection_cpp.so
[26.223s] -- Set runtime path of "/home/vidisha/Titanium/titanium_ws/install/simulator_interfaces/lib/libsimulator_interfaces__rosidl_typesupport_introspection_cpp.so" to ""
[26.223s] -- Up-to-date: /home/vidisha/Titanium/titanium_ws/install/simulator_interfaces/include/simulator_interfaces/simulator_interfaces
[26.223s] -- Up-to-date: /home/vidisha/Titanium/titanium_ws/install/simulator_interfaces/include/simulator_interfaces/simulator_interfaces/msg
[26.223s] -- Up-to-date: /home/vidisha/Titanium/titanium_ws/install/simulator_interfaces/include/simulator_interfaces/simulator_interfaces/msg/detail
[26.223s] -- Installing: /home/vidisha/Titanium/titanium_ws/install/simulator_interfaces/include/simulator_interfaces/simulator_interfaces/msg/detail/tagged_pose__rosidl_typesupport_fastrtps_cpp.hpp
[26.223s] -- Installing: /home/vidisha/Titanium/titanium_ws/install/simulator_interfaces/include/simulator_interfaces/simulator_interfaces/msg/detail/tagged_pose_array__rosidl_typesupport_fastrtps_cpp.hpp
[26.224s] -- Up-to-date: /home/vidisha/Titanium/titanium_ws/install/simulator_interfaces/include/simulator_interfaces/simulator_interfaces/msg/detail/dds_fastrtps
[26.224s] -- Installing: /home/vidisha/Titanium/titanium_ws/install/simulator_interfaces/include/simulator_interfaces/simulator_interfaces/msg/detail/pos_rot__rosidl_typesupport_fastrtps_cpp.hpp
[26.224s] -- Up-to-date: /home/vidisha/Titanium/titanium_ws/install/simulator_interfaces/include/simulator_interfaces/simulator_interfaces/msg/rosidl_typesupport_fastrtps_cpp__visibility_control.h
[26.224s] -- Installing: /home/vidisha/Titanium/titanium_ws/install/simulator_interfaces/lib/libsimulator_interfaces__rosidl_typesupport_fastrtps_cpp.so
[26.224s] -- Set runtime path of "/home/vidisha/Titanium/titanium_ws/install/simulator_interfaces/lib/libsimulator_interfaces__rosidl_typesupport_fastrtps_cpp.so" to ""
[26.225s] -- Installing: /home/vidisha/Titanium/titanium_ws/install/simulator_interfaces/lib/libsimulator_interfaces__rosidl_typesupport_cpp.so
[26.225s] -- Set runtime path of "/home/vidisha/Titanium/titanium_ws/install/simulator_interfaces/lib/libsimulator_interfaces__rosidl_typesupport_cpp.so" to ""
[26.225s] -- Up-to-date: /home/vidisha/Titanium/titanium_ws/install/simulator_interfaces/share/simulator_interfaces/environment/pythonpath.sh
[26.225s] -- Installing: /home/vidisha/Titanium/titanium_ws/install/simulator_interfaces/share/simulator_interfaces/environment/pythonpath.dsv
[26.225s] -- Up-to-date: /home/vidisha/Titanium/titanium_ws/install/simulator_interfaces/lib/python3.8/site-packages/simulator_interfaces-0.0.0-py3.8.egg-info
[26.226s] -- Installing: /home/vidisha/Titanium/titanium_ws/install/simulator_interfaces/lib/python3.8/site-packages/simulator_interfaces-0.0.0-py3.8.egg-info/PKG-INFO
[26.226s] -- Installing: /home/vidisha/Titanium/titanium_ws/install/simulator_interfaces/lib/python3.8/site-packages/simulator_interfaces-0.0.0-py3.8.egg-info/top_level.txt
[26.226s] -- Installing: /home/vidisha/Titanium/titanium_ws/install/simulator_interfaces/lib/python3.8/site-packages/simulator_interfaces-0.0.0-py3.8.egg-info/SOURCES.txt
[26.226s] -- Installing: /home/vidisha/Titanium/titanium_ws/install/simulator_interfaces/lib/python3.8/site-packages/simulator_interfaces-0.0.0-py3.8.egg-info/dependency_links.txt
[26.226s] -- Up-to-date: /home/vidisha/Titanium/titanium_ws/install/simulator_interfaces/lib/python3.8/site-packages/simulator_interfaces
[26.226s] -- Installing: /home/vidisha/Titanium/titanium_ws/install/simulator_interfaces/lib/python3.8/site-packages/simulator_interfaces/__init__.py
[26.226s] -- Up-to-date: /home/vidisha/Titanium/titanium_ws/install/simulator_interfaces/lib/python3.8/site-packages/simulator_interfaces/msg
[26.226s] -- Installing: /home/vidisha/Titanium/titanium_ws/install/simulator_interfaces/lib/python3.8/site-packages/simulator_interfaces/msg/_pos_rot_s.c
[26.226s] -- Installing: /home/vidisha/Titanium/titanium_ws/install/simulator_interfaces/lib/python3.8/site-packages/simulator_interfaces/msg/__init__.py
[26.226s] -- Installing: /home/vidisha/Titanium/titanium_ws/install/simulator_interfaces/lib/python3.8/site-packages/simulator_interfaces/msg/_tagged_pose_array.py
[26.226s] -- Installing: /home/vidisha/Titanium/titanium_ws/install/simulator_interfaces/lib/python3.8/site-packages/simulator_interfaces/msg/_pos_rot.py
[26.227s] -- Installing: /home/vidisha/Titanium/titanium_ws/install/simulator_interfaces/lib/python3.8/site-packages/simulator_interfaces/msg/_tagged_pose_s.c
[26.227s] -- Installing: /home/vidisha/Titanium/titanium_ws/install/simulator_interfaces/lib/python3.8/site-packages/simulator_interfaces/msg/_tagged_pose.py
[26.227s] -- Installing: /home/vidisha/Titanium/titanium_ws/install/simulator_interfaces/lib/python3.8/site-packages/simulator_interfaces/msg/_tagged_pose_array_s.c
[26.227s] -- Installing: /home/vidisha/Titanium/titanium_ws/install/simulator_interfaces/lib/python3.8/site-packages/simulator_interfaces/simulator_interfaces_s__rosidl_typesupport_c.cpython-38-x86_64-linux-gnu.so
[26.227s] -- Installing: /home/vidisha/Titanium/titanium_ws/install/simulator_interfaces/lib/python3.8/site-packages/simulator_interfaces/_simulator_interfaces_s.ep.rosidl_typesupport_fastrtps_c.c
[26.227s] -- Installing: /home/vidisha/Titanium/titanium_ws/install/simulator_interfaces/lib/python3.8/site-packages/simulator_interfaces/libsimulator_interfaces__rosidl_generator_py.so
[26.227s] -- Installing: /home/vidisha/Titanium/titanium_ws/install/simulator_interfaces/lib/python3.8/site-packages/simulator_interfaces/simulator_interfaces_s__rosidl_typesupport_introspection_c.cpython-38-x86_64-linux-gnu.so
[26.227s] -- Installing: /home/vidisha/Titanium/titanium_ws/install/simulator_interfaces/lib/python3.8/site-packages/simulator_interfaces/_simulator_interfaces_s.ep.rosidl_typesupport_c.c
[26.227s] -- Installing: /home/vidisha/Titanium/titanium_ws/install/simulator_interfaces/lib/python3.8/site-packages/simulator_interfaces/simulator_interfaces_s__rosidl_typesupport_fastrtps_c.cpython-38-x86_64-linux-gnu.so
[26.227s] -- Installing: /home/vidisha/Titanium/titanium_ws/install/simulator_interfaces/lib/python3.8/site-packages/simulator_interfaces/_simulator_interfaces_s.ep.rosidl_typesupport_introspection_c.c
[26.644s] Listing '/home/vidisha/Titanium/titanium_ws/install/simulator_interfaces/lib/python3.8/site-packages/simulator_interfaces'...
[26.645s] Compiling '/home/vidisha/Titanium/titanium_ws/install/simulator_interfaces/lib/python3.8/site-packages/simulator_interfaces/__init__.py'...
[26.645s] Listing '/home/vidisha/Titanium/titanium_ws/install/simulator_interfaces/lib/python3.8/site-packages/simulator_interfaces/msg'...
[26.645s] Compiling '/home/vidisha/Titanium/titanium_ws/install/simulator_interfaces/lib/python3.8/site-packages/simulator_interfaces/msg/__init__.py'...
[26.645s] Compiling '/home/vidisha/Titanium/titanium_ws/install/simulator_interfaces/lib/python3.8/site-packages/simulator_interfaces/msg/_pos_rot.py'...
[26.645s] Compiling '/home/vidisha/Titanium/titanium_ws/install/simulator_interfaces/lib/python3.8/site-packages/simulator_interfaces/msg/_tagged_pose.py'...
[26.645s] Compiling '/home/vidisha/Titanium/titanium_ws/install/simulator_interfaces/lib/python3.8/site-packages/simulator_interfaces/msg/_tagged_pose_array.py'...
[26.648s] -- Installing: /home/vidisha/Titanium/titanium_ws/install/simulator_interfaces/lib/python3.8/site-packages/simulator_interfaces/simulator_interfaces_s__rosidl_typesupport_introspection_c.cpython-38-x86_64-linux-gnu.so
[26.649s] -- Set runtime path of "/home/vidisha/Titanium/titanium_ws/install/simulator_interfaces/lib/python3.8/site-packages/simulator_interfaces/simulator_interfaces_s__rosidl_typesupport_introspection_c.cpython-38-x86_64-linux-gnu.so" to ""
[26.649s] -- Installing: /home/vidisha/Titanium/titanium_ws/install/simulator_interfaces/lib/python3.8/site-packages/simulator_interfaces/simulator_interfaces_s__rosidl_typesupport_fastrtps_c.cpython-38-x86_64-linux-gnu.so
[26.650s] -- Set runtime path of "/home/vidisha/Titanium/titanium_ws/install/simulator_interfaces/lib/python3.8/site-packages/simulator_interfaces/simulator_interfaces_s__rosidl_typesupport_fastrtps_c.cpython-38-x86_64-linux-gnu.so" to ""
[26.650s] -- Installing: /home/vidisha/Titanium/titanium_ws/install/simulator_interfaces/lib/python3.8/site-packages/simulator_interfaces/simulator_interfaces_s__rosidl_typesupport_c.cpython-38-x86_64-linux-gnu.so
[26.651s] -- Set runtime path of "/home/vidisha/Titanium/titanium_ws/install/simulator_interfaces/lib/python3.8/site-packages/simulator_interfaces/simulator_interfaces_s__rosidl_typesupport_c.cpython-38-x86_64-linux-gnu.so" to ""
[26.651s] -- Installing: /home/vidisha/Titanium/titanium_ws/install/simulator_interfaces/lib/libsimulator_interfaces__rosidl_generator_py.so
[26.651s] -- Set runtime path of "/home/vidisha/Titanium/titanium_ws/install/simulator_interfaces/lib/libsimulator_interfaces__rosidl_generator_py.so" to ""
[26.651s] -- Up-to-date: /home/vidisha/Titanium/titanium_ws/install/simulator_interfaces/share/simulator_interfaces/msg/PosRot.idl
[26.651s] -- Installing: /home/vidisha/Titanium/titanium_ws/install/simulator_interfaces/share/simulator_interfaces/msg/TaggedPose.idl
[26.651s] -- Installing: /home/vidisha/Titanium/titanium_ws/install/simulator_interfaces/share/simulator_interfaces/msg/TaggedPoseArray.idl
[26.652s] -- Up-to-date: /home/vidisha/Titanium/titanium_ws/install/simulator_interfaces/share/simulator_interfaces/msg/PosRot.msg
[26.652s] -- Installing: /home/vidisha/Titanium/titanium_ws/install/simulator_interfaces/share/simulator_interfaces/msg/TaggedPose.msg
[26.652s] -- Installing: /home/vidisha/Titanium/titanium_ws/install/simulator_interfaces/share/simulator_interfaces/msg/TaggedPoseArray.msg
[26.652s] -- Up-to-date: /home/vidisha/Titanium/titanium_ws/install/simulator_interfaces/share/ament_index/resource_index/package_run_dependencies/simulator_interfaces
[26.652s] -- Up-to-date: /home/vidisha/Titanium/titanium_ws/install/simulator_interfaces/share/ament_index/resource_index/parent_prefix_path/simulator_interfaces
[26.652s] -- Installing: /home/vidisha/Titanium/titanium_ws/install/simulator_interfaces/share/simulator_interfaces/environment/ament_prefix_path.dsv
[26.652s] -- Installing: /home/vidisha/Titanium/titanium_ws/install/simulator_interfaces/share/simulator_interfaces/environment/path.dsv
[26.652s] -- Up-to-date: /home/vidisha/Titanium/titanium_ws/install/simulator_interfaces/share/simulator_interfaces/local_setup.bash
[26.652s] -- Up-to-date: /home/vidisha/Titanium/titanium_ws/install/simulator_interfaces/share/simulator_interfaces/local_setup.sh
[26.652s] -- Up-to-date: /home/vidisha/Titanium/titanium_ws/install/simulator_interfaces/share/simulator_interfaces/local_setup.zsh
[26.652s] -- Installing: /home/vidisha/Titanium/titanium_ws/install/simulator_interfaces/share/simulator_interfaces/local_setup.dsv
[26.652s] -- Installing: /home/vidisha/Titanium/titanium_ws/install/simulator_interfaces/share/simulator_interfaces/package.dsv
[26.653s] -- Up-to-date: /home/vidisha/Titanium/titanium_ws/install/simulator_interfaces/share/ament_index/resource_index/packages/simulator_interfaces
[26.653s] -- Up-to-date: /home/vidisha/Titanium/titanium_ws/install/simulator_interfaces/share/simulator_interfaces/cmake/export_simulator_interfaces__rosidl_generator_cExport.cmake
[26.653s] -- Installing: /home/vidisha/Titanium/titanium_ws/install/simulator_interfaces/share/simulator_interfaces/cmake/export_simulator_interfaces__rosidl_generator_cExport-noconfig.cmake
[26.653s] -- Up-to-date: /home/vidisha/Titanium/titanium_ws/install/simulator_interfaces/share/simulator_interfaces/cmake/simulator_interfaces__rosidl_typesupport_introspection_cExport.cmake
[26.653s] -- Installing: /home/vidisha/Titanium/titanium_ws/install/simulator_interfaces/share/simulator_interfaces/cmake/simulator_interfaces__rosidl_typesupport_introspection_cExport-noconfig.cmake
[26.654s] -- Up-to-date: /home/vidisha/Titanium/titanium_ws/install/simulator_interfaces/share/simulator_interfaces/cmake/export_simulator_interfaces__rosidl_typesupport_fastrtps_cExport.cmake
[26.654s] -- Installing: /home/vidisha/Titanium/titanium_ws/install/simulator_interfaces/share/simulator_interfaces/cmake/export_simulator_interfaces__rosidl_typesupport_fastrtps_cExport-noconfig.cmake
[26.654s] -- Up-to-date: /home/vidisha/Titanium/titanium_ws/install/simulator_interfaces/share/simulator_interfaces/cmake/simulator_interfaces__rosidl_typesupport_cExport.cmake
[26.654s] -- Installing: /home/vidisha/Titanium/titanium_ws/install/simulator_interfaces/share/simulator_interfaces/cmake/simulator_interfaces__rosidl_typesupport_cExport-noconfig.cmake
[26.654s] -- Up-to-date: /home/vidisha/Titanium/titanium_ws/install/simulator_interfaces/share/simulator_interfaces/cmake/export_simulator_interfaces__rosidl_generator_cppExport.cmake
[26.654s] -- Up-to-date: /home/vidisha/Titanium/titanium_ws/install/simulator_interfaces/share/simulator_interfaces/cmake/simulator_interfaces__rosidl_typesupport_introspection_cppExport.cmake
[26.654s] -- Installing: /home/vidisha/Titanium/titanium_ws/install/simulator_interfaces/share/simulator_interfaces/cmake/simulator_interfaces__rosidl_typesupport_introspection_cppExport-noconfig.cmake
[26.654s] -- Up-to-date: /home/vidisha/Titanium/titanium_ws/install/simulator_interfaces/share/simulator_interfaces/cmake/export_simulator_interfaces__rosidl_typesupport_fastrtps_cppExport.cmake
[26.654s] -- Installing: /home/vidisha/Titanium/titanium_ws/install/simulator_interfaces/share/simulator_interfaces/cmake/export_simulator_interfaces__rosidl_typesupport_fastrtps_cppExport-noconfig.cmake
[26.655s] -- Up-to-date: /home/vidisha/Titanium/titanium_ws/install/simulator_interfaces/share/simulator_interfaces/cmake/simulator_interfaces__rosidl_typesupport_cppExport.cmake
[26.655s] -- Installing: /home/vidisha/Titanium/titanium_ws/install/simulator_interfaces/share/simulator_interfaces/cmake/simulator_interfaces__rosidl_typesupport_cppExport-noconfig.cmake
[26.655s] -- Up-to-date: /home/vidisha/Titanium/titanium_ws/install/simulator_interfaces/share/simulator_interfaces/cmake/export_simulator_interfaces__rosidl_generator_pyExport.cmake
[26.655s] -- Installing: /home/vidisha/Titanium/titanium_ws/install/simulator_interfaces/share/simulator_interfaces/cmake/export_simulator_interfaces__rosidl_generator_pyExport-noconfig.cmake
[26.655s] -- Installing: /home/vidisha/Titanium/titanium_ws/install/simulator_interfaces/share/simulator_interfaces/cmake/rosidl_cmake-extras.cmake
[26.656s] -- Up-to-date: /home/vidisha/Titanium/titanium_ws/install/simulator_interfaces/share/simulator_interfaces/cmake/ament_cmake_export_dependencies-extras.cmake
[26.656s] -- Up-to-date: /home/vidisha/Titanium/titanium_ws/install/simulator_interfaces/share/simulator_interfaces/cmake/ament_cmake_export_include_directories-extras.cmake
[26.656s] -- Up-to-date: /home/vidisha/Titanium/titanium_ws/install/simulator_interfaces/share/simulator_interfaces/cmake/ament_cmake_export_libraries-extras.cmake
[26.656s] -- Up-to-date: /home/vidisha/Titanium/titanium_ws/install/simulator_interfaces/share/simulator_interfaces/cmake/ament_cmake_export_targets-extras.cmake
[26.656s] -- Up-to-date: /home/vidisha/Titanium/titanium_ws/install/simulator_interfaces/share/simulator_interfaces/cmake/rosidl_cmake_export_typesupport_targets-extras.cmake
[26.656s] -- Up-to-date: /home/vidisha/Titanium/titanium_ws/install/simulator_interfaces/share/simulator_interfaces/cmake/rosidl_cmake_export_typesupport_libraries-extras.cmake
[26.656s] -- Up-to-date: /home/vidisha/Titanium/titanium_ws/install/simulator_interfaces/share/simulator_interfaces/cmake/simulator_interfacesConfig.cmake
[26.656s] -- Up-to-date: /home/vidisha/Titanium/titanium_ws/install/simulator_interfaces/share/simulator_interfaces/cmake/simulator_interfacesConfig-version.cmake
[26.656s] -- Up-to-date: /home/vidisha/Titanium/titanium_ws/install/simulator_interfaces/share/simulator_interfaces/package.xml
[26.658s] Invoked command in '/home/vidisha/Titanium/titanium_ws/build/simulator_interfaces' returned '0': CMAKE_PREFIX_PATH=${CMAKE_PREFIX_PATH}:/home/vidisha/Titanium/titanium_ws/install/simulator_msgs:/home/vidisha/Titanium/titanium_ws/install/simulator:/home/vidisha/Titanium/titanium_ws/install/ros_tcp_endpoint:/home/vidisha/ros2_humble/install/rqt_bag_plugins:/home/vidisha/ros2_humble/install/rqt_bag:/home/vidisha/ros2_humble/install/ros2bag:/home/vidisha/ros2_humble/install/tracetools_test:/home/vidisha/ros2_humble/install/tracetools_launch:/home/vidisha/ros2_humble/install/topic_monitor:/home/vidisha/ros2_humble/install/tf2_tools:/home/vidisha/ros2_humble/install/examples_tf2_py:/home/vidisha/ros2_humble/install/tf2_ros_py:/home/vidisha/ros2_humble/install/sros2:/home/vidisha/ros2_humble/install/rqt_topic:/home/vidisha/ros2_humble/install/rqt_srv:/home/vidisha/ros2_humble/install/rqt_shell:/home/vidisha/ros2_humble/install/rqt_service_caller:/home/vidisha/ros2_humble/install/rqt_reconfigure:/home/vidisha/ros2_humble/install/rqt_py_console:/home/vidisha/ros2_humble/install/rqt_publisher:/home/vidisha/ros2_humble/install/rqt_plot:/home/vidisha/ros2_humble/install/rqt_action:/home/vidisha/ros2_humble/install/rqt_msg:/home/vidisha/ros2_humble/install/rqt_console:/home/vidisha/ros2_humble/install/rqt:/home/vidisha/ros2_humble/install/rqt_graph:/home/vidisha/ros2_humble/install/rqt_gui_py:/home/vidisha/ros2_humble/install/rqt_gui:/home/vidisha/ros2_humble/install/ros2trace:/home/vidisha/ros2_humble/install/ros2topic:/home/vidisha/ros2_humble/install/ros2test:/home/vidisha/ros2_humble/install/ros2component:/home/vidisha/ros2_humble/install/ros2param:/home/vidisha/ros2_humble/install/ros2lifecycle:/home/vidisha/ros2_humble/install/ros2service:/home/vidisha/ros2_humble/install/ros2run:/home/vidisha/ros2_humble/install/ros2launch:/home/vidisha/ros2_humble/install/ros2pkg:/home/vidisha/ros2_humble/install/ros2node:/home/vidisha/ros2_humble/install/ros2multicast:/home/vidisha/ros2_humble/install/ros2interface:/home/vidisha/ros2_humble/install/ros2doctor:/home/vidisha/ros2_humble/install/ros2action:/home/vidisha/ros2_humble/install/ros2cli:/home/vidisha/ros2_humble/install/quality_of_service_demo_py:/home/vidisha/ros2_humble/install/lifecycle_py:/home/vidisha/ros2_humble/install/launch_testing_ros:/home/vidisha/ros2_humble/install/launch_ros:/home/vidisha/ros2_humble/install/examples_rclpy_pointcloud_publisher:/home/vidisha/ros2_humble/install/examples_rclpy_minimal_subscriber:/home/vidisha/ros2_humble/install/examples_rclpy_minimal_service:/home/vidisha/ros2_humble/install/examples_rclpy_minimal_publisher:/home/vidisha/ros2_humble/install/examples_rclpy_minimal_client:/home/vidisha/ros2_humble/install/examples_rclpy_minimal_action_server:/home/vidisha/ros2_humble/install/examples_rclpy_minimal_action_client:/home/vidisha/ros2_humble/install/examples_rclpy_guard_conditions:/home/vidisha/ros2_humble/install/examples_rclpy_executors:/home/vidisha/ros2_humble/install/demo_nodes_py:/home/vidisha/ros2_humble/install/action_tutorials_py:/home/vidisha/ros2_humble/install/ament_uncrustify:/home/vidisha/ros2_humble/install/tracetools_trace:/home/vidisha/ros2_humble/install/tracetools_read:/home/vidisha/ros2_humble/install/test_tracetools_launch:/home/vidisha/ros2_humble/install/test_launch_ros:/home/vidisha/ros2_humble/install/sensor_msgs_py:/home/vidisha/ros2_humble/install/rpyutils:/home/vidisha/ros2_humble/install/rosidl_runtime_py:/home/vidisha/ros2_humble/install/rosidl_cli:/home/vidisha/ros2_humble/install/launch_pytest:/home/vidisha/ros2_humble/install/launch_testing:/home/vidisha/ros2_humble/install/launch_yaml:/home/vidisha/ros2_humble/install/launch_xml:/home/vidisha/ros2_humble/install/launch:/home/vidisha/ros2_humble/install/osrf_pycommon:/home/vidisha/ros2_humble/install/launch_testing_examples:/home/vidisha/ros2_humble/install/domain_coordinator:/home/vidisha/ros2_humble/install/ament_xmllint:/home/vidisha/ros2_humble/install/ament_pyflakes:/home/vidisha/ros2_humble/install/ament_pycodestyle:/home/vidisha/ros2_humble/install/ament_pep257:/home/vidisha/ros2_humble/install/ament_pclint:/home/vidisha/ros2_humble/install/ament_package:/home/vidisha/ros2_humble/install/ament_mypy:/home/vidisha/ros2_humble/install/ament_lint_cmake:/home/vidisha/ros2_humble/install/ament_flake8:/home/vidisha/ros2_humble/install/ament_copyright:/home/vidisha/ros2_humble/install/ament_lint:/home/vidisha/ros2_humble/install/ament_index_python:/home/vidisha/ros2_humble/install/ament_cpplint:/home/vidisha/ros2_humble/install/ament_cppcheck:/home/vidisha/ros2_humble/install/ament_clang_tidy:/home/vidisha/ros2_humble/install/ament_clang_format /usr/bin/cmake --install /home/vidisha/Titanium/titanium_ws/build/simulator_interfaces
