[2.569s] Invoking command in '/home/vidisha/Titanium/titanium_ws/src/simulator': PYTHONPATH=/home/vidisha/Titanium/titanium_ws/build/simulator/prefix_override:/home/vidisha/Titanium/titanium_ws/install/simulator/lib/python3.8/site-packages:${PYTHONPATH} /usr/bin/python3 setup.py egg_info --egg-base ../../build/simulator build --build-base /home/vidisha/Titanium/titanium_ws/build/simulator/build install --record /home/vidisha/Titanium/titanium_ws/build/simulator/install.log --single-version-externally-managed
[3.321s] running egg_info
[3.321s] writing ../../build/simulator/simulator.egg-info/PKG-INFO
[3.322s] writing dependency_links to ../../build/simulator/simulator.egg-info/dependency_links.txt
[3.322s] writing entry points to ../../build/simulator/simulator.egg-info/entry_points.txt
[3.322s] writing requirements to ../../build/simulator/simulator.egg-info/requires.txt
[3.322s] writing top-level names to ../../build/simulator/simulator.egg-info/top_level.txt
[3.358s] reading manifest file '../../build/simulator/simulator.egg-info/SOURCES.txt'
[3.359s] writing manifest file '../../build/simulator/simulator.egg-info/SOURCES.txt'
[3.359s] running build
[3.359s] running build_py
[3.359s] running install
[3.362s] running install_lib
[3.365s] running install_data
[3.365s] running install_egg_info
[3.368s] removing '/home/vidisha/Titanium/titanium_ws/install/simulator/lib/python3.8/site-packages/simulator-0.0.0-py3.8.egg-info' (and everything under it)
[3.369s] Copying ../../build/simulator/simulator.egg-info to /home/vidisha/Titanium/titanium_ws/install/simulator/lib/python3.8/site-packages/simulator-0.0.0-py3.8.egg-info
[3.369s] running install_scripts
[3.396s] writing list of installed files to '/home/vidisha/Titanium/titanium_ws/build/simulator/install.log'
[3.416s] Invoked command in '/home/vidisha/Titanium/titanium_ws/src/simulator' returned '0': PYTHONPATH=/home/vidisha/Titanium/titanium_ws/build/simulator/prefix_override:/home/vidisha/Titanium/titanium_ws/install/simulator/lib/python3.8/site-packages:${PYTHONPATH} /usr/bin/python3 setup.py egg_info --egg-base ../../build/simulator build --build-base /home/vidisha/Titanium/titanium_ws/build/simulator/build install --record /home/vidisha/Titanium/titanium_ws/build/simulator/install.log --single-version-externally-managed
