-- The C compiler identification is GNU 9.4.0
-- The CXX compiler identification is GNU 9.4.0
-- Check for working C compiler: /usr/bin/cc
-- Check for working C compiler: /usr/bin/cc -- works
-- Detecting C compiler ABI info
-- Detecting C compiler ABI info - done
-- Detecting C compile features
-- Detecting C compile features - done
-- Check for working CXX compiler: /usr/bin/c++
-- Check for working CXX compiler: /usr/bin/c++ -- works
-- Detecting CXX compiler ABI info
-- Detecting CXX compiler ABI info - done
-- Detecting CXX compile features
-- Detecting CXX compile features - done
-- Found ament_cmake: 1.3.5 (/home/vidisha/ros2_humble/install/ament_cmake/share/ament_cmake/cmake)
-- Found Python3: /usr/bin/python3.8 (found version "3.8.10") found components: Interpreter 
-- Found ament_lint_auto: 0.12.6 (/home/vidisha/ros2_humble/install/ament_lint_auto/share/ament_lint_auto/cmake)
-- Added test 'lint_cmake' to check CMake code style
-- Added test 'xmllint' to check XML markup files
-- Configuring done
-- Generating done
-- Build files have been written to: /home/vidisha/Titanium/titanium_ws/build/simulator_interfaces
-- Install configuration: ""
-- Installing: /home/vidisha/Titanium/titanium_ws/install/simulator_interfaces/share/ament_index/resource_index/package_run_dependencies/simulator_interfaces
-- Installing: /home/vidisha/Titanium/titanium_ws/install/simulator_interfaces/share/ament_index/resource_index/parent_prefix_path/simulator_interfaces
-- Installing: /home/vidisha/Titanium/titanium_ws/install/simulator_interfaces/share/simulator_interfaces/environment/ament_prefix_path.sh
-- Installing: /home/vidisha/Titanium/titanium_ws/install/simulator_interfaces/share/simulator_interfaces/environment/ament_prefix_path.dsv
-- Installing: /home/vidisha/Titanium/titanium_ws/install/simulator_interfaces/share/simulator_interfaces/environment/path.sh
-- Installing: /home/vidisha/Titanium/titanium_ws/install/simulator_interfaces/share/simulator_interfaces/environment/path.dsv
-- Installing: /home/vidisha/Titanium/titanium_ws/install/simulator_interfaces/share/simulator_interfaces/local_setup.bash
-- Installing: /home/vidisha/Titanium/titanium_ws/install/simulator_interfaces/share/simulator_interfaces/local_setup.sh
-- Installing: /home/vidisha/Titanium/titanium_ws/install/simulator_interfaces/share/simulator_interfaces/local_setup.zsh
-- Installing: /home/vidisha/Titanium/titanium_ws/install/simulator_interfaces/share/simulator_interfaces/local_setup.dsv
-- Installing: /home/vidisha/Titanium/titanium_ws/install/simulator_interfaces/share/simulator_interfaces/package.dsv
-- Installing: /home/vidisha/Titanium/titanium_ws/install/simulator_interfaces/share/ament_index/resource_index/packages/simulator_interfaces
-- Installing: /home/vidisha/Titanium/titanium_ws/install/simulator_interfaces/share/simulator_interfaces/cmake/simulator_interfacesConfig.cmake
-- Installing: /home/vidisha/Titanium/titanium_ws/install/simulator_interfaces/share/simulator_interfaces/cmake/simulator_interfacesConfig-version.cmake
-- Installing: /home/vidisha/Titanium/titanium_ws/install/simulator_interfaces/share/simulator_interfaces/package.xml
